#
# A fatal error has been detected by the Java Runtime Environment:
#
#  EXCEPTION_ACCESS_VIOLATION (0xc0000005) at pc=0x0000000055919d89, pid=23380, tid=7964
#
# JRE version: Java(TM) SE Runtime Environment (7.0_45-b18) (build 1.7.0_45-b18)
# Java VM: Java HotSpot(TM) 64-Bit Server VM (24.45-b08 mixed mode windows-amd64 compressed oops)
# Problematic frame:
# C  [nvoglv64.DLL+0xd89d89]
#
# Failed to write core dump. Minidumps are not enabled by default on client versions of Windows
#
# If you would like to submit a bug report, please visit:
#   http://bugreport.sun.com/bugreport/crash.jsp
# The crash happened outside the Java Virtual Machine in native code.
# See problematic frame for where to report the bug.
#

---------------  T H R E A D  ---------------

Current thread (0x0000000002098000):  JavaThread "main" [_thread_in_native, id=7964, stack(0x0000000002400000,0x0000000002500000)]

siginfo: ExceptionCode=0xc0000005, reading address 0x0000000000000000

Registers:
RAX=0x0000000000000030, RBX=0x0000000000000000, RCX=0x0000000000000030, RDX=0xffffffffe2b54a40
RSP=0x00000000024fec98, RBP=0x0000000000000001, RSI=0x0000000000000000, RDI=0x000000001d4ab5c0
R8 =0x0000000000000030, R9 =0x0000000000000003, R10=0x0000000000000000, R11=0x000000001d4ab5c0
R12=0x0000000000000000, R13=0x0000000054b90000, R14=0x0000000000000001, R15=0x000000001cd80860
RIP=0x0000000055919d89, EFLAGS=0x0000000000010207

Top of Stack: (sp=0x00000000024fec98)
0x00000000024fec98:   0000000000000003 000000001d4ab5c0
0x00000000024feca8:   0000000055448f74 00000000024fee20
0x00000000024fecb8:   00000005fbdf55d0 0000000000000000
0x00000000024fecc8:   0000000055312f7b 0000000000000000
0x00000000024fecd8:   0000000000000001 0000000000000000
0x00000000024fece8:   000000001cd80860 000000000002010b
0x00000000024fecf8:   0000000055449ae5 000000001cd80080
0x00000000024fed08:   0000000000000003 0000000000000004
0x00000000024fed18:   0000000002512f19 0000000002098000
0x00000000024fed28:   00000000024fee20 00000005fbdf55d0
0x00000000024fed38:   0000000000000000 00000000025062d3
0x00000000024fed48:   0000000002513090 00000005fbdf55d0
0x00000000024fed58:   00000000024fede0 00000000bf7bb29f
0x00000000024fed68:   000000000250f000 0000000700000003
0x00000000024fed78:   00000000553aff30 00000000021df860
0x00000000024fed88:   000000001a148320 0000000002098000 

Instructions: (pc=0x0000000055919d89)
0x0000000055919d69:   03 c0 48 3b c8 0f 8c 96 03 00 00 0f ba 25 e4 60
0x0000000055919d79:   f7 00 01 73 13 57 56 48 8b f9 49 8b f2 49 8b c8
0x0000000055919d89:   f3 a4 5e 5f 49 8b c3 c3 0f ba 25 c7 60 f7 00 02
0x0000000055919d99:   0f 82 56 02 00 00 f6 c1 07 74 36 f6 c1 01 74 0b 


Register to memory mapping:

RAX=0x0000000000000030 is an unknown value
RBX=0x0000000000000000 is an unknown value
RCX=0x0000000000000030 is an unknown value
RDX=0xffffffffe2b54a40 is an unknown value
RSP=0x00000000024fec98 is pointing into the stack for thread: 0x0000000002098000
RBP=0x0000000000000001 is an unknown value
RSI=0x0000000000000000 is an unknown value
RDI=0x000000001d4ab5c0 is an unknown value
R8 =0x0000000000000030 is an unknown value
R9 =0x0000000000000003 is an unknown value
R10=0x0000000000000000 is an unknown value
R11=0x000000001d4ab5c0 is an unknown value
R12=0x0000000000000000 is an unknown value
R13=0x0000000054b90000 is an unknown value
R14=0x0000000000000001 is an unknown value
R15=0x000000001cd80860 is an unknown value


Stack: [0x0000000002400000,0x0000000002500000],  sp=0x00000000024fec98,  free space=1019k
Native frames: (J=compiled Java code, j=interpreted, Vv=VM code, C=native code)
C  [nvoglv64.DLL+0xd89d89]

Java frames: (J=compiled Java code, j=interpreted, Vv=VM code)
j  org.lwjgl.opengl.GL11.nglDrawArrays(IIIJ)V+0
j  org.lwjgl.opengl.GL11.glDrawArrays(III)V+20
j  GeometryFactory.treeVA(Lshapes/tree;)V+93
j  GeometryFactory.addObj(Ljava/lang/Object;)V+11
j  gameWorld.renderGL()V+125
j  gameWorld.start()V+68
j  game.main([Ljava/lang/String;)V+9
v  ~StubRoutines::call_stub
j  sun.reflect.NativeMethodAccessorImpl.invoke0(Ljava/lang/reflect/Method;Ljava/lang/Object;[Ljava/lang/Object;)Ljava/lang/Object;+0
j  sun.reflect.NativeMethodAccessorImpl.invoke(Ljava/lang/Object;[Ljava/lang/Object;)Ljava/lang/Object;+87
j  sun.reflect.DelegatingMethodAccessorImpl.invoke(Ljava/lang/Object;[Ljava/lang/Object;)Ljava/lang/Object;+6
j  java.lang.reflect.Method.invoke(Ljava/lang/Object;[Ljava/lang/Object;)Ljava/lang/Object;+57
j  com.intellij.rt.execution.application.AppMain.main([Ljava/lang/String;)V+140
v  ~StubRoutines::call_stub

---------------  P R O C E S S  ---------------

Java Threads: ( => current thread )
  0x000000001a0b8000 JavaThread "Monitor Ctrl-Break" daemon [_thread_in_native, id=13396, stack(0x000000001bcb0000,0x000000001bdb0000)]
  0x000000001922e000 JavaThread "Service Thread" daemon [_thread_blocked, id=16320, stack(0x000000001b6f0000,0x000000001b7f0000)]
  0x000000001922c800 JavaThread "C2 CompilerThread1" daemon [_thread_blocked, id=9048, stack(0x000000001b820000,0x000000001b920000)]
  0x0000000019225000 JavaThread "C2 CompilerThread0" daemon [_thread_blocked, id=22976, stack(0x000000001b1b0000,0x000000001b2b0000)]
  0x0000000019224000 JavaThread "Attach Listener" daemon [_thread_blocked, id=4608, stack(0x000000001b590000,0x000000001b690000)]
  0x0000000019223800 JavaThread "Signal Dispatcher" daemon [_thread_blocked, id=7276, stack(0x000000001b460000,0x000000001b560000)]
  0x0000000019215800 JavaThread "Finalizer" daemon [_thread_blocked, id=10180, stack(0x000000001b2b0000,0x000000001b3b0000)]
  0x000000001920f000 JavaThread "Reference Handler" daemon [_thread_blocked, id=17164, stack(0x000000001af10000,0x000000001b010000)]
=>0x0000000002098000 JavaThread "main" [_thread_in_native, id=7964, stack(0x0000000002400000,0x0000000002500000)]

Other Threads:
  0x000000001920b800 VMThread [stack: 0x000000001b040000,0x000000001b140000] [id=9592]
  0x000000001922f000 WatcherThread [stack: 0x000000001b970000,0x000000001ba70000] [id=17180]

VM state:not at safepoint (normal execution)

VM Mutex/Monitor currently owned by a thread: None

Heap
 PSYoungGen      total 153088K, used 75787K [0x0000000755900000, 0x0000000760380000, 0x0000000800000000)
  eden space 131584K, 57% used [0x0000000755900000,0x000000075a302c00,0x000000075d980000)
  from space 21504K, 0% used [0x000000075ee80000,0x000000075ee80000,0x0000000760380000)
  to   space 21504K, 0% used [0x000000075d980000,0x000000075d980000,0x000000075ee80000)
 ParOldGen       total 348672K, used 0K [0x0000000600c00000, 0x0000000616080000, 0x0000000755900000)
  object space 348672K, 0% used [0x0000000600c00000,0x0000000600c00000,0x0000000616080000)
 PSPermGen       total 21504K, used 4505K [0x00000005fba00000, 0x00000005fcf00000, 0x0000000600c00000)
  object space 21504K, 20% used [0x00000005fba00000,0x00000005fbe66698,0x00000005fcf00000)

Card table byte_map: [0x0000000005500000,0x0000000006530000] byte_map_base: 0x0000000002523000

Polling page: 0x0000000000430000

Code Cache  [0x0000000002500000, 0x0000000002770000, 0x0000000005500000)
 total_blobs=351 nmethods=51 adapters=253 free_code_cache=48636Kb largest_free_block=49780480

Compilation events (10 events):
Event: 0.390 Thread 0x0000000019225000 nmethod 47 0x0000000002576e10 code [0x0000000002576f60, 0x0000000002577078]
Event: 0.390 Thread 0x0000000019225000   48             shapes.treePt::subtract (35 bytes)
Event: 0.390 Thread 0x0000000019225000 nmethod 48 0x000000000257ae90 code [0x000000000257afe0, 0x000000000257b0f8]
Event: 0.390 Thread 0x0000000019225000   49             shapes.treePt::scale (26 bytes)
Event: 0.390 Thread 0x000000001922c800 nmethod 45 0x0000000002582fd0 code [0x0000000002583320, 0x0000000002585238]
Event: 0.391 Thread 0x000000001922c800   50             shapes.treePt::getRotatedPt (32 bytes)
Event: 0.391 Thread 0x0000000019225000 nmethod 49 0x000000000257b4d0 code [0x000000000257b620, 0x000000000257b718]
Event: 0.391 Thread 0x0000000019225000   51             shapes.treePt::_add (40 bytes)
Event: 0.391 Thread 0x0000000019225000 nmethod 51 0x0000000002576b50 code [0x0000000002576c80, 0x0000000002576d18]
Event: 0.399 Thread 0x000000001922c800 nmethod 50 0x000000000257a150 code [0x000000000257a320, 0x000000000257acf8]

GC Heap History (0 events):
No events

Deoptimization events (0 events):
No events

Internal exceptions (10 events):
Event: 0.413 Thread 0x0000000002098000 Threw 0x0000000758df0c80 at C:\re\jdk7u45\229\hotspot\src\share\vm\prims\jvm.cpp:1244
Event: 0.440 Thread 0x0000000002098000 Threw 0x000000075a293c28 at C:\re\jdk7u45\229\hotspot\src\share\vm\prims\jvm.cpp:1244
Event: 0.440 Thread 0x0000000002098000 Threw 0x000000075a29a778 at C:\re\jdk7u45\229\hotspot\src\share\vm\prims\jvm.cpp:1244
Event: 0.441 Thread 0x0000000002098000 Threw 0x000000075a29e0c8 at C:\re\jdk7u45\229\hotspot\src\share\vm\prims\jvm.cpp:1244
Event: 0.441 Thread 0x0000000002098000 Threw 0x000000075a2a1d68 at C:\re\jdk7u45\229\hotspot\src\share\vm\prims\jvm.cpp:1244
Event: 0.441 Thread 0x0000000002098000 Threw 0x000000075a2a58f0 at C:\re\jdk7u45\229\hotspot\src\share\vm\prims\jvm.cpp:1244
Event: 0.441 Thread 0x0000000002098000 Threw 0x000000075a2a9270 at C:\re\jdk7u45\229\hotspot\src\share\vm\prims\jvm.cpp:1244
Event: 0.442 Thread 0x0000000002098000 Threw 0x000000075a2acd68 at C:\re\jdk7u45\229\hotspot\src\share\vm\prims\jvm.cpp:1244
Event: 0.443 Thread 0x0000000002098000 Threw 0x000000075a2b0760 at C:\re\jdk7u45\229\hotspot\src\share\vm\prims\jvm.cpp:1244
Event: 0.445 Thread 0x0000000002098000 Threw 0x000000075a2b2ff8 at C:\re\jdk7u45\229\hotspot\src\share\vm\prims\jvm.cpp:1244

Events (10 events):
Event: 0.441 loading class 0x000000001a1a0a50
Event: 0.441 loading class 0x000000001a1a0a50 done
Event: 0.441 loading class 0x000000001a1a0b50
Event: 0.441 loading class 0x000000001a1a0b50 done
Event: 0.442 loading class 0x000000001a10a360
Event: 0.442 loading class 0x000000001a10a360 done
Event: 0.442 loading class 0x000000001a0c5ca0
Event: 0.442 loading class 0x000000001a0c5ca0 done
Event: 0.445 loading class 0x000000001a1e5e40
Event: 0.445 loading class 0x000000001a1e5e40 done


Dynamic libraries:
0x000000013f400000 - 0x000000013f433000 	C:\Program Files\Java\jdk1.7.0_45\bin\java.exe
0x0000000077bb0000 - 0x0000000077d59000 	C:\Windows\SYSTEM32\ntdll.dll
0x0000000077990000 - 0x0000000077aaf000 	C:\Windows\system32\kernel32.dll
0x000007fefcb30000 - 0x000007fefcb9c000 	C:\Windows\system32\KERNELBASE.dll
0x000007fefeae0000 - 0x000007fefebbb000 	C:\Windows\system32\ADVAPI32.dll
0x000007fefe6e0000 - 0x000007fefe77f000 	C:\Windows\system32\msvcrt.dll
0x000007fefdb40000 - 0x000007fefdb5f000 	C:\Windows\SYSTEM32\sechost.dll
0x000007fefe3c0000 - 0x000007fefe4ed000 	C:\Windows\system32\RPCRT4.dll
0x0000000077ab0000 - 0x0000000077baa000 	C:\Windows\system32\USER32.dll
0x000007fefdff0000 - 0x000007fefe057000 	C:\Windows\system32\GDI32.dll
0x000007feff0d0000 - 0x000007feff0de000 	C:\Windows\system32\LPK.dll
0x000007fefe2f0000 - 0x000007fefe3b9000 	C:\Windows\system32\USP10.dll
0x000007fefaf00000 - 0x000007fefb0f4000 	C:\Windows\WinSxS\amd64_microsoft.windows.common-controls_6595b64144ccf1df_6.0.7601.17514_none_fa396087175ac9ac\COMCTL32.dll
0x000007fefe4f0000 - 0x000007fefe561000 	C:\Windows\system32\SHLWAPI.dll
0x000007fefeab0000 - 0x000007fefeade000 	C:\Windows\system32\IMM32.DLL
0x000007fefe140000 - 0x000007fefe249000 	C:\Windows\system32\MSCTF.dll
0x000000006dec0000 - 0x000000006df92000 	C:\Program Files\Java\jdk1.7.0_45\jre\bin\msvcr100.dll
0x0000000059f00000 - 0x000000005a6c9000 	C:\Program Files\Java\jdk1.7.0_45\jre\bin\server\jvm.dll
0x000007fef8480000 - 0x000007fef8489000 	C:\Windows\system32\WSOCK32.dll
0x000007fefe9c0000 - 0x000007fefea0d000 	C:\Windows\system32\WS2_32.dll
0x000007feff0c0000 - 0x000007feff0c8000 	C:\Windows\system32\NSI.dll
0x000007fef9c50000 - 0x000007fef9c8b000 	C:\Windows\system32\WINMM.dll
0x0000000077d70000 - 0x0000000077d77000 	C:\Windows\system32\PSAPI.DLL
0x00000000711a0000 - 0x00000000711af000 	C:\Program Files\Java\jdk1.7.0_45\jre\bin\verify.dll
0x0000000070da0000 - 0x0000000070dc8000 	C:\Program Files\Java\jdk1.7.0_45\jre\bin\java.dll
0x0000000070de0000 - 0x0000000070df5000 	C:\Program Files\Java\jdk1.7.0_45\jre\bin\zip.dll
0x000007fef72b0000 - 0x000007fef72c0000 	C:\Program Files (x86)\JetBrains\IntelliJ IDEA Community Edition 13.0.2\bin\breakgen64.dll
0x0000000070d40000 - 0x0000000070d59000 	C:\Program Files\Java\jdk1.7.0_45\jre\bin\net.dll
0x000007fefc2e0000 - 0x000007fefc335000 	C:\Windows\system32\mswsock.dll
0x000007fefc190000 - 0x000007fefc197000 	C:\Windows\System32\wship6.dll
0x0000000180000000 - 0x0000000180051000 	C:\projects\game\lwjgl-2.9.1\lib\windows\lwjgl64.dll
0x000007fef2e10000 - 0x000007fef2f2d000 	C:\Windows\system32\OPENGL32.dll
0x000007fef3b30000 - 0x000007fef3b5d000 	C:\Windows\system32\GLU32.dll
0x000007fef2fc0000 - 0x000007fef30b1000 	C:\Windows\system32\DDRAW.dll
0x000007fefa0d0000 - 0x000007fefa0d8000 	C:\Windows\system32\DCIMAN32.dll
0x000007fefde10000 - 0x000007fefdfe7000 	C:\Windows\system32\SETUPAPI.dll
0x000007fefca70000 - 0x000007fefcaa6000 	C:\Windows\system32\CFGMGR32.dll
0x000007fefe060000 - 0x000007fefe137000 	C:\Windows\system32\OLEAUT32.dll
0x000007fefebc0000 - 0x000007fefedc3000 	C:\Windows\system32\ole32.dll
0x000007fefca50000 - 0x000007fefca6a000 	C:\Windows\system32\DEVOBJ.dll
0x000007fef9a60000 - 0x000007fef9a78000 	C:\Windows\system32\dwmapi.dll
0x000007fefbad0000 - 0x000007fefbadc000 	C:\Windows\system32\VERSION.dll
0x000007fefa030000 - 0x000007fefa086000 	C:\Windows\system32\uxtheme.dll
0x0000000054b90000 - 0x0000000056a32000 	C:\Windows\system32\nvoglv64.DLL
0x000007fefcdb0000 - 0x000007fefdb38000 	C:\Windows\system32\SHELL32.dll
0x000007fefbc60000 - 0x000007fefbc71000 	C:\Windows\system32\WTSAPI32.dll
0x000007fefcaf0000 - 0x000007fefcb2a000 	C:\Windows\system32\WINTRUST.dll
0x000007fefcba0000 - 0x000007fefcd0c000 	C:\Windows\system32\CRYPT32.dll
0x000007fefca00000 - 0x000007fefca0f000 	C:\Windows\system32\MSASN1.dll
0x000007fefb520000 - 0x000007fefb54d000 	C:\Windows\system32\ntmarta.dll
0x000007fefedd0000 - 0x000007fefee22000 	C:\Windows\system32\WLDAP32.dll
0x000007fefbd60000 - 0x000007fefbd9d000 	C:\Windows\system32\WINSTA.dll
0x000007fefc8a0000 - 0x000007fefc8af000 	C:\Windows\system32\CRYPTBASE.dll
0x000007fef8bd0000 - 0x000007fef8c6c000 	C:\Windows\system32\mscms.dll
0x000007fefca20000 - 0x000007fefca3e000 	C:\Windows\system32\USERENV.dll
0x000007fefca10000 - 0x000007fefca1f000 	C:\Windows\system32\profapi.dll
0x000007fef2d90000 - 0x000007fef2dd2000 	C:\Windows\system32\icm32.dll
0x000007feefea0000 - 0x000007feeffc5000 	C:\Windows\system32\dbghelp.dll

VM Arguments:
jvm_args: -Dvisualvm.id=3883458625311854 -Djava.library.path=C:\projects\game\lwjgl-2.9.1\lib\windows -Didea.launcher.port=7547 -Didea.launcher.bin.path=C:\Program Files (x86)\JetBrains\IntelliJ IDEA Community Edition 13.0.2\bin -Dfile.encoding=UTF-8 
java_command: com.intellij.rt.execution.application.AppMain game
Launcher Type: SUN_STANDARD

Environment Variables:
JAVA_HOME=C:\Program Files\Java\jdk1.7.0_45
PATH=C:\Program Files (x86)\NVIDIA Corporation\PhysX\Common;C:\Users\user\AMD APP SDK\2.9\bin\x86_64;C:\Users\user\AMD APP SDK\2.9\bin\x86;C:\Program Files (x86)\AMD APP SDK\2.9\bin\x86_64;C:\Program Files (x86)\AMD APP SDK\2.9\bin\x86;C:\Program Files (x86)\Intel\iCLS Client\;C:\Program Files\Intel\iCLS Client\;C:\Windows\system32;C:\Windows;C:\Windows\System32\Wbem;C:\Windows\System32\WindowsPowerShell\v1.0\;C:\Program Files\Intel\Intel(R) Management Engine Components\DAL;C:\Program Files\Intel\Intel(R) Management Engine Components\IPT;C:\Program Files (x86)\Intel\Intel(R) Management Engine Components\DAL;C:\Program Files (x86)\Intel\Intel(R) Management Engine Components\IPT;C:\Program Files\Microsoft SQL Server\110\Tools\Binn\;C:\Program Files\Microsoft Windows Performance Toolkit\;C:\Program Files\nodejs\;C:\Program Files (x86)\QuickTime\QTSystem\;C:\Program Files\LuxRender;C:\Program Files\VCG\MeshLab;C:\Python27;C:\Program Files (x86)\Microsoft Visual Studio 12.0\VC\vcpackages;C:\Users\user\AppData\Roaming\npm;C:\Program Files\apfloat;C:\Program Files (x86)\Kiwix\kiwix\xulrunner;C:\mongodb\bin\;C:\projects\wikirandom\node_modules\forever\bin;C:\Program Files (x86)\JetBrains\WebStorm 7.0.3\jre\bin;C:\Program Files\apache-maven-3.2.2\bin;C:\aparapi;C:\Program Files\VCG\MeshLab;
USERNAME=user
OS=Windows_NT
PROCESSOR_IDENTIFIER=Intel64 Family 6 Model 58 Stepping 9, GenuineIntel



---------------  S Y S T E M  ---------------

OS: Windows 7 , 64 bit Build 7601 Service Pack 1

CPU:total 8 (4 cores per cpu, 2 threads per core) family 6 model 58 stepping 9, cmov, cx8, fxsr, mmx, sse, sse2, sse3, ssse3, sse4.1, sse4.2, popcnt, avx, aes, erms, ht, tsc, tscinvbit, tscinv

Memory: 4k page, physical 33498820k(29480700k free), swap 66995776k(62003216k free)

vm_info: Java HotSpot(TM) 64-Bit Server VM (24.45-b08) for windows-amd64 JRE (1.7.0_45-b18), built on Oct  8 2013 05:47:22 by "java_re" with unknown MS VC++:1600

time: Mon Nov 03 14:24:06 2014
elapsed time: 0 seconds

