#
# A fatal error has been detected by the Java Runtime Environment:
#
#  EXCEPTION_ACCESS_VIOLATION (0xc0000005) at pc=0x00000000694a9660, pid=8608, tid=3264
#
# JRE version: Java(TM) SE Runtime Environment (8.0_25-b18) (build 1.8.0_25-b18)
# Java VM: Java HotSpot(TM) 64-Bit Server VM (25.25-b02 mixed mode windows-amd64 compressed oops)
# Problematic frame:
# C  [nvoglv64.DLL+0xa99660]
#
# Failed to write core dump. Minidumps are not enabled by default on client versions of Windows
#
# If you would like to submit a bug report, please visit:
#   http://bugreport.sun.com/bugreport/crash.jsp
# The crash happened outside the Java Virtual Machine in native code.
# See problematic frame for where to report the bug.
#

---------------  T H R E A D  ---------------

Current thread (0x0000000002128000):  JavaThread "main" [_thread_in_native, id=3264, stack(0x00000000022b0000,0x00000000023b0000)]

siginfo: ExceptionCode=0xc0000005, reading address 0x00000000516a0040

Registers:
RAX=0x00000000516a0060, RBX=0x00000000516a0040, RCX=0x000000004e0e0020, RDX=0x00000000516a0040
RSP=0x00000000023ad988, RBP=0x0000000000000800, RSI=0x0000000000000000, RDI=0x000000004e0e0000
R8 =0x0000000000000020, R9 =0x0000000000000006, R10=0x0000000000000010, R11=0x0000000000000006
R12=0x0000000000000000, R13=0x00000000694c6370, R14=0x00000000000000fe, R15=0x0000000000000000
RIP=0x00000000694a9660, EFLAGS=0x0000000000010202

Top of Stack: (sp=0x00000000023ad988)
0x00000000023ad988:   00000000694a928d 0000000000000001
0x00000000023ad998:   00000000516a0040 0000000000000001
0x00000000023ad9a8:   00000000694b1881 0000000000000200
0x00000000023ad9b8:   000000003952f8e0 00000000516a0040
0x00000000023ad9c8:   00000000000000ff 000000004e0e0000
0x00000000023ad9d8:   00000000693e6070 0000000000000800
0x00000000023ad9e8:   0000000000000800 0000000000000200
0x00000000023ad9f8:   0000000000000001 00000000694c6370
0x00000000023ada08:   0000000000000000 0000000000000000
0x00000000023ada18:   0000000000000000 000000003970979c
0x00000000023ada28:   0000000000000000 00000000023addb4
0x00000000023ada38:   00000000b1d00002 00000000023adde0
0x00000000023ada48:   0000000039768eb0 0000020000000000
0x00000000023ada58:   0000000000000010 0000000000000000
0x00000000023ada68:   000000ff00000000 00000000000000ff
0x00000000023ada78:   0000000000100000 000000004e0e0000 

Instructions: (pc=0x00000000694a9660)
0x00000000694a9640:   8d 40 40 0f 11 41 d0 49 ff c8 75 d4 c3 4d 85 c0
0x00000000694a9650:   74 3a 48 83 c1 20 48 8d 42 20 66 0f 1f 44 00 00
0x00000000694a9660:   0f 28 58 e0 0f 28 50 f0 0f 28 08 48 8d 49 40 0f
0x00000000694a9670:   28 40 10 0f 29 59 a0 0f 29 51 b0 48 8d 40 40 0f 


Register to memory mapping:

RAX=0x00000000516a0060 is an unknown value
RBX=0x00000000516a0040 is an unknown value
RCX=0x000000004e0e0020 is an unknown value
RDX=0x00000000516a0040 is an unknown value
RSP=0x00000000023ad988 is pointing into the stack for thread: 0x0000000002128000
RBP=0x0000000000000800 is an unknown value
RSI=0x0000000000000000 is an unknown value
RDI=0x000000004e0e0000 is pointing into the stack for thread: 0x0000000038654000
R8 =0x0000000000000020 is an unknown value
R9 =0x0000000000000006 is an unknown value
R10=0x0000000000000010 is an unknown value
R11=0x0000000000000006 is an unknown value
R12=0x0000000000000000 is an unknown value
R13=0x00000000694c6370 is an unknown value
R14=0x00000000000000fe is an unknown value
R15=0x0000000000000000 is an unknown value


Stack: [0x00000000022b0000,0x00000000023b0000],  sp=0x00000000023ad988,  free space=1014k
Native frames: (J=compiled Java code, j=interpreted, Vv=VM code, C=native code)
C  [nvoglv64.DLL+0xa99660]

Java frames: (J=compiled Java code, j=interpreted, Vv=VM code)
J 1712  org.lwjgl.opengl.GL11.nglTexImage2D(IIIIIIIIJJ)V (0 bytes) @ 0x00000000028c3505 [0x00000000028c3480+0x85]
J 1701 C1 org.lwjgl.opengl.GL11.glTexImage2D(IIIIIIIILjava/nio/ByteBuffer;)V (67 bytes) @ 0x0000000002996014 [0x00000000029952c0+0xd54]
J 942 C2 factory.TextureFactory.loadTexture(Ljava/awt/image/BufferedImage;)I (243 bytes) @ 0x00000000029e703c [0x00000000029e6420+0xc1c]
J 1704 C1 GameConsole.getConsoleTexture(Ljava/lang/String;IIFZ)I (90 bytes) @ 0x00000000029b3f0c [0x00000000029b3be0+0x32c]
J 1619 C2 RenderThread.updateConsole()V (267 bytes) @ 0x0000000002c63630 [0x0000000002c5f6c0+0x3f70]
J 1635 C2 RenderThread.renderGL()V (338 bytes) @ 0x00000000027d02b8 [0x00000000027cf560+0xd58]
j  RenderThread.start()V+83
j  Main.main([Ljava/lang/String;)V+55
v  ~StubRoutines::call_stub
j  sun.reflect.NativeMethodAccessorImpl.invoke0(Ljava/lang/reflect/Method;Ljava/lang/Object;[Ljava/lang/Object;)Ljava/lang/Object;+0
j  sun.reflect.NativeMethodAccessorImpl.invoke(Ljava/lang/Object;[Ljava/lang/Object;)Ljava/lang/Object;+100
j  sun.reflect.DelegatingMethodAccessorImpl.invoke(Ljava/lang/Object;[Ljava/lang/Object;)Ljava/lang/Object;+6
j  java.lang.reflect.Method.invoke(Ljava/lang/Object;[Ljava/lang/Object;)Ljava/lang/Object;+56
j  com.intellij.rt.execution.application.AppMain.main([Ljava/lang/String;)V+163
v  ~StubRoutines::call_stub

---------------  P R O C E S S  ---------------

Java Threads: ( => current thread )
  0x0000000038654000 JavaThread "ForkJoinPool.commonPool-worker-7" daemon [_thread_blocked, id=7732, stack(0x000000004dfe0000,0x000000004e0e0000)]
  0x000000003836f000 JavaThread "ForkJoinPool.commonPool-worker-6" daemon [_thread_blocked, id=5708, stack(0x000000004de70000,0x000000004df70000)]
  0x00000000385ab000 JavaThread "ForkJoinPool.commonPool-worker-5" daemon [_thread_blocked, id=5868, stack(0x000000004dc90000,0x000000004dd90000)]
  0x00000000385aa000 JavaThread "ForkJoinPool.commonPool-worker-4" daemon [_thread_blocked, id=8108, stack(0x000000004da40000,0x000000004db40000)]
  0x00000000385a9800 JavaThread "ForkJoinPool.commonPool-worker-3" daemon [_thread_blocked, id=4420, stack(0x000000004db40000,0x000000004dc40000)]
  0x00000000385a8800 JavaThread "ForkJoinPool.commonPool-worker-2" daemon [_thread_blocked, id=4060, stack(0x000000004d930000,0x000000004da30000)]
  0x000000004aee9000 JavaThread "ForkJoinPool.commonPool-worker-1" daemon [_thread_blocked, id=1424, stack(0x000000004d770000,0x000000004d870000)]
  0x0000000038556000 JavaThread "Java2D Disposer" daemon [_thread_blocked, id=8800, stack(0x000000004bf70000,0x000000004c070000)]
  0x0000000026fce800 JavaThread "Thread-1" [_thread_in_Java, id=9208, stack(0x0000000028c20000,0x0000000028d20000)]
  0x0000000026fcc800 JavaThread "Thread-0" [_thread_in_Java, id=888, stack(0x0000000028e20000,0x0000000028f20000)]
  0x0000000026e39000 JavaThread "Monitor Ctrl-Break" daemon [_thread_in_native, id=6980, stack(0x0000000028b20000,0x0000000028c20000)]
  0x0000000026d32000 JavaThread "Service Thread" daemon [_thread_blocked, id=9060, stack(0x0000000028a10000,0x0000000028b10000)]
  0x0000000026cc5800 JavaThread "C1 CompilerThread3" daemon [_thread_blocked, id=5676, stack(0x00000000287c0000,0x00000000288c0000)]
  0x0000000026cb4800 JavaThread "C2 CompilerThread2" daemon [_thread_blocked, id=5040, stack(0x00000000288c0000,0x00000000289c0000)]
  0x0000000026cad000 JavaThread "C2 CompilerThread1" daemon [_thread_blocked, id=7796, stack(0x00000000286c0000,0x00000000287c0000)]
  0x0000000026ca5800 JavaThread "C2 CompilerThread0" daemon [_thread_blocked, id=5684, stack(0x00000000284a0000,0x00000000285a0000)]
  0x0000000026ca3000 JavaThread "Attach Listener" daemon [_thread_blocked, id=5336, stack(0x0000000028220000,0x0000000028320000)]
  0x0000000026ca2000 JavaThread "Signal Dispatcher" daemon [_thread_blocked, id=2716, stack(0x0000000028050000,0x0000000028150000)]
  0x0000000025bed000 JavaThread "Finalizer" daemon [_thread_blocked, id=6304, stack(0x0000000027ba0000,0x0000000027ca0000)]
  0x0000000026c53000 JavaThread "Reference Handler" daemon [_thread_blocked, id=8156, stack(0x0000000027e80000,0x0000000027f80000)]
=>0x0000000002128000 JavaThread "main" [_thread_in_native, id=3264, stack(0x00000000022b0000,0x00000000023b0000)]

Other Threads:
  0x0000000026c52000 VMThread [stack: 0x0000000027cf0000,0x0000000027df0000] [id=3612]
  0x0000000026d43000 WatcherThread [stack: 0x00000000285b0000,0x00000000286b0000] [id=7096]

VM state:not at safepoint (normal execution)

VM Mutex/Monitor currently owned by a thread: None

Heap:
 PSYoungGen      total 628736K, used 151460K [0x0000000715980000, 0x00000007b5a80000, 0x00000007c0000000)
  eden space 626176K, 23% used [0x0000000715980000,0x000000071eb5bf00,0x000000073bd00000)
  from space 2560K, 82% used [0x00000007b5680000,0x00000007b588d4f0,0x00000007b5900000)
  to   space 1536K, 0% used [0x00000007b5900000,0x00000007b5900000,0x00000007b5a80000)
 ParOldGen       total 349696K, used 117197K [0x00000005c0c00000, 0x00000005d6180000, 0x0000000715980000)
  object space 349696K, 33% used [0x00000005c0c00000,0x00000005c7e73570,0x00000005d6180000)
 Metaspace       used 9809K, capacity 10077K, committed 10240K, reserved 1058816K
  class space    used 962K, capacity 1019K, committed 1024K, reserved 1048576K

Card table byte_map: [0x0000000011a40000,0x0000000012a40000] byte_map_base: 0x000000000ec3a000

Marking Bits: (ParMarkBitMap*) 0x0000000077f7d490
 Begin Bits: [0x0000000014260000, 0x000000001c230000)
 End Bits:   [0x000000001c230000, 0x0000000024200000)

Polling page: 0x0000000000230000

CodeCache: size=245760Kb used=4946Kb max_used=6040Kb free=240813Kb
 bounds [0x0000000002680000, 0x0000000002c80000, 0x0000000011680000]
 total_blobs=1885 nmethods=1355 adapters=444
 compilation: enabled

Compilation events (10 events):
Event: 104.310 Thread 0x0000000026cc5800 1726       3       java.awt.Font$FontAccessImpl::getFont2D (5 bytes)
Event: 104.310 Thread 0x0000000026cc5800 nmethod 1726 0x0000000002ac7690 code [0x0000000002ac7800, 0x0000000002ac79e8]
Event: 104.310 Thread 0x0000000026cc5800 1727       3       java.awt.Font::access$000 (5 bytes)
Event: 104.310 Thread 0x0000000026cc5800 nmethod 1727 0x000000000299c450 code [0x000000000299c5c0, 0x000000000299c728]
Event: 104.310 Thread 0x0000000026cc5800 1728       3       java.awt.Font::getFont2D (105 bytes)
Event: 104.310 Thread 0x0000000026cc5800 nmethod 1728 0x0000000002849310 code [0x0000000002849500, 0x000000000284a108]
Event: 104.310 Thread 0x0000000026cc5800 1729       3       sun.font.SunFontManager::findFont2D (1265 bytes)
Event: 104.317 Thread 0x0000000026cc5800 nmethod 1729 0x0000000002a92c10 code [0x0000000002a938e0, 0x0000000002a9cfa8]
Event: 104.317 Thread 0x0000000026cc5800 1730       3       sun.font.SunFontManager::dotStyleStr (40 bytes)
Event: 104.317 Thread 0x0000000026cc5800 nmethod 1730 0x0000000002aab810 code [0x0000000002aab980, 0x0000000002aabb10]

GC Heap History (10 events):
Event: 132.968 GC heap before
{Heap before GC invocations=757 (full 0):
 PSYoungGen      total 495104K, used 495093K [0x0000000715980000, 0x00000007b5e00000, 0x00000007c0000000)
  eden space 493056K, 100% used [0x0000000715980000,0x0000000733b00000,0x0000000733b00000)
  from space 2048K, 99% used [0x00000007b5c00000,0x00000007b5dfd4f0,0x00000007b5e00000)
  to   space 2560K, 0% used [0x00000007b5900000,0x00000007b5900000,0x00000007b5b80000)
 ParOldGen       total 349696K, used 115990K [0x00000005c0c00000, 0x00000005d6180000, 0x0000000715980000)
  object space 349696K, 33% used [0x00000005c0c00000,0x00000005c7d45920,0x00000005d6180000)
 Metaspace       used 9809K, capacity 10077K, committed 10240K, reserved 1058816K
  class space    used 962K, capacity 1019K, committed 1024K, reserved 1048576K
Event: 132.969 GC heap after
Heap after GC invocations=757 (full 0):
 PSYoungGen      total 593920K, used 1653K [0x0000000715980000, 0x00000007b5c80000, 0x00000007c0000000)
  eden space 591872K, 0% used [0x0000000715980000,0x0000000715980000,0x0000000739b80000)
  from space 2048K, 80% used [0x00000007b5900000,0x00000007b5a9d4f0,0x00000007b5b00000)
  to   space 1536K, 0% used [0x00000007b5b00000,0x00000007b5b00000,0x00000007b5c80000)
 ParOldGen       total 349696K, used 116030K [0x00000005c0c00000, 0x00000005d6180000, 0x0000000715980000)
  object space 349696K, 33% used [0x00000005c0c00000,0x00000005c7d4f920,0x00000005d6180000)
 Metaspace       used 9809K, capacity 10077K, committed 10240K, reserved 1058816K
  class space    used 962K, capacity 1019K, committed 1024K, reserved 1048576K
}
Event: 133.135 GC heap before
{Heap before GC invocations=758 (full 0):
 PSYoungGen      total 593920K, used 593525K [0x0000000715980000, 0x00000007b5c80000, 0x00000007c0000000)
  eden space 591872K, 100% used [0x0000000715980000,0x0000000739b80000,0x0000000739b80000)
  from space 2048K, 80% used [0x00000007b5900000,0x00000007b5a9d4f0,0x00000007b5b00000)
  to   space 1536K, 0% used [0x00000007b5b00000,0x00000007b5b00000,0x00000007b5c80000)
 ParOldGen       total 349696K, used 116030K [0x00000005c0c00000, 0x00000005d6180000, 0x0000000715980000)
  object space 349696K, 33% used [0x00000005c0c00000,0x00000005c7d4f920,0x00000005d6180000)
 Metaspace       used 9809K, capacity 10077K, committed 10240K, reserved 1058816K
  class space    used 962K, capacity 1019K, committed 1024K, reserved 1048576K
Event: 133.137 GC heap after
Heap after GC invocations=758 (full 0):
 PSYoungGen      total 569344K, used 1518K [0x0000000715980000, 0x00000007b5c80000, 0x00000007c0000000)
  eden space 567808K, 0% used [0x0000000715980000,0x0000000715980000,0x0000000738400000)
  from space 1536K, 98% used [0x00000007b5b00000,0x00000007b5c7b8a0,0x00000007b5c80000)
  to   space 2560K, 0% used [0x00000007b5780000,0x00000007b5780000,0x00000007b5a00000)
 ParOldGen       total 349696K, used 116589K [0x00000005c0c00000, 0x00000005d6180000, 0x0000000715980000)
  object space 349696K, 33% used [0x00000005c0c00000,0x00000005c7ddb570,0x00000005d6180000)
 Metaspace       used 9809K, capacity 10077K, committed 10240K, reserved 1058816K
  class space    used 962K, capacity 1019K, committed 1024K, reserved 1048576K
}
Event: 133.280 GC heap before
{Heap before GC invocations=759 (full 0):
 PSYoungGen      total 569344K, used 569326K [0x0000000715980000, 0x00000007b5c80000, 0x00000007c0000000)
  eden space 567808K, 100% used [0x0000000715980000,0x0000000738400000,0x0000000738400000)
  from space 1536K, 98% used [0x00000007b5b00000,0x00000007b5c7b8a0,0x00000007b5c80000)
  to   space 2560K, 0% used [0x00000007b5780000,0x00000007b5780000,0x00000007b5a00000)
 ParOldGen       total 349696K, used 116589K [0x00000005c0c00000, 0x00000005d6180000, 0x0000000715980000)
  object space 349696K, 33% used [0x00000005c0c00000,0x00000005c7ddb570,0x00000005d6180000)
 Metaspace       used 9809K, capacity 10077K, committed 10240K, reserved 1058816K
  class space    used 962K, capacity 1019K, committed 1024K, reserved 1048576K
Event: 133.282 GC heap after
Heap after GC invocations=759 (full 0):
 PSYoungGen      total 684032K, used 2261K [0x0000000715980000, 0x00000007b5b80000, 0x00000007c0000000)
  eden space 681472K, 0% used [0x0000000715980000,0x0000000715980000,0x000000073f300000)
  from space 2560K, 88% used [0x00000007b5780000,0x00000007b59b54f0,0x00000007b5a00000)
  to   space 1536K, 0% used [0x00000007b5a00000,0x00000007b5a00000,0x00000007b5b80000)
 ParOldGen       total 349696K, used 116909K [0x00000005c0c00000, 0x00000005d6180000, 0x0000000715980000)
  object space 349696K, 33% used [0x00000005c0c00000,0x00000005c7e2b570,0x00000005d6180000)
 Metaspace       used 9809K, capacity 10077K, committed 10240K, reserved 1058816K
  class space    used 962K, capacity 1019K, committed 1024K, reserved 1048576K
}
Event: 133.456 GC heap before
{Heap before GC invocations=760 (full 0):
 PSYoungGen      total 684032K, used 683733K [0x0000000715980000, 0x00000007b5b80000, 0x00000007c0000000)
  eden space 681472K, 100% used [0x0000000715980000,0x000000073f300000,0x000000073f300000)
  from space 2560K, 88% used [0x00000007b5780000,0x00000007b59b54f0,0x00000007b5a00000)
  to   space 1536K, 0% used [0x00000007b5a00000,0x00000007b5a00000,0x00000007b5b80000)
 ParOldGen       total 349696K, used 116909K [0x00000005c0c00000, 0x00000005d6180000, 0x0000000715980000)
  object space 349696K, 33% used [0x00000005c0c00000,0x00000005c7e2b570,0x00000005d6180000)
 Metaspace       used 9809K, capacity 10077K, committed 10240K, reserved 1058816K
  class space    used 962K, capacity 1019K, committed 1024K, reserved 1048576K
Event: 133.457 GC heap after
Heap after GC invocations=760 (full 0):
 PSYoungGen      total 654848K, used 1525K [0x0000000715980000, 0x00000007b5b80000, 0x00000007c0000000)
  eden space 653312K, 0% used [0x0000000715980000,0x0000000715980000,0x000000073d780000)
  from space 1536K, 99% used [0x00000007b5a00000,0x00000007b5b7d4f0,0x00000007b5b80000)
  to   space 2560K, 0% used [0x00000007b5680000,0x00000007b5680000,0x00000007b5900000)
 ParOldGen       total 349696K, used 117133K [0x00000005c0c00000, 0x00000005d6180000, 0x0000000715980000)
  object space 349696K, 33% used [0x00000005c0c00000,0x00000005c7e63570,0x00000005d6180000)
 Metaspace       used 9809K, capacity 10077K, committed 10240K, reserved 1058816K
  class space    used 962K, capacity 1019K, committed 1024K, reserved 1048576K
}
Event: 133.633 GC heap before
{Heap before GC invocations=761 (full 0):
 PSYoungGen      total 654848K, used 654837K [0x0000000715980000, 0x00000007b5b80000, 0x00000007c0000000)
  eden space 653312K, 100% used [0x0000000715980000,0x000000073d780000,0x000000073d780000)
  from space 1536K, 99% used [0x00000007b5a00000,0x00000007b5b7d4f0,0x00000007b5b80000)
  to   space 2560K, 0% used [0x00000007b5680000,0x00000007b5680000,0x00000007b5900000)
 ParOldGen       total 349696K, used 117133K [0x00000005c0c00000, 0x00000005d6180000, 0x0000000715980000)
  object space 349696K, 33% used [0x00000005c0c00000,0x00000005c7e63570,0x00000005d6180000)
 Metaspace       used 9809K, capacity 10077K, committed 10240K, reserved 1058816K
  class space    used 962K, capacity 1019K, committed 1024K, reserved 1048576K
Event: 133.635 GC heap after
Heap after GC invocations=761 (full 0):
 PSYoungGen      total 628736K, used 2101K [0x0000000715980000, 0x00000007b5a80000, 0x00000007c0000000)
  eden space 626176K, 0% used [0x0000000715980000,0x0000000715980000,0x000000073bd00000)
  from space 2560K, 82% used [0x00000007b5680000,0x00000007b588d4f0,0x00000007b5900000)
  to   space 1536K, 0% used [0x00000007b5900000,0x00000007b5900000,0x00000007b5a80000)
 ParOldGen       total 349696K, used 117197K [0x00000005c0c00000, 0x00000005d6180000, 0x0000000715980000)
  object space 349696K, 33% used [0x00000005c0c00000,0x00000005c7e73570,0x00000005d6180000)
 Metaspace       used 9809K, capacity 10077K, committed 10240K, reserved 1058816K
  class space    used 962K, capacity 1019K, committed 1024K, reserved 1048576K
}

Deoptimization events (5 events):
Event: 0.653 Thread 0x0000000002128000 Uncommon trap: reason=unreached action=reinterpret pc=0x00000000028eb828 method=java.util.Arrays.copyOf([Ljava/lang/Object;ILjava/lang/Class;)[Ljava/lang/Object; @ 3
Event: 1.413 Thread 0x0000000026fce800 Uncommon trap: reason=unreached action=reinterpret pc=0x0000000002a5de7c method=java.lang.ThreadLocal.get()Ljava/lang/Object; @ 11
Event: 1.671 Thread 0x0000000026c53000 Uncommon trap: reason=unreached action=reinterpret pc=0x0000000002af94d4 method=sun.misc.Cleaner.remove(Lsun/misc/Cleaner;)Z @ 14
Event: 1.672 Thread 0x0000000026c53000 Uncommon trap: reason=unreached action=reinterpret pc=0x0000000002af8bc4 method=sun.misc.Cleaner.remove(Lsun/misc/Cleaner;)Z @ 14
Event: 30.384 Thread 0x0000000026fce800 Uncommon trap: reason=unreached action=reinterpret pc=0x0000000002c3419c method=GameScene.pointAtObj(LWorldObject;)V @ 14

Internal exceptions (10 events):
Event: 0.641 Thread 0x0000000002128000 Exception <a 'java/io/FileNotFoundException'> (0x0000000717f48a80) thrown at [D:\re\workspace\8-2-build-windows-amd64-cygwin\jdk8u25\1677\hotspot\src\share\vm\prims\jni.cpp, line 716]
Event: 0.652 Thread 0x0000000002128000 Exception <a 'java/io/FileNotFoundException'> (0x0000000717f58980) thrown at [D:\re\workspace\8-2-build-windows-amd64-cygwin\jdk8u25\1677\hotspot\src\share\vm\prims\jni.cpp, line 716]
Event: 0.682 Thread 0x0000000002128000 Exception <a 'java/security/PrivilegedActionException'> (0x0000000717fda1a0) thrown at [D:\re\workspace\8-2-build-windows-amd64-cygwin\jdk8u25\1677\hotspot\src\share\vm\prims\jvm.cpp, line 1312]
Event: 0.718 Thread 0x0000000002128000 Exception <a 'java/security/PrivilegedActionException'> (0x0000000717fdf658) thrown at [D:\re\workspace\8-2-build-windows-amd64-cygwin\jdk8u25\1677\hotspot\src\share\vm\prims\jvm.cpp, line 1312]
Event: 0.721 Thread 0x0000000002128000 Exception <a 'java/security/PrivilegedActionException'> (0x0000000717fe3710) thrown at [D:\re\workspace\8-2-build-windows-amd64-cygwin\jdk8u25\1677\hotspot\src\share\vm\prims\jvm.cpp, line 1312]
Event: 1.412 Thread 0x0000000026fce800 Exception <a 'java/security/PrivilegedActionException'> (0x000000071668b588) thrown at [D:\re\workspace\8-2-build-windows-amd64-cygwin\jdk8u25\1677\hotspot\src\share\vm\prims\jvm.cpp, line 1312]
Event: 1.413 Thread 0x0000000026fce800 Exception <a 'java/security/PrivilegedActionException'> (0x000000071668f4b0) thrown at [D:\re\workspace\8-2-build-windows-amd64-cygwin\jdk8u25\1677\hotspot\src\share\vm\prims\jvm.cpp, line 1312]
Event: 1.413 Thread 0x0000000026fce800 Implicit null exception at 0x0000000002a5dd9c to 0x0000000002a5de69
Event: 1.796 Thread 0x0000000002128000 Exception <a 'java/security/PrivilegedActionException'> (0x0000000719a46a70) thrown at [D:\re\workspace\8-2-build-windows-amd64-cygwin\jdk8u25\1677\hotspot\src\share\vm\prims\jvm.cpp, line 1312]
Event: 1.803 Thread 0x0000000026fcc800 Exception <a 'java/security/PrivilegedActionException'> (0x000000071b705d00) thrown at [D:\re\workspace\8-2-build-windows-amd64-cygwin\jdk8u25\1677\hotspot\src\share\vm\prims\jvm.cpp, line 1312]

Events (10 events):
Event: 132.968 Executing VM operation: ParallelGCFailedAllocation
Event: 132.969 Executing VM operation: ParallelGCFailedAllocation done
Event: 133.135 Executing VM operation: ParallelGCFailedAllocation
Event: 133.137 Executing VM operation: ParallelGCFailedAllocation done
Event: 133.280 Executing VM operation: ParallelGCFailedAllocation
Event: 133.282 Executing VM operation: ParallelGCFailedAllocation done
Event: 133.456 Executing VM operation: ParallelGCFailedAllocation
Event: 133.457 Executing VM operation: ParallelGCFailedAllocation done
Event: 133.633 Executing VM operation: ParallelGCFailedAllocation
Event: 133.635 Executing VM operation: ParallelGCFailedAllocation done


Dynamic libraries:
0x000000013fac0000 - 0x000000013faf4000 	C:\Program Files\Java\jdk1.8.0_25\bin\java.exe
0x00000000772f0000 - 0x0000000077499000 	C:\Windows\SYSTEM32\ntdll.dll
0x00000000771d0000 - 0x00000000772ef000 	C:\Windows\system32\kernel32.dll
0x000007fefc480000 - 0x000007fefc4ec000 	C:\Windows\system32\KERNELBASE.dll
0x000007fefc540000 - 0x000007fefc61b000 	C:\Windows\system32\ADVAPI32.dll
0x000007fefcd90000 - 0x000007fefce2f000 	C:\Windows\system32\msvcrt.dll
0x000007fefc4f0000 - 0x000007fefc50f000 	C:\Windows\SYSTEM32\sechost.dll
0x000007fefe230000 - 0x000007fefe35d000 	C:\Windows\system32\RPCRT4.dll
0x00000000770d0000 - 0x00000000771ca000 	C:\Windows\system32\USER32.dll
0x000007fefca20000 - 0x000007fefca87000 	C:\Windows\system32\GDI32.dll
0x000007fefe800000 - 0x000007fefe80e000 	C:\Windows\system32\LPK.dll
0x000007fefe160000 - 0x000007fefe229000 	C:\Windows\system32\USP10.dll
0x000007fefab50000 - 0x000007fefad44000 	C:\Windows\WinSxS\amd64_microsoft.windows.common-controls_6595b64144ccf1df_6.0.7601.17514_none_fa396087175ac9ac\COMCTL32.dll
0x000007fefc9a0000 - 0x000007fefca11000 	C:\Windows\system32\SHLWAPI.dll
0x000007fefc510000 - 0x000007fefc53e000 	C:\Windows\system32\IMM32.DLL
0x000007fefdfd0000 - 0x000007fefe0d9000 	C:\Windows\system32\MSCTF.dll
0x0000000054240000 - 0x0000000054312000 	C:\Program Files\Java\jdk1.8.0_25\jre\bin\msvcr100.dll
0x00000000777a0000 - 0x0000000077ffa000 	C:\Program Files\Java\jdk1.8.0_25\jre\bin\server\jvm.dll
0x000007fef7bc0000 - 0x000007fef7bc9000 	C:\Windows\system32\WSOCK32.dll
0x000007fefce30000 - 0x000007fefce7d000 	C:\Windows\system32\WS2_32.dll
0x000007fefe810000 - 0x000007fefe818000 	C:\Windows\system32\NSI.dll
0x000007fef9f00000 - 0x000007fef9f3b000 	C:\Windows\system32\WINMM.dll
0x00000000774c0000 - 0x00000000774c7000 	C:\Windows\system32\PSAPI.DLL
0x0000000054230000 - 0x000000005423f000 	C:\Program Files\Java\jdk1.8.0_25\jre\bin\verify.dll
0x0000000054200000 - 0x0000000054228000 	C:\Program Files\Java\jdk1.8.0_25\jre\bin\java.dll
0x00000000541e0000 - 0x00000000541f6000 	C:\Program Files\Java\jdk1.8.0_25\jre\bin\zip.dll
0x000007fefce80000 - 0x000007fefdc08000 	C:\Windows\system32\SHELL32.dll
0x000007fefc790000 - 0x000007fefc993000 	C:\Windows\system32\ole32.dll
0x000007fefc140000 - 0x000007fefc14f000 	C:\Windows\system32\profapi.dll
0x000007feff140000 - 0x000007feff150000 	C:\Program Files (x86)\JetBrains\IntelliJ IDEA Community Edition 14.0\bin\breakgen64.dll
0x00000000541a0000 - 0x00000000541ba000 	C:\Program Files\Java\jdk1.8.0_25\jre\bin\net.dll
0x000007fefb9c0000 - 0x000007fefba15000 	C:\Windows\system32\mswsock.dll
0x000007fefbac0000 - 0x000007fefbac7000 	C:\Windows\System32\wship6.dll
0x0000000180000000 - 0x0000000180051000 	C:\projects\game\lwjgl-2.9.1\lib\windows\lwjgl64.dll
0x000007fee6000000 - 0x000007fee611d000 	C:\Windows\system32\OPENGL32.dll
0x000007fefea00000 - 0x000007fefea2d000 	C:\Windows\system32\GLU32.dll
0x000007feec0b0000 - 0x000007feec1a1000 	C:\Windows\system32\DDRAW.dll
0x000007feff1a0000 - 0x000007feff1a8000 	C:\Windows\system32\DCIMAN32.dll
0x000007fefdd90000 - 0x000007fefdf67000 	C:\Windows\system32\SETUPAPI.dll
0x000007fefc160000 - 0x000007fefc196000 	C:\Windows\system32\CFGMGR32.dll
0x000007fefdc10000 - 0x000007fefdce7000 	C:\Windows\system32\OLEAUT32.dll
0x000007fefc1e0000 - 0x000007fefc1fa000 	C:\Windows\system32\DEVOBJ.dll
0x000007fefa620000 - 0x000007fefa638000 	C:\Windows\system32\dwmapi.dll
0x000007fefb210000 - 0x000007fefb21c000 	C:\Windows\system32\VERSION.dll
0x000007fefa6e0000 - 0x000007fefa736000 	C:\Windows\system32\uxtheme.dll
0x0000000068a10000 - 0x000000006a8b2000 	C:\Windows\system32\nvoglv64.DLL
0x000007fefb3a0000 - 0x000007fefb3b1000 	C:\Windows\system32\WTSAPI32.dll
0x000007fefc200000 - 0x000007fefc23a000 	C:\Windows\system32\WINTRUST.dll
0x000007fefc240000 - 0x000007fefc3ac000 	C:\Windows\system32\CRYPT32.dll
0x000007fefc150000 - 0x000007fefc15f000 	C:\Windows\system32\MSASN1.dll
0x000007fefb1e0000 - 0x000007fefb20d000 	C:\Windows\system32\ntmarta.dll
0x000007fefdf70000 - 0x000007fefdfc2000 	C:\Windows\system32\WLDAP32.dll
0x000007fefb4d0000 - 0x000007fefb50d000 	C:\Windows\system32\WINSTA.dll
0x000007fefbf80000 - 0x000007fefbf8f000 	C:\Windows\system32\CRYPTBASE.dll
0x000007fef8c30000 - 0x000007fef8ccc000 	C:\Windows\system32\mscms.dll
0x000007fefc1c0000 - 0x000007fefc1de000 	C:\Windows\system32\USERENV.dll
0x000007fefe9b0000 - 0x000007fefe9f2000 	C:\Windows\system32\icm32.dll
0x0000000051810000 - 0x00000000519a8000 	C:\Program Files\Java\jdk1.8.0_25\jre\bin\awt.dll
0x0000000053c30000 - 0x0000000053c77000 	C:\Program Files\Java\jdk1.8.0_25\jre\bin\fontmanager.dll
0x00000000541c0000 - 0x00000000541d1000 	C:\Program Files\Java\jdk1.8.0_25\jre\bin\nio.dll
0x00000000527c0000 - 0x0000000052801000 	C:\Program Files\Java\jdk1.8.0_25\jre\bin\t2k.dll
0x000007fef9a30000 - 0x000007fef9a57000 	C:\Windows\system32\IPHLPAPI.DLL
0x000007fef9a20000 - 0x000007fef9a2b000 	C:\Windows\system32\WINNSI.DLL
0x000007fef96a0000 - 0x000007fef96b8000 	C:\Windows\system32\dhcpcsvc.DLL
0x000007fef9680000 - 0x000007fef9691000 	C:\Windows\system32\dhcpcsvc6.DLL
0x000007fef7850000 - 0x000007fef7975000 	C:\Windows\system32\dbghelp.dll

VM Arguments:
jvm_args: -Dvisualvm.id=6978829889394330 -Djava.library.path=C:\projects\game\lwjgl-2.9.1\lib\windows -Didea.launcher.port=7534 -Didea.launcher.bin.path=C:\Program Files (x86)\JetBrains\IntelliJ IDEA Community Edition 14.0\bin -Dfile.encoding=UTF-8 
java_command: com.intellij.rt.execution.application.AppMain Main
java_class_path (initial): C:\Program Files\Java\jdk1.8.0_25\jre\lib\charsets.jar;C:\Program Files\Java\jdk1.8.0_25\jre\lib\deploy.jar;C:\Program Files\Java\jdk1.8.0_25\jre\lib\javaws.jar;C:\Program Files\Java\jdk1.8.0_25\jre\lib\jce.jar;C:\Program Files\Java\jdk1.8.0_25\jre\lib\jfr.jar;C:\Program Files\Java\jdk1.8.0_25\jre\lib\jfxswt.jar;C:\Program Files\Java\jdk1.8.0_25\jre\lib\jsse.jar;C:\Program Files\Java\jdk1.8.0_25\jre\lib\management-agent.jar;C:\Program Files\Java\jdk1.8.0_25\jre\lib\plugin.jar;C:\Program Files\Java\jdk1.8.0_25\jre\lib\resources.jar;C:\Program Files\Java\jdk1.8.0_25\jre\lib\rt.jar;C:\Program Files\Java\jdk1.8.0_25\jre\lib\ext\access-bridge-64.jar;C:\Program Files\Java\jdk1.8.0_25\jre\lib\ext\cldrdata.jar;C:\Program Files\Java\jdk1.8.0_25\jre\lib\ext\dnsns.jar;C:\Program Files\Java\jdk1.8.0_25\jre\lib\ext\jaccess.jar;C:\Program Files\Java\jdk1.8.0_25\jre\lib\ext\jfxrt.jar;C:\Program Files\Java\jdk1.8.0_25\jre\lib\ext\localedata.jar;C:\Program Files\Java\jdk1.8.0_25\jre\lib\ext\nashorn.jar;C:\Program Files\Java\jdk1.8.0_25\jre\lib\ext\sunec.jar;C:\Program Files\Java\jdk1.8.0_25\jre\lib\ext\sunjce_provider.jar;C:\Program Files\Java\jdk1.8.0_25\jre\lib\ext\sunmscapi.jar;C:\Program Files\Java\jdk1.8.0_25\jre\lib\ext\sunpkcs11.jar;C:\Program Files\Java\jdk1.8.0_25\jre\lib\ext\zipfs.jar;C:\projects\game\out\production\game;C:\projects\game\lwjgl-2.9.1\jar\AppleJavaExtensions.jar;C:\projects\game\lwjgl-2.9.1\jar\asm-debug-all.jar;C:\projects\game\lwjgl-2.9.1\jar\jinput.jar;C:\projects\game\lwjgl-2.9.1\jar\lwjgl.jar;C:\projects\game\lwjgl-2.9.1\jar\lwjgl-debug.jar;C:\projects\game\lwjgl-2.9.1\jar\lwjgl_test.jar;C:\projects\game\lwjgl-2.9.1\jar\lwjgl_util.jar;C:\projects\game\lwjgl-2.9.1\jar\lwjgl_util_applet.jar;C:\projects\game\lwjgl-2.9.1\jar\lzma.jar;C:\projects\game\JCSG-master\build\libs\JCSG-master.jar;C:\projects\game\lwjgl-2.9.1\jar\slick-util.jar;C:\projects\game\apachecommons\commons-net-3.3.jar;C:\projects\game\apachecommons\commons-lang
Launcher Type: SUN_STANDARD

Environment Variables:
JAVA_HOME=C:\Program Files\Java\jdk1.8.0_25
PATH=C:\ProgramData\Oracle\Java\javapath;C:\Program Files (x86)\NVIDIA Corporation\PhysX\Common;C:\Users\user\AMD APP SDK\2.9\bin\x86_64;C:\Users\user\AMD APP SDK\2.9\bin\x86;C:\Program Files (x86)\AMD APP SDK\2.9\bin\x86_64;C:\Program Files (x86)\AMD APP SDK\2.9\bin\x86;C:\Program Files (x86)\Intel\iCLS Client\;C:\Program Files\Intel\iCLS Client\;C:\Windows\system32;C:\Windows;C:\Windows\System32\Wbem;C:\Windows\System32\WindowsPowerShell\v1.0\;C:\Program Files\Intel\Intel(R) Management Engine Components\DAL;C:\Program Files\Intel\Intel(R) Management Engine Components\IPT;C:\Program Files (x86)\Intel\Intel(R) Management Engine Components\DAL;C:\Program Files (x86)\Intel\Intel(R) Management Engine Components\IPT;C:\Program Files\Microsoft SQL Server\110\Tools\Binn\;C:\Program Files\Microsoft Windows Performance Toolkit\;C:\Program Files\nodejs\;C:\Program Files\LuxRender;C:\Program Files\VCG\MeshLab;C:\Program Files (x86)\MySQL\MySQL Utilities 1.4\;C:\Program Files (x86)\MySQL\MySQL Utilities 1.4\Doctrine extensions for PHP\;C:\Program Files (x86)\QuickTime\QTSystem\;C:\Program Files (x86)\Windows Kits\8.1\Windows Performance Toolkit\;C:\Program Files (x86)\Microsoft SDKs\TypeScript\1.0\;C:\Program Files\Microsoft SQL Server\120\Tools\Binn\;C:\Python27;C:\Program Files (x86)\Microsoft Visual Studio 12.0\VC\vcpackages;C:\Users\user\AppData\Roaming\npm;C:\Program Files\apfloat;C:\Program Files (x86)\Kiwix\kiwix\xulrunner;C:\mongodb\bin\;C:\projects\wikirandom\node_modules\forever\bin;C:\Program Files (x86)\JetBrains\WebStorm 7.0.3\jre\bin;C:\Program Files\apache-maven-3.2.2\bin;C:\aparapi;C:\Program Files\VCG\MeshLab;
USERNAME=user
OS=Windows_NT
PROCESSOR_IDENTIFIER=Intel64 Family 6 Model 58 Stepping 9, GenuineIntel



---------------  S Y S T E M  ---------------

OS: Windows 7 , 64 bit Build 7601 Service Pack 1

CPU:total 8 (4 cores per cpu, 2 threads per core) family 6 model 58 stepping 9, cmov, cx8, fxsr, mmx, sse, sse2, sse3, ssse3, sse4.1, sse4.2, popcnt, avx, aes, clmul, erms, ht, tsc, tscinvbit, tscinv

Memory: 4k page, physical 33498820k(22475568k free), swap 37592956k(20590152k free)

vm_info: Java HotSpot(TM) 64-Bit Server VM (25.25-b02) for windows-amd64 JRE (1.8.0_25-b18), built on Oct  7 2014 14:25:37 by "java_re" with MS VC++ 10.0 (VS2010)

time: Sun Aug 02 19:01:14 2015
elapsed time: 133 seconds (0d 0h 2m 13s)

