#
# A fatal error has been detected by the Java Runtime Environment:
#
#  EXCEPTION_ACCESS_VIOLATION (0xc0000005) at pc=0x00000000696a9660, pid=8268, tid=7608
#
# JRE version: Java(TM) SE Runtime Environment (8.0_25-b18) (build 1.8.0_25-b18)
# Java VM: Java HotSpot(TM) 64-Bit Server VM (25.25-b02 mixed mode windows-amd64 compressed oops)
# Problematic frame:
# C  [nvoglv64.DLL+0xa99660]
#
# Failed to write core dump. Minidumps are not enabled by default on client versions of Windows
#
# If you would like to submit a bug report, please visit:
#   http://bugreport.sun.com/bugreport/crash.jsp
# The crash happened outside the Java Virtual Machine in native code.
# See problematic frame for where to report the bug.
#

---------------  T H R E A D  ---------------

Current thread (0x0000000002228000):  JavaThread "main" [_thread_in_native, id=7608, stack(0x00000000025f0000,0x00000000026f0000)]

siginfo: ExceptionCode=0xc0000005, reading address 0x0000000147580040

Registers:
RAX=0x0000000147580060, RBX=0x0000000147580040, RCX=0x000000004e0e0020, RDX=0x0000000147580040
RSP=0x00000000026ed838, RBP=0x0000000000000800, RSI=0x0000000000000000, RDI=0x000000004e0e0000
R8 =0x0000000000000020, R9 =0x0000000000000006, R10=0x0000000000000010, R11=0x0000000000000006
R12=0x0000000000000000, R13=0x00000000696c6370, R14=0x00000000000000fd, R15=0x0000000000000000
RIP=0x00000000696a9660, EFLAGS=0x0000000000010202

Top of Stack: (sp=0x00000000026ed838)
0x00000000026ed838:   00000000696a928d 0000000000000001
0x00000000026ed848:   0000000147580040 0000000000000001
0x00000000026ed858:   00000000696b1881 00000000000001a4
0x00000000026ed868:   0000000038fc2820 0000000147580040
0x00000000026ed878:   000000000000007f 000000004e0e0000
0x00000000026ed888:   00000000695e6070 0000000000001000
0x00000000026ed898:   0000000000001000 0000000000000400
0x00000000026ed8a8:   0000000000100002 00000000696c6370
0x00000000026ed8b8:   0000000000000000 0000000000000023
0x00000000026ed8c8:   0000000000000000 0000000000000006
0x00000000026ed8d8:   0000000147e0e040 0000000147c10040
0x00000000026ed8e8:   0000000147c10040 0000000000000000
0x00000000026ed8f8:   000000004d1e9fa0 000001a400000000
0x00000000026ed908:   0000000000000010 0000000000000000
0x00000000026ed918:   0000007f00000000 000000000000007f
0x00000000026ed928:   0000000000200000 000000004e0e0000 

Instructions: (pc=0x00000000696a9660)
0x00000000696a9640:   8d 40 40 0f 11 41 d0 49 ff c8 75 d4 c3 4d 85 c0
0x00000000696a9650:   74 3a 48 83 c1 20 48 8d 42 20 66 0f 1f 44 00 00
0x00000000696a9660:   0f 28 58 e0 0f 28 50 f0 0f 28 08 48 8d 49 40 0f
0x00000000696a9670:   28 40 10 0f 29 59 a0 0f 29 51 b0 48 8d 40 40 0f 


Register to memory mapping:

RAX=0x0000000147580060 is an unknown value
RBX=0x0000000147580040 is an unknown value
RCX=0x000000004e0e0020 is an unknown value
RDX=0x0000000147580040 is an unknown value
RSP=0x00000000026ed838 is pointing into the stack for thread: 0x0000000002228000
RBP=0x0000000000000800 is an unknown value
RSI=0x0000000000000000 is an unknown value
RDI=0x000000004e0e0000 is an unknown value
R8 =0x0000000000000020 is an unknown value
R9 =0x0000000000000006 is an unknown value
R10=0x0000000000000010 is an unknown value
R11=0x0000000000000006 is an unknown value
R12=0x0000000000000000 is an unknown value
R13=0x00000000696c6370 is an unknown value
R14=0x00000000000000fd is an unknown value
R15=0x0000000000000000 is an unknown value


Stack: [0x00000000025f0000,0x00000000026f0000],  sp=0x00000000026ed838,  free space=1014k
Native frames: (J=compiled Java code, j=interpreted, Vv=VM code, C=native code)
C  [nvoglv64.DLL+0xa99660]

Java frames: (J=compiled Java code, j=interpreted, Vv=VM code)
J 1482  org.lwjgl.opengl.GL11.nglTexImage2D(IIIIIIIIJJ)V (0 bytes) @ 0x0000000002efaac5 [0x0000000002efaa40+0x85]
J 1462 C1 org.lwjgl.opengl.GL11.glTexImage2D(IIIIIIIILjava/nio/ByteBuffer;)V (67 bytes) @ 0x0000000002ee2494 [0x0000000002ee1740+0xd54]
J 1025 C2 factory.TextureFactory.loadTexture(Ljava/awt/image/BufferedImage;)I (243 bytes) @ 0x0000000002d78788 [0x0000000002d77bc0+0xbc8]
J 1464 C1 gameConsole.getConsoleTexture(Ljava/lang/String;IIZ)I (64 bytes) @ 0x0000000002ee4c84 [0x0000000002ee4640+0x644]
J 1347 C2 gameConsole.draw(IIIIFFF)V (132 bytes) @ 0x0000000002e8523c [0x0000000002e844a0+0xd9c]
J 1364 C2 RenderThread.renderGL()V (390 bytes) @ 0x0000000002e9b10c [0x0000000002e9a1c0+0xf4c]
J 1556% C2 RenderThread.start()V (167 bytes) @ 0x0000000002b5b544 [0x0000000002b5b4c0+0x84]
j  Main.main([Ljava/lang/String;)V+29
v  ~StubRoutines::call_stub
j  sun.reflect.NativeMethodAccessorImpl.invoke0(Ljava/lang/reflect/Method;Ljava/lang/Object;[Ljava/lang/Object;)Ljava/lang/Object;+0
j  sun.reflect.NativeMethodAccessorImpl.invoke(Ljava/lang/Object;[Ljava/lang/Object;)Ljava/lang/Object;+100
j  sun.reflect.DelegatingMethodAccessorImpl.invoke(Ljava/lang/Object;[Ljava/lang/Object;)Ljava/lang/Object;+6
j  java.lang.reflect.Method.invoke(Ljava/lang/Object;[Ljava/lang/Object;)Ljava/lang/Object;+56
j  com.intellij.rt.execution.application.AppMain.main([Ljava/lang/String;)V+163
v  ~StubRoutines::call_stub

---------------  P R O C E S S  ---------------

Java Threads: ( => current thread )
  0x000000004b942000 JavaThread "Java2D Disposer" daemon [_thread_blocked, id=172, stack(0x000000004d880000,0x000000004d980000)]
  0x0000000026f27000 JavaThread "Thread-0" [_thread_blocked, id=9128, stack(0x00000000291a0000,0x00000000292a0000)]
  0x0000000026ed4000 JavaThread "Monitor Ctrl-Break" daemon [_thread_in_native, id=6172, stack(0x0000000028ce0000,0x0000000028de0000)]
  0x0000000026dcf000 JavaThread "Service Thread" daemon [_thread_blocked, id=8480, stack(0x0000000028a10000,0x0000000028b10000)]
  0x0000000026d62800 JavaThread "C1 CompilerThread3" daemon [_thread_blocked, id=6008, stack(0x00000000288d0000,0x00000000289d0000)]
  0x0000000026d51800 JavaThread "C2 CompilerThread2" daemon [_thread_blocked, id=6844, stack(0x0000000028720000,0x0000000028820000)]
  0x0000000026d4a000 JavaThread "C2 CompilerThread1" daemon [_thread_blocked, id=3592, stack(0x0000000028110000,0x0000000028210000)]
  0x0000000026d42800 JavaThread "C2 CompilerThread0" daemon [_thread_blocked, id=7348, stack(0x0000000028600000,0x0000000028700000)]
  0x0000000026d41800 JavaThread "Attach Listener" daemon [_thread_blocked, id=5508, stack(0x0000000028470000,0x0000000028570000)]
  0x0000000026d40800 JavaThread "Signal Dispatcher" daemon [_thread_blocked, id=7804, stack(0x0000000028260000,0x0000000028360000)]
  0x0000000025d9e800 JavaThread "Finalizer" daemon [_thread_blocked, id=5776, stack(0x0000000028010000,0x0000000028110000)]
  0x0000000025d95800 JavaThread "Reference Handler" daemon [_thread_blocked, id=8848, stack(0x0000000027cb0000,0x0000000027db0000)]
=>0x0000000002228000 JavaThread "main" [_thread_in_native, id=7608, stack(0x00000000025f0000,0x00000000026f0000)]

Other Threads:
  0x0000000026cf3000 VMThread [stack: 0x0000000027dc0000,0x0000000027ec0000] [id=6832]
  0x0000000026de0000 WatcherThread [stack: 0x0000000028bb0000,0x0000000028cb0000] [id=6752]

VM state:not at safepoint (normal execution)

VM Mutex/Monitor currently owned by a thread: None

Heap:
 PSYoungGen      total 73728K, used 974K [0x0000000715980000, 0x0000000720280000, 0x00000007c0000000)
  eden space 65024K, 1% used [0x0000000715980000,0x0000000715a3b9f8,0x0000000719900000)
  from space 8704K, 2% used [0x000000071f180000,0x000000071f1b8000,0x000000071fa00000)
  to   space 8192K, 0% used [0x000000071fa80000,0x000000071fa80000,0x0000000720280000)
 ParOldGen       total 349696K, used 15392K [0x00000005c0c00000, 0x00000005d6180000, 0x0000000715980000)
  object space 349696K, 4% used [0x00000005c0c00000,0x00000005c1b08198,0x00000005d6180000)
 Metaspace       used 9209K, capacity 9491K, committed 9728K, reserved 1058816K
  class space    used 893K, capacity 952K, committed 1024K, reserved 1048576K

Card table byte_map: [0x0000000011d80000,0x0000000012d80000] byte_map_base: 0x000000000ef7a000

Marking Bits: (ParMarkBitMap*) 0x0000000077f7d490
 Begin Bits: [0x0000000014410000, 0x000000001c3e0000)
 End Bits:   [0x000000001c3e0000, 0x00000000243b0000)

Polling page: 0x0000000000140000

CodeCache: size=245760Kb used=5115Kb max_used=5621Kb free=240644Kb
 bounds [0x00000000029c0000, 0x0000000002f50000, 0x00000000119c0000]
 total_blobs=1905 nmethods=1387 adapters=432
 compilation: enabled

Compilation events (10 events):
Event: 96.955 Thread 0x0000000026d51800 1558       4       org.lwjgl.opengl.GL11::glBindTexture (20 bytes)
Event: 96.956 Thread 0x0000000026d51800 nmethod 1558 0x0000000002b5ae50 code [0x0000000002b5afa0, 0x0000000002b5b088]
Event: 97.422 Thread 0x0000000026d42800 1559   !   4       org.lwjgl.input.Keyboard::next (60 bytes)
Event: 97.433 Thread 0x0000000026d42800 nmethod 1559 0x0000000002afc610 code [0x0000000002afc860, 0x0000000002afd5d0]
Event: 99.176 Thread 0x0000000026d4a000 1560       4       gameInputs::pollInputs (221 bytes)
Event: 99.182 Thread 0x0000000026d4a000 nmethod 1560 0x0000000002c3fe90 code [0x0000000002c400a0, 0x0000000002c40970]
Event: 99.191 Thread 0x0000000026d51800 1561       4       LogicThread::updateGameLogic (287 bytes)
Event: 99.197 Thread 0x0000000026d51800 nmethod 1561 0x0000000002b27810 code [0x0000000002b27a20, 0x0000000002b280e0]
Event: 101.510 Thread 0x0000000026d42800 1562       4       org.lwjgl.BufferUtils::getElementSizeExponent (84 bytes)
Event: 101.512 Thread 0x0000000026d42800 nmethod 1562 0x0000000002b13a10 code [0x0000000002b13b60, 0x0000000002b13c78]

GC Heap History (10 events):
Event: 100.686 GC heap before
{Heap before GC invocations=65 (full 0):
 PSYoungGen      total 70656K, used 70432K [0x0000000715980000, 0x0000000721400000, 0x00000007c0000000)
  eden space 70144K, 100% used [0x0000000715980000,0x0000000719e00000,0x0000000719e00000)
  from space 512K, 56% used [0x0000000721380000,0x00000007213c8000,0x0000000721400000)
  to   space 10240K, 0% used [0x0000000720000000,0x0000000720000000,0x0000000720a00000)
 ParOldGen       total 349696K, used 15376K [0x00000005c0c00000, 0x00000005d6180000, 0x0000000715980000)
  object space 349696K, 4% used [0x00000005c0c00000,0x00000005c1b04198,0x00000005d6180000)
 Metaspace       used 9209K, capacity 9491K, committed 9728K, reserved 1058816K
  class space    used 893K, capacity 952K, committed 1024K, reserved 1048576K
Event: 100.686 GC heap after
Heap after GC invocations=65 (full 0):
 PSYoungGen      total 79360K, used 256K [0x0000000715980000, 0x0000000721400000, 0x00000007c0000000)
  eden space 69120K, 0% used [0x0000000715980000,0x0000000715980000,0x0000000719d00000)
  from space 10240K, 2% used [0x0000000720000000,0x0000000720040000,0x0000000720a00000)
  to   space 9728K, 0% used [0x0000000720a80000,0x0000000720a80000,0x0000000721400000)
 ParOldGen       total 349696K, used 15392K [0x00000005c0c00000, 0x00000005d6180000, 0x0000000715980000)
  object space 349696K, 4% used [0x00000005c0c00000,0x00000005c1b08198,0x00000005d6180000)
 Metaspace       used 9209K, capacity 9491K, committed 9728K, reserved 1058816K
  class space    used 893K, capacity 952K, committed 1024K, reserved 1048576K
}
Event: 101.497 GC heap before
{Heap before GC invocations=66 (full 0):
 PSYoungGen      total 79360K, used 68460K [0x0000000715980000, 0x0000000721400000, 0x00000007c0000000)
  eden space 69120K, 98% used [0x0000000715980000,0x0000000719c1b060,0x0000000719d00000)
  from space 10240K, 2% used [0x0000000720000000,0x0000000720040000,0x0000000720a00000)
  to   space 9728K, 0% used [0x0000000720a80000,0x0000000720a80000,0x0000000721400000)
 ParOldGen       total 349696K, used 15392K [0x00000005c0c00000, 0x00000005d6180000, 0x0000000715980000)
  object space 349696K, 4% used [0x00000005c0c00000,0x00000005c1b08198,0x00000005d6180000)
 Metaspace       used 9209K, capacity 9491K, committed 9728K, reserved 1058816K
  class space    used 893K, capacity 952K, committed 1024K, reserved 1048576K
Event: 101.499 GC heap after
Heap after GC invocations=66 (full 0):
 PSYoungGen      total 68608K, used 256K [0x0000000715980000, 0x0000000720b00000, 0x00000007c0000000)
  eden space 68096K, 0% used [0x0000000715980000,0x0000000715980000,0x0000000719c00000)
  from space 512K, 50% used [0x0000000720a80000,0x0000000720ac0000,0x0000000720b00000)
  to   space 9216K, 0% used [0x000000071f900000,0x000000071f900000,0x0000000720200000)
 ParOldGen       total 349696K, used 15392K [0x00000005c0c00000, 0x00000005d6180000, 0x0000000715980000)
  object space 349696K, 4% used [0x00000005c0c00000,0x00000005c1b08198,0x00000005d6180000)
 Metaspace       used 9209K, capacity 9491K, committed 9728K, reserved 1058816K
  class space    used 893K, capacity 952K, committed 1024K, reserved 1048576K
}
Event: 102.305 GC heap before
{Heap before GC invocations=67 (full 0):
 PSYoungGen      total 68608K, used 68347K [0x0000000715980000, 0x0000000720b00000, 0x00000007c0000000)
  eden space 68096K, 99% used [0x0000000715980000,0x0000000719bfedd8,0x0000000719c00000)
  from space 512K, 50% used [0x0000000720a80000,0x0000000720ac0000,0x0000000720b00000)
  to   space 9216K, 0% used [0x000000071f900000,0x000000071f900000,0x0000000720200000)
 ParOldGen       total 349696K, used 15392K [0x00000005c0c00000, 0x00000005d6180000, 0x0000000715980000)
  object space 349696K, 4% used [0x00000005c0c00000,0x00000005c1b08198,0x00000005d6180000)
 Metaspace       used 9209K, capacity 9491K, committed 9728K, reserved 1058816K
  class space    used 893K, capacity 952K, committed 1024K, reserved 1048576K
Event: 102.306 GC heap after
Heap after GC invocations=67 (full 0):
 PSYoungGen      total 76288K, used 256K [0x0000000715980000, 0x0000000720b00000, 0x00000007c0000000)
  eden space 67072K, 0% used [0x0000000715980000,0x0000000715980000,0x0000000719b00000)
  from space 9216K, 2% used [0x000000071f900000,0x000000071f940000,0x0000000720200000)
  to   space 9216K, 0% used [0x0000000720200000,0x0000000720200000,0x0000000720b00000)
 ParOldGen       total 349696K, used 15392K [0x00000005c0c00000, 0x00000005d6180000, 0x0000000715980000)
  object space 349696K, 4% used [0x00000005c0c00000,0x00000005c1b08198,0x00000005d6180000)
 Metaspace       used 9209K, capacity 9491K, committed 9728K, reserved 1058816K
  class space    used 893K, capacity 952K, committed 1024K, reserved 1048576K
}
Event: 103.083 GC heap before
{Heap before GC invocations=68 (full 0):
 PSYoungGen      total 76288K, used 67328K [0x0000000715980000, 0x0000000720b00000, 0x00000007c0000000)
  eden space 67072K, 100% used [0x0000000715980000,0x0000000719b00000,0x0000000719b00000)
  from space 9216K, 2% used [0x000000071f900000,0x000000071f940000,0x0000000720200000)
  to   space 9216K, 0% used [0x0000000720200000,0x0000000720200000,0x0000000720b00000)
 ParOldGen       total 349696K, used 15392K [0x00000005c0c00000, 0x00000005d6180000, 0x0000000715980000)
  object space 349696K, 4% used [0x00000005c0c00000,0x00000005c1b08198,0x00000005d6180000)
 Metaspace       used 9209K, capacity 9491K, committed 9728K, reserved 1058816K
  class space    used 893K, capacity 952K, committed 1024K, reserved 1048576K
Event: 103.084 GC heap after
Heap after GC invocations=68 (full 0):
 PSYoungGen      total 66560K, used 256K [0x0000000715980000, 0x0000000720280000, 0x00000007c0000000)
  eden space 66048K, 0% used [0x0000000715980000,0x0000000715980000,0x0000000719a00000)
  from space 512K, 50% used [0x0000000720200000,0x0000000720240000,0x0000000720280000)
  to   space 8704K, 0% used [0x000000071f180000,0x000000071f180000,0x000000071fa00000)
 ParOldGen       total 349696K, used 15392K [0x00000005c0c00000, 0x00000005d6180000, 0x0000000715980000)
  object space 349696K, 4% used [0x00000005c0c00000,0x00000005c1b08198,0x00000005d6180000)
 Metaspace       used 9209K, capacity 9491K, committed 9728K, reserved 1058816K
  class space    used 893K, capacity 952K, committed 1024K, reserved 1048576K
}
Event: 103.841 GC heap before
{Heap before GC invocations=69 (full 0):
 PSYoungGen      total 66560K, used 66304K [0x0000000715980000, 0x0000000720280000, 0x00000007c0000000)
  eden space 66048K, 100% used [0x0000000715980000,0x0000000719a00000,0x0000000719a00000)
  from space 512K, 50% used [0x0000000720200000,0x0000000720240000,0x0000000720280000)
  to   space 8704K, 0% used [0x000000071f180000,0x000000071f180000,0x000000071fa00000)
 ParOldGen       total 349696K, used 15392K [0x00000005c0c00000, 0x00000005d6180000, 0x0000000715980000)
  object space 349696K, 4% used [0x00000005c0c00000,0x00000005c1b08198,0x00000005d6180000)
 Metaspace       used 9209K, capacity 9491K, committed 9728K, reserved 1058816K
  class space    used 893K, capacity 952K, committed 1024K, reserved 1048576K
Event: 103.841 GC heap after
Heap after GC invocations=69 (full 0):
 PSYoungGen      total 73728K, used 224K [0x0000000715980000, 0x0000000720280000, 0x00000007c0000000)
  eden space 65024K, 0% used [0x0000000715980000,0x0000000715980000,0x0000000719900000)
  from space 8704K, 2% used [0x000000071f180000,0x000000071f1b8000,0x000000071fa00000)
  to   space 8192K, 0% used [0x000000071fa80000,0x000000071fa80000,0x0000000720280000)
 ParOldGen       total 349696K, used 15392K [0x00000005c0c00000, 0x00000005d6180000, 0x0000000715980000)
  object space 349696K, 4% used [0x00000005c0c00000,0x00000005c1b08198,0x00000005d6180000)
 Metaspace       used 9209K, capacity 9491K, committed 9728K, reserved 1058816K
  class space    used 893K, capacity 952K, committed 1024K, reserved 1048576K
}

Deoptimization events (1 events):
Event: 3.877 Thread 0x0000000002228000 Uncommon trap: reason=unreached action=reinterpret pc=0x0000000002e58d50 method=sun.font.FileFontStrike.getCachedGlyphPtr(I)J @ 99

Internal exceptions (10 events):
Event: 1.129 Thread 0x0000000002228000 Exception <a 'java/security/PrivilegedActionException'> (0x000000071a808730) thrown at [D:\re\workspace\8-2-build-windows-amd64-cygwin\jdk8u25\1677\hotspot\src\share\vm\prims\jvm.cpp, line 1312]
Event: 1.133 Thread 0x0000000002228000 Exception <a 'java/security/PrivilegedActionException'> (0x000000071a80a700) thrown at [D:\re\workspace\8-2-build-windows-amd64-cygwin\jdk8u25\1677\hotspot\src\share\vm\prims\jvm.cpp, line 1312]
Event: 1.140 Thread 0x0000000002228000 Exception <a 'java/io/FileNotFoundException'> (0x000000071a8142e8) thrown at [D:\re\workspace\8-2-build-windows-amd64-cygwin\jdk8u25\1677\hotspot\src\share\vm\prims\jni.cpp, line 716]
Event: 1.151 Thread 0x0000000002228000 Exception <a 'java/io/FileNotFoundException'> (0x000000071a825298) thrown at [D:\re\workspace\8-2-build-windows-amd64-cygwin\jdk8u25\1677\hotspot\src\share\vm\prims\jni.cpp, line 716]
Event: 1.181 Thread 0x0000000002228000 Exception <a 'java/security/PrivilegedActionException'> (0x000000071a88d230) thrown at [D:\re\workspace\8-2-build-windows-amd64-cygwin\jdk8u25\1677\hotspot\src\share\vm\prims\jvm.cpp, line 1312]
Event: 1.224 Thread 0x0000000002228000 Exception <a 'java/security/PrivilegedActionException'> (0x000000071a892890) thrown at [D:\re\workspace\8-2-build-windows-amd64-cygwin\jdk8u25\1677\hotspot\src\share\vm\prims\jvm.cpp, line 1312]
Event: 1.226 Thread 0x0000000002228000 Exception <a 'java/security/PrivilegedActionException'> (0x000000071a896948) thrown at [D:\re\workspace\8-2-build-windows-amd64-cygwin\jdk8u25\1677\hotspot\src\share\vm\prims\jvm.cpp, line 1312]
Event: 3.546 Thread 0x0000000002228000 Exception <a 'java/security/PrivilegedActionException'> (0x0000000715fcf158) thrown at [D:\re\workspace\8-2-build-windows-amd64-cygwin\jdk8u25\1677\hotspot\src\share\vm\prims\jvm.cpp, line 1312]
Event: 3.551 Thread 0x0000000026f27000 Exception <a 'java/security/PrivilegedActionException'> (0x000000071782be98) thrown at [D:\re\workspace\8-2-build-windows-amd64-cygwin\jdk8u25\1677\hotspot\src\share\vm\prims\jvm.cpp, line 1312]
Event: 3.877 Thread 0x0000000002228000 Implicit null exception at 0x0000000002e58be2 to 0x0000000002e58d39

Events (10 events):
Event: 101.512 Thread 0x0000000026d42800 flushing nmethod 0x0000000002cbb3d0
Event: 101.512 Thread 0x0000000026d42800 flushing nmethod 0x0000000002cd9e90
Event: 101.512 Thread 0x0000000026d42800 flushing nmethod 0x0000000002ce5650
Event: 101.512 Thread 0x0000000026d42800 flushing nmethod 0x0000000002ce6390
Event: 102.305 Executing VM operation: ParallelGCFailedAllocation
Event: 102.306 Executing VM operation: ParallelGCFailedAllocation done
Event: 103.083 Executing VM operation: ParallelGCFailedAllocation
Event: 103.084 Executing VM operation: ParallelGCFailedAllocation done
Event: 103.841 Executing VM operation: ParallelGCFailedAllocation
Event: 103.841 Executing VM operation: ParallelGCFailedAllocation done


Dynamic libraries:
0x000000013fdb0000 - 0x000000013fde4000 	C:\Program Files\Java\jdk1.8.0_25\bin\java.exe
0x0000000077230000 - 0x00000000773d9000 	C:\Windows\SYSTEM32\ntdll.dll
0x0000000077010000 - 0x000000007712f000 	C:\Windows\system32\kernel32.dll
0x000007fefc2d0000 - 0x000007fefc33c000 	C:\Windows\system32\KERNELBASE.dll
0x000007fefe150000 - 0x000007fefe22b000 	C:\Windows\system32\ADVAPI32.dll
0x000007fefde10000 - 0x000007fefdeaf000 	C:\Windows\system32\msvcrt.dll
0x000007fefd600000 - 0x000007fefd61f000 	C:\Windows\SYSTEM32\sechost.dll
0x000007fefdeb0000 - 0x000007fefdfdd000 	C:\Windows\system32\RPCRT4.dll
0x0000000077130000 - 0x000000007722a000 	C:\Windows\system32\USER32.dll
0x000007fefc780000 - 0x000007fefc7e7000 	C:\Windows\system32\GDI32.dll
0x000007fefc770000 - 0x000007fefc77e000 	C:\Windows\system32\LPK.dll
0x000007fefdfe0000 - 0x000007fefe0a9000 	C:\Windows\system32\USP10.dll
0x000007fefaa90000 - 0x000007fefac84000 	C:\Windows\WinSxS\amd64_microsoft.windows.common-controls_6595b64144ccf1df_6.0.7601.17514_none_fa396087175ac9ac\COMCTL32.dll
0x000007fefc440000 - 0x000007fefc4b1000 	C:\Windows\system32\SHLWAPI.dll
0x000007fefe520000 - 0x000007fefe54e000 	C:\Windows\system32\IMM32.DLL
0x000007fefd950000 - 0x000007fefda59000 	C:\Windows\system32\MSCTF.dll
0x00000000630e0000 - 0x00000000631b2000 	C:\Program Files\Java\jdk1.8.0_25\jre\bin\msvcr100.dll
0x00000000777a0000 - 0x0000000077ffa000 	C:\Program Files\Java\jdk1.8.0_25\jre\bin\server\jvm.dll
0x000007fef7b00000 - 0x000007fef7b09000 	C:\Windows\system32\WSOCK32.dll
0x000007fefd900000 - 0x000007fefd94d000 	C:\Windows\system32\WS2_32.dll
0x000007fefe6d0000 - 0x000007fefe6d8000 	C:\Windows\system32\NSI.dll
0x000007fef9a80000 - 0x000007fef9abb000 	C:\Windows\system32\WINMM.dll
0x0000000077400000 - 0x0000000077407000 	C:\Windows\system32\PSAPI.DLL
0x0000000063290000 - 0x000000006329f000 	C:\Program Files\Java\jdk1.8.0_25\jre\bin\verify.dll
0x0000000063260000 - 0x0000000063288000 	C:\Program Files\Java\jdk1.8.0_25\jre\bin\java.dll
0x0000000063240000 - 0x0000000063256000 	C:\Program Files\Java\jdk1.8.0_25\jre\bin\zip.dll
0x000007fefc870000 - 0x000007fefd5f8000 	C:\Windows\system32\SHELL32.dll
0x000007fefe230000 - 0x000007fefe433000 	C:\Windows\system32\ole32.dll
0x000007fefc080000 - 0x000007fefc08f000 	C:\Windows\system32\profapi.dll
0x000007fefa7e0000 - 0x000007fefa7f0000 	C:\Program Files (x86)\JetBrains\IntelliJ IDEA Community Edition 14.0\bin\breakgen64.dll
0x0000000063200000 - 0x000000006321a000 	C:\Program Files\Java\jdk1.8.0_25\jre\bin\net.dll
0x000007fefb860000 - 0x000007fefb8b5000 	C:\Windows\system32\mswsock.dll
0x000007fefb850000 - 0x000007fefb857000 	C:\Windows\System32\wship6.dll
0x0000000180000000 - 0x0000000180051000 	C:\projects\game\lwjgl-2.9.1\lib\windows\lwjgl64.dll
0x000007fee54b0000 - 0x000007fee55cd000 	C:\Windows\system32\OPENGL32.dll
0x000007feee290000 - 0x000007feee2bd000 	C:\Windows\system32\GLU32.dll
0x000007fee53b0000 - 0x000007fee54a1000 	C:\Windows\system32\DDRAW.dll
0x000007fef9fd0000 - 0x000007fef9fd8000 	C:\Windows\system32\DCIMAN32.dll
0x000007fefdc30000 - 0x000007fefde07000 	C:\Windows\system32\SETUPAPI.dll
0x000007fefc3b0000 - 0x000007fefc3e6000 	C:\Windows\system32\CFGMGR32.dll
0x000007fefe440000 - 0x000007fefe517000 	C:\Windows\system32\OLEAUT32.dll
0x000007fefc410000 - 0x000007fefc42a000 	C:\Windows\system32\DEVOBJ.dll
0x000007fefa5c0000 - 0x000007fefa5d8000 	C:\Windows\system32\dwmapi.dll
0x000007fefb150000 - 0x000007fefb15c000 	C:\Windows\system32\VERSION.dll
0x000007fefa540000 - 0x000007fefa596000 	C:\Windows\system32\uxtheme.dll
0x0000000068c10000 - 0x000000006aab2000 	C:\Windows\system32\nvoglv64.DLL
0x000007fefb2e0000 - 0x000007fefb2f1000 	C:\Windows\system32\WTSAPI32.dll
0x000007fefc360000 - 0x000007fefc39a000 	C:\Windows\system32\WINTRUST.dll
0x000007fefc0a0000 - 0x000007fefc20c000 	C:\Windows\system32\CRYPT32.dll
0x000007fefc090000 - 0x000007fefc09f000 	C:\Windows\system32\MSASN1.dll
0x000007fefb120000 - 0x000007fefb14d000 	C:\Windows\system32\ntmarta.dll
0x000007fefda60000 - 0x000007fefdab2000 	C:\Windows\system32\WLDAP32.dll
0x000007fefb400000 - 0x000007fefb43d000 	C:\Windows\system32\WINSTA.dll
0x000007fefbf20000 - 0x000007fefbf2f000 	C:\Windows\system32\CRYPTBASE.dll
0x000007fef8e50000 - 0x000007fef8eec000 	C:\Windows\system32\mscms.dll
0x000007fefc2b0000 - 0x000007fefc2ce000 	C:\Windows\system32\USERENV.dll
0x000007fee6bd0000 - 0x000007fee6c12000 	C:\Windows\system32\icm32.dll
0x0000000062f40000 - 0x00000000630d8000 	C:\Program Files\Java\jdk1.8.0_25\jre\bin\awt.dll
0x0000000062ef0000 - 0x0000000062f37000 	C:\Program Files\Java\jdk1.8.0_25\jre\bin\fontmanager.dll
0x0000000063220000 - 0x0000000063231000 	C:\Program Files\Java\jdk1.8.0_25\jre\bin\nio.dll
0x0000000062ea0000 - 0x0000000062ee1000 	C:\Program Files\Java\jdk1.8.0_25\jre\bin\t2k.dll
0x000007fef7790000 - 0x000007fef78b5000 	C:\Windows\system32\dbghelp.dll

VM Arguments:
jvm_args: -Djava.library.path=C:\projects\game\lwjgl-2.9.1\lib\windows -Didea.launcher.port=7546 -Didea.launcher.bin.path=C:\Program Files (x86)\JetBrains\IntelliJ IDEA Community Edition 14.0\bin -Dfile.encoding=UTF-8 
java_command: com.intellij.rt.execution.application.AppMain Main
java_class_path (initial): C:\Program Files\Java\jdk1.8.0_25\jre\lib\charsets.jar;C:\Program Files\Java\jdk1.8.0_25\jre\lib\deploy.jar;C:\Program Files\Java\jdk1.8.0_25\jre\lib\javaws.jar;C:\Program Files\Java\jdk1.8.0_25\jre\lib\jce.jar;C:\Program Files\Java\jdk1.8.0_25\jre\lib\jfr.jar;C:\Program Files\Java\jdk1.8.0_25\jre\lib\jfxswt.jar;C:\Program Files\Java\jdk1.8.0_25\jre\lib\jsse.jar;C:\Program Files\Java\jdk1.8.0_25\jre\lib\management-agent.jar;C:\Program Files\Java\jdk1.8.0_25\jre\lib\plugin.jar;C:\Program Files\Java\jdk1.8.0_25\jre\lib\resources.jar;C:\Program Files\Java\jdk1.8.0_25\jre\lib\rt.jar;C:\Program Files\Java\jdk1.8.0_25\jre\lib\ext\access-bridge-64.jar;C:\Program Files\Java\jdk1.8.0_25\jre\lib\ext\cldrdata.jar;C:\Program Files\Java\jdk1.8.0_25\jre\lib\ext\dnsns.jar;C:\Program Files\Java\jdk1.8.0_25\jre\lib\ext\jaccess.jar;C:\Program Files\Java\jdk1.8.0_25\jre\lib\ext\jfxrt.jar;C:\Program Files\Java\jdk1.8.0_25\jre\lib\ext\localedata.jar;C:\Program Files\Java\jdk1.8.0_25\jre\lib\ext\nashorn.jar;C:\Program Files\Java\jdk1.8.0_25\jre\lib\ext\sunec.jar;C:\Program Files\Java\jdk1.8.0_25\jre\lib\ext\sunjce_provider.jar;C:\Program Files\Java\jdk1.8.0_25\jre\lib\ext\sunmscapi.jar;C:\Program Files\Java\jdk1.8.0_25\jre\lib\ext\sunpkcs11.jar;C:\Program Files\Java\jdk1.8.0_25\jre\lib\ext\zipfs.jar;C:\projects\game\out\production\game;C:\projects\game\lwjgl-2.9.1\jar\AppleJavaExtensions.jar;C:\projects\game\lwjgl-2.9.1\jar\asm-debug-all.jar;C:\projects\game\lwjgl-2.9.1\jar\jinput.jar;C:\projects\game\lwjgl-2.9.1\jar\lwjgl.jar;C:\projects\game\lwjgl-2.9.1\jar\lwjgl-debug.jar;C:\projects\game\lwjgl-2.9.1\jar\lwjgl_test.jar;C:\projects\game\lwjgl-2.9.1\jar\lwjgl_util.jar;C:\projects\game\lwjgl-2.9.1\jar\lwjgl_util_applet.jar;C:\projects\game\lwjgl-2.9.1\jar\lzma.jar;C:\projects\game\JCSG-master\build\libs\JCSG-master.jar;C:\projects\game\lwjgl-2.9.1\jar\slick-util.jar;C:\Program Files (x86)\JetBrains\IntelliJ IDEA Community Edition 14.0\lib\idea_rt.jar
Launcher Type: SUN_STANDARD

Environment Variables:
JAVA_HOME=C:\Program Files\Java\jdk1.8.0_25
PATH=C:\ProgramData\Oracle\Java\javapath;C:\Program Files (x86)\NVIDIA Corporation\PhysX\Common;C:\Users\user\AMD APP SDK\2.9\bin\x86_64;C:\Users\user\AMD APP SDK\2.9\bin\x86;C:\Program Files (x86)\AMD APP SDK\2.9\bin\x86_64;C:\Program Files (x86)\AMD APP SDK\2.9\bin\x86;C:\Program Files (x86)\Intel\iCLS Client\;C:\Program Files\Intel\iCLS Client\;C:\Windows\system32;C:\Windows;C:\Windows\System32\Wbem;C:\Windows\System32\WindowsPowerShell\v1.0\;C:\Program Files\Intel\Intel(R) Management Engine Components\DAL;C:\Program Files\Intel\Intel(R) Management Engine Components\IPT;C:\Program Files (x86)\Intel\Intel(R) Management Engine Components\DAL;C:\Program Files (x86)\Intel\Intel(R) Management Engine Components\IPT;C:\Program Files\Microsoft SQL Server\110\Tools\Binn\;C:\Program Files\Microsoft Windows Performance Toolkit\;C:\Program Files\nodejs\;C:\Program Files\LuxRender;C:\Program Files\VCG\MeshLab;C:\Program Files (x86)\MySQL\MySQL Utilities 1.4\;C:\Program Files (x86)\MySQL\MySQL Utilities 1.4\Doctrine extensions for PHP\;C:\Program Files (x86)\QuickTime\QTSystem\;C:\Python27;C:\Program Files (x86)\Microsoft Visual Studio 12.0\VC\vcpackages;C:\Users\user\AppData\Roaming\npm;C:\Program Files\apfloat;C:\Program Files (x86)\Kiwix\kiwix\xulrunner;C:\mongodb\bin\;C:\projects\wikirandom\node_modules\forever\bin;C:\Program Files (x86)\JetBrains\WebStorm 7.0.3\jre\bin;C:\Program Files\apache-maven-3.2.2\bin;C:\aparapi;C:\Program Files\VCG\MeshLab;
USERNAME=user
OS=Windows_NT
PROCESSOR_IDENTIFIER=Intel64 Family 6 Model 58 Stepping 9, GenuineIntel



---------------  S Y S T E M  ---------------

OS: Windows 7 , 64 bit Build 7601 Service Pack 1

CPU:total 8 (4 cores per cpu, 2 threads per core) family 6 model 58 stepping 9, cmov, cx8, fxsr, mmx, sse, sse2, sse3, ssse3, sse4.1, sse4.2, popcnt, avx, aes, clmul, erms, ht, tsc, tscinvbit, tscinv

Memory: 4k page, physical 33498820k(23714232k free), swap 66995776k(49709112k free)

vm_info: Java HotSpot(TM) 64-Bit Server VM (25.25-b02) for windows-amd64 JRE (1.8.0_25-b18), built on Oct  7 2014 14:25:37 by "java_re" with MS VC++ 10.0 (VS2010)

time: Thu Feb 05 06:25:27 2015
elapsed time: 103 seconds (0d 0h 1m 43s)

