#
# A fatal error has been detected by the Java Runtime Environment:
#
#  EXCEPTION_ACCESS_VIOLATION (0xc0000005) at pc=0x0000000069d49660, pid=7228, tid=7992
#
# JRE version: Java(TM) SE Runtime Environment (8.0_25-b18) (build 1.8.0_25-b18)
# Java VM: Java HotSpot(TM) 64-Bit Server VM (25.25-b02 mixed mode windows-amd64 compressed oops)
# Problematic frame:
# C  [nvoglv64.DLL+0xa99660]
#
# Failed to write core dump. Minidumps are not enabled by default on client versions of Windows
#
# If you would like to submit a bug report, please visit:
#   http://bugreport.sun.com/bugreport/crash.jsp
# The crash happened outside the Java Virtual Machine in native code.
# See problematic frame for where to report the bug.
#

---------------  T H R E A D  ---------------

Current thread (0x0000000002208000):  JavaThread "main" [_thread_in_native, id=7992, stack(0x0000000002560000,0x0000000002660000)]

siginfo: ExceptionCode=0xc0000005, reading address 0x00000000bd180040

Registers:
RAX=0x00000000bd180060, RBX=0x00000000bd180040, RCX=0x000000004ba84ce0, RDX=0x00000000bd180040
RSP=0x000000000265d508, RBP=0x0000000000000800, RSI=0x0000000000000000, RDI=0x000000004ba84cc0
R8 =0x0000000000000020, R9 =0x0000000000000006, R10=0x0000000000000010, R11=0x0000000000000006
R12=0x0000000000000000, R13=0x0000000069d66370, R14=0x00000000000000fd, R15=0x0000000000000000
RIP=0x0000000069d49660, EFLAGS=0x0000000000010202

Top of Stack: (sp=0x000000000265d508)
0x000000000265d508:   0000000069d4928d 0000000000000001
0x000000000265d518:   00000000bd180040 0000000000000001
0x000000000265d528:   0000000069d51881 00000000000001ae
0x000000000265d538:   0000000047ff29b0 00000000bd180040
0x000000000265d548:   000000000000007f 000000004ba84cc0
0x000000000265d558:   0000000069c86070 0000000000001000
0x000000000265d568:   0000000000001000 0000000000000400
0x000000000265d578:   0000000000100002 0000000069d66370
0x000000000265d588:   0000000000000000 000000000000002d
0x000000000265d598:   0000000000000000 0000000000000006
0x000000000265d5a8:   00000000bda3e040 00000000bd840040
0x000000000265d5b8:   00000000bd840040 0000000000000000
0x000000000265d5c8:   000000004cf11b40 000001ae00000000
0x000000000265d5d8:   0000000000000010 0000000000000000
0x000000000265d5e8:   0000007f00000000 000000000000007f
0x000000000265d5f8:   0000000000200000 000000004ba84cc0 

Instructions: (pc=0x0000000069d49660)
0x0000000069d49640:   8d 40 40 0f 11 41 d0 49 ff c8 75 d4 c3 4d 85 c0
0x0000000069d49650:   74 3a 48 83 c1 20 48 8d 42 20 66 0f 1f 44 00 00
0x0000000069d49660:   0f 28 58 e0 0f 28 50 f0 0f 28 08 48 8d 49 40 0f
0x0000000069d49670:   28 40 10 0f 29 59 a0 0f 29 51 b0 48 8d 40 40 0f 


Register to memory mapping:

RAX=0x00000000bd180060 is an unknown value
RBX=0x00000000bd180040 is an unknown value
RCX=0x000000004ba84ce0 is an unknown value
RDX=0x00000000bd180040 is an unknown value
RSP=0x000000000265d508 is pointing into the stack for thread: 0x0000000002208000
RBP=0x0000000000000800 is an unknown value
RSI=0x0000000000000000 is an unknown value
RDI=0x000000004ba84cc0 is an unknown value
R8 =0x0000000000000020 is an unknown value
R9 =0x0000000000000006 is an unknown value
R10=0x0000000000000010 is an unknown value
R11=0x0000000000000006 is an unknown value
R12=0x0000000000000000 is an unknown value
R13=0x0000000069d66370 is an unknown value
R14=0x00000000000000fd is an unknown value
R15=0x0000000000000000 is an unknown value


Stack: [0x0000000002560000,0x0000000002660000],  sp=0x000000000265d508,  free space=1013k
Native frames: (J=compiled Java code, j=interpreted, Vv=VM code, C=native code)
C  [nvoglv64.DLL+0xa99660]

Java frames: (J=compiled Java code, j=interpreted, Vv=VM code)
J 1429  org.lwjgl.opengl.GL11.nglTexImage2D(IIIIIIIIJJ)V (0 bytes) @ 0x0000000002ebed85 [0x0000000002ebed00+0x85]
J 1407 C1 org.lwjgl.opengl.GL11.glTexImage2D(IIIIIIIILjava/nio/ByteBuffer;)V (67 bytes) @ 0x0000000002ea86d4 [0x0000000002ea7980+0xd54]
J 725 C2 factory.TextureFactory.loadTexture(Ljava/awt/image/BufferedImage;)I (243 bytes) @ 0x0000000002c1fbc8 [0x0000000002c1f000+0xbc8]
J 1411 C1 gameConsole.getConsoleTexture(Ljava/lang/String;IIZ)I (64 bytes) @ 0x0000000002eabfc4 [0x0000000002eab980+0x644]
J 1268 C2 RenderThread.renderGL()V (401 bytes) @ 0x0000000002e208f8 [0x0000000002e1d260+0x3698]
J 1521% C2 RenderThread.start()V (108 bytes) @ 0x0000000002a66304 [0x0000000002a66280+0x84]
j  Main.main([Ljava/lang/String;)V+29
v  ~StubRoutines::call_stub
j  sun.reflect.NativeMethodAccessorImpl.invoke0(Ljava/lang/reflect/Method;Ljava/lang/Object;[Ljava/lang/Object;)Ljava/lang/Object;+0
j  sun.reflect.NativeMethodAccessorImpl.invoke(Ljava/lang/Object;[Ljava/lang/Object;)Ljava/lang/Object;+100
j  sun.reflect.DelegatingMethodAccessorImpl.invoke(Ljava/lang/Object;[Ljava/lang/Object;)Ljava/lang/Object;+6
j  java.lang.reflect.Method.invoke(Ljava/lang/Object;[Ljava/lang/Object;)Ljava/lang/Object;+56
j  com.intellij.rt.execution.application.AppMain.main([Ljava/lang/String;)V+163
v  ~StubRoutines::call_stub

---------------  P R O C E S S  ---------------

Java Threads: ( => current thread )
  0x000000004a897000 JavaThread "ForkJoinPool.commonPool-worker-1" daemon [_thread_blocked, id=4500, stack(0x00000000bc3f0000,0x00000000bc4f0000)]
  0x000000004a678800 JavaThread "Java2D Disposer" daemon [_thread_blocked, id=9084, stack(0x000000004b270000,0x000000004b370000)]
  0x0000000026e88800 JavaThread "Thread-0" [_thread_in_Java, id=8816, stack(0x0000000028fb0000,0x00000000290b0000)]
  0x0000000026e6d000 JavaThread "Monitor Ctrl-Break" daemon [_thread_in_native, id=4084, stack(0x0000000028bb0000,0x0000000028cb0000)]
  0x0000000026d52000 JavaThread "Service Thread" daemon [_thread_blocked, id=2388, stack(0x0000000028990000,0x0000000028a90000)]
  0x0000000026cd5800 JavaThread "C1 CompilerThread3" daemon [_thread_blocked, id=9136, stack(0x0000000028790000,0x0000000028890000)]
  0x0000000026cd4800 JavaThread "C2 CompilerThread2" daemon [_thread_blocked, id=8368, stack(0x0000000028530000,0x0000000028630000)]
  0x0000000026ccd000 JavaThread "C2 CompilerThread1" daemon [_thread_blocked, id=9068, stack(0x0000000028650000,0x0000000028750000)]
  0x0000000026cc5800 JavaThread "C2 CompilerThread0" daemon [_thread_blocked, id=7968, stack(0x0000000027f70000,0x0000000028070000)]
  0x0000000026cc3000 JavaThread "Attach Listener" daemon [_thread_blocked, id=6556, stack(0x0000000028410000,0x0000000028510000)]
  0x0000000026cc2000 JavaThread "Signal Dispatcher" daemon [_thread_blocked, id=7060, stack(0x00000000282b0000,0x00000000283b0000)]
  0x0000000025c0d000 JavaThread "Finalizer" daemon [_thread_blocked, id=7132, stack(0x0000000028090000,0x0000000028190000)]
  0x0000000026c73000 JavaThread "Reference Handler" daemon [_thread_blocked, id=8100, stack(0x0000000027dd0000,0x0000000027ed0000)]
=>0x0000000002208000 JavaThread "main" [_thread_in_native, id=7992, stack(0x0000000002560000,0x0000000002660000)]

Other Threads:
  0x0000000026c72000 VMThread [stack: 0x0000000027be0000,0x0000000027ce0000] [id=6308]
  0x0000000026d62800 WatcherThread [stack: 0x0000000028ab0000,0x0000000028bb0000] [id=6160]

VM state:not at safepoint (normal execution)

VM Mutex/Monitor currently owned by a thread: None

Heap:
 PSYoungGen      total 180736K, used 23711K [0x0000000715980000, 0x0000000724480000, 0x00000007c0000000)
  eden space 169472K, 7% used [0x0000000715980000,0x00000007166133b0,0x000000071ff00000)
  from space 11264K, 96% used [0x0000000721e00000,0x0000000722894980,0x0000000722900000)
  to   space 23552K, 0% used [0x0000000722d80000,0x0000000722d80000,0x0000000724480000)
 ParOldGen       total 349696K, used 136045K [0x00000005c0c00000, 0x00000005d6180000, 0x0000000715980000)
  object space 349696K, 38% used [0x00000005c0c00000,0x00000005c90db7a8,0x00000005d6180000)
 Metaspace       used 9421K, capacity 9687K, committed 9984K, reserved 1058816K
  class space    used 914K, capacity 984K, committed 1024K, reserved 1048576K

Card table byte_map: [0x0000000011cf0000,0x0000000012cf0000] byte_map_base: 0x000000000eeea000

Marking Bits: (ParMarkBitMap*) 0x000000005573d490
 Begin Bits: [0x0000000014280000, 0x000000001c250000)
 End Bits:   [0x000000001c250000, 0x0000000024220000)

Polling page: 0x0000000000230000

CodeCache: size=245760Kb used=4851Kb max_used=6101Kb free=240908Kb
 bounds [0x0000000002930000, 0x0000000002f30000, 0x0000000011930000]
 total_blobs=1807 nmethods=1287 adapters=434
 compilation: enabled

Compilation events (10 events):
Event: 164.030 Thread 0x0000000026cd4800 1572       4       org.lwjgl.opengl.WindowsDisplay::handleMessage (29 bytes)
Event: 164.030 Thread 0x0000000026cd4800 nmethod 1572 0x0000000002af2350 code [0x0000000002af24a0, 0x0000000002af2548]
Event: 164.062 Thread 0x0000000026cc5800 1573       4       sun.nio.cs.UTF_8$Encoder::encodeArrayLoop (489 bytes)
Event: 164.071 Thread 0x0000000026cc5800 nmethod 1573 0x0000000002c1a710 code [0x0000000002c1a900, 0x0000000002c1b430]
Event: 164.842 Thread 0x0000000026cd5800 1574       3       org.lwjgl.input.Keyboard$KeyEvent::access$302 (7 bytes)
Event: 164.842 Thread 0x0000000026cd5800 nmethod 1574 0x0000000002ad9250 code [0x0000000002ad93a0, 0x0000000002ad94d0]
Event: 164.842 Thread 0x0000000026cd5800 1575       3       org.lwjgl.input.Keyboard$KeyEvent::access$402 (7 bytes)
Event: 164.842 Thread 0x0000000026cd5800 nmethod 1575 0x0000000002c52610 code [0x0000000002c52760, 0x0000000002c528b0]
Event: 184.157 Thread 0x0000000026cd5800 1576       1       java.io.OutputStream::flush (1 bytes)
Event: 184.157 Thread 0x0000000026cd5800 nmethod 1576 0x0000000002bb6950 code [0x0000000002bb6aa0, 0x0000000002bb6bb0]

GC Heap History (10 events):
Event: 185.312 GC heap before
{Heap before GC invocations=133 (full 0):
 PSYoungGen      total 166400K, used 158706K [0x0000000715980000, 0x0000000721600000, 0x00000007c0000000)
  eden space 148992K, 100% used [0x0000000715980000,0x000000071eb00000,0x000000071eb00000)
  from space 17408K, 55% used [0x0000000720500000,0x0000000720e7c980,0x0000000721600000)
  to   space 22016K, 0% used [0x000000071eb00000,0x000000071eb00000,0x0000000720080000)
 ParOldGen       total 349696K, used 134621K [0x00000005c0c00000, 0x00000005d6180000, 0x0000000715980000)
  object space 349696K, 38% used [0x00000005c0c00000,0x00000005c8f77798,0x00000005d6180000)
 Metaspace       used 9421K, capacity 9687K, committed 9984K, reserved 1058816K
  class space    used 914K, capacity 984K, committed 1024K, reserved 1048576K
Event: 185.326 GC heap after
Heap after GC invocations=133 (full 0):
 PSYoungGen      total 171008K, used 21997K [0x0000000715980000, 0x0000000723980000, 0x00000007c0000000)
  eden space 148992K, 0% used [0x0000000715980000,0x0000000715980000,0x000000071eb00000)
  from space 22016K, 99% used [0x000000071eb00000,0x000000072007b7f8,0x0000000720080000)
  to   space 25088K, 0% used [0x0000000722100000,0x0000000722100000,0x0000000723980000)
 ParOldGen       total 349696K, used 135901K [0x00000005c0c00000, 0x00000005d6180000, 0x0000000715980000)
  object space 349696K, 38% used [0x00000005c0c00000,0x00000005c90b77a8,0x00000005d6180000)
 Metaspace       used 9421K, capacity 9687K, committed 9984K, reserved 1058816K
  class space    used 914K, capacity 984K, committed 1024K, reserved 1048576K
}
Event: 186.083 GC heap before
{Heap before GC invocations=134 (full 0):
 PSYoungGen      total 171008K, used 170989K [0x0000000715980000, 0x0000000723980000, 0x00000007c0000000)
  eden space 148992K, 100% used [0x0000000715980000,0x000000071eb00000,0x000000071eb00000)
  from space 22016K, 99% used [0x000000071eb00000,0x000000072007b7f8,0x0000000720080000)
  to   space 25088K, 0% used [0x0000000722100000,0x0000000722100000,0x0000000723980000)
 ParOldGen       total 349696K, used 135901K [0x00000005c0c00000, 0x00000005d6180000, 0x0000000715980000)
  object space 349696K, 38% used [0x00000005c0c00000,0x00000005c90b77a8,0x00000005d6180000)
 Metaspace       used 9421K, capacity 9687K, committed 9984K, reserved 1058816K
  class space    used 914K, capacity 984K, committed 1024K, reserved 1048576K
Event: 186.094 GC heap after
Heap after GC invocations=134 (full 0):
 PSYoungGen      total 204288K, used 16859K [0x0000000715980000, 0x0000000723980000, 0x00000007c0000000)
  eden space 179200K, 0% used [0x0000000715980000,0x0000000715980000,0x0000000720880000)
  from space 25088K, 67% used [0x0000000722100000,0x0000000723176e98,0x0000000723980000)
  to   space 25088K, 0% used [0x0000000720880000,0x0000000720880000,0x0000000722100000)
 ParOldGen       total 349696K, used 136013K [0x00000005c0c00000, 0x00000005d6180000, 0x0000000715980000)
  object space 349696K, 38% used [0x00000005c0c00000,0x00000005c90d37a8,0x00000005d6180000)
 Metaspace       used 9421K, capacity 9687K, committed 9984K, reserved 1058816K
  class space    used 914K, capacity 984K, committed 1024K, reserved 1048576K
}
Event: 186.878 GC heap before
{Heap before GC invocations=135 (full 0):
 PSYoungGen      total 204288K, used 196059K [0x0000000715980000, 0x0000000723980000, 0x00000007c0000000)
  eden space 179200K, 100% used [0x0000000715980000,0x0000000720880000,0x0000000720880000)
  from space 25088K, 67% used [0x0000000722100000,0x0000000723176e98,0x0000000723980000)
  to   space 25088K, 0% used [0x0000000720880000,0x0000000720880000,0x0000000722100000)
 ParOldGen       total 349696K, used 136013K [0x00000005c0c00000, 0x00000005d6180000, 0x0000000715980000)
  object space 349696K, 38% used [0x00000005c0c00000,0x00000005c90d37a8,0x00000005d6180000)
 Metaspace       used 9421K, capacity 9687K, committed 9984K, reserved 1058816K
  class space    used 914K, capacity 984K, committed 1024K, reserved 1048576K
Event: 186.883 GC heap after
Heap after GC invocations=135 (full 0):
 PSYoungGen      total 204288K, used 9714K [0x0000000715980000, 0x0000000725c80000, 0x00000007c0000000)
  eden space 179200K, 0% used [0x0000000715980000,0x0000000715980000,0x0000000720880000)
  from space 25088K, 38% used [0x0000000720880000,0x00000007211fc970,0x0000000722100000)
  to   space 25088K, 0% used [0x0000000724400000,0x0000000724400000,0x0000000725c80000)
 ParOldGen       total 349696K, used 136029K [0x00000005c0c00000, 0x00000005d6180000, 0x0000000715980000)
  object space 349696K, 38% used [0x00000005c0c00000,0x00000005c90d77a8,0x00000005d6180000)
 Metaspace       used 9421K, capacity 9687K, committed 9984K, reserved 1058816K
  class space    used 914K, capacity 984K, committed 1024K, reserved 1048576K
}
Event: 187.960 GC heap before
{Heap before GC invocations=136 (full 0):
 PSYoungGen      total 204288K, used 188914K [0x0000000715980000, 0x0000000725c80000, 0x00000007c0000000)
  eden space 179200K, 100% used [0x0000000715980000,0x0000000720880000,0x0000000720880000)
  from space 25088K, 38% used [0x0000000720880000,0x00000007211fc970,0x0000000722100000)
  to   space 25088K, 0% used [0x0000000724400000,0x0000000724400000,0x0000000725c80000)
 ParOldGen       total 349696K, used 136029K [0x00000005c0c00000, 0x00000005d6180000, 0x0000000715980000)
  object space 349696K, 38% used [0x00000005c0c00000,0x00000005c90d77a8,0x00000005d6180000)
 Metaspace       used 9421K, capacity 9687K, committed 9984K, reserved 1058816K
  class space    used 914K, capacity 984K, committed 1024K, reserved 1048576K
Event: 187.966 GC heap after
Heap after GC invocations=136 (full 0):
 PSYoungGen      total 184320K, used 9906K [0x0000000715980000, 0x0000000724e00000, 0x00000007c0000000)
  eden space 174080K, 0% used [0x0000000715980000,0x0000000715980000,0x0000000720380000)
  from space 10240K, 96% used [0x0000000724400000,0x0000000724dac970,0x0000000724e00000)
  to   space 24576K, 0% used [0x0000000721e00000,0x0000000721e00000,0x0000000723600000)
 ParOldGen       total 349696K, used 136029K [0x00000005c0c00000, 0x00000005d6180000, 0x0000000715980000)
  object space 349696K, 38% used [0x00000005c0c00000,0x00000005c90d77a8,0x00000005d6180000)
 Metaspace       used 9421K, capacity 9687K, committed 9984K, reserved 1058816K
  class space    used 914K, capacity 984K, committed 1024K, reserved 1048576K
}
Event: 188.754 GC heap before
{Heap before GC invocations=137 (full 0):
 PSYoungGen      total 184320K, used 183986K [0x0000000715980000, 0x0000000724e00000, 0x00000007c0000000)
  eden space 174080K, 100% used [0x0000000715980000,0x0000000720380000,0x0000000720380000)
  from space 10240K, 96% used [0x0000000724400000,0x0000000724dac970,0x0000000724e00000)
  to   space 24576K, 0% used [0x0000000721e00000,0x0000000721e00000,0x0000000723600000)
 ParOldGen       total 349696K, used 136029K [0x00000005c0c00000, 0x00000005d6180000, 0x0000000715980000)
  object space 349696K, 38% used [0x00000005c0c00000,0x00000005c90d77a8,0x00000005d6180000)
 Metaspace       used 9421K, capacity 9687K, committed 9984K, reserved 1058816K
  class space    used 914K, capacity 984K, committed 1024K, reserved 1048576K
Event: 188.761 GC heap after
Heap after GC invocations=137 (full 0):
 PSYoungGen      total 180736K, used 10834K [0x0000000715980000, 0x0000000724480000, 0x00000007c0000000)
  eden space 169472K, 0% used [0x0000000715980000,0x0000000715980000,0x000000071ff00000)
  from space 11264K, 96% used [0x0000000721e00000,0x0000000722894980,0x0000000722900000)
  to   space 23552K, 0% used [0x0000000722d80000,0x0000000722d80000,0x0000000724480000)
 ParOldGen       total 349696K, used 136045K [0x00000005c0c00000, 0x00000005d6180000, 0x0000000715980000)
  object space 349696K, 38% used [0x00000005c0c00000,0x00000005c90db7a8,0x00000005d6180000)
 Metaspace       used 9421K, capacity 9687K, committed 9984K, reserved 1058816K
  class space    used 914K, capacity 984K, committed 1024K, reserved 1048576K
}

Deoptimization events (10 events):
Event: 3.474 Thread 0x0000000026e88800 Uncommon trap: reason=unreached action=reinterpret pc=0x0000000002ddeb94 method=simplify.SimplifyCSG.simplifyCSG(Leu/mihosoft/vrl/v3d/CSG;)Leu/mihosoft/vrl/v3d/CSG; @ 646
Event: 3.481 Thread 0x0000000002208000 Uncommon trap: reason=class_check action=maybe_recompile pc=0x0000000002d4d888 method=eu.mihosoft.vrl.v3d.CSG.getTriangles(Z)V @ 40
Event: 3.488 Thread 0x0000000002208000 Uncommon trap: reason=class_check action=maybe_recompile pc=0x0000000002d5132c method=factory.GeometryFactory.getCSGVertexData(Leu/mihosoft/vrl/v3d/CSG;)Ljava/nio/FloatBuffer; @ 49
Event: 3.905 Thread 0x0000000002208000 Uncommon trap: reason=class_check action=maybe_recompile pc=0x0000000002d2f448 method=eu.mihosoft.vrl.v3d.CSG.getTriangles(Z)V @ 40
Event: 3.912 Thread 0x0000000002208000 Uncommon trap: reason=class_check action=maybe_recompile pc=0x0000000002d5132c method=factory.GeometryFactory.getCSGVertexData(Leu/mihosoft/vrl/v3d/CSG;)Ljava/nio/FloatBuffer; @ 49
Event: 4.402 Thread 0x0000000002208000 Uncommon trap: reason=class_check action=maybe_recompile pc=0x0000000002d5132c method=factory.GeometryFactory.getCSGVertexData(Leu/mihosoft/vrl/v3d/CSG;)Ljava/nio/FloatBuffer; @ 49
Event: 4.427 Thread 0x0000000002208000 Uncommon trap: reason=unreached action=reinterpret pc=0x0000000002dffd24 method=RenderThread.sampleScreen()V @ 39
Event: 4.442 Thread 0x0000000002208000 Uncommon trap: reason=unreached action=reinterpret pc=0x0000000002d9bb50 method=sun.font.FileFontStrike.getCachedGlyphPtr(I)J @ 99
Event: 97.474 Thread 0x0000000026e88800 Uncommon trap: reason=unreached action=reinterpret pc=0x0000000002d66078 method=java.util.HashMap.putVal(ILjava/lang/Object;Ljava/lang/Object;ZZ)Ljava/lang/Object; @ 109
Event: 97.475 Thread 0x0000000026e88800 Uncommon trap: reason=unreached action=reinterpret pc=0x0000000002d9f440 method=java.util.HashMap.resize()[Ljava/util/HashMap$Node; @ 206

Internal exceptions (10 events):
Event: 0.921 Thread 0x0000000002208000 Exception <a 'java/security/PrivilegedActionException'> (0x00000007175a5b10) thrown at [D:\re\workspace\8-2-build-windows-amd64-cygwin\jdk8u25\1677\hotspot\src\share\vm\prims\jvm.cpp, line 1312]
Event: 0.964 Thread 0x0000000002208000 Exception <a 'java/security/PrivilegedActionException'> (0x00000007175ab208) thrown at [D:\re\workspace\8-2-build-windows-amd64-cygwin\jdk8u25\1677\hotspot\src\share\vm\prims\jvm.cpp, line 1312]
Event: 0.967 Thread 0x0000000002208000 Exception <a 'java/security/PrivilegedActionException'> (0x00000007175af2c0) thrown at [D:\re\workspace\8-2-build-windows-amd64-cygwin\jdk8u25\1677\hotspot\src\share\vm\prims\jvm.cpp, line 1312]
Event: 2.915 Thread 0x0000000026e88800 Exception <a 'java/security/PrivilegedActionException'> (0x000000071bff8c80) thrown at [D:\re\workspace\8-2-build-windows-amd64-cygwin\jdk8u25\1677\hotspot\src\share\vm\prims\jvm.cpp, line 1312]
Event: 2.918 Thread 0x0000000026e88800 Exception <a 'java/security/PrivilegedActionException'> (0x000000071bffce80) thrown at [D:\re\workspace\8-2-build-windows-amd64-cygwin\jdk8u25\1677\hotspot\src\share\vm\prims\jvm.cpp, line 1312]
Event: 2.918 Thread 0x0000000026e88800 Exception <a 'java/security/PrivilegedActionException'> (0x000000071bfff728) thrown at [D:\re\workspace\8-2-build-windows-amd64-cygwin\jdk8u25\1677\hotspot\src\share\vm\prims\jvm.cpp, line 1312]
Event: 2.985 Thread 0x0000000026e88800 Exception <a 'java/security/PrivilegedActionException'> (0x000000071d9e0c48) thrown at [D:\re\workspace\8-2-build-windows-amd64-cygwin\jdk8u25\1677\hotspot\src\share\vm\prims\jvm.cpp, line 1312]
Event: 4.122 Thread 0x0000000002208000 Exception <a 'java/security/PrivilegedActionException'> (0x000000071c8aa388) thrown at [D:\re\workspace\8-2-build-windows-amd64-cygwin\jdk8u25\1677\hotspot\src\share\vm\prims\jvm.cpp, line 1312]
Event: 4.127 Thread 0x0000000026e88800 Exception <a 'java/security/PrivilegedActionException'> (0x000000071bb26338) thrown at [D:\re\workspace\8-2-build-windows-amd64-cygwin\jdk8u25\1677\hotspot\src\share\vm\prims\jvm.cpp, line 1312]
Event: 4.442 Thread 0x0000000002208000 Implicit null exception at 0x0000000002d9b9e2 to 0x0000000002d9bb39

Events (10 events):
Event: 185.312 Executing VM operation: ParallelGCFailedAllocation
Event: 185.326 Executing VM operation: ParallelGCFailedAllocation done
Event: 186.083 Executing VM operation: ParallelGCFailedAllocation
Event: 186.094 Executing VM operation: ParallelGCFailedAllocation done
Event: 186.877 Executing VM operation: ParallelGCFailedAllocation
Event: 186.883 Executing VM operation: ParallelGCFailedAllocation done
Event: 187.960 Executing VM operation: ParallelGCFailedAllocation
Event: 187.966 Executing VM operation: ParallelGCFailedAllocation done
Event: 188.754 Executing VM operation: ParallelGCFailedAllocation
Event: 188.761 Executing VM operation: ParallelGCFailedAllocation done


Dynamic libraries:
0x000000013f990000 - 0x000000013f9c4000 	C:\Program Files\Java\jdk1.8.0_25\bin\java.exe
0x0000000077230000 - 0x00000000773d9000 	C:\Windows\SYSTEM32\ntdll.dll
0x0000000077010000 - 0x000000007712f000 	C:\Windows\system32\kernel32.dll
0x000007fefc2d0000 - 0x000007fefc33c000 	C:\Windows\system32\KERNELBASE.dll
0x000007fefe150000 - 0x000007fefe22b000 	C:\Windows\system32\ADVAPI32.dll
0x000007fefde10000 - 0x000007fefdeaf000 	C:\Windows\system32\msvcrt.dll
0x000007fefd600000 - 0x000007fefd61f000 	C:\Windows\SYSTEM32\sechost.dll
0x000007fefdeb0000 - 0x000007fefdfdd000 	C:\Windows\system32\RPCRT4.dll
0x0000000077130000 - 0x000000007722a000 	C:\Windows\system32\USER32.dll
0x000007fefc780000 - 0x000007fefc7e7000 	C:\Windows\system32\GDI32.dll
0x000007fefc770000 - 0x000007fefc77e000 	C:\Windows\system32\LPK.dll
0x000007fefdfe0000 - 0x000007fefe0a9000 	C:\Windows\system32\USP10.dll
0x000007fefaa90000 - 0x000007fefac84000 	C:\Windows\WinSxS\amd64_microsoft.windows.common-controls_6595b64144ccf1df_6.0.7601.17514_none_fa396087175ac9ac\COMCTL32.dll
0x000007fefc440000 - 0x000007fefc4b1000 	C:\Windows\system32\SHLWAPI.dll
0x000007fefe520000 - 0x000007fefe54e000 	C:\Windows\system32\IMM32.DLL
0x000007fefd950000 - 0x000007fefda59000 	C:\Windows\system32\MSCTF.dll
0x000000005e8b0000 - 0x000000005e982000 	C:\Program Files\Java\jdk1.8.0_25\jre\bin\msvcr100.dll
0x0000000054f60000 - 0x00000000557ba000 	C:\Program Files\Java\jdk1.8.0_25\jre\bin\server\jvm.dll
0x000007fef7b00000 - 0x000007fef7b09000 	C:\Windows\system32\WSOCK32.dll
0x000007fefd900000 - 0x000007fefd94d000 	C:\Windows\system32\WS2_32.dll
0x000007fefe6d0000 - 0x000007fefe6d8000 	C:\Windows\system32\NSI.dll
0x000007fef9a80000 - 0x000007fef9abb000 	C:\Windows\system32\WINMM.dll
0x0000000077400000 - 0x0000000077407000 	C:\Windows\system32\PSAPI.DLL
0x0000000060700000 - 0x000000006070f000 	C:\Program Files\Java\jdk1.8.0_25\jre\bin\verify.dll
0x000000005fbf0000 - 0x000000005fc18000 	C:\Program Files\Java\jdk1.8.0_25\jre\bin\java.dll
0x000000005eff0000 - 0x000000005f006000 	C:\Program Files\Java\jdk1.8.0_25\jre\bin\zip.dll
0x000007fefc870000 - 0x000007fefd5f8000 	C:\Windows\system32\SHELL32.dll
0x000007fefe230000 - 0x000007fefe433000 	C:\Windows\system32\ole32.dll
0x000007fefc080000 - 0x000007fefc08f000 	C:\Windows\system32\profapi.dll
0x000007fefa7e0000 - 0x000007fefa7f0000 	C:\Program Files (x86)\JetBrains\IntelliJ IDEA Community Edition 14.0\bin\breakgen64.dll
0x000000005efb0000 - 0x000000005efca000 	C:\Program Files\Java\jdk1.8.0_25\jre\bin\net.dll
0x000007fefb860000 - 0x000007fefb8b5000 	C:\Windows\system32\mswsock.dll
0x000007fefb850000 - 0x000007fefb857000 	C:\Windows\System32\wship6.dll
0x0000000180000000 - 0x0000000180051000 	C:\projects\game\lwjgl-2.9.1\lib\windows\lwjgl64.dll
0x000007fee4bd0000 - 0x000007fee4ced000 	C:\Windows\system32\OPENGL32.dll
0x000007feee2a0000 - 0x000007feee2cd000 	C:\Windows\system32\GLU32.dll
0x000007fee5410000 - 0x000007fee5501000 	C:\Windows\system32\DDRAW.dll
0x000007fef3e60000 - 0x000007fef3e68000 	C:\Windows\system32\DCIMAN32.dll
0x000007fefdc30000 - 0x000007fefde07000 	C:\Windows\system32\SETUPAPI.dll
0x000007fefc3b0000 - 0x000007fefc3e6000 	C:\Windows\system32\CFGMGR32.dll
0x000007fefe440000 - 0x000007fefe517000 	C:\Windows\system32\OLEAUT32.dll
0x000007fefc410000 - 0x000007fefc42a000 	C:\Windows\system32\DEVOBJ.dll
0x000007fefa5c0000 - 0x000007fefa5d8000 	C:\Windows\system32\dwmapi.dll
0x000007fefb150000 - 0x000007fefb15c000 	C:\Windows\system32\VERSION.dll
0x000007fefa540000 - 0x000007fefa596000 	C:\Windows\system32\uxtheme.dll
0x00000000692b0000 - 0x000000006b152000 	C:\Windows\system32\nvoglv64.DLL
0x000007fefb2e0000 - 0x000007fefb2f1000 	C:\Windows\system32\WTSAPI32.dll
0x000007fefc360000 - 0x000007fefc39a000 	C:\Windows\system32\WINTRUST.dll
0x000007fefc0a0000 - 0x000007fefc20c000 	C:\Windows\system32\CRYPT32.dll
0x000007fefc090000 - 0x000007fefc09f000 	C:\Windows\system32\MSASN1.dll
0x000007fefb120000 - 0x000007fefb14d000 	C:\Windows\system32\ntmarta.dll
0x000007fefda60000 - 0x000007fefdab2000 	C:\Windows\system32\WLDAP32.dll
0x000007fefb400000 - 0x000007fefb43d000 	C:\Windows\system32\WINSTA.dll
0x000007fefbf20000 - 0x000007fefbf2f000 	C:\Windows\system32\CRYPTBASE.dll
0x000007fef8e50000 - 0x000007fef8eec000 	C:\Windows\system32\mscms.dll
0x000007fefc2b0000 - 0x000007fefc2ce000 	C:\Windows\system32\USERENV.dll
0x000007fee6270000 - 0x000007fee62b2000 	C:\Windows\system32\icm32.dll
0x000000005bc40000 - 0x000000005bdd8000 	C:\Program Files\Java\jdk1.8.0_25\jre\bin\awt.dll
0x000000005ef60000 - 0x000000005efa7000 	C:\Program Files\Java\jdk1.8.0_25\jre\bin\fontmanager.dll
0x000000005efd0000 - 0x000000005efe1000 	C:\Program Files\Java\jdk1.8.0_25\jre\bin\nio.dll
0x000000005ef10000 - 0x000000005ef51000 	C:\Program Files\Java\jdk1.8.0_25\jre\bin\t2k.dll
0x000007fef97e0000 - 0x000007fef9807000 	C:\Windows\system32\IPHLPAPI.DLL
0x000007fef97c0000 - 0x000007fef97cb000 	C:\Windows\system32\WINNSI.DLL
0x000007fef94d0000 - 0x000007fef94e8000 	C:\Windows\system32\dhcpcsvc.DLL
0x000007fef94b0000 - 0x000007fef94c1000 	C:\Windows\system32\dhcpcsvc6.DLL
0x000007fef7790000 - 0x000007fef78b5000 	C:\Windows\system32\dbghelp.dll

VM Arguments:
jvm_args: -Djava.library.path=C:\projects\game\lwjgl-2.9.1\lib\windows -Didea.launcher.port=7558 -Didea.launcher.bin.path=C:\Program Files (x86)\JetBrains\IntelliJ IDEA Community Edition 14.0\bin -Dfile.encoding=UTF-8 
java_command: com.intellij.rt.execution.application.AppMain Main
java_class_path (initial): C:\Program Files\Java\jdk1.8.0_25\jre\lib\charsets.jar;C:\Program Files\Java\jdk1.8.0_25\jre\lib\deploy.jar;C:\Program Files\Java\jdk1.8.0_25\jre\lib\javaws.jar;C:\Program Files\Java\jdk1.8.0_25\jre\lib\jce.jar;C:\Program Files\Java\jdk1.8.0_25\jre\lib\jfr.jar;C:\Program Files\Java\jdk1.8.0_25\jre\lib\jfxswt.jar;C:\Program Files\Java\jdk1.8.0_25\jre\lib\jsse.jar;C:\Program Files\Java\jdk1.8.0_25\jre\lib\management-agent.jar;C:\Program Files\Java\jdk1.8.0_25\jre\lib\plugin.jar;C:\Program Files\Java\jdk1.8.0_25\jre\lib\resources.jar;C:\Program Files\Java\jdk1.8.0_25\jre\lib\rt.jar;C:\Program Files\Java\jdk1.8.0_25\jre\lib\ext\access-bridge-64.jar;C:\Program Files\Java\jdk1.8.0_25\jre\lib\ext\cldrdata.jar;C:\Program Files\Java\jdk1.8.0_25\jre\lib\ext\dnsns.jar;C:\Program Files\Java\jdk1.8.0_25\jre\lib\ext\jaccess.jar;C:\Program Files\Java\jdk1.8.0_25\jre\lib\ext\jfxrt.jar;C:\Program Files\Java\jdk1.8.0_25\jre\lib\ext\localedata.jar;C:\Program Files\Java\jdk1.8.0_25\jre\lib\ext\nashorn.jar;C:\Program Files\Java\jdk1.8.0_25\jre\lib\ext\sunec.jar;C:\Program Files\Java\jdk1.8.0_25\jre\lib\ext\sunjce_provider.jar;C:\Program Files\Java\jdk1.8.0_25\jre\lib\ext\sunmscapi.jar;C:\Program Files\Java\jdk1.8.0_25\jre\lib\ext\sunpkcs11.jar;C:\Program Files\Java\jdk1.8.0_25\jre\lib\ext\zipfs.jar;C:\projects\game\out\production\game;C:\projects\game\lwjgl-2.9.1\jar\AppleJavaExtensions.jar;C:\projects\game\lwjgl-2.9.1\jar\asm-debug-all.jar;C:\projects\game\lwjgl-2.9.1\jar\jinput.jar;C:\projects\game\lwjgl-2.9.1\jar\lwjgl.jar;C:\projects\game\lwjgl-2.9.1\jar\lwjgl-debug.jar;C:\projects\game\lwjgl-2.9.1\jar\lwjgl_test.jar;C:\projects\game\lwjgl-2.9.1\jar\lwjgl_util.jar;C:\projects\game\lwjgl-2.9.1\jar\lwjgl_util_applet.jar;C:\projects\game\lwjgl-2.9.1\jar\lzma.jar;C:\projects\game\JCSG-master\build\libs\JCSG-master.jar;C:\projects\game\lwjgl-2.9.1\jar\slick-util.jar;C:\projects\game\apachecommons\commons-net-3.3.jar;C:\projects\game\apachecommons\commons-lang
Launcher Type: SUN_STANDARD

Environment Variables:
JAVA_HOME=C:\Program Files\Java\jdk1.8.0_25
PATH=C:\ProgramData\Oracle\Java\javapath;C:\Program Files (x86)\NVIDIA Corporation\PhysX\Common;C:\Users\user\AMD APP SDK\2.9\bin\x86_64;C:\Users\user\AMD APP SDK\2.9\bin\x86;C:\Program Files (x86)\AMD APP SDK\2.9\bin\x86_64;C:\Program Files (x86)\AMD APP SDK\2.9\bin\x86;C:\Program Files (x86)\Intel\iCLS Client\;C:\Program Files\Intel\iCLS Client\;C:\Windows\system32;C:\Windows;C:\Windows\System32\Wbem;C:\Windows\System32\WindowsPowerShell\v1.0\;C:\Program Files\Intel\Intel(R) Management Engine Components\DAL;C:\Program Files\Intel\Intel(R) Management Engine Components\IPT;C:\Program Files (x86)\Intel\Intel(R) Management Engine Components\DAL;C:\Program Files (x86)\Intel\Intel(R) Management Engine Components\IPT;C:\Program Files\Microsoft SQL Server\110\Tools\Binn\;C:\Program Files\Microsoft Windows Performance Toolkit\;C:\Program Files\nodejs\;C:\Program Files\LuxRender;C:\Program Files\VCG\MeshLab;C:\Program Files (x86)\MySQL\MySQL Utilities 1.4\;C:\Program Files (x86)\MySQL\MySQL Utilities 1.4\Doctrine extensions for PHP\;C:\Program Files (x86)\QuickTime\QTSystem\;C:\Python27;C:\Program Files (x86)\Microsoft Visual Studio 12.0\VC\vcpackages;C:\Users\user\AppData\Roaming\npm;C:\Program Files\apfloat;C:\Program Files (x86)\Kiwix\kiwix\xulrunner;C:\mongodb\bin\;C:\projects\wikirandom\node_modules\forever\bin;C:\Program Files (x86)\JetBrains\WebStorm 7.0.3\jre\bin;C:\Program Files\apache-maven-3.2.2\bin;C:\aparapi;C:\Program Files\VCG\MeshLab;
USERNAME=user
OS=Windows_NT
PROCESSOR_IDENTIFIER=Intel64 Family 6 Model 58 Stepping 9, GenuineIntel



---------------  S Y S T E M  ---------------

OS: Windows 7 , 64 bit Build 7601 Service Pack 1

CPU:total 8 (4 cores per cpu, 2 threads per core) family 6 model 58 stepping 9, cmov, cx8, fxsr, mmx, sse, sse2, sse3, ssse3, sse4.1, sse4.2, popcnt, avx, aes, clmul, erms, ht, tsc, tscinvbit, tscinv

Memory: 4k page, physical 33498820k(22739048k free), swap 66995776k(50076512k free)

vm_info: Java HotSpot(TM) 64-Bit Server VM (25.25-b02) for windows-amd64 JRE (1.8.0_25-b18), built on Oct  7 2014 14:25:37 by "java_re" with MS VC++ 10.0 (VS2010)

time: Sun Feb 08 23:30:44 2015
elapsed time: 188 seconds (0d 0h 3m 8s)

