#
# A fatal error has been detected by the Java Runtime Environment:
#
#  EXCEPTION_ACCESS_VIOLATION (0xc0000005) at pc=0x0000000069459660, pid=7688, tid=8448
#
# JRE version: Java(TM) SE Runtime Environment (8.0_25-b18) (build 1.8.0_25-b18)
# Java VM: Java HotSpot(TM) 64-Bit Server VM (25.25-b02 mixed mode windows-amd64 compressed oops)
# Problematic frame:
# C  [nvoglv64.DLL+0xa99660]
#
# Failed to write core dump. Minidumps are not enabled by default on client versions of Windows
#
# If you would like to submit a bug report, please visit:
#   http://bugreport.sun.com/bugreport/crash.jsp
# The crash happened outside the Java Virtual Machine in native code.
# See problematic frame for where to report the bug.
#

---------------  T H R E A D  ---------------

Current thread (0x0000000001e58000):  JavaThread "main" [_thread_in_native, id=8448, stack(0x0000000002210000,0x0000000002310000)]

siginfo: ExceptionCode=0xc0000005, reading address 0x00000000544e0040

Registers:
RAX=0x00000000544e0060, RBX=0x00000000544e0040, RCX=0x000000004d80ad20, RDX=0x00000000544e0040
RSP=0x000000000230d898, RBP=0x0000000000000800, RSI=0x0000000000000000, RDI=0x000000004d80ad00
R8 =0x0000000000000020, R9 =0x0000000000000006, R10=0x000000004edda4f0, R11=0x0000000000000006
R12=0x0000000000000000, R13=0x0000000069476370, R14=0x00000000000000fd, R15=0x0000000000000000
RIP=0x0000000069459660, EFLAGS=0x0000000000010202

Top of Stack: (sp=0x000000000230d898)
0x000000000230d898:   000000006945928d 00000000544e0040
0x000000000230d8a8:   000000000000007f 0000000000001000
0x000000000230d8b8:   0000000069461881 0000000000000400
0x000000000230d8c8:   0000000047aa1eb0 00000000544e0040
0x000000000230d8d8:   000000000000007f 000000004d80ad00
0x000000000230d8e8:   0000000069396070 0000000000001000
0x000000000230d8f8:   0000000000001000 0000000000000400
0x000000000230d908:   0000000000100002 0000000069476370
0x000000000230d918:   0000000000000000 000000000000007f
0x000000000230d928:   0000000000000000 0000000000000006
0x000000000230d938:   000000005583e040 0000000055440040
0x000000000230d948:   0000000055440040 0000000000000000
0x000000000230d958:   0000000047a85fe0 0000040000000000
0x000000000230d968:   0000000000000010 0000000000000000
0x000000000230d978:   0000007f00000000 000000000000007f
0x000000000230d988:   0000000000400000 000000004d80ad00 

Instructions: (pc=0x0000000069459660)
0x0000000069459640:   8d 40 40 0f 11 41 d0 49 ff c8 75 d4 c3 4d 85 c0
0x0000000069459650:   74 3a 48 83 c1 20 48 8d 42 20 66 0f 1f 44 00 00
0x0000000069459660:   0f 28 58 e0 0f 28 50 f0 0f 28 08 48 8d 49 40 0f
0x0000000069459670:   28 40 10 0f 29 59 a0 0f 29 51 b0 48 8d 40 40 0f 


Register to memory mapping:

RAX=0x00000000544e0060 is an unknown value
RBX=0x00000000544e0040 is an unknown value
RCX=0x000000004d80ad20 is an unknown value
RDX=0x00000000544e0040 is an unknown value
RSP=0x000000000230d898 is pointing into the stack for thread: 0x0000000001e58000
RBP=0x0000000000000800 is an unknown value
RSI=0x0000000000000000 is an unknown value
RDI=0x000000004d80ad00 is an unknown value
R8 =0x0000000000000020 is an unknown value
R9 =0x0000000000000006 is an unknown value
R10=0x000000004edda4f0 is an unknown value
R11=0x0000000000000006 is an unknown value
R12=0x0000000000000000 is an unknown value
R13=0x0000000069476370 is an unknown value
R14=0x00000000000000fd is an unknown value
R15=0x0000000000000000 is an unknown value


Stack: [0x0000000002210000,0x0000000002310000],  sp=0x000000000230d898,  free space=1014k
Native frames: (J=compiled Java code, j=interpreted, Vv=VM code, C=native code)
C  [nvoglv64.DLL+0xa99660]

Java frames: (J=compiled Java code, j=interpreted, Vv=VM code)
J 1489  org.lwjgl.opengl.GL11.nglTexImage2D(IIIIIIIIJJ)V (0 bytes) @ 0x00000000026dfe85 [0x00000000026dfe00+0x85]
J 1469 C1 org.lwjgl.opengl.GL11.glTexImage2D(IIIIIIIILjava/nio/ByteBuffer;)V (67 bytes) @ 0x0000000002be6d94 [0x0000000002be6040+0xd54]
J 805 C2 factory.TextureFactory.loadTexture(Ljava/awt/image/BufferedImage;)I (243 bytes) @ 0x000000000290a8a0 [0x0000000002909be0+0xcc0]
J 1472 C1 gameConsole.getConsoleTexture(Ljava/lang/String;IIFZ)I (64 bytes) @ 0x0000000002be9b4c [0x0000000002be9500+0x64c]
J 1310 C2 gameConsole.draw(IIIIFFFF)V (134 bytes) @ 0x0000000002b635ac [0x0000000002b62940+0xc6c]
J 1318 C2 RenderThread.renderGL()V (562 bytes) @ 0x0000000002b75bec [0x0000000002b737a0+0x244c]
J 1502% C1 RenderThread.start()V (108 bytes) @ 0x0000000002c0020c [0x0000000002bff660+0xbac]
j  Main.main([Ljava/lang/String;)V+29
v  ~StubRoutines::call_stub
j  sun.reflect.NativeMethodAccessorImpl.invoke0(Ljava/lang/reflect/Method;Ljava/lang/Object;[Ljava/lang/Object;)Ljava/lang/Object;+0
j  sun.reflect.NativeMethodAccessorImpl.invoke(Ljava/lang/Object;[Ljava/lang/Object;)Ljava/lang/Object;+100
j  sun.reflect.DelegatingMethodAccessorImpl.invoke(Ljava/lang/Object;[Ljava/lang/Object;)Ljava/lang/Object;+6
j  java.lang.reflect.Method.invoke(Ljava/lang/Object;[Ljava/lang/Object;)Ljava/lang/Object;+56
j  com.intellij.rt.execution.application.AppMain.main([Ljava/lang/String;)V+163
v  ~StubRoutines::call_stub

---------------  P R O C E S S  ---------------

Java Threads: ( => current thread )
  0x000000004ab82800 JavaThread "ForkJoinPool.commonPool-worker-5" daemon [_thread_blocked, id=8896, stack(0x000000004dea0000,0x000000004dfa0000)]
  0x000000004ab93000 JavaThread "Java2D Disposer" daemon [_thread_blocked, id=5064, stack(0x000000004ccf0000,0x000000004cdf0000)]
  0x0000000026b66000 JavaThread "Thread-0" [_thread_in_Java, id=8616, stack(0x0000000028b40000,0x0000000028c40000)]
  0x0000000026a70000 JavaThread "Monitor Ctrl-Break" daemon [_thread_in_native, id=7384, stack(0x0000000028a10000,0x0000000028b10000)]
  0x0000000026960000 JavaThread "Service Thread" daemon [_thread_blocked, id=8828, stack(0x0000000028590000,0x0000000028690000)]
  0x000000002593e800 JavaThread "C1 CompilerThread3" daemon [_thread_blocked, id=7092, stack(0x0000000028220000,0x0000000028320000)]
  0x000000002593d800 JavaThread "C2 CompilerThread2" daemon [_thread_blocked, id=9208, stack(0x0000000028390000,0x0000000028490000)]
  0x00000000268e0000 JavaThread "C2 CompilerThread1" daemon [_thread_blocked, id=6096, stack(0x0000000028110000,0x0000000028210000)]
  0x00000000268d8800 JavaThread "C2 CompilerThread0" daemon [_thread_blocked, id=7176, stack(0x0000000027f30000,0x0000000028030000)]
  0x00000000268d5800 JavaThread "Attach Listener" daemon [_thread_blocked, id=8736, stack(0x0000000027ae0000,0x0000000027be0000)]
  0x00000000268d4800 JavaThread "Signal Dispatcher" daemon [_thread_blocked, id=8684, stack(0x0000000027db0000,0x0000000027eb0000)]
  0x000000002592d000 JavaThread "Finalizer" daemon [_thread_blocked, id=3836, stack(0x0000000027c70000,0x0000000027d70000)]
  0x0000000026883000 JavaThread "Reference Handler" daemon [_thread_blocked, id=6236, stack(0x00000000277f0000,0x00000000278f0000)]
=>0x0000000001e58000 JavaThread "main" [_thread_in_native, id=8448, stack(0x0000000002210000,0x0000000002310000)]

Other Threads:
  0x0000000026882000 VMThread [stack: 0x00000000279c0000,0x0000000027ac0000] [id=8588]
  0x0000000026971000 WatcherThread [stack: 0x0000000028750000,0x0000000028850000] [id=6768]

VM state:not at safepoint (normal execution)

VM Mutex/Monitor currently owned by a thread: None

Heap:
 PSYoungGen      total 321024K, used 27063K [0x0000000715980000, 0x000000075bf80000, 0x00000007c0000000)
  eden space 315904K, 7% used [0x0000000715980000,0x0000000716f63910,0x0000000728e00000)
  from space 5120K, 90% used [0x000000075ba80000,0x000000075bf0a518,0x000000075bf80000)
  to   space 23552K, 0% used [0x0000000759180000,0x0000000759180000,0x000000075a880000)
 ParOldGen       total 349696K, used 41287K [0x00000005c0c00000, 0x00000005d6180000, 0x0000000715980000)
  object space 349696K, 11% used [0x00000005c0c00000,0x00000005c3451f58,0x00000005d6180000)
 Metaspace       used 9719K, capacity 9905K, committed 9984K, reserved 1058816K
  class space    used 955K, capacity 1011K, committed 1024K, reserved 1048576K

Card table byte_map: [0x00000000119a0000,0x00000000129a0000] byte_map_base: 0x000000000eb9a000

Marking Bits: (ParMarkBitMap*) 0x0000000077f7d490
 Begin Bits: [0x0000000013fa0000, 0x000000001bf70000)
 End Bits:   [0x000000001bf70000, 0x0000000023f40000)

Polling page: 0x0000000000140000

CodeCache: size=245760Kb used=6305Kb max_used=6316Kb free=239454Kb
 bounds [0x00000000025e0000, 0x0000000002c20000, 0x00000000115e0000]
 total_blobs=2031 nmethods=1504 adapters=441
 compilation: enabled

Compilation events (10 events):
Event: 52.444 Thread 0x000000002593e800 1516       3       sun.awt.image.IntegerInterleavedRaster::getDataOffset (7 bytes)
Event: 52.444 Thread 0x000000002593e800 nmethod 1516 0x00000000027172d0 code [0x0000000002717420, 0x0000000002717590]
Event: 52.444 Thread 0x000000002593e800 1518       3       sun.java2d.Disposer::addRecord (17 bytes)
Event: 52.444 Thread 0x000000002593e800 nmethod 1518 0x0000000002702ed0 code [0x0000000002703040, 0x0000000002703308]
Event: 53.306 Thread 0x000000002593d800 1519       4       org.lwjgl.MemoryUtil::getAddress (9 bytes)
Event: 53.307 Thread 0x000000002593d800 nmethod 1519 0x000000000273a150 code [0x000000000273a280, 0x000000000273a2f8]
Event: 55.070 Thread 0x00000000268e0000 1520       4       java.util.ArrayList$SubList$1::next (79 bytes)
Event: 55.071 Thread 0x00000000268e0000 nmethod 1520 0x0000000002bfe290 code [0x0000000002bfe3e0, 0x0000000002bfe4f8]
Event: 55.470 Thread 0x00000000268d8800 1521       4       org.lwjgl.BufferChecks::checkDirect (24 bytes)
Event: 55.471 Thread 0x00000000268d8800 nmethod 1521 0x0000000002bfe050 code [0x0000000002bfe180, 0x0000000002bfe1d8]

GC Heap History (10 events):
Event: 54.988 GC heap before
{Heap before GC invocations=64 (full 0):
 PSYoungGen      total 382976K, used 382797K [0x0000000715980000, 0x000000075f180000, 0x00000007c0000000)
  eden space 378368K, 100% used [0x0000000715980000,0x000000072cb00000,0x000000072cb00000)
  from space 4608K, 96% used [0x000000075cc80000,0x000000075d0d3760,0x000000075d100000)
  to   space 20480K, 0% used [0x000000075dd80000,0x000000075dd80000,0x000000075f180000)
 ParOldGen       total 349696K, used 38439K [0x00000005c0c00000, 0x00000005d6180000, 0x0000000715980000)
  object space 349696K, 10% used [0x00000005c0c00000,0x00000005c3189f58,0x00000005d6180000)
 Metaspace       used 9719K, capacity 9905K, committed 9984K, reserved 1058816K
  class space    used 955K, capacity 1011K, committed 1024K, reserved 1048576K
Event: 54.994 GC heap after
Heap after GC invocations=64 (full 0):
 PSYoungGen      total 378880K, used 14015K [0x0000000715980000, 0x000000075eb80000, 0x00000007c0000000)
  eden space 364544K, 0% used [0x0000000715980000,0x0000000715980000,0x000000072bd80000)
  from space 14336K, 97% used [0x000000075dd80000,0x000000075eb2fcd8,0x000000075eb80000)
  to   space 21504K, 0% used [0x000000075c180000,0x000000075c180000,0x000000075d680000)
 ParOldGen       total 349696K, used 39855K [0x00000005c0c00000, 0x00000005d6180000, 0x0000000715980000)
  object space 349696K, 11% used [0x00000005c0c00000,0x00000005c32ebf58,0x00000005d6180000)
 Metaspace       used 9719K, capacity 9905K, committed 9984K, reserved 1058816K
  class space    used 955K, capacity 1011K, committed 1024K, reserved 1048576K
}
Event: 55.486 GC heap before
{Heap before GC invocations=65 (full 0):
 PSYoungGen      total 378880K, used 378559K [0x0000000715980000, 0x000000075eb80000, 0x00000007c0000000)
  eden space 364544K, 100% used [0x0000000715980000,0x000000072bd80000,0x000000072bd80000)
  from space 14336K, 97% used [0x000000075dd80000,0x000000075eb2fcd8,0x000000075eb80000)
  to   space 21504K, 0% used [0x000000075c180000,0x000000075c180000,0x000000075d680000)
 ParOldGen       total 349696K, used 39855K [0x00000005c0c00000, 0x00000005d6180000, 0x0000000715980000)
  object space 349696K, 11% used [0x00000005c0c00000,0x00000005c32ebf58,0x00000005d6180000)
 Metaspace       used 9719K, capacity 9905K, committed 9984K, reserved 1058816K
  class space    used 955K, capacity 1011K, committed 1024K, reserved 1048576K
Event: 55.491 GC heap after
Heap after GC invocations=65 (full 0):
 PSYoungGen      total 367616K, used 15958K [0x0000000715980000, 0x000000075de00000, 0x00000007c0000000)
  eden space 351232K, 0% used [0x0000000715980000,0x0000000715980000,0x000000072b080000)
  from space 16384K, 97% used [0x000000075c180000,0x000000075d115be8,0x000000075d180000)
  to   space 12800K, 0% used [0x000000075d180000,0x000000075d180000,0x000000075de00000)
 ParOldGen       total 349696K, used 39863K [0x00000005c0c00000, 0x00000005d6180000, 0x0000000715980000)
  object space 349696K, 11% used [0x00000005c0c00000,0x00000005c32edf58,0x00000005d6180000)
 Metaspace       used 9719K, capacity 9905K, committed 9984K, reserved 1058816K
  class space    used 955K, capacity 1011K, committed 1024K, reserved 1048576K
}
Event: 55.978 GC heap before
{Heap before GC invocations=66 (full 0):
 PSYoungGen      total 367616K, used 367190K [0x0000000715980000, 0x000000075de00000, 0x00000007c0000000)
  eden space 351232K, 100% used [0x0000000715980000,0x000000072b080000,0x000000072b080000)
  from space 16384K, 97% used [0x000000075c180000,0x000000075d115be8,0x000000075d180000)
  to   space 12800K, 0% used [0x000000075d180000,0x000000075d180000,0x000000075de00000)
 ParOldGen       total 349696K, used 39863K [0x00000005c0c00000, 0x00000005d6180000, 0x0000000715980000)
  object space 349696K, 11% used [0x00000005c0c00000,0x00000005c32edf58,0x00000005d6180000)
 Metaspace       used 9719K, capacity 9905K, committed 9984K, reserved 1058816K
  class space    used 955K, capacity 1011K, committed 1024K, reserved 1048576K
Event: 55.982 GC heap after
Heap after GC invocations=66 (full 0):
 PSYoungGen      total 343040K, used 3945K [0x0000000715980000, 0x000000075d580000, 0x00000007c0000000)
  eden space 338944K, 0% used [0x0000000715980000,0x0000000715980000,0x000000072a480000)
  from space 4096K, 96% used [0x000000075d180000,0x000000075d55a518,0x000000075d580000)
  to   space 22528K, 0% used [0x000000075a980000,0x000000075a980000,0x000000075bf80000)
 ParOldGen       total 349696K, used 41279K [0x00000005c0c00000, 0x00000005d6180000, 0x0000000715980000)
  object space 349696K, 11% used [0x00000005c0c00000,0x00000005c344ff58,0x00000005d6180000)
 Metaspace       used 9719K, capacity 9905K, committed 9984K, reserved 1058816K
  class space    used 955K, capacity 1011K, committed 1024K, reserved 1048576K
}
Event: 56.407 GC heap before
{Heap before GC invocations=67 (full 0):
 PSYoungGen      total 343040K, used 342889K [0x0000000715980000, 0x000000075d580000, 0x00000007c0000000)
  eden space 338944K, 100% used [0x0000000715980000,0x000000072a480000,0x000000072a480000)
  from space 4096K, 96% used [0x000000075d180000,0x000000075d55a518,0x000000075d580000)
  to   space 22528K, 0% used [0x000000075a980000,0x000000075a980000,0x000000075bf80000)
 ParOldGen       total 349696K, used 41279K [0x00000005c0c00000, 0x00000005d6180000, 0x0000000715980000)
  object space 349696K, 11% used [0x00000005c0c00000,0x00000005c344ff58,0x00000005d6180000)
 Metaspace       used 9719K, capacity 9905K, committed 9984K, reserved 1058816K
  class space    used 955K, capacity 1011K, committed 1024K, reserved 1048576K
Event: 56.411 GC heap after
Heap after GC invocations=67 (full 0):
 PSYoungGen      total 343552K, used 16297K [0x0000000715980000, 0x000000075d200000, 0x00000007c0000000)
  eden space 327168K, 0% used [0x0000000715980000,0x0000000715980000,0x0000000729900000)
  from space 16384K, 99% used [0x000000075a980000,0x000000075b96a548,0x000000075b980000)
  to   space 24064K, 0% used [0x000000075ba80000,0x000000075ba80000,0x000000075d200000)
 ParOldGen       total 349696K, used 41279K [0x00000005c0c00000, 0x00000005d6180000, 0x0000000715980000)
  object space 349696K, 11% used [0x00000005c0c00000,0x00000005c344ff58,0x00000005d6180000)
 Metaspace       used 9719K, capacity 9905K, committed 9984K, reserved 1058816K
  class space    used 955K, capacity 1011K, committed 1024K, reserved 1048576K
}
Event: 56.844 GC heap before
{Heap before GC invocations=68 (full 0):
 PSYoungGen      total 343552K, used 343465K [0x0000000715980000, 0x000000075d200000, 0x00000007c0000000)
  eden space 327168K, 100% used [0x0000000715980000,0x0000000729900000,0x0000000729900000)
  from space 16384K, 99% used [0x000000075a980000,0x000000075b96a548,0x000000075b980000)
  to   space 24064K, 0% used [0x000000075ba80000,0x000000075ba80000,0x000000075d200000)
 ParOldGen       total 349696K, used 41279K [0x00000005c0c00000, 0x00000005d6180000, 0x0000000715980000)
  object space 349696K, 11% used [0x00000005c0c00000,0x00000005c344ff58,0x00000005d6180000)
 Metaspace       used 9719K, capacity 9905K, committed 9984K, reserved 1058816K
  class space    used 955K, capacity 1011K, committed 1024K, reserved 1048576K
Event: 56.849 GC heap after
Heap after GC invocations=68 (full 0):
 PSYoungGen      total 321024K, used 4649K [0x0000000715980000, 0x000000075bf80000, 0x00000007c0000000)
  eden space 315904K, 0% used [0x0000000715980000,0x0000000715980000,0x0000000728e00000)
  from space 5120K, 90% used [0x000000075ba80000,0x000000075bf0a518,0x000000075bf80000)
  to   space 23552K, 0% used [0x0000000759180000,0x0000000759180000,0x000000075a880000)
 ParOldGen       total 349696K, used 41287K [0x00000005c0c00000, 0x00000005d6180000, 0x0000000715980000)
  object space 349696K, 11% used [0x00000005c0c00000,0x00000005c3451f58,0x00000005d6180000)
 Metaspace       used 9719K, capacity 9905K, committed 9984K, reserved 1058816K
  class space    used 955K, capacity 1011K, committed 1024K, reserved 1048576K
}

Deoptimization events (1 events):
Event: 1.949 Thread 0x0000000026b66000 Uncommon trap: reason=unloaded action=reinterpret pc=0x0000000002a62d74 method=simplify.Simplify.simplify_mesh(ID)V @ 235

Internal exceptions (10 events):
Event: 0.724 Thread 0x0000000001e58000 Exception <a 'java/security/PrivilegedActionException'> (0x000000071751bce8) thrown at [D:\re\workspace\8-2-build-windows-amd64-cygwin\jdk8u25\1677\hotspot\src\share\vm\prims\jvm.cpp, line 1312]
Event: 0.731 Thread 0x0000000001e58000 Exception <a 'java/io/FileNotFoundException'> (0x00000007175244a0) thrown at [D:\re\workspace\8-2-build-windows-amd64-cygwin\jdk8u25\1677\hotspot\src\share\vm\prims\jni.cpp, line 716]
Event: 0.742 Thread 0x0000000001e58000 Exception <a 'java/io/FileNotFoundException'> (0x00000007175343a0) thrown at [D:\re\workspace\8-2-build-windows-amd64-cygwin\jdk8u25\1677\hotspot\src\share\vm\prims\jni.cpp, line 716]
Event: 0.774 Thread 0x0000000001e58000 Exception <a 'java/security/PrivilegedActionException'> (0x00000007175ae230) thrown at [D:\re\workspace\8-2-build-windows-amd64-cygwin\jdk8u25\1677\hotspot\src\share\vm\prims\jvm.cpp, line 1312]
Event: 0.845 Thread 0x0000000001e58000 Exception <a 'java/security/PrivilegedActionException'> (0x00000007175b3928) thrown at [D:\re\workspace\8-2-build-windows-amd64-cygwin\jdk8u25\1677\hotspot\src\share\vm\prims\jvm.cpp, line 1312]
Event: 0.850 Thread 0x0000000001e58000 Exception <a 'java/security/PrivilegedActionException'> (0x00000007175b79e0) thrown at [D:\re\workspace\8-2-build-windows-amd64-cygwin\jdk8u25\1677\hotspot\src\share\vm\prims\jvm.cpp, line 1312]
Event: 1.831 Thread 0x0000000026b66000 Exception <a 'java/security/PrivilegedActionException'> (0x0000000717c98f58) thrown at [D:\re\workspace\8-2-build-windows-amd64-cygwin\jdk8u25\1677\hotspot\src\share\vm\prims\jvm.cpp, line 1312]
Event: 1.877 Thread 0x0000000026b66000 Exception <a 'java/security/PrivilegedActionException'> (0x0000000718ff5b58) thrown at [D:\re\workspace\8-2-build-windows-amd64-cygwin\jdk8u25\1677\hotspot\src\share\vm\prims\jvm.cpp, line 1312]
Event: 15.967 Thread 0x0000000001e58000 Exception <a 'java/security/PrivilegedActionException'> (0x000000072d8fdc90) thrown at [D:\re\workspace\8-2-build-windows-amd64-cygwin\jdk8u25\1677\hotspot\src\share\vm\prims\jvm.cpp, line 1312]
Event: 15.984 Thread 0x0000000026b66000 Exception <a 'java/security/PrivilegedActionException'> (0x0000000736b8a250) thrown at [D:\re\workspace\8-2-build-windows-amd64-cygwin\jdk8u25\1677\hotspot\src\share\vm\prims\jvm.cpp, line 1312]

Events (10 events):
Event: 54.987 Executing VM operation: ParallelGCFailedAllocation
Event: 54.994 Executing VM operation: ParallelGCFailedAllocation done
Event: 55.486 Executing VM operation: ParallelGCFailedAllocation
Event: 55.491 Executing VM operation: ParallelGCFailedAllocation done
Event: 55.978 Executing VM operation: ParallelGCFailedAllocation
Event: 55.982 Executing VM operation: ParallelGCFailedAllocation done
Event: 56.407 Executing VM operation: ParallelGCFailedAllocation
Event: 56.411 Executing VM operation: ParallelGCFailedAllocation done
Event: 56.843 Executing VM operation: ParallelGCFailedAllocation
Event: 56.849 Executing VM operation: ParallelGCFailedAllocation done


Dynamic libraries:
0x000000013f6e0000 - 0x000000013f714000 	C:\Program Files\Java\jdk1.8.0_25\bin\java.exe
0x0000000077230000 - 0x00000000773d9000 	C:\Windows\SYSTEM32\ntdll.dll
0x0000000077010000 - 0x000000007712f000 	C:\Windows\system32\kernel32.dll
0x000007fefc2d0000 - 0x000007fefc33c000 	C:\Windows\system32\KERNELBASE.dll
0x000007fefe150000 - 0x000007fefe22b000 	C:\Windows\system32\ADVAPI32.dll
0x000007fefde10000 - 0x000007fefdeaf000 	C:\Windows\system32\msvcrt.dll
0x000007fefd600000 - 0x000007fefd61f000 	C:\Windows\SYSTEM32\sechost.dll
0x000007fefdeb0000 - 0x000007fefdfdd000 	C:\Windows\system32\RPCRT4.dll
0x0000000077130000 - 0x000000007722a000 	C:\Windows\system32\USER32.dll
0x000007fefc780000 - 0x000007fefc7e7000 	C:\Windows\system32\GDI32.dll
0x000007fefc770000 - 0x000007fefc77e000 	C:\Windows\system32\LPK.dll
0x000007fefdfe0000 - 0x000007fefe0a9000 	C:\Windows\system32\USP10.dll
0x000007fefaa90000 - 0x000007fefac84000 	C:\Windows\WinSxS\amd64_microsoft.windows.common-controls_6595b64144ccf1df_6.0.7601.17514_none_fa396087175ac9ac\COMCTL32.dll
0x000007fefc440000 - 0x000007fefc4b1000 	C:\Windows\system32\SHLWAPI.dll
0x000007fefe520000 - 0x000007fefe54e000 	C:\Windows\system32\IMM32.DLL
0x000007fefd950000 - 0x000007fefda59000 	C:\Windows\system32\MSCTF.dll
0x00000000502b0000 - 0x0000000050382000 	C:\Program Files\Java\jdk1.8.0_25\jre\bin\msvcr100.dll
0x00000000777a0000 - 0x0000000077ffa000 	C:\Program Files\Java\jdk1.8.0_25\jre\bin\server\jvm.dll
0x000007fef7b00000 - 0x000007fef7b09000 	C:\Windows\system32\WSOCK32.dll
0x000007fefd900000 - 0x000007fefd94d000 	C:\Windows\system32\WS2_32.dll
0x000007fefe6d0000 - 0x000007fefe6d8000 	C:\Windows\system32\NSI.dll
0x000007fef9a80000 - 0x000007fef9abb000 	C:\Windows\system32\WINMM.dll
0x0000000077400000 - 0x0000000077407000 	C:\Windows\system32\PSAPI.DLL
0x0000000059ce0000 - 0x0000000059cef000 	C:\Program Files\Java\jdk1.8.0_25\jre\bin\verify.dll
0x0000000057460000 - 0x0000000057488000 	C:\Program Files\Java\jdk1.8.0_25\jre\bin\java.dll
0x0000000059c70000 - 0x0000000059c86000 	C:\Program Files\Java\jdk1.8.0_25\jre\bin\zip.dll
0x000007fefc870000 - 0x000007fefd5f8000 	C:\Windows\system32\SHELL32.dll
0x000007fefe230000 - 0x000007fefe433000 	C:\Windows\system32\ole32.dll
0x000007fefc080000 - 0x000007fefc08f000 	C:\Windows\system32\profapi.dll
0x000007fefa7e0000 - 0x000007fefa7f0000 	C:\Program Files (x86)\JetBrains\IntelliJ IDEA Community Edition 14.0\bin\breakgen64.dll
0x0000000055000000 - 0x000000005501a000 	C:\Program Files\Java\jdk1.8.0_25\jre\bin\net.dll
0x000007fefb860000 - 0x000007fefb8b5000 	C:\Windows\system32\mswsock.dll
0x000007fefb850000 - 0x000007fefb857000 	C:\Windows\System32\wship6.dll
0x0000000180000000 - 0x0000000180051000 	C:\projects\game\lwjgl-2.9.1\lib\windows\lwjgl64.dll
0x000007fee3030000 - 0x000007fee314d000 	C:\Windows\system32\OPENGL32.dll
0x000007fee7900000 - 0x000007fee792d000 	C:\Windows\system32\GLU32.dll
0x000007fee5d80000 - 0x000007fee5e71000 	C:\Windows\system32\DDRAW.dll
0x000007feee2b0000 - 0x000007feee2b8000 	C:\Windows\system32\DCIMAN32.dll
0x000007fefdc30000 - 0x000007fefde07000 	C:\Windows\system32\SETUPAPI.dll
0x000007fefc3b0000 - 0x000007fefc3e6000 	C:\Windows\system32\CFGMGR32.dll
0x000007fefe440000 - 0x000007fefe517000 	C:\Windows\system32\OLEAUT32.dll
0x000007fefc410000 - 0x000007fefc42a000 	C:\Windows\system32\DEVOBJ.dll
0x000007fefa5c0000 - 0x000007fefa5d8000 	C:\Windows\system32\dwmapi.dll
0x000007fefb150000 - 0x000007fefb15c000 	C:\Windows\system32\VERSION.dll
0x000007fefa540000 - 0x000007fefa596000 	C:\Windows\system32\uxtheme.dll
0x00000000689c0000 - 0x000000006a862000 	C:\Windows\system32\nvoglv64.DLL
0x000007fefb2e0000 - 0x000007fefb2f1000 	C:\Windows\system32\WTSAPI32.dll
0x000007fefc360000 - 0x000007fefc39a000 	C:\Windows\system32\WINTRUST.dll
0x000007fefc0a0000 - 0x000007fefc20c000 	C:\Windows\system32\CRYPT32.dll
0x000007fefc090000 - 0x000007fefc09f000 	C:\Windows\system32\MSASN1.dll
0x000007fefb120000 - 0x000007fefb14d000 	C:\Windows\system32\ntmarta.dll
0x000007fefda60000 - 0x000007fefdab2000 	C:\Windows\system32\WLDAP32.dll
0x000007fefb400000 - 0x000007fefb43d000 	C:\Windows\system32\WINSTA.dll
0x000007fefbf20000 - 0x000007fefbf2f000 	C:\Windows\system32\CRYPTBASE.dll
0x000007fef8e50000 - 0x000007fef8eec000 	C:\Windows\system32\mscms.dll
0x000007fefc2b0000 - 0x000007fefc2ce000 	C:\Windows\system32\USERENV.dll
0x000007fee78b0000 - 0x000007fee78f2000 	C:\Windows\system32\icm32.dll
0x0000000050110000 - 0x00000000502a8000 	C:\Program Files\Java\jdk1.8.0_25\jre\bin\awt.dll
0x0000000054fb0000 - 0x0000000054ff7000 	C:\Program Files\Java\jdk1.8.0_25\jre\bin\fontmanager.dll
0x0000000055020000 - 0x0000000055031000 	C:\Program Files\Java\jdk1.8.0_25\jre\bin\nio.dll
0x0000000054f60000 - 0x0000000054fa1000 	C:\Program Files\Java\jdk1.8.0_25\jre\bin\t2k.dll
0x000007fef97e0000 - 0x000007fef9807000 	C:\Windows\system32\IPHLPAPI.DLL
0x000007fef97c0000 - 0x000007fef97cb000 	C:\Windows\system32\WINNSI.DLL
0x000007fef94d0000 - 0x000007fef94e8000 	C:\Windows\system32\dhcpcsvc.DLL
0x000007fef94b0000 - 0x000007fef94c1000 	C:\Windows\system32\dhcpcsvc6.DLL
0x000007fef7790000 - 0x000007fef78b5000 	C:\Windows\system32\dbghelp.dll

VM Arguments:
jvm_args: -Djava.library.path=C:\projects\game\lwjgl-2.9.1\lib\windows -Didea.launcher.port=7543 -Didea.launcher.bin.path=C:\Program Files (x86)\JetBrains\IntelliJ IDEA Community Edition 14.0\bin -Dfile.encoding=UTF-8 
java_command: com.intellij.rt.execution.application.AppMain Main
java_class_path (initial): C:\Program Files\Java\jdk1.8.0_25\jre\lib\charsets.jar;C:\Program Files\Java\jdk1.8.0_25\jre\lib\deploy.jar;C:\Program Files\Java\jdk1.8.0_25\jre\lib\javaws.jar;C:\Program Files\Java\jdk1.8.0_25\jre\lib\jce.jar;C:\Program Files\Java\jdk1.8.0_25\jre\lib\jfr.jar;C:\Program Files\Java\jdk1.8.0_25\jre\lib\jfxswt.jar;C:\Program Files\Java\jdk1.8.0_25\jre\lib\jsse.jar;C:\Program Files\Java\jdk1.8.0_25\jre\lib\management-agent.jar;C:\Program Files\Java\jdk1.8.0_25\jre\lib\plugin.jar;C:\Program Files\Java\jdk1.8.0_25\jre\lib\resources.jar;C:\Program Files\Java\jdk1.8.0_25\jre\lib\rt.jar;C:\Program Files\Java\jdk1.8.0_25\jre\lib\ext\access-bridge-64.jar;C:\Program Files\Java\jdk1.8.0_25\jre\lib\ext\cldrdata.jar;C:\Program Files\Java\jdk1.8.0_25\jre\lib\ext\dnsns.jar;C:\Program Files\Java\jdk1.8.0_25\jre\lib\ext\jaccess.jar;C:\Program Files\Java\jdk1.8.0_25\jre\lib\ext\jfxrt.jar;C:\Program Files\Java\jdk1.8.0_25\jre\lib\ext\localedata.jar;C:\Program Files\Java\jdk1.8.0_25\jre\lib\ext\nashorn.jar;C:\Program Files\Java\jdk1.8.0_25\jre\lib\ext\sunec.jar;C:\Program Files\Java\jdk1.8.0_25\jre\lib\ext\sunjce_provider.jar;C:\Program Files\Java\jdk1.8.0_25\jre\lib\ext\sunmscapi.jar;C:\Program Files\Java\jdk1.8.0_25\jre\lib\ext\sunpkcs11.jar;C:\Program Files\Java\jdk1.8.0_25\jre\lib\ext\zipfs.jar;C:\projects\game\out\production\game;C:\projects\game\lwjgl-2.9.1\jar\AppleJavaExtensions.jar;C:\projects\game\lwjgl-2.9.1\jar\asm-debug-all.jar;C:\projects\game\lwjgl-2.9.1\jar\jinput.jar;C:\projects\game\lwjgl-2.9.1\jar\lwjgl.jar;C:\projects\game\lwjgl-2.9.1\jar\lwjgl-debug.jar;C:\projects\game\lwjgl-2.9.1\jar\lwjgl_test.jar;C:\projects\game\lwjgl-2.9.1\jar\lwjgl_util.jar;C:\projects\game\lwjgl-2.9.1\jar\lwjgl_util_applet.jar;C:\projects\game\lwjgl-2.9.1\jar\lzma.jar;C:\projects\game\JCSG-master\build\libs\JCSG-master.jar;C:\projects\game\lwjgl-2.9.1\jar\slick-util.jar;C:\projects\game\apachecommons\commons-net-3.3.jar;C:\projects\game\apachecommons\commons-lang
Launcher Type: SUN_STANDARD

Environment Variables:
JAVA_HOME=C:\Program Files\Java\jdk1.8.0_25
PATH=C:\ProgramData\Oracle\Java\javapath;C:\Program Files (x86)\NVIDIA Corporation\PhysX\Common;C:\Users\user\AMD APP SDK\2.9\bin\x86_64;C:\Users\user\AMD APP SDK\2.9\bin\x86;C:\Program Files (x86)\AMD APP SDK\2.9\bin\x86_64;C:\Program Files (x86)\AMD APP SDK\2.9\bin\x86;C:\Program Files (x86)\Intel\iCLS Client\;C:\Program Files\Intel\iCLS Client\;C:\Windows\system32;C:\Windows;C:\Windows\System32\Wbem;C:\Windows\System32\WindowsPowerShell\v1.0\;C:\Program Files\Intel\Intel(R) Management Engine Components\DAL;C:\Program Files\Intel\Intel(R) Management Engine Components\IPT;C:\Program Files (x86)\Intel\Intel(R) Management Engine Components\DAL;C:\Program Files (x86)\Intel\Intel(R) Management Engine Components\IPT;C:\Program Files\Microsoft SQL Server\110\Tools\Binn\;C:\Program Files\Microsoft Windows Performance Toolkit\;C:\Program Files\nodejs\;C:\Program Files\LuxRender;C:\Program Files\VCG\MeshLab;C:\Program Files (x86)\MySQL\MySQL Utilities 1.4\;C:\Program Files (x86)\MySQL\MySQL Utilities 1.4\Doctrine extensions for PHP\;C:\Program Files (x86)\QuickTime\QTSystem\;C:\Program Files (x86)\Windows Kits\8.1\Windows Performance Toolkit\;C:\Program Files (x86)\Microsoft SDKs\TypeScript\1.0\;C:\Program Files\Microsoft SQL Server\120\Tools\Binn\;C:\Python27;C:\Program Files (x86)\Microsoft Visual Studio 12.0\VC\vcpackages;C:\Users\user\AppData\Roaming\npm;C:\Program Files\apfloat;C:\Program Files (x86)\Kiwix\kiwix\xulrunner;C:\mongodb\bin\;C:\projects\wikirandom\node_modules\forever\bin;C:\Program Files (x86)\JetBrains\WebStorm 7.0.3\jre\bin;C:\Program Files\apache-maven-3.2.2\bin;C:\aparapi;C:\Program Files\VCG\MeshLab;
USERNAME=user
OS=Windows_NT
PROCESSOR_IDENTIFIER=Intel64 Family 6 Model 58 Stepping 9, GenuineIntel



---------------  S Y S T E M  ---------------

OS: Windows 7 , 64 bit Build 7601 Service Pack 1

CPU:total 8 (4 cores per cpu, 2 threads per core) family 6 model 58 stepping 9, cmov, cx8, fxsr, mmx, sse, sse2, sse3, ssse3, sse4.1, sse4.2, popcnt, avx, aes, clmul, erms, ht, tsc, tscinvbit, tscinv

Memory: 4k page, physical 33498820k(23931196k free), swap 66995776k(50146352k free)

vm_info: Java HotSpot(TM) 64-Bit Server VM (25.25-b02) for windows-amd64 JRE (1.8.0_25-b18), built on Oct  7 2014 14:25:37 by "java_re" with MS VC++ 10.0 (VS2010)

time: Sat Feb 14 03:16:58 2015
elapsed time: 56 seconds (0d 0h 0m 56s)

