#
# A fatal error has been detected by the Java Runtime Environment:
#
#  EXCEPTION_ACCESS_VIOLATION (0xc0000005) at pc=0x0000000069e89660, pid=3576, tid=3752
#
# JRE version: Java(TM) SE Runtime Environment (8.0_25-b18) (build 1.8.0_25-b18)
# Java VM: Java HotSpot(TM) 64-Bit Server VM (25.25-b02 mixed mode windows-amd64 compressed oops)
# Problematic frame:
# C  [nvoglv64.DLL+0xa99660]
#
# Failed to write core dump. Minidumps are not enabled by default on client versions of Windows
#
# If you would like to submit a bug report, please visit:
#   http://bugreport.sun.com/bugreport/crash.jsp
# The crash happened outside the Java Virtual Machine in native code.
# See problematic frame for where to report the bug.
#

---------------  T H R E A D  ---------------

Current thread (0x0000000002288000):  JavaThread "main" [_thread_in_native, id=3752, stack(0x0000000002510000,0x0000000002610000)]

siginfo: ExceptionCode=0xc0000005, reading address 0x0000000193530040

Registers:
RAX=0x0000000193530060, RBX=0x0000000193530040, RCX=0x000000004d0a0020, RDX=0x0000000193530040
RSP=0x000000000260d998, RBP=0x0000000000000800, RSI=0x0000000000000000, RDI=0x000000004d0a0000
R8 =0x0000000000000020, R9 =0x0000000000000006, R10=0x0000000000000010, R11=0x0000000000000006
R12=0x0000000000000000, R13=0x0000000069ea6370, R14=0x00000000000000fd, R15=0x0000000000000000
RIP=0x0000000069e89660, EFLAGS=0x0000000000010202

Top of Stack: (sp=0x000000000260d998)
0x000000000260d998:   0000000069e8928d 0000000000000001
0x000000000260d9a8:   0000000193530040 0000000000000001
0x000000000260d9b8:   0000000069e91881 0000000000000100
0x000000000260d9c8:   0000000048232850 0000000193530040
0x000000000260d9d8:   000000000000007f 000000004d0a0000
0x000000000260d9e8:   0000000069dc6070 0000000000001000
0x000000000260d9f8:   0000000000001000 0000000000000400
0x000000000260da08:   0000000000100002 0000000069ea6370
0x000000000260da18:   0000000000000000 000000000000007f
0x000000000260da28:   0000000000000000 0000000000000006
0x000000000260da38:   0000000193b3e040 0000000193a40040
0x000000000260da48:   0000000193a40040 0000000000000000
0x000000000260da58:   000000004d7a11a0 0000010000000000
0x000000000260da68:   0000000000000010 0000000000000000
0x000000000260da78:   0000007f00000000 000000000000007f
0x000000000260da88:   0000000000100000 000000004d0a0000 

Instructions: (pc=0x0000000069e89660)
0x0000000069e89640:   8d 40 40 0f 11 41 d0 49 ff c8 75 d4 c3 4d 85 c0
0x0000000069e89650:   74 3a 48 83 c1 20 48 8d 42 20 66 0f 1f 44 00 00
0x0000000069e89660:   0f 28 58 e0 0f 28 50 f0 0f 28 08 48 8d 49 40 0f
0x0000000069e89670:   28 40 10 0f 29 59 a0 0f 29 51 b0 48 8d 40 40 0f 


Register to memory mapping:

RAX=0x0000000193530060 is an unknown value
RBX=0x0000000193530040 is an unknown value
RCX=0x000000004d0a0020 is an unknown value
RDX=0x0000000193530040 is an unknown value
RSP=0x000000000260d998 is pointing into the stack for thread: 0x0000000002288000
RBP=0x0000000000000800 is an unknown value
RSI=0x0000000000000000 is an unknown value
RDI=0x000000004d0a0000 is an unknown value
R8 =0x0000000000000020 is an unknown value
R9 =0x0000000000000006 is an unknown value
R10=0x0000000000000010 is an unknown value
R11=0x0000000000000006 is an unknown value
R12=0x0000000000000000 is an unknown value
R13=0x0000000069ea6370 is an unknown value
R14=0x00000000000000fd is an unknown value
R15=0x0000000000000000 is an unknown value


Stack: [0x0000000002510000,0x0000000002610000],  sp=0x000000000260d998,  free space=1014k
Native frames: (J=compiled Java code, j=interpreted, Vv=VM code, C=native code)
C  [nvoglv64.DLL+0xa99660]

Java frames: (J=compiled Java code, j=interpreted, Vv=VM code)
J 1048  org.lwjgl.opengl.GL11.nglTexImage2D(IIIIIIIIJJ)V (0 bytes) @ 0x0000000002cdf305 [0x0000000002cdf280+0x85]
J 1020 C1 org.lwjgl.opengl.GL11.glTexImage2D(IIIIIIIILjava/nio/ByteBuffer;)V (67 bytes) @ 0x0000000002cd1214 [0x0000000002cd04c0+0xd54]
J 527 C2 factory.TextureFactory.loadTexture(Ljava/awt/image/BufferedImage;)I (243 bytes) @ 0x0000000002b35208 [0x0000000002b34640+0xbc8]
J 1022 C1 gameConsole.getConsoleTexture(Ljava/lang/String;IIZ)I (64 bytes) @ 0x0000000002cd3a04 [0x0000000002cd33c0+0x644]
J 877 C2 RenderThread.renderGL()V (352 bytes) @ 0x0000000002c697e4 [0x0000000002c67680+0x2164]
J 1073% C2 RenderThread.start()V (104 bytes) @ 0x0000000002d0d240 [0x0000000002d0d1c0+0x80]
j  Main.main([Ljava/lang/String;)V+29
v  ~StubRoutines::call_stub
j  sun.reflect.NativeMethodAccessorImpl.invoke0(Ljava/lang/reflect/Method;Ljava/lang/Object;[Ljava/lang/Object;)Ljava/lang/Object;+0
j  sun.reflect.NativeMethodAccessorImpl.invoke(Ljava/lang/Object;[Ljava/lang/Object;)Ljava/lang/Object;+100
j  sun.reflect.DelegatingMethodAccessorImpl.invoke(Ljava/lang/Object;[Ljava/lang/Object;)Ljava/lang/Object;+6
j  java.lang.reflect.Method.invoke(Ljava/lang/Object;[Ljava/lang/Object;)Ljava/lang/Object;+56
j  com.intellij.rt.execution.application.AppMain.main([Ljava/lang/String;)V+163
v  ~StubRoutines::call_stub

---------------  P R O C E S S  ---------------

Java Threads: ( => current thread )
  0x000000004aea8800 JavaThread "Java2D Disposer" daemon [_thread_blocked, id=8760, stack(0x000000004c490000,0x000000004c590000)]
  0x0000000027017000 JavaThread "Thread-0" [_thread_blocked, id=7572, stack(0x0000000029180000,0x0000000029280000)]
  0x0000000026f9b000 JavaThread "Monitor Ctrl-Break" daemon [_thread_in_native, id=6580, stack(0x0000000029000000,0x0000000029100000)]
  0x0000000026e92000 JavaThread "Service Thread" daemon [_thread_blocked, id=6740, stack(0x0000000028c60000,0x0000000028d60000)]
  0x0000000026e15800 JavaThread "C1 CompilerThread3" daemon [_thread_blocked, id=1900, stack(0x0000000028b60000,0x0000000028c60000)]
  0x0000000026e15000 JavaThread "C2 CompilerThread2" daemon [_thread_blocked, id=8756, stack(0x00000000289b0000,0x0000000028ab0000)]
  0x0000000026e09000 JavaThread "C2 CompilerThread1" daemon [_thread_blocked, id=5464, stack(0x0000000028820000,0x0000000028920000)]
  0x0000000026e01800 JavaThread "C2 CompilerThread0" daemon [_thread_blocked, id=3124, stack(0x0000000028620000,0x0000000028720000)]
  0x0000000026dfe000 JavaThread "Attach Listener" daemon [_thread_blocked, id=8492, stack(0x0000000028510000,0x0000000028610000)]
  0x0000000026dfc800 JavaThread "Signal Dispatcher" daemon [_thread_blocked, id=7496, stack(0x0000000028310000,0x0000000028410000)]
  0x0000000025e5a800 JavaThread "Finalizer" daemon [_thread_blocked, id=5260, stack(0x0000000028160000,0x0000000028260000)]
  0x0000000025e54800 JavaThread "Reference Handler" daemon [_thread_blocked, id=6568, stack(0x0000000027f70000,0x0000000028070000)]
=>0x0000000002288000 JavaThread "main" [_thread_in_native, id=3752, stack(0x0000000002510000,0x0000000002610000)]

Other Threads:
  0x0000000025e4f800 VMThread [stack: 0x0000000027d60000,0x0000000027e60000] [id=1052]
  0x0000000026ea3000 WatcherThread [stack: 0x0000000028720000,0x0000000028820000] [id=8736]

VM state:not at safepoint (normal execution)

VM Mutex/Monitor currently owned by a thread: None

Heap:
 PSYoungGen      total 40448K, used 805K [0x0000000715980000, 0x0000000718300000, 0x00000007c0000000)
  eden space 38400K, 1% used [0x0000000715980000,0x0000000715a01400,0x0000000717f00000)
  from space 2048K, 14% used [0x0000000717f00000,0x0000000717f48000,0x0000000718100000)
  to   space 2048K, 0% used [0x0000000718100000,0x0000000718100000,0x0000000718300000)
 ParOldGen       total 349696K, used 54520K [0x00000005c0c00000, 0x00000005d6180000, 0x0000000715980000)
  object space 349696K, 15% used [0x00000005c0c00000,0x00000005c413e368,0x00000005d6180000)
 Metaspace       used 8225K, capacity 8343K, committed 8576K, reserved 1056768K
  class space    used 795K, capacity 822K, committed 896K, reserved 1048576K

Card table byte_map: [0x0000000011ca0000,0x0000000012ca0000] byte_map_base: 0x000000000ee9a000

Marking Bits: (ParMarkBitMap*) 0x0000000070b6d490
 Begin Bits: [0x00000000144d0000, 0x000000001c4a0000)
 End Bits:   [0x000000001c4a0000, 0x0000000024470000)

Polling page: 0x0000000000130000

CodeCache: size=245760Kb used=3717Kb max_used=4401Kb free=242042Kb
 bounds [0x00000000028e0000, 0x0000000002d40000, 0x00000000118e0000]
 total_blobs=1472 nmethods=963 adapters=423
 compilation: enabled

Compilation events (10 events):
Event: 131.207 Thread 0x0000000026e01800 1123       4       sun.java2d.pipe.GlyphListPipe::drawString (202 bytes)
Event: 131.207 Thread 0x0000000026e09000 1124   !   4       sun.font.GlyphList::getInstance (50 bytes)
Event: 131.207 Thread 0x0000000026e15000 1125       4       sun.font.GlyphList::setFromString (75 bytes)
Event: 131.209 Thread 0x0000000026e09000 nmethod 1124 0x00000000029dfa90 code [0x00000000029dfc20, 0x00000000029e0158]
Event: 131.209 Thread 0x0000000026e09000 1126       4       sun.font.GlyphList::ensureCapacity (79 bytes)
Event: 131.211 Thread 0x0000000026e09000 nmethod 1126 0x0000000002a07950 code [0x0000000002a07aa0, 0x0000000002a07e78]
Event: 131.211 Thread 0x0000000026e09000 1127       4       sun.font.GlyphList::mapChars (47 bytes)
Event: 131.222 Thread 0x0000000026e09000 nmethod 1127 0x0000000002c17ed0 code [0x0000000002c180c0, 0x0000000002c18e60]
Event: 131.231 Thread 0x0000000026e15000 nmethod 1125 0x0000000002b6c890 code [0x0000000002b6caa0, 0x0000000002b6dd60]
Event: 131.238 Thread 0x0000000026e01800 nmethod 1123 0x0000000002a20250 code [0x0000000002a20520, 0x0000000002a22388]

GC Heap History (10 events):
Event: 148.018 GC heap before
{Heap before GC invocations=193 (full 0):
 PSYoungGen      total 40448K, used 40320K [0x0000000715980000, 0x0000000718400000, 0x00000007c0000000)
  eden space 38912K, 100% used [0x0000000715980000,0x0000000717f80000,0x0000000717f80000)
  from space 1536K, 91% used [0x0000000718180000,0x00000007182e0010,0x0000000718300000)
  to   space 2048K, 0% used [0x0000000717f80000,0x0000000717f80000,0x0000000718180000)
 ParOldGen       total 349696K, used 53456K [0x00000005c0c00000, 0x00000005d6180000, 0x0000000715980000)
  object space 349696K, 15% used [0x00000005c0c00000,0x00000005c4034358,0x00000005d6180000)
 Metaspace       used 8225K, capacity 8343K, committed 8576K, reserved 1056768K
  class space    used 795K, capacity 822K, committed 896K, reserved 1048576K
Event: 148.019 GC heap after
Heap after GC invocations=193 (full 0):
 PSYoungGen      total 40960K, used 352K [0x0000000715980000, 0x0000000718380000, 0x00000007c0000000)
  eden space 38912K, 0% used [0x0000000715980000,0x0000000715980000,0x0000000717f80000)
  from space 2048K, 17% used [0x0000000717f80000,0x0000000717fd8000,0x0000000718180000)
  to   space 2048K, 0% used [0x0000000718180000,0x0000000718180000,0x0000000718380000)
 ParOldGen       total 349696K, used 53472K [0x00000005c0c00000, 0x00000005d6180000, 0x0000000715980000)
  object space 349696K, 15% used [0x00000005c0c00000,0x00000005c4038358,0x00000005d6180000)
 Metaspace       used 8225K, capacity 8343K, committed 8576K, reserved 1056768K
  class space    used 795K, capacity 822K, committed 896K, reserved 1048576K
}
Event: 148.573 GC heap before
{Heap before GC invocations=194 (full 0):
 PSYoungGen      total 40960K, used 39264K [0x0000000715980000, 0x0000000718380000, 0x00000007c0000000)
  eden space 38912K, 100% used [0x0000000715980000,0x0000000717f80000,0x0000000717f80000)
  from space 2048K, 17% used [0x0000000717f80000,0x0000000717fd8000,0x0000000718180000)
  to   space 2048K, 0% used [0x0000000718180000,0x0000000718180000,0x0000000718380000)
 ParOldGen       total 349696K, used 53472K [0x00000005c0c00000, 0x00000005d6180000, 0x0000000715980000)
  object space 349696K, 15% used [0x00000005c0c00000,0x00000005c4038358,0x00000005d6180000)
 Metaspace       used 8225K, capacity 8343K, committed 8576K, reserved 1056768K
  class space    used 795K, capacity 822K, committed 896K, reserved 1048576K
Event: 148.574 GC heap after
Heap after GC invocations=194 (full 0):
 PSYoungGen      total 39936K, used 384K [0x0000000715980000, 0x0000000718280000, 0x00000007c0000000)
  eden space 38912K, 0% used [0x0000000715980000,0x0000000715980000,0x0000000717f80000)
  from space 1024K, 37% used [0x0000000718180000,0x00000007181e0000,0x0000000718280000)
  to   space 1536K, 0% used [0x0000000717f80000,0x0000000717f80000,0x0000000718100000)
 ParOldGen       total 349696K, used 53472K [0x00000005c0c00000, 0x00000005d6180000, 0x0000000715980000)
  object space 349696K, 15% used [0x00000005c0c00000,0x00000005c4038358,0x00000005d6180000)
 Metaspace       used 8225K, capacity 8343K, committed 8576K, reserved 1056768K
  class space    used 795K, capacity 822K, committed 896K, reserved 1048576K
}
Event: 149.086 GC heap before
{Heap before GC invocations=195 (full 0):
 PSYoungGen      total 39936K, used 38369K [0x0000000715980000, 0x0000000718280000, 0x00000007c0000000)
  eden space 38912K, 97% used [0x0000000715980000,0x0000000717e98620,0x0000000717f80000)
  from space 1024K, 37% used [0x0000000718180000,0x00000007181e0000,0x0000000718280000)
  to   space 1536K, 0% used [0x0000000717f80000,0x0000000717f80000,0x0000000718100000)
 ParOldGen       total 349696K, used 53472K [0x00000005c0c00000, 0x00000005d6180000, 0x0000000715980000)
  object space 349696K, 15% used [0x00000005c0c00000,0x00000005c4038358,0x00000005d6180000)
 Metaspace       used 8225K, capacity 8343K, committed 8576K, reserved 1056768K
  class space    used 795K, capacity 822K, committed 896K, reserved 1048576K
Event: 149.087 GC heap after
Heap after GC invocations=195 (full 0):
 PSYoungGen      total 40448K, used 288K [0x0000000715980000, 0x0000000718280000, 0x00000007c0000000)
  eden space 38912K, 0% used [0x0000000715980000,0x0000000715980000,0x0000000717f80000)
  from space 1536K, 18% used [0x0000000717f80000,0x0000000717fc8000,0x0000000718100000)
  to   space 1536K, 0% used [0x0000000718100000,0x0000000718100000,0x0000000718280000)
 ParOldGen       total 349696K, used 53488K [0x00000005c0c00000, 0x00000005d6180000, 0x0000000715980000)
  object space 349696K, 15% used [0x00000005c0c00000,0x00000005c403c358,0x00000005d6180000)
 Metaspace       used 8225K, capacity 8343K, committed 8576K, reserved 1056768K
  class space    used 795K, capacity 822K, committed 896K, reserved 1048576K
}
Event: 149.592 GC heap before
{Heap before GC invocations=196 (full 0):
 PSYoungGen      total 40448K, used 38607K [0x0000000715980000, 0x0000000718280000, 0x00000007c0000000)
  eden space 38912K, 98% used [0x0000000715980000,0x0000000717eebf68,0x0000000717f80000)
  from space 1536K, 18% used [0x0000000717f80000,0x0000000717fc8000,0x0000000718100000)
  to   space 1536K, 0% used [0x0000000718100000,0x0000000718100000,0x0000000718280000)
 ParOldGen       total 349696K, used 53488K [0x00000005c0c00000, 0x00000005d6180000, 0x0000000715980000)
  object space 349696K, 15% used [0x00000005c0c00000,0x00000005c403c358,0x00000005d6180000)
 Metaspace       used 8225K, capacity 8343K, committed 8576K, reserved 1056768K
  class space    used 795K, capacity 822K, committed 896K, reserved 1048576K
Event: 149.593 GC heap after
Heap after GC invocations=196 (full 0):
 PSYoungGen      total 39936K, used 1376K [0x0000000715980000, 0x0000000718380000, 0x00000007c0000000)
  eden space 38400K, 0% used [0x0000000715980000,0x0000000715980000,0x0000000717f00000)
  from space 1536K, 89% used [0x0000000718100000,0x0000000718258010,0x0000000718280000)
  to   space 2048K, 0% used [0x0000000717f00000,0x0000000717f00000,0x0000000718100000)
 ParOldGen       total 349696K, used 54512K [0x00000005c0c00000, 0x00000005d6180000, 0x0000000715980000)
  object space 349696K, 15% used [0x00000005c0c00000,0x00000005c413c368,0x00000005d6180000)
 Metaspace       used 8225K, capacity 8343K, committed 8576K, reserved 1056768K
  class space    used 795K, capacity 822K, committed 896K, reserved 1048576K
}
Event: 150.104 GC heap before
{Heap before GC invocations=197 (full 0):
 PSYoungGen      total 39936K, used 39776K [0x0000000715980000, 0x0000000718380000, 0x00000007c0000000)
  eden space 38400K, 100% used [0x0000000715980000,0x0000000717f00000,0x0000000717f00000)
  from space 1536K, 89% used [0x0000000718100000,0x0000000718258010,0x0000000718280000)
  to   space 2048K, 0% used [0x0000000717f00000,0x0000000717f00000,0x0000000718100000)
 ParOldGen       total 349696K, used 54512K [0x00000005c0c00000, 0x00000005d6180000, 0x0000000715980000)
  object space 349696K, 15% used [0x00000005c0c00000,0x00000005c413c368,0x00000005d6180000)
 Metaspace       used 8225K, capacity 8343K, committed 8576K, reserved 1056768K
  class space    used 795K, capacity 822K, committed 896K, reserved 1048576K
Event: 150.107 GC heap after
Heap after GC invocations=197 (full 0):
 PSYoungGen      total 40448K, used 288K [0x0000000715980000, 0x0000000718300000, 0x00000007c0000000)
  eden space 38400K, 0% used [0x0000000715980000,0x0000000715980000,0x0000000717f00000)
  from space 2048K, 14% used [0x0000000717f00000,0x0000000717f48000,0x0000000718100000)
  to   space 2048K, 0% used [0x0000000718100000,0x0000000718100000,0x0000000718300000)
 ParOldGen       total 349696K, used 54520K [0x00000005c0c00000, 0x00000005d6180000, 0x0000000715980000)
  object space 349696K, 15% used [0x00000005c0c00000,0x00000005c413e368,0x00000005d6180000)
 Metaspace       used 8225K, capacity 8343K, committed 8576K, reserved 1056768K
  class space    used 795K, capacity 822K, committed 896K, reserved 1048576K
}

Deoptimization events (2 events):
Event: 8.649 Thread 0x0000000025e54800 Uncommon trap: reason=unreached action=reinterpret pc=0x0000000002c2ec54 method=sun.misc.Cleaner.remove(Lsun/misc/Cleaner;)Z @ 14
Event: 8.651 Thread 0x0000000025e54800 Uncommon trap: reason=unreached action=reinterpret pc=0x0000000002c2b144 method=sun.misc.Cleaner.remove(Lsun/misc/Cleaner;)Z @ 14

Internal exceptions (10 events):
Event: 0.537 Thread 0x0000000002288000 Exception <a 'java/security/PrivilegedActionException'> (0x00000007168b01c0) thrown at [D:\re\workspace\8-2-build-windows-amd64-cygwin\jdk8u25\1677\hotspot\src\share\vm\prims\jvm.cpp, line 1312]
Event: 0.539 Thread 0x0000000002288000 Exception <a 'java/io/FileNotFoundException'> (0x00000007168b1f10) thrown at [D:\re\workspace\8-2-build-windows-amd64-cygwin\jdk8u25\1677\hotspot\src\share\vm\prims\jni.cpp, line 716]
Event: 0.550 Thread 0x0000000002288000 Exception <a 'java/io/FileNotFoundException'> (0x00000007168c2f98) thrown at [D:\re\workspace\8-2-build-windows-amd64-cygwin\jdk8u25\1677\hotspot\src\share\vm\prims\jni.cpp, line 716]
Event: 0.558 Thread 0x0000000002288000 Exception <a 'java/lang/ClassNotFoundException': java/lang/Null> (0x00000007168dd698) thrown at [D:\re\workspace\8-2-build-windows-amd64-cygwin\jdk8u25\1677\hotspot\src\share\vm\classfile\systemDictionary.cpp, line 202]
Event: 0.568 Thread 0x0000000002288000 Exception <a 'java/lang/NoSuchFieldError': method resolution failed> (0x0000000717c3e668) thrown at [D:\re\workspace\8-2-build-windows-amd64-cygwin\jdk8u25\1677\hotspot\src\share\vm\prims\methodHandles.cpp, line 1159]
Event: 0.569 Thread 0x0000000002288000 Exception <a 'java/lang/NoSuchFieldError': method resolution failed> (0x0000000717c4d550) thrown at [D:\re\workspace\8-2-build-windows-amd64-cygwin\jdk8u25\1677\hotspot\src\share\vm\prims\methodHandles.cpp, line 1159]
Event: 0.570 Thread 0x0000000002288000 Exception <a 'java/lang/NoSuchFieldError': method resolution failed> (0x0000000717c509d0) thrown at [D:\re\workspace\8-2-build-windows-amd64-cygwin\jdk8u25\1677\hotspot\src\share\vm\prims\methodHandles.cpp, line 1159]
Event: 0.606 Thread 0x0000000002288000 Exception <a 'java/security/PrivilegedActionException'> (0x0000000717cefe58) thrown at [D:\re\workspace\8-2-build-windows-amd64-cygwin\jdk8u25\1677\hotspot\src\share\vm\prims\jvm.cpp, line 1312]
Event: 0.647 Thread 0x0000000002288000 Exception <a 'java/security/PrivilegedActionException'> (0x0000000717df5560) thrown at [D:\re\workspace\8-2-build-windows-amd64-cygwin\jdk8u25\1677\hotspot\src\share\vm\prims\jvm.cpp, line 1312]
Event: 0.650 Thread 0x0000000002288000 Exception <a 'java/security/PrivilegedActionException'> (0x0000000717df9618) thrown at [D:\re\workspace\8-2-build-windows-amd64-cygwin\jdk8u25\1677\hotspot\src\share\vm\prims\jvm.cpp, line 1312]

Events (10 events):
Event: 148.018 Executing VM operation: ParallelGCFailedAllocation
Event: 148.019 Executing VM operation: ParallelGCFailedAllocation done
Event: 148.573 Executing VM operation: ParallelGCFailedAllocation
Event: 148.574 Executing VM operation: ParallelGCFailedAllocation done
Event: 149.086 Executing VM operation: ParallelGCFailedAllocation
Event: 149.087 Executing VM operation: ParallelGCFailedAllocation done
Event: 149.592 Executing VM operation: ParallelGCFailedAllocation
Event: 149.593 Executing VM operation: ParallelGCFailedAllocation done
Event: 150.104 Executing VM operation: ParallelGCFailedAllocation
Event: 150.107 Executing VM operation: ParallelGCFailedAllocation done


Dynamic libraries:
0x000000013fcc0000 - 0x000000013fcf4000 	C:\Program Files\Java\jdk1.8.0_25\bin\java.exe
0x0000000077230000 - 0x00000000773d9000 	C:\Windows\SYSTEM32\ntdll.dll
0x0000000077010000 - 0x000000007712f000 	C:\Windows\system32\kernel32.dll
0x000007fefc2d0000 - 0x000007fefc33c000 	C:\Windows\system32\KERNELBASE.dll
0x000007fefe150000 - 0x000007fefe22b000 	C:\Windows\system32\ADVAPI32.dll
0x000007fefde10000 - 0x000007fefdeaf000 	C:\Windows\system32\msvcrt.dll
0x000007fefd600000 - 0x000007fefd61f000 	C:\Windows\SYSTEM32\sechost.dll
0x000007fefdeb0000 - 0x000007fefdfdd000 	C:\Windows\system32\RPCRT4.dll
0x0000000077130000 - 0x000000007722a000 	C:\Windows\system32\USER32.dll
0x000007fefc780000 - 0x000007fefc7e7000 	C:\Windows\system32\GDI32.dll
0x000007fefc770000 - 0x000007fefc77e000 	C:\Windows\system32\LPK.dll
0x000007fefdfe0000 - 0x000007fefe0a9000 	C:\Windows\system32\USP10.dll
0x000007fefaa90000 - 0x000007fefac84000 	C:\Windows\WinSxS\amd64_microsoft.windows.common-controls_6595b64144ccf1df_6.0.7601.17514_none_fa396087175ac9ac\COMCTL32.dll
0x000007fefc440000 - 0x000007fefc4b1000 	C:\Windows\system32\SHLWAPI.dll
0x000007fefe520000 - 0x000007fefe54e000 	C:\Windows\system32\IMM32.DLL
0x000007fefd950000 - 0x000007fefda59000 	C:\Windows\system32\MSCTF.dll
0x0000000077cc0000 - 0x0000000077d92000 	C:\Program Files\Java\jdk1.8.0_25\jre\bin\msvcr100.dll
0x0000000070390000 - 0x0000000070bea000 	C:\Program Files\Java\jdk1.8.0_25\jre\bin\server\jvm.dll
0x000007fef7b00000 - 0x000007fef7b09000 	C:\Windows\system32\WSOCK32.dll
0x000007fefd900000 - 0x000007fefd94d000 	C:\Windows\system32\WS2_32.dll
0x000007fefe6d0000 - 0x000007fefe6d8000 	C:\Windows\system32\NSI.dll
0x000007fef9a80000 - 0x000007fef9abb000 	C:\Windows\system32\WINMM.dll
0x0000000077400000 - 0x0000000077407000 	C:\Windows\system32\PSAPI.DLL
0x0000000054b40000 - 0x0000000054b4f000 	C:\Program Files\Java\jdk1.8.0_25\jre\bin\verify.dll
0x0000000054b10000 - 0x0000000054b38000 	C:\Program Files\Java\jdk1.8.0_25\jre\bin\java.dll
0x0000000054af0000 - 0x0000000054b06000 	C:\Program Files\Java\jdk1.8.0_25\jre\bin\zip.dll
0x000007fefc870000 - 0x000007fefd5f8000 	C:\Windows\system32\SHELL32.dll
0x000007fefe230000 - 0x000007fefe433000 	C:\Windows\system32\ole32.dll
0x000007fefc080000 - 0x000007fefc08f000 	C:\Windows\system32\profapi.dll
0x000007fefa7e0000 - 0x000007fefa7f0000 	C:\Program Files (x86)\JetBrains\IntelliJ IDEA Community Edition 14.0\bin\breakgen64.dll
0x0000000054ab0000 - 0x0000000054aca000 	C:\Program Files\Java\jdk1.8.0_25\jre\bin\net.dll
0x000007fefb860000 - 0x000007fefb8b5000 	C:\Windows\system32\mswsock.dll
0x000007fefb850000 - 0x000007fefb857000 	C:\Windows\System32\wship6.dll
0x0000000180000000 - 0x0000000180051000 	C:\projects\game\lwjgl-2.9.1\lib\windows\lwjgl64.dll
0x000007fee5e90000 - 0x000007fee5fad000 	C:\Windows\system32\OPENGL32.dll
0x000007feee290000 - 0x000007feee2bd000 	C:\Windows\system32\GLU32.dll
0x000007fee5d90000 - 0x000007fee5e81000 	C:\Windows\system32\DDRAW.dll
0x000007fef9820000 - 0x000007fef9828000 	C:\Windows\system32\DCIMAN32.dll
0x000007fefdc30000 - 0x000007fefde07000 	C:\Windows\system32\SETUPAPI.dll
0x000007fefc3b0000 - 0x000007fefc3e6000 	C:\Windows\system32\CFGMGR32.dll
0x000007fefe440000 - 0x000007fefe517000 	C:\Windows\system32\OLEAUT32.dll
0x000007fefc410000 - 0x000007fefc42a000 	C:\Windows\system32\DEVOBJ.dll
0x000007fefa5c0000 - 0x000007fefa5d8000 	C:\Windows\system32\dwmapi.dll
0x000007fefb150000 - 0x000007fefb15c000 	C:\Windows\system32\VERSION.dll
0x000007fefa540000 - 0x000007fefa596000 	C:\Windows\system32\uxtheme.dll
0x00000000693f0000 - 0x000000006b292000 	C:\Windows\system32\nvoglv64.DLL
0x000007fefb2e0000 - 0x000007fefb2f1000 	C:\Windows\system32\WTSAPI32.dll
0x000007fefc360000 - 0x000007fefc39a000 	C:\Windows\system32\WINTRUST.dll
0x000007fefc0a0000 - 0x000007fefc20c000 	C:\Windows\system32\CRYPT32.dll
0x000007fefc090000 - 0x000007fefc09f000 	C:\Windows\system32\MSASN1.dll
0x000007fefb120000 - 0x000007fefb14d000 	C:\Windows\system32\ntmarta.dll
0x000007fefda60000 - 0x000007fefdab2000 	C:\Windows\system32\WLDAP32.dll
0x000007fefb400000 - 0x000007fefb43d000 	C:\Windows\system32\WINSTA.dll
0x000007fefbf20000 - 0x000007fefbf2f000 	C:\Windows\system32\CRYPTBASE.dll
0x000007fef8e50000 - 0x000007fef8eec000 	C:\Windows\system32\mscms.dll
0x000007fefc2b0000 - 0x000007fefc2ce000 	C:\Windows\system32\USERENV.dll
0x000007fee6620000 - 0x000007fee6662000 	C:\Windows\system32\icm32.dll
0x0000000077b20000 - 0x0000000077cb8000 	C:\Program Files\Java\jdk1.8.0_25\jre\bin\awt.dll
0x0000000052cc0000 - 0x0000000052d07000 	C:\Program Files\Java\jdk1.8.0_25\jre\bin\fontmanager.dll
0x0000000054ad0000 - 0x0000000054ae1000 	C:\Program Files\Java\jdk1.8.0_25\jre\bin\nio.dll
0x0000000051910000 - 0x0000000051951000 	C:\Program Files\Java\jdk1.8.0_25\jre\bin\t2k.dll
0x000007fef7790000 - 0x000007fef78b5000 	C:\Windows\system32\dbghelp.dll

VM Arguments:
jvm_args: -Djava.library.path=C:\projects\game\lwjgl-2.9.1\lib\windows -Didea.launcher.port=7537 -Didea.launcher.bin.path=C:\Program Files (x86)\JetBrains\IntelliJ IDEA Community Edition 14.0\bin -Dfile.encoding=UTF-8 
java_command: com.intellij.rt.execution.application.AppMain Main
java_class_path (initial): C:\Program Files\Java\jdk1.8.0_25\jre\lib\charsets.jar;C:\Program Files\Java\jdk1.8.0_25\jre\lib\deploy.jar;C:\Program Files\Java\jdk1.8.0_25\jre\lib\javaws.jar;C:\Program Files\Java\jdk1.8.0_25\jre\lib\jce.jar;C:\Program Files\Java\jdk1.8.0_25\jre\lib\jfr.jar;C:\Program Files\Java\jdk1.8.0_25\jre\lib\jfxswt.jar;C:\Program Files\Java\jdk1.8.0_25\jre\lib\jsse.jar;C:\Program Files\Java\jdk1.8.0_25\jre\lib\management-agent.jar;C:\Program Files\Java\jdk1.8.0_25\jre\lib\plugin.jar;C:\Program Files\Java\jdk1.8.0_25\jre\lib\resources.jar;C:\Program Files\Java\jdk1.8.0_25\jre\lib\rt.jar;C:\Program Files\Java\jdk1.8.0_25\jre\lib\ext\access-bridge-64.jar;C:\Program Files\Java\jdk1.8.0_25\jre\lib\ext\cldrdata.jar;C:\Program Files\Java\jdk1.8.0_25\jre\lib\ext\dnsns.jar;C:\Program Files\Java\jdk1.8.0_25\jre\lib\ext\jaccess.jar;C:\Program Files\Java\jdk1.8.0_25\jre\lib\ext\jfxrt.jar;C:\Program Files\Java\jdk1.8.0_25\jre\lib\ext\localedata.jar;C:\Program Files\Java\jdk1.8.0_25\jre\lib\ext\nashorn.jar;C:\Program Files\Java\jdk1.8.0_25\jre\lib\ext\sunec.jar;C:\Program Files\Java\jdk1.8.0_25\jre\lib\ext\sunjce_provider.jar;C:\Program Files\Java\jdk1.8.0_25\jre\lib\ext\sunmscapi.jar;C:\Program Files\Java\jdk1.8.0_25\jre\lib\ext\sunpkcs11.jar;C:\Program Files\Java\jdk1.8.0_25\jre\lib\ext\zipfs.jar;C:\projects\game\out\production\game;C:\projects\game\lwjgl-2.9.1\jar\AppleJavaExtensions.jar;C:\projects\game\lwjgl-2.9.1\jar\asm-debug-all.jar;C:\projects\game\lwjgl-2.9.1\jar\jinput.jar;C:\projects\game\lwjgl-2.9.1\jar\lwjgl.jar;C:\projects\game\lwjgl-2.9.1\jar\lwjgl-debug.jar;C:\projects\game\lwjgl-2.9.1\jar\lwjgl_test.jar;C:\projects\game\lwjgl-2.9.1\jar\lwjgl_util.jar;C:\projects\game\lwjgl-2.9.1\jar\lwjgl_util_applet.jar;C:\projects\game\lwjgl-2.9.1\jar\lzma.jar;C:\projects\game\JCSG-master\build\libs\JCSG-master.jar;C:\projects\game\lwjgl-2.9.1\jar\slick-util.jar;C:\Program Files (x86)\JetBrains\IntelliJ IDEA Community Edition 14.0\lib\idea_rt.jar
Launcher Type: SUN_STANDARD

Environment Variables:
JAVA_HOME=C:\Program Files\Java\jdk1.8.0_25
PATH=C:\ProgramData\Oracle\Java\javapath;C:\Program Files (x86)\NVIDIA Corporation\PhysX\Common;C:\Users\user\AMD APP SDK\2.9\bin\x86_64;C:\Users\user\AMD APP SDK\2.9\bin\x86;C:\Program Files (x86)\AMD APP SDK\2.9\bin\x86_64;C:\Program Files (x86)\AMD APP SDK\2.9\bin\x86;C:\Program Files (x86)\Intel\iCLS Client\;C:\Program Files\Intel\iCLS Client\;C:\Windows\system32;C:\Windows;C:\Windows\System32\Wbem;C:\Windows\System32\WindowsPowerShell\v1.0\;C:\Program Files\Intel\Intel(R) Management Engine Components\DAL;C:\Program Files\Intel\Intel(R) Management Engine Components\IPT;C:\Program Files (x86)\Intel\Intel(R) Management Engine Components\DAL;C:\Program Files (x86)\Intel\Intel(R) Management Engine Components\IPT;C:\Program Files\Microsoft SQL Server\110\Tools\Binn\;C:\Program Files\Microsoft Windows Performance Toolkit\;C:\Program Files\nodejs\;C:\Program Files\LuxRender;C:\Program Files\VCG\MeshLab;C:\Program Files (x86)\MySQL\MySQL Utilities 1.4\;C:\Program Files (x86)\MySQL\MySQL Utilities 1.4\Doctrine extensions for PHP\;C:\Program Files (x86)\QuickTime\QTSystem\;C:\Python27;C:\Program Files (x86)\Microsoft Visual Studio 12.0\VC\vcpackages;C:\Users\user\AppData\Roaming\npm;C:\Program Files\apfloat;C:\Program Files (x86)\Kiwix\kiwix\xulrunner;C:\mongodb\bin\;C:\projects\wikirandom\node_modules\forever\bin;C:\Program Files (x86)\JetBrains\WebStorm 7.0.3\jre\bin;C:\Program Files\apache-maven-3.2.2\bin;C:\aparapi;C:\Program Files\VCG\MeshLab;
USERNAME=user
OS=Windows_NT
PROCESSOR_IDENTIFIER=Intel64 Family 6 Model 58 Stepping 9, GenuineIntel



---------------  S Y S T E M  ---------------

OS: Windows 7 , 64 bit Build 7601 Service Pack 1

CPU:total 8 (4 cores per cpu, 2 threads per core) family 6 model 58 stepping 9, cmov, cx8, fxsr, mmx, sse, sse2, sse3, ssse3, sse4.1, sse4.2, popcnt, avx, aes, clmul, erms, ht, tsc, tscinvbit, tscinv

Memory: 4k page, physical 33498820k(21986800k free), swap 66995776k(48340440k free)

vm_info: Java HotSpot(TM) 64-Bit Server VM (25.25-b02) for windows-amd64 JRE (1.8.0_25-b18), built on Oct  7 2014 14:25:37 by "java_re" with MS VC++ 10.0 (VS2010)

time: Tue Feb 03 15:41:19 2015
elapsed time: 150 seconds (0d 0h 2m 30s)

