#
# A fatal error has been detected by the Java Runtime Environment:
#
#  EXCEPTION_ACCESS_VIOLATION (0xc0000005) at pc=0x000007fee3313558, pid=6180, tid=3944
#
# JRE version: Java(TM) SE Runtime Environment (8.0_25-b18) (build 1.8.0_25-b18)
# Java VM: Java HotSpot(TM) 64-Bit Server VM (25.25-b02 mixed mode windows-amd64 compressed oops)
# Problematic frame:
# C  [nvopencl.dll+0x13558]
#
# Failed to write core dump. Minidumps are not enabled by default on client versions of Windows
#
# If you would like to submit a bug report, please visit:
#   http://bugreport.sun.com/bugreport/crash.jsp
# The crash happened outside the Java Virtual Machine in native code.
# See problematic frame for where to report the bug.
#

---------------  T H R E A D  ---------------

Current thread (0x00000000290f0800):  JavaThread "Thread-2" [_thread_in_native, id=3944, stack(0x000000002a970000,0x000000002aa70000)]

siginfo: ExceptionCode=0xc0000005, reading address 0x0000000000000018

Registers:
RAX=0x000000003a2221b0, RBX=0x000000000221f610, RCX=0x000000003a2221b0, RDX=0x0000000000000000
RSP=0x000000002aa6f0a0, RBP=0x0000000000000000, RSI=0x000000003650e520, RDI=0x0000000000000000
R8 =0x000000003a2221a0, R9 =0x000000003a2221b0, R10=0x0000000000000000, R11=0x000000003a2221b0
R12=0x0000000036260250, R13=0x0000000000000001, R14=0x0000000000000000, R15=0x0000000035089a60
RIP=0x000007fee3313558, EFLAGS=0x0000000000010246

Top of Stack: (sp=0x000000002aa6f0a0)
0x000000002aa6f0a0:   000000000221f610 0000000000000000
0x000000002aa6f0b0:   0000000000000000 000000000221c160
0x000000002aa6f0c0:   00000000290f0800 000000002aa6eea0
0x000000002aa6f0d0:   00000000290f09e8 0000000000000000
0x000000002aa6f0e0:   000000000221c160 0000000025548c88
0x000000002aa6f0f0:   000000000221ae20 000007fef42f2b15
0x000000002aa6f100:   0000000000000001 000000000221f610
0x000000002aa6f110:   000000003a2221b0 000000002aa6f190
0x000000002aa6f120:   0000000000061a80 000000071f02d4e0
0x000000002aa6f130:   0000000700000000 0000000000000000
0x000000002aa6f140:   000000000221f610 000000071fc677f0
0x000000002aa6f150:   0000000000000000 0000000002e5a015
0x000000002aa6f160:   000000071efd7a28 0000000000000158
0x000000002aa6f170:   000000002aa6f1c0 0000000037dbf158
0x000000002aa6f180:   000000071efd7a28 0000000000000000
0x000000002aa6f190:   000000071f02d4d0 0000000002d16d54 

Instructions: (pc=0x000007fee3313558)
0x000007fee3313538:   94 24 b8 00 00 00 48 8d 4c 24 70 e8 88 3e 04 00
0x000007fee3313548:   85 c0 75 7e 48 8b 44 24 70 48 8b 56 58 48 8b c8
0x000007fee3313558:   48 8b 52 18 e8 8f 36 04 00 85 c0 75 6e 48 8b 44
0x000007fee3313568:   24 70 ff c7 48 83 c3 08 41 3b fd 72 ab 48 85 c0 


Register to memory mapping:

RAX=0x000000003a2221b0 is an unknown value
RBX=0x000000000221f610 is an unknown value
RCX=0x000000003a2221b0 is an unknown value
RDX=0x0000000000000000 is an unknown value
RSP=0x000000002aa6f0a0 is pointing into the stack for thread: 0x00000000290f0800
RBP=0x0000000000000000 is an unknown value
RSI=0x000000003650e520 is an unknown value
RDI=0x0000000000000000 is an unknown value
R8 =0x000000003a2221a0 is an unknown value
R9 =0x000000003a2221b0 is an unknown value
R10=0x0000000000000000 is an unknown value
R11=0x000000003a2221b0 is an unknown value
R12=0x0000000036260250 is an unknown value
R13=0x0000000000000001 is an unknown value
R14=0x0000000000000000 is an unknown value
R15=0x0000000035089a60 is an unknown value


Stack: [0x000000002a970000,0x000000002aa70000],  sp=0x000000002aa6f0a0,  free space=1020k
Native frames: (J=compiled Java code, j=interpreted, Vv=VM code, C=native code)

Java frames: (J=compiled Java code, j=interpreted, Vv=VM code)
J 2020  com.amd.aparapi.KernelRunner.getJNI(JLjava/lang/Object;)I (0 bytes) @ 0x0000000002e59f8f [0x0000000002e59f40+0x4f]
J 2016 C1 com.amd.aparapi.KernelRunner.get(Ljava/lang/Object;)V (44 bytes) @ 0x0000000002e5b07c [0x0000000002e5ae00+0x27c]
J 2332 C1 shapes.cloud.kParticleCloud.exportData()V (38 bytes) @ 0x0000000002f65aac [0x0000000002f65280+0x82c]
J 2247 C1 shapes.cloud.kParticleCloud.update()V (398 bytes) @ 0x0000000002f18f7c [0x0000000002f18300+0xc7c]
j  gameWorldWater.run()V+29
j  java.lang.Thread.run()V+11
v  ~StubRoutines::call_stub

---------------  P R O C E S S  ---------------

Java Threads: ( => current thread )
  0x0000000032ace800 JavaThread "LWJGL Timer" daemon [_thread_blocked, id=2624, stack(0x0000000038dc0000,0x0000000038ec0000)]
  0x00000000307c9800 JavaThread "Java2D Disposer" daemon [_thread_blocked, id=6832, stack(0x0000000036e10000,0x0000000036f10000)]
=>0x00000000290f0800 JavaThread "Thread-2" [_thread_in_native, id=3944, stack(0x000000002a970000,0x000000002aa70000)]
  0x0000000026ed4800 JavaThread "Thread-1" [_thread_blocked, id=8072, stack(0x000000002a7b0000,0x000000002a8b0000)]
  0x0000000026e6e800 JavaThread "Monitor Ctrl-Break" daemon [_thread_in_native, id=6152, stack(0x0000000028c10000,0x0000000028d10000)]
  0x0000000026c5b000 JavaThread "Service Thread" daemon [_thread_blocked, id=3244, stack(0x0000000028940000,0x0000000028a40000)]
  0x0000000026bd6000 JavaThread "C1 CompilerThread3" daemon [_thread_blocked, id=2896, stack(0x0000000028650000,0x0000000028750000)]
  0x0000000026bd5000 JavaThread "C2 CompilerThread2" daemon [_thread_blocked, id=7600, stack(0x0000000028100000,0x0000000028200000)]
  0x0000000026bcd800 JavaThread "C2 CompilerThread1" daemon [_thread_blocked, id=7756, stack(0x0000000028540000,0x0000000028640000)]
  0x0000000026bc6000 JavaThread "C2 CompilerThread0" daemon [_thread_blocked, id=4300, stack(0x0000000028440000,0x0000000028540000)]
  0x0000000026bc3000 JavaThread "Attach Listener" daemon [_thread_blocked, id=7112, stack(0x0000000028250000,0x0000000028350000)]
  0x0000000026bc2000 JavaThread "Signal Dispatcher" daemon [_thread_blocked, id=2536, stack(0x0000000027f90000,0x0000000028090000)]
  0x0000000025b0d800 JavaThread "Finalizer" daemon [_thread_blocked, id=4224, stack(0x0000000027b80000,0x0000000027c80000)]
  0x0000000025b05800 JavaThread "Reference Handler" daemon [_thread_blocked, id=6440, stack(0x0000000027da0000,0x0000000027ea0000)]
  0x00000000020a8000 JavaThread "main" [_thread_blocked, id=7208, stack(0x0000000002330000,0x0000000002430000)]

Other Threads:
  0x0000000026b72800 VMThread [stack: 0x0000000027c80000,0x0000000027d80000] [id=7036]
  0x0000000026c5c000 WatcherThread [stack: 0x0000000028ab0000,0x0000000028bb0000] [id=6664]

VM state:not at safepoint (normal execution)

VM Mutex/Monitor currently owned by a thread: None

Heap:
 PSYoungGen      total 153088K, used 45020K [0x0000000715980000, 0x0000000720400000, 0x00000007c0000000)
  eden space 131584K, 20% used [0x0000000715980000,0x000000071738cd20,0x000000071da00000)
  from space 21504K, 85% used [0x000000071ef00000,0x00000007200ea3c0,0x0000000720400000)
  to   space 21504K, 0% used [0x000000071da00000,0x000000071da00000,0x000000071ef00000)
 ParOldGen       total 349696K, used 13935K [0x00000005c0c00000, 0x00000005d6180000, 0x0000000715980000)
  object space 349696K, 3% used [0x00000005c0c00000,0x00000005c199bfd8,0x00000005d6180000)
 Metaspace       used 14292K, capacity 14503K, committed 14848K, reserved 1062912K
  class space    used 1623K, capacity 1668K, committed 1792K, reserved 1048576K

Card table byte_map: [0x0000000011ac0000,0x0000000012ac0000] byte_map_base: 0x000000000ecba000

Marking Bits: (ParMarkBitMap*) 0x000000005660d490
 Begin Bits: [0x0000000014180000, 0x000000001c150000)
 End Bits:   [0x000000001c150000, 0x0000000024120000)

Polling page: 0x0000000000430000

CodeCache: size=245760Kb used=8709Kb max_used=8721Kb free=237050Kb
 bounds [0x0000000002700000, 0x0000000002f90000, 0x0000000011700000]
 total_blobs=2907 nmethods=2332 adapters=488
 compilation: enabled

Compilation events (10 events):
Event: 7.841 Thread 0x0000000026bd6000 2334       3       com.amd.aparapi.Range::create (97 bytes)
Event: 7.841 Thread 0x0000000026bd6000 nmethod 2334 0x0000000002f7ea10 code [0x0000000002f7eba0, 0x0000000002f7ef58]
Event: 7.842 Thread 0x0000000026bd6000 2335       3       com.amd.aparapi.Range::create (74 bytes)
Event: 7.842 Thread 0x0000000026bd6000 nmethod 2335 0x0000000002f7f190 code [0x0000000002f7f300, 0x0000000002f7f668]
Event: 7.842 Thread 0x0000000026bd6000 2337       3       com.amd.aparapi.Kernel$EXECUTION_MODE::isOpenCL (20 bytes)
Event: 7.842 Thread 0x0000000026bd6000 nmethod 2337 0x0000000002f7f7d0 code [0x0000000002f7f940, 0x0000000002f7fb50]
Event: 7.842 Thread 0x0000000026bd6000 2338       3       com.amd.aparapi.KernelRunner::executeOpenCL (172 bytes)
Event: 7.844 Thread 0x0000000026bd6000 nmethod 2338 0x0000000002f7fbd0 code [0x0000000002f80060, 0x0000000002f83218]
Event: 7.844 Thread 0x0000000026bd6000 2339       3       sun.reflect.UnsafeObjectFieldAccessorImpl::get (17 bytes)
Event: 7.844 Thread 0x0000000026bd6000 nmethod 2339 0x0000000002f84a90 code [0x0000000002f84c60, 0x0000000002f856b8]

GC Heap History (8 events):
Event: 1.059 GC heap before
{Heap before GC invocations=1 (full 0):
 PSYoungGen      total 153088K, used 131584K [0x0000000715980000, 0x0000000720400000, 0x00000007c0000000)
  eden space 131584K, 100% used [0x0000000715980000,0x000000071da00000,0x000000071da00000)
  from space 21504K, 0% used [0x000000071ef00000,0x000000071ef00000,0x0000000720400000)
  to   space 21504K, 0% used [0x000000071da00000,0x000000071da00000,0x000000071ef00000)
 ParOldGen       total 349696K, used 0K [0x00000005c0c00000, 0x00000005d6180000, 0x0000000715980000)
  object space 349696K, 0% used [0x00000005c0c00000,0x00000005c0c00000,0x00000005d6180000)
 Metaspace       used 13021K, capacity 13227K, committed 13440K, reserved 1060864K
  class space    used 1522K, capacity 1594K, committed 1664K, reserved 1048576K
Event: 1.066 GC heap after
Heap after GC invocations=1 (full 0):
 PSYoungGen      total 153088K, used 19893K [0x0000000715980000, 0x0000000720400000, 0x00000007c0000000)
  eden space 131584K, 0% used [0x0000000715980000,0x0000000715980000,0x000000071da00000)
  from space 21504K, 92% used [0x000000071da00000,0x000000071ed6d6f8,0x000000071ef00000)
  to   space 21504K, 0% used [0x000000071ef00000,0x000000071ef00000,0x0000000720400000)
 ParOldGen       total 349696K, used 24K [0x00000005c0c00000, 0x00000005d6180000, 0x0000000715980000)
  object space 349696K, 0% used [0x00000005c0c00000,0x00000005c0c06000,0x00000005d6180000)
 Metaspace       used 13021K, capacity 13227K, committed 13440K, reserved 1060864K
  class space    used 1522K, capacity 1594K, committed 1664K, reserved 1048576K
}
Event: 1.569 GC heap before
{Heap before GC invocations=2 (full 0):
 PSYoungGen      total 153088K, used 151477K [0x0000000715980000, 0x0000000720400000, 0x00000007c0000000)
  eden space 131584K, 100% used [0x0000000715980000,0x000000071da00000,0x000000071da00000)
  from space 21504K, 92% used [0x000000071da00000,0x000000071ed6d6f8,0x000000071ef00000)
  to   space 21504K, 0% used [0x000000071ef00000,0x000000071ef00000,0x0000000720400000)
 ParOldGen       total 349696K, used 1048K [0x00000005c0c00000, 0x00000005d6180000, 0x0000000715980000)
  object space 349696K, 0% used [0x00000005c0c00000,0x00000005c0d06010,0x00000005d6180000)
 Metaspace       used 14010K, capacity 14247K, committed 14592K, reserved 1062912K
  class space    used 1622K, capacity 1668K, committed 1792K, reserved 1048576K
Event: 1.577 GC heap after
Heap after GC invocations=2 (full 0):
 PSYoungGen      total 153088K, used 21480K [0x0000000715980000, 0x0000000728480000, 0x00000007c0000000)
  eden space 131584K, 0% used [0x0000000715980000,0x0000000715980000,0x000000071da00000)
  from space 21504K, 99% used [0x000000071ef00000,0x00000007203fa3c0,0x0000000720400000)
  to   space 21504K, 0% used [0x000000071da00000,0x000000071da00000,0x000000071ef00000)
 ParOldGen       total 349696K, used 9518K [0x00000005c0c00000, 0x00000005d6180000, 0x0000000715980000)
  object space 349696K, 2% used [0x00000005c0c00000,0x00000005c154b908,0x00000005d6180000)
 Metaspace       used 14010K, capacity 14247K, committed 14592K, reserved 1062912K
  class space    used 1622K, capacity 1668K, committed 1792K, reserved 1048576K
}
Event: 4.486 GC heap before
{Heap before GC invocations=3 (full 0):
 PSYoungGen      total 153088K, used 153064K [0x0000000715980000, 0x0000000728480000, 0x00000007c0000000)
  eden space 131584K, 100% used [0x0000000715980000,0x000000071da00000,0x000000071da00000)
  from space 21504K, 99% used [0x000000071ef00000,0x00000007203fa3c0,0x0000000720400000)
  to   space 21504K, 0% used [0x000000071da00000,0x000000071da00000,0x000000071ef00000)
 ParOldGen       total 349696K, used 9519K [0x00000005c0c00000, 0x00000005d6180000, 0x0000000715980000)
  object space 349696K, 2% used [0x00000005c0c00000,0x00000005c154be80,0x00000005d6180000)
 Metaspace       used 14126K, capacity 14375K, committed 14592K, reserved 1062912K
  class space    used 1623K, capacity 1668K, committed 1792K, reserved 1048576K
Event: 4.491 GC heap after
Heap after GC invocations=3 (full 0):
 PSYoungGen      total 153088K, used 21486K [0x0000000715980000, 0x0000000720400000, 0x00000007c0000000)
  eden space 131584K, 0% used [0x0000000715980000,0x0000000715980000,0x000000071da00000)
  from space 21504K, 99% used [0x000000071da00000,0x000000071eefb880,0x000000071ef00000)
  to   space 21504K, 0% used [0x000000071ef00000,0x000000071ef00000,0x0000000720400000)
 ParOldGen       total 349696K, used 9831K [0x00000005c0c00000, 0x00000005d6180000, 0x0000000715980000)
  object space 349696K, 2% used [0x00000005c0c00000,0x00000005c1599fc8,0x00000005d6180000)
 Metaspace       used 14126K, capacity 14375K, committed 14592K, reserved 1062912K
  class space    used 1623K, capacity 1668K, committed 1792K, reserved 1048576K
}
Event: 7.384 GC heap before
{Heap before GC invocations=4 (full 0):
 PSYoungGen      total 153088K, used 152569K [0x0000000715980000, 0x0000000720400000, 0x00000007c0000000)
  eden space 131584K, 99% used [0x0000000715980000,0x000000071d982d68,0x000000071da00000)
  from space 21504K, 99% used [0x000000071da00000,0x000000071eefb880,0x000000071ef00000)
  to   space 21504K, 0% used [0x000000071ef00000,0x000000071ef00000,0x0000000720400000)
 ParOldGen       total 349696K, used 9831K [0x00000005c0c00000, 0x00000005d6180000, 0x0000000715980000)
  object space 349696K, 2% used [0x00000005c0c00000,0x00000005c1599fc8,0x00000005d6180000)
 Metaspace       used 14199K, capacity 14439K, committed 14848K, reserved 1062912K
  class space    used 1623K, capacity 1668K, committed 1792K, reserved 1048576K
Event: 7.390 GC heap after
Heap after GC invocations=4 (full 0):
 PSYoungGen      total 153088K, used 18344K [0x0000000715980000, 0x0000000720400000, 0x00000007c0000000)
  eden space 131584K, 0% used [0x0000000715980000,0x0000000715980000,0x000000071da00000)
  from space 21504K, 85% used [0x000000071ef00000,0x00000007200ea3c0,0x0000000720400000)
  to   space 21504K, 0% used [0x000000071da00000,0x000000071da00000,0x000000071ef00000)
 ParOldGen       total 349696K, used 13935K [0x00000005c0c00000, 0x00000005d6180000, 0x0000000715980000)
  object space 349696K, 3% used [0x00000005c0c00000,0x00000005c199bfd8,0x00000005d6180000)
 Metaspace       used 14199K, capacity 14439K, committed 14848K, reserved 1062912K
  class space    used 1623K, capacity 1668K, committed 1792K, reserved 1048576K
}

Deoptimization events (10 events):
Event: 1.152 Thread 0x00000000290f0800 Uncommon trap: reason=bimorphic action=maybe_recompile pc=0x0000000002aa4c2c method=com.amd.aparapi.ExpressionList.foldComposite(Lcom/amd/aparapi/Instruction;)Z @ 1264
Event: 1.178 Thread 0x00000000020a8000 Uncommon trap: reason=class_check action=maybe_recompile pc=0x00000000029829f4 method=java.util.regex.Pattern$BmpCharProperty.match(Ljava/util/regex/Matcher;ILjava/lang/CharSequence;)Z @ 31
Event: 1.178 Thread 0x00000000020a8000 Uncommon trap: reason=class_check action=maybe_recompile pc=0x00000000029829f4 method=java.util.regex.Pattern$BmpCharProperty.match(Ljava/util/regex/Matcher;ILjava/lang/CharSequence;)Z @ 31
Event: 1.178 Thread 0x00000000020a8000 Uncommon trap: reason=class_check action=maybe_recompile pc=0x00000000029b93c8 method=java.util.regex.Pattern$Curly.match0(Ljava/util/regex/Matcher;IILjava/lang/CharSequence;)Z @ 31
Event: 1.178 Thread 0x00000000020a8000 Uncommon trap: reason=unreached action=reinterpret pc=0x0000000002a96cf4 method=java.util.Formatter$FormatSpecifier.precision(Ljava/lang/String;)I @ 6
Event: 1.179 Thread 0x00000000020a8000 Uncommon trap: reason=class_check action=maybe_recompile pc=0x00000000029829f4 method=java.util.regex.Pattern$BmpCharProperty.match(Ljava/util/regex/Matcher;ILjava/lang/CharSequence;)Z @ 31
Event: 1.179 Thread 0x00000000020a8000 Uncommon trap: reason=class_check action=maybe_recompile pc=0x00000000029829f4 method=java.util.regex.Pattern$BmpCharProperty.match(Ljava/util/regex/Matcher;ILjava/lang/CharSequence;)Z @ 31
Event: 1.179 Thread 0x00000000020a8000 Uncommon trap: reason=class_check action=maybe_recompile pc=0x00000000029b93c8 method=java.util.regex.Pattern$Curly.match0(Ljava/util/regex/Matcher;IILjava/lang/CharSequence;)Z @ 31
Event: 1.179 Thread 0x00000000020a8000 Uncommon trap: reason=class_check action=maybe_recompile pc=0x00000000029b93c8 method=java.util.regex.Pattern$Curly.match0(Ljava/util/regex/Matcher;IILjava/lang/CharSequence;)Z @ 31
Event: 1.179 Thread 0x00000000020a8000 Uncommon trap: reason=class_check action=maybe_recompile pc=0x00000000029b93c8 method=java.util.regex.Pattern$Curly.match0(Ljava/util/regex/Matcher;IILjava/lang/CharSequence;)Z @ 31

Internal exceptions (10 events):
Event: 1.177 Thread 0x00000000020a8000 Exception <a 'java/security/PrivilegedActionException'> (0x0000000717007258) thrown at [D:\re\workspace\8-2-build-windows-amd64-cygwin\jdk8u25\1677\hotspot\src\share\vm\prims\jvm.cpp, line 1312]
Event: 1.178 Thread 0x00000000020a8000 Exception <a 'java/security/PrivilegedActionException'> (0x000000071700c078) thrown at [D:\re\workspace\8-2-build-windows-amd64-cygwin\jdk8u25\1677\hotspot\src\share\vm\prims\jvm.cpp, line 1312]
Event: 1.182 Thread 0x00000000020a8000 Exception <a 'java/security/PrivilegedActionException'> (0x0000000717014ec0) thrown at [D:\re\workspace\8-2-build-windows-amd64-cygwin\jdk8u25\1677\hotspot\src\share\vm\prims\jvm.cpp, line 1312]
Event: 1.185 Thread 0x00000000020a8000 Exception <a 'java/security/PrivilegedActionException'> (0x0000000717020da0) thrown at [D:\re\workspace\8-2-build-windows-amd64-cygwin\jdk8u25\1677\hotspot\src\share\vm\prims\jvm.cpp, line 1312]
Event: 1.280 Thread 0x00000000020a8000 Exception <a 'java/security/PrivilegedActionException'> (0x0000000717061798) thrown at [D:\re\workspace\8-2-build-windows-amd64-cygwin\jdk8u25\1677\hotspot\src\share\vm\prims\jvm.cpp, line 1312]
Event: 1.281 Thread 0x00000000020a8000 Exception <a 'java/security/PrivilegedActionException'> (0x0000000717066fa0) thrown at [D:\re\workspace\8-2-build-windows-amd64-cygwin\jdk8u25\1677\hotspot\src\share\vm\prims\jvm.cpp, line 1312]
Event: 1.296 Thread 0x00000000020a8000 Exception <a 'java/security/PrivilegedActionException'> (0x000000071706d8c8) thrown at [D:\re\workspace\8-2-build-windows-amd64-cygwin\jdk8u25\1677\hotspot\src\share\vm\prims\jvm.cpp, line 1312]
Event: 1.297 Thread 0x00000000020a8000 Exception <a 'java/security/PrivilegedActionException'> (0x0000000717071980) thrown at [D:\re\workspace\8-2-build-windows-amd64-cygwin\jdk8u25\1677\hotspot\src\share\vm\prims\jvm.cpp, line 1312]
Event: 1.298 Thread 0x00000000020a8000 Exception <a 'java/security/PrivilegedActionException'> (0x0000000717075a28) thrown at [D:\re\workspace\8-2-build-windows-amd64-cygwin\jdk8u25\1677\hotspot\src\share\vm\prims\jvm.cpp, line 1312]
Event: 3.465 Thread 0x00000000020a8000 Exception <a 'java/security/PrivilegedActionException'> (0x000000071ac72ea8) thrown at [D:\re\workspace\8-2-build-windows-amd64-cygwin\jdk8u25\1677\hotspot\src\share\vm\prims\jvm.cpp, line 1312]

Events (10 events):
Event: 5.184 Executing VM operation: RevokeBias
Event: 5.184 Executing VM operation: RevokeBias done
Event: 5.184 Thread 0x00000000020a8000 DEOPT PACKING pc=0x0000000002e67c22 sp=0x000000000242e300
Event: 5.184 Thread 0x00000000020a8000 DEOPT UNPACKING pc=0x00000000027475bf sp=0x000000000242e020 mode 0
Event: 6.319 Thread 0x00000000290f0800 DEOPT PACKING pc=0x0000000002e79a30 sp=0x000000002aa6f1b0
Event: 6.319 Thread 0x00000000290f0800 DEOPT UNPACKING pc=0x00000000027475bf sp=0x000000002aa6ef18 mode 0
Event: 6.783 loading class java/util/concurrent/CopyOnWriteArrayList$1
Event: 6.783 loading class java/util/concurrent/CopyOnWriteArrayList$1 done
Event: 7.383 Executing VM operation: ParallelGCFailedAllocation
Event: 7.390 Executing VM operation: ParallelGCFailedAllocation done


Dynamic libraries:
0x000000013f860000 - 0x000000013f894000 	C:\Program Files\Java\jdk1.8.0_25\bin\java.exe
0x00000000772e0000 - 0x0000000077489000 	C:\Windows\SYSTEM32\ntdll.dll
0x00000000770c0000 - 0x00000000771df000 	C:\Windows\system32\kernel32.dll
0x000007fefc180000 - 0x000007fefc1ec000 	C:\Windows\system32\KERNELBASE.dll
0x000007fefd160000 - 0x000007fefd23b000 	C:\Windows\system32\ADVAPI32.dll
0x000007fefc530000 - 0x000007fefc5cf000 	C:\Windows\system32\msvcrt.dll
0x000007fefc870000 - 0x000007fefc88f000 	C:\Windows\SYSTEM32\sechost.dll
0x000007fefcaf0000 - 0x000007fefcc1d000 	C:\Windows\system32\RPCRT4.dll
0x00000000771e0000 - 0x00000000772da000 	C:\Windows\system32\USER32.dll
0x000007fefc910000 - 0x000007fefc977000 	C:\Windows\system32\GDI32.dll
0x000007fefe7f0000 - 0x000007fefe7fe000 	C:\Windows\system32\LPK.dll
0x000007fefd2e0000 - 0x000007fefd3a9000 	C:\Windows\system32\USP10.dll
0x000007fefab10000 - 0x000007fefad04000 	C:\Windows\WinSxS\amd64_microsoft.windows.common-controls_6595b64144ccf1df_6.0.7601.17514_none_fa396087175ac9ac\COMCTL32.dll
0x000007fefcc20000 - 0x000007fefcc91000 	C:\Windows\system32\SHLWAPI.dll
0x000007fefc4e0000 - 0x000007fefc50e000 	C:\Windows\system32\IMM32.DLL
0x000007fefe410000 - 0x000007fefe519000 	C:\Windows\system32\MSCTF.dll
0x0000000069470000 - 0x0000000069542000 	C:\Program Files\Java\jdk1.8.0_25\jre\bin\msvcr100.dll
0x0000000055e30000 - 0x000000005668a000 	C:\Program Files\Java\jdk1.8.0_25\jre\bin\server\jvm.dll
0x000007fef7bb0000 - 0x000007fef7bb9000 	C:\Windows\system32\WSOCK32.dll
0x000007fefe3c0000 - 0x000007fefe40d000 	C:\Windows\system32\WS2_32.dll
0x000007fefe800000 - 0x000007fefe808000 	C:\Windows\system32\NSI.dll
0x000007fef9b30000 - 0x000007fef9b6b000 	C:\Windows\system32\WINMM.dll
0x00000000774a0000 - 0x00000000774a7000 	C:\Windows\system32\PSAPI.DLL
0x0000000072ac0000 - 0x0000000072acf000 	C:\Program Files\Java\jdk1.8.0_25\jre\bin\verify.dll
0x00000000728f0000 - 0x0000000072918000 	C:\Program Files\Java\jdk1.8.0_25\jre\bin\java.dll
0x00000000728a0000 - 0x00000000728b6000 	C:\Program Files\Java\jdk1.8.0_25\jre\bin\zip.dll
0x000007fefd630000 - 0x000007fefe3b8000 	C:\Windows\system32\SHELL32.dll
0x000007fefcf50000 - 0x000007fefd153000 	C:\Windows\system32\ole32.dll
0x000007fefc130000 - 0x000007fefc13f000 	C:\Windows\system32\profapi.dll
0x000007fefa770000 - 0x000007fefa780000 	C:\Program Files (x86)\JetBrains\IntelliJ IDEA Community Edition 14.0\bin\breakgen64.dll
0x0000000072880000 - 0x000000007289a000 	C:\Program Files\Java\jdk1.8.0_25\jre\bin\net.dll
0x000007fefb8a0000 - 0x000007fefb8f5000 	C:\Windows\system32\mswsock.dll
0x000007fefba70000 - 0x000007fefba77000 	C:\Windows\System32\wship6.dll
0x000007fef42f0000 - 0x000007fef431e000 	C:\projects\game\lwjgl-2.9.1\lib\windows\aparapi_x86_64.dll
0x000007fef42d0000 - 0x000007fef42e5000 	C:\Windows\system32\OpenCL.dll
0x0000000180000000 - 0x0000000180051000 	C:\projects\game\lwjgl-2.9.1\lib\windows\lwjgl64.dll
0x000007fee7430000 - 0x000007fee754d000 	C:\Windows\system32\OPENGL32.dll
0x000007fef3ef0000 - 0x000007fef3f1d000 	C:\Windows\system32\GLU32.dll
0x000007fee8370000 - 0x000007fee8461000 	C:\Windows\system32\DDRAW.dll
0x000007fefa750000 - 0x000007fefa758000 	C:\Windows\system32\DCIMAN32.dll
0x000007fefd450000 - 0x000007fefd627000 	C:\Windows\system32\SETUPAPI.dll
0x000007fefc320000 - 0x000007fefc356000 	C:\Windows\system32\CFGMGR32.dll
0x000007fefe520000 - 0x000007fefe5f7000 	C:\Windows\system32\OLEAUT32.dll
0x000007fefc160000 - 0x000007fefc17a000 	C:\Windows\system32\DEVOBJ.dll
0x000007fefa670000 - 0x000007fefa688000 	C:\Windows\system32\dwmapi.dll
0x000007fefb200000 - 0x000007fefb20c000 	C:\Windows\system32\VERSION.dll
0x000007fefa600000 - 0x000007fefa656000 	C:\Windows\system32\uxtheme.dll
0x0000000051960000 - 0x0000000053802000 	C:\Windows\system32\nvoglv64.DLL
0x000007fefb380000 - 0x000007fefb391000 	C:\Windows\system32\WTSAPI32.dll
0x000007fefc1f0000 - 0x000007fefc22a000 	C:\Windows\system32\WINTRUST.dll
0x000007fefc370000 - 0x000007fefc4dc000 	C:\Windows\system32\CRYPT32.dll
0x000007fefc140000 - 0x000007fefc14f000 	C:\Windows\system32\MSASN1.dll
0x000007fefb1d0000 - 0x000007fefb1fd000 	C:\Windows\system32\ntmarta.dll
0x000007fefc5d0000 - 0x000007fefc622000 	C:\Windows\system32\WLDAP32.dll
0x000007fefb4c0000 - 0x000007fefb4fd000 	C:\Windows\system32\WINSTA.dll
0x000007fefbfd0000 - 0x000007fefbfdf000 	C:\Windows\system32\CRYPTBASE.dll
0x000007fef9150000 - 0x000007fef91ec000 	C:\Windows\system32\mscms.dll
0x000007fefc2f0000 - 0x000007fefc30e000 	C:\Windows\system32\USERENV.dll
0x000007fef0590000 - 0x000007fef05d2000 	C:\Windows\system32\icm32.dll
0x000000005f900000 - 0x000000005fa98000 	C:\Program Files\Java\jdk1.8.0_25\jre\bin\awt.dll
0x000007fefbb50000 - 0x000007fefbb67000 	C:\Windows\system32\CRYPTSP.dll
0x000007fefb500000 - 0x000007fefb547000 	C:\Windows\system32\rsaenh.dll
0x000007fef9880000 - 0x000007fef98a7000 	C:\Windows\system32\IPHLPAPI.DLL
0x000007fef9870000 - 0x000007fef987b000 	C:\Windows\system32\WINNSI.DLL
0x000007fee3300000 - 0x000007fee4078000 	C:\Windows\System32\nvopencl.dll
0x000007fef9580000 - 0x000007fef9598000 	C:\Windows\system32\dhcpcsvc.DLL
0x000007fef9560000 - 0x000007fef9571000 	C:\Windows\system32\dhcpcsvc6.DLL
0x000007fef8a80000 - 0x000007fef8db9000 	C:\Windows\system32\nvapi64.dll
0x00000000726a0000 - 0x00000000726b1000 	C:\Program Files\Java\jdk1.8.0_25\jre\bin\nio.dll
0x000007fee1f00000 - 0x000007fee32fd000 	C:\Windows\system32\nvcompiler.dll
0x000007fef7840000 - 0x000007fef7965000 	C:\Windows\system32\dbghelp.dll
0x000000006ed30000 - 0x000000006ed77000 	C:\Program Files\Java\jdk1.8.0_25\jre\bin\fontmanager.dll
0x000000006e280000 - 0x000000006e2c1000 	C:\Program Files\Java\jdk1.8.0_25\jre\bin\t2k.dll

VM Arguments:
jvm_args: -Djava.library.path=C:\projects\game\lwjgl-2.9.1\lib\windows -Didea.launcher.port=7534 -Didea.launcher.bin.path=C:\Program Files (x86)\JetBrains\IntelliJ IDEA Community Edition 14.0\bin -Dfile.encoding=UTF-8 
java_command: com.intellij.rt.execution.application.AppMain game
java_class_path (initial): C:\Program Files\Java\jdk1.8.0_25\jre\lib\charsets.jar;C:\Program Files\Java\jdk1.8.0_25\jre\lib\deploy.jar;C:\Program Files\Java\jdk1.8.0_25\jre\lib\javaws.jar;C:\Program Files\Java\jdk1.8.0_25\jre\lib\jce.jar;C:\Program Files\Java\jdk1.8.0_25\jre\lib\jfr.jar;C:\Program Files\Java\jdk1.8.0_25\jre\lib\jfxswt.jar;C:\Program Files\Java\jdk1.8.0_25\jre\lib\jsse.jar;C:\Program Files\Java\jdk1.8.0_25\jre\lib\management-agent.jar;C:\Program Files\Java\jdk1.8.0_25\jre\lib\plugin.jar;C:\Program Files\Java\jdk1.8.0_25\jre\lib\resources.jar;C:\Program Files\Java\jdk1.8.0_25\jre\lib\rt.jar;C:\Program Files\Java\jdk1.8.0_25\jre\lib\ext\access-bridge-64.jar;C:\Program Files\Java\jdk1.8.0_25\jre\lib\ext\cldrdata.jar;C:\Program Files\Java\jdk1.8.0_25\jre\lib\ext\dnsns.jar;C:\Program Files\Java\jdk1.8.0_25\jre\lib\ext\jaccess.jar;C:\Program Files\Java\jdk1.8.0_25\jre\lib\ext\jfxrt.jar;C:\Program Files\Java\jdk1.8.0_25\jre\lib\ext\localedata.jar;C:\Program Files\Java\jdk1.8.0_25\jre\lib\ext\nashorn.jar;C:\Program Files\Java\jdk1.8.0_25\jre\lib\ext\sunec.jar;C:\Program Files\Java\jdk1.8.0_25\jre\lib\ext\sunjce_provider.jar;C:\Program Files\Java\jdk1.8.0_25\jre\lib\ext\sunmscapi.jar;C:\Program Files\Java\jdk1.8.0_25\jre\lib\ext\sunpkcs11.jar;C:\Program Files\Java\jdk1.8.0_25\jre\lib\ext\zipfs.jar;C:\projects\game\out\production\game;C:\projects\game\lwjgl-2.9.1\jar\AppleJavaExtensions.jar;C:\projects\game\lwjgl-2.9.1\jar\asm-debug-all.jar;C:\projects\game\lwjgl-2.9.1\jar\jinput.jar;C:\projects\game\lwjgl-2.9.1\jar\lwjgl.jar;C:\projects\game\lwjgl-2.9.1\jar\lwjgl-debug.jar;C:\projects\game\lwjgl-2.9.1\jar\lwjgl_test.jar;C:\projects\game\lwjgl-2.9.1\jar\lwjgl_util.jar;C:\projects\game\lwjgl-2.9.1\jar\lwjgl_util_applet.jar;C:\projects\game\lwjgl-2.9.1\jar\lzma.jar;C:\projects\game\JCSG-master\build\libs\JCSG-master.jar;C:\projects\game\lwjgl-2.9.1\jar\slick-util.jar;C:\projects\game\twl\TWL.jar;C:\projects\game\twl\TWLEffects.jar;C:\projects\game\aparapi\apar
Launcher Type: SUN_STANDARD

Environment Variables:
JAVA_HOME=C:\Program Files\Java\jdk1.8.0_25
PATH=C:\ProgramData\Oracle\Java\javapath;C:\Program Files (x86)\NVIDIA Corporation\PhysX\Common;C:\Users\user\AMD APP SDK\2.9\bin\x86_64;C:\Users\user\AMD APP SDK\2.9\bin\x86;C:\Program Files (x86)\AMD APP SDK\2.9\bin\x86_64;C:\Program Files (x86)\AMD APP SDK\2.9\bin\x86;C:\Program Files (x86)\Intel\iCLS Client\;C:\Program Files\Intel\iCLS Client\;C:\Windows\system32;C:\Windows;C:\Windows\System32\Wbem;C:\Windows\System32\WindowsPowerShell\v1.0\;C:\Program Files\Intel\Intel(R) Management Engine Components\DAL;C:\Program Files\Intel\Intel(R) Management Engine Components\IPT;C:\Program Files (x86)\Intel\Intel(R) Management Engine Components\DAL;C:\Program Files (x86)\Intel\Intel(R) Management Engine Components\IPT;C:\Program Files\Microsoft SQL Server\110\Tools\Binn\;C:\Program Files\Microsoft Windows Performance Toolkit\;C:\Program Files\nodejs\;C:\Program Files\LuxRender;C:\Program Files\VCG\MeshLab;C:\Program Files (x86)\MySQL\MySQL Utilities 1.4\;C:\Program Files (x86)\MySQL\MySQL Utilities 1.4\Doctrine extensions for PHP\;C:\Program Files (x86)\QuickTime\QTSystem\;C:\Python27;C:\Program Files (x86)\Microsoft Visual Studio 12.0\VC\vcpackages;C:\Users\user\AppData\Roaming\npm;C:\Program Files\apfloat;C:\Program Files (x86)\Kiwix\kiwix\xulrunner;C:\mongodb\bin\;C:\projects\wikirandom\node_modules\forever\bin;C:\Program Files (x86)\JetBrains\WebStorm 7.0.3\jre\bin;C:\Program Files\apache-maven-3.2.2\bin;C:\aparapi;C:\Program Files\VCG\MeshLab;
USERNAME=user
OS=Windows_NT
PROCESSOR_IDENTIFIER=Intel64 Family 6 Model 58 Stepping 9, GenuineIntel



---------------  S Y S T E M  ---------------

OS: Windows 7 , 64 bit Build 7601 Service Pack 1

CPU:total 8 (4 cores per cpu, 2 threads per core) family 6 model 58 stepping 9, cmov, cx8, fxsr, mmx, sse, sse2, sse3, ssse3, sse4.1, sse4.2, popcnt, avx, aes, clmul, erms, ht, tsc, tscinvbit, tscinv

Memory: 4k page, physical 33498820k(27839376k free), swap 66995776k(56600776k free)

vm_info: Java HotSpot(TM) 64-Bit Server VM (25.25-b02) for windows-amd64 JRE (1.8.0_25-b18), built on Oct  7 2014 14:25:37 by "java_re" with MS VC++ 10.0 (VS2010)

time: Sun Dec 28 07:29:07 2014
elapsed time: 7 seconds (0d 0h 0m 7s)

