#
# A fatal error has been detected by the Java Runtime Environment:
#
#  EXCEPTION_ACCESS_VIOLATION (0xc0000005) at pc=0x00000000577c9d89, pid=9020, tid=20496
#
# JRE version: Java(TM) SE Runtime Environment (7.0_45-b18) (build 1.7.0_45-b18)
# Java VM: Java HotSpot(TM) 64-Bit Server VM (24.45-b08 mixed mode windows-amd64 compressed oops)
# Problematic frame:
# C  [nvoglv64.DLL+0xd89d89]
#
# Failed to write core dump. Minidumps are not enabled by default on client versions of Windows
#
# If you would like to submit a bug report, please visit:
#   http://bugreport.sun.com/bugreport/crash.jsp
# The crash happened outside the Java Virtual Machine in native code.
# See problematic frame for where to report the bug.
#

---------------  T H R E A D  ---------------

Current thread (0x0000000002158000):  JavaThread "main" [_thread_in_native, id=20496, stack(0x0000000002210000,0x0000000002310000)]

siginfo: ExceptionCode=0xc0000005, reading address 0x0000000000000000

Registers:
RAX=0x0000000000000140, RBX=0x0000000000000000, RCX=0x0000000000000140, RDX=0xffffffffe2a75944
RSP=0x000000000230e7b8, RBP=0x0000000000000001, RSI=0x0000000000000000, RDI=0x000000001d58a6bc
R8 =0x0000000000000140, R9 =0x0000000000000014, R10=0x0000000000000000, R11=0x000000001d58a6bc
R12=0x0000000000000000, R13=0x0000000056a40000, R14=0x0000000000000009, R15=0x000000001d060860
RIP=0x00000000577c9d89, EFLAGS=0x0000000000010203

Top of Stack: (sp=0x000000000230e7b8)
0x000000000230e7b8:   0000000000000014 000000001d58a6bc
0x000000000230e7c8:   00000000572f8f74 000000000230e940
0x000000000230e7d8:   00000005fbdf55d0 0000000000000000
0x000000000230e7e8:   00000000571c2f7b 0000000000000000
0x000000000230e7f8:   0000000000000009 0000000000000000
0x000000000230e808:   000000001d060860 000000000014810b
0x000000000230e818:   00000000572f9ae5 000000001d060080
0x000000000230e828:   0000000000000014 0000000000000001
0x000000000230e838:   00000000023e2f19 0000000002158000
0x000000000230e848:   000000000230e940 00000005fbdf55d0
0x000000000230e858:   0000000000000000 00000000023d62d3
0x000000000230e868:   00000000023e3090 00000005fbdf55d0
0x000000000230e878:   000000000230e900 00000000bf7bb29f
0x000000000230e888:   00000000023df000 0000000700000014
0x000000000230e898:   000000005725ff30 000000000048f860
0x000000000230e8a8:   000000001a4117d0 0000000002158000 

Instructions: (pc=0x00000000577c9d89)
0x00000000577c9d69:   03 c0 48 3b c8 0f 8c 96 03 00 00 0f ba 25 e4 60
0x00000000577c9d79:   f7 00 01 73 13 57 56 48 8b f9 49 8b f2 49 8b c8
0x00000000577c9d89:   f3 a4 5e 5f 49 8b c3 c3 0f ba 25 c7 60 f7 00 02
0x00000000577c9d99:   0f 82 56 02 00 00 f6 c1 07 74 36 f6 c1 01 74 0b 


Register to memory mapping:

RAX=0x0000000000000140 is an unknown value
RBX=0x0000000000000000 is an unknown value
RCX=0x0000000000000140 is an unknown value
RDX=0xffffffffe2a75944 is an unknown value
RSP=0x000000000230e7b8 is pointing into the stack for thread: 0x0000000002158000
RBP=0x0000000000000001 is an unknown value
RSI=0x0000000000000000 is an unknown value
RDI=0x000000001d58a6bc is an unknown value
R8 =0x0000000000000140 is an unknown value
R9 =0x0000000000000014 is an unknown value
R10=0x0000000000000000 is an unknown value
R11=0x000000001d58a6bc is an unknown value
R12=0x0000000000000000 is an unknown value
R13=0x0000000056a40000 is an unknown value
R14=0x0000000000000009 is an unknown value
R15=0x000000001d060860 is an unknown value


Stack: [0x0000000002210000,0x0000000002310000],  sp=0x000000000230e7b8,  free space=1017k
Native frames: (J=compiled Java code, j=interpreted, Vv=VM code, C=native code)
C  [nvoglv64.DLL+0xd89d89]

Java frames: (J=compiled Java code, j=interpreted, Vv=VM code)
j  org.lwjgl.opengl.GL11.nglDrawArrays(IIIJ)V+0
j  org.lwjgl.opengl.GL11.glDrawArrays(III)V+20
j  GeometryFactory.treeVA(Lshapes/tree;)V+258
j  GeometryFactory.addObj(Ljava/lang/Object;)V+11
j  gameWorld.renderGL()V+125
j  gameWorld.start()V+68
j  game.main([Ljava/lang/String;)V+9
v  ~StubRoutines::call_stub
j  sun.reflect.NativeMethodAccessorImpl.invoke0(Ljava/lang/reflect/Method;Ljava/lang/Object;[Ljava/lang/Object;)Ljava/lang/Object;+0
j  sun.reflect.NativeMethodAccessorImpl.invoke(Ljava/lang/Object;[Ljava/lang/Object;)Ljava/lang/Object;+87
j  sun.reflect.DelegatingMethodAccessorImpl.invoke(Ljava/lang/Object;[Ljava/lang/Object;)Ljava/lang/Object;+6
j  java.lang.reflect.Method.invoke(Ljava/lang/Object;[Ljava/lang/Object;)Ljava/lang/Object;+57
j  com.intellij.rt.execution.application.AppMain.main([Ljava/lang/String;)V+140
v  ~StubRoutines::call_stub

---------------  P R O C E S S  ---------------

Java Threads: ( => current thread )
  0x000000001a373000 JavaThread "Monitor Ctrl-Break" daemon [_thread_in_native, id=10472, stack(0x000000001bfd0000,0x000000001c0d0000)]
  0x000000001a297000 JavaThread "Service Thread" daemon [_thread_blocked, id=20044, stack(0x000000001baf0000,0x000000001bbf0000)]
  0x00000000191eb000 JavaThread "C2 CompilerThread1" daemon [_thread_blocked, id=11532, stack(0x000000001b850000,0x000000001b950000)]
  0x00000000191e5000 JavaThread "C2 CompilerThread0" daemon [_thread_blocked, id=392, stack(0x000000001b960000,0x000000001ba60000)]
  0x00000000191e4800 JavaThread "Attach Listener" daemon [_thread_blocked, id=6248, stack(0x000000001b750000,0x000000001b850000)]
  0x00000000191e3800 JavaThread "Signal Dispatcher" daemon [_thread_blocked, id=20856, stack(0x000000001b610000,0x000000001b710000)]
  0x00000000191d6800 JavaThread "Finalizer" daemon [_thread_blocked, id=7460, stack(0x000000001b490000,0x000000001b590000)]
  0x00000000191ce000 JavaThread "Reference Handler" daemon [_thread_blocked, id=10448, stack(0x000000001b1c0000,0x000000001b2c0000)]
=>0x0000000002158000 JavaThread "main" [_thread_in_native, id=20496, stack(0x0000000002210000,0x0000000002310000)]

Other Threads:
  0x000000001a243800 VMThread [stack: 0x000000001b380000,0x000000001b480000] [id=17716]
  0x000000001a2b0000 WatcherThread [stack: 0x000000001bc10000,0x000000001bd10000] [id=9088]

VM state:not at safepoint (normal execution)

VM Mutex/Monitor currently owned by a thread: None

Heap
 PSYoungGen      total 153088K, used 75788K [0x0000000755900000, 0x0000000760380000, 0x0000000800000000)
  eden space 131584K, 57% used [0x0000000755900000,0x000000075a303028,0x000000075d980000)
  from space 21504K, 0% used [0x000000075ee80000,0x000000075ee80000,0x0000000760380000)
  to   space 21504K, 0% used [0x000000075d980000,0x000000075d980000,0x000000075ee80000)
 ParOldGen       total 348672K, used 0K [0x0000000600c00000, 0x0000000616080000, 0x0000000755900000)
  object space 348672K, 0% used [0x0000000600c00000,0x0000000600c00000,0x0000000616080000)
 PSPermGen       total 21504K, used 4505K [0x00000005fba00000, 0x00000005fcf00000, 0x0000000600c00000)
  object space 21504K, 20% used [0x00000005fba00000,0x00000005fbe667e8,0x00000005fcf00000)

Card table byte_map: [0x0000000005490000,0x00000000064c0000] byte_map_base: 0x00000000024b3000

Polling page: 0x0000000000430000

Code Cache  [0x00000000023d0000, 0x0000000002640000, 0x00000000053d0000)
 total_blobs=351 nmethods=51 adapters=253 free_code_cache=48637Kb largest_free_block=49780608

Compilation events (10 events):
Event: 0.391 Thread 0x00000000191eb000 nmethod 47 0x0000000002447290 code [0x00000000024473e0, 0x00000000024474f8]
Event: 0.391 Thread 0x00000000191eb000   48             shapes.treePt::subtract (35 bytes)
Event: 0.392 Thread 0x00000000191eb000 nmethod 48 0x000000000244add0 code [0x000000000244af20, 0x000000000244b038]
Event: 0.392 Thread 0x00000000191eb000   49             shapes.treePt::scale (26 bytes)
Event: 0.392 Thread 0x00000000191eb000 nmethod 49 0x000000000244b410 code [0x000000000244b560, 0x000000000244b658]
Event: 0.392 Thread 0x00000000191eb000   50             shapes.treePt::getRotatedPt (32 bytes)
Event: 0.392 Thread 0x00000000191e5000 nmethod 45 0x0000000002452f10 code [0x0000000002453260, 0x00000000024551b8]
Event: 0.392 Thread 0x00000000191e5000   51             shapes.treePt::_add (40 bytes)
Event: 0.393 Thread 0x00000000191e5000 nmethod 51 0x0000000002447050 code [0x0000000002447180, 0x0000000002447218]
Event: 0.401 Thread 0x00000000191eb000 nmethod 50 0x000000000244a090 code [0x000000000244a260, 0x000000000244ac38]

GC Heap History (0 events):
No events

Deoptimization events (0 events):
No events

Internal exceptions (10 events):
Event: 0.414 Thread 0x0000000002158000 Threw 0x0000000758dfe698 at C:\re\jdk7u45\229\hotspot\src\share\vm\prims\jvm.cpp:1244
Event: 0.440 Thread 0x0000000002158000 Threw 0x000000075a29ee60 at C:\re\jdk7u45\229\hotspot\src\share\vm\prims\jvm.cpp:1244
Event: 0.441 Thread 0x0000000002158000 Threw 0x000000075a2a59b0 at C:\re\jdk7u45\229\hotspot\src\share\vm\prims\jvm.cpp:1244
Event: 0.441 Thread 0x0000000002158000 Threw 0x000000075a2a9300 at C:\re\jdk7u45\229\hotspot\src\share\vm\prims\jvm.cpp:1244
Event: 0.441 Thread 0x0000000002158000 Threw 0x000000075a2acfa0 at C:\re\jdk7u45\229\hotspot\src\share\vm\prims\jvm.cpp:1244
Event: 0.442 Thread 0x0000000002158000 Threw 0x000000075a2b0b28 at C:\re\jdk7u45\229\hotspot\src\share\vm\prims\jvm.cpp:1244
Event: 0.442 Thread 0x0000000002158000 Threw 0x000000075a2b44a8 at C:\re\jdk7u45\229\hotspot\src\share\vm\prims\jvm.cpp:1244
Event: 0.442 Thread 0x0000000002158000 Threw 0x000000075a2b7fa0 at C:\re\jdk7u45\229\hotspot\src\share\vm\prims\jvm.cpp:1244
Event: 0.443 Thread 0x0000000002158000 Threw 0x000000075a2bb998 at C:\re\jdk7u45\229\hotspot\src\share\vm\prims\jvm.cpp:1244
Event: 0.445 Thread 0x0000000002158000 Threw 0x000000075a2be410 at C:\re\jdk7u45\229\hotspot\src\share\vm\prims\jvm.cpp:1244

Events (10 events):
Event: 0.442 loading class 0x000000001a513430
Event: 0.442 loading class 0x000000001a513430 done
Event: 0.442 loading class 0x000000001a513530
Event: 0.442 loading class 0x000000001a513530 done
Event: 0.442 loading class 0x000000001a586850
Event: 0.442 loading class 0x000000001a586850 done
Event: 0.443 loading class 0x000000001a3bdc90
Event: 0.443 loading class 0x000000001a3bdc90 done
Event: 0.445 loading class 0x000000001a50c8f0
Event: 0.445 loading class 0x000000001a50c8f0 done


Dynamic libraries:
0x000000013f600000 - 0x000000013f633000 	C:\Program Files\Java\jdk1.7.0_45\bin\java.exe
0x0000000077bb0000 - 0x0000000077d59000 	C:\Windows\SYSTEM32\ntdll.dll
0x0000000077990000 - 0x0000000077aaf000 	C:\Windows\system32\kernel32.dll
0x000007fefcb30000 - 0x000007fefcb9c000 	C:\Windows\system32\KERNELBASE.dll
0x000007fefeae0000 - 0x000007fefebbb000 	C:\Windows\system32\ADVAPI32.dll
0x000007fefe6e0000 - 0x000007fefe77f000 	C:\Windows\system32\msvcrt.dll
0x000007fefdb40000 - 0x000007fefdb5f000 	C:\Windows\SYSTEM32\sechost.dll
0x000007fefe3c0000 - 0x000007fefe4ed000 	C:\Windows\system32\RPCRT4.dll
0x0000000077ab0000 - 0x0000000077baa000 	C:\Windows\system32\USER32.dll
0x000007fefdff0000 - 0x000007fefe057000 	C:\Windows\system32\GDI32.dll
0x000007feff0d0000 - 0x000007feff0de000 	C:\Windows\system32\LPK.dll
0x000007fefe2f0000 - 0x000007fefe3b9000 	C:\Windows\system32\USP10.dll
0x000007fefaf00000 - 0x000007fefb0f4000 	C:\Windows\WinSxS\amd64_microsoft.windows.common-controls_6595b64144ccf1df_6.0.7601.17514_none_fa396087175ac9ac\COMCTL32.dll
0x000007fefe4f0000 - 0x000007fefe561000 	C:\Windows\system32\SHLWAPI.dll
0x000007fefeab0000 - 0x000007fefeade000 	C:\Windows\system32\IMM32.DLL
0x000007fefe140000 - 0x000007fefe249000 	C:\Windows\system32\MSCTF.dll
0x000000006dec0000 - 0x000000006df92000 	C:\Program Files\Java\jdk1.7.0_45\jre\bin\msvcr100.dll
0x0000000059f00000 - 0x000000005a6c9000 	C:\Program Files\Java\jdk1.7.0_45\jre\bin\server\jvm.dll
0x000007fef8480000 - 0x000007fef8489000 	C:\Windows\system32\WSOCK32.dll
0x000007fefe9c0000 - 0x000007fefea0d000 	C:\Windows\system32\WS2_32.dll
0x000007feff0c0000 - 0x000007feff0c8000 	C:\Windows\system32\NSI.dll
0x000007fef9c50000 - 0x000007fef9c8b000 	C:\Windows\system32\WINMM.dll
0x0000000077d70000 - 0x0000000077d77000 	C:\Windows\system32\PSAPI.DLL
0x00000000711a0000 - 0x00000000711af000 	C:\Program Files\Java\jdk1.7.0_45\jre\bin\verify.dll
0x0000000070da0000 - 0x0000000070dc8000 	C:\Program Files\Java\jdk1.7.0_45\jre\bin\java.dll
0x0000000070de0000 - 0x0000000070df5000 	C:\Program Files\Java\jdk1.7.0_45\jre\bin\zip.dll
0x000007fefa0d0000 - 0x000007fefa0e0000 	C:\Program Files (x86)\JetBrains\IntelliJ IDEA Community Edition 13.0.2\bin\breakgen64.dll
0x0000000070d40000 - 0x0000000070d59000 	C:\Program Files\Java\jdk1.7.0_45\jre\bin\net.dll
0x000007fefc2e0000 - 0x000007fefc335000 	C:\Windows\system32\mswsock.dll
0x000007fefc190000 - 0x000007fefc197000 	C:\Windows\System32\wship6.dll
0x0000000180000000 - 0x0000000180051000 	C:\projects\game\lwjgl-2.9.1\lib\windows\lwjgl64.dll
0x000007fef2fa0000 - 0x000007fef30bd000 	C:\Windows\system32\OPENGL32.dll
0x000007fef3b50000 - 0x000007fef3b7d000 	C:\Windows\system32\GLU32.dll
0x000007fef2e30000 - 0x000007fef2f21000 	C:\Windows\system32\DDRAW.dll
0x000007fef72b0000 - 0x000007fef72b8000 	C:\Windows\system32\DCIMAN32.dll
0x000007fefde10000 - 0x000007fefdfe7000 	C:\Windows\system32\SETUPAPI.dll
0x000007fefca70000 - 0x000007fefcaa6000 	C:\Windows\system32\CFGMGR32.dll
0x000007fefe060000 - 0x000007fefe137000 	C:\Windows\system32\OLEAUT32.dll
0x000007fefebc0000 - 0x000007fefedc3000 	C:\Windows\system32\ole32.dll
0x000007fefca50000 - 0x000007fefca6a000 	C:\Windows\system32\DEVOBJ.dll
0x000007fef9a60000 - 0x000007fef9a78000 	C:\Windows\system32\dwmapi.dll
0x000007fefbad0000 - 0x000007fefbadc000 	C:\Windows\system32\VERSION.dll
0x000007fefa030000 - 0x000007fefa086000 	C:\Windows\system32\uxtheme.dll
0x0000000056a40000 - 0x00000000588e2000 	C:\Windows\system32\nvoglv64.DLL
0x000007fefcdb0000 - 0x000007fefdb38000 	C:\Windows\system32\SHELL32.dll
0x000007fefbc60000 - 0x000007fefbc71000 	C:\Windows\system32\WTSAPI32.dll
0x000007fefcaf0000 - 0x000007fefcb2a000 	C:\Windows\system32\WINTRUST.dll
0x000007fefcba0000 - 0x000007fefcd0c000 	C:\Windows\system32\CRYPT32.dll
0x000007fefca00000 - 0x000007fefca0f000 	C:\Windows\system32\MSASN1.dll
0x000007fefb520000 - 0x000007fefb54d000 	C:\Windows\system32\ntmarta.dll
0x000007fefedd0000 - 0x000007fefee22000 	C:\Windows\system32\WLDAP32.dll
0x000007fefbd60000 - 0x000007fefbd9d000 	C:\Windows\system32\WINSTA.dll
0x000007fefc8a0000 - 0x000007fefc8af000 	C:\Windows\system32\CRYPTBASE.dll
0x000007fef8bd0000 - 0x000007fef8c6c000 	C:\Windows\system32\mscms.dll
0x000007fefca20000 - 0x000007fefca3e000 	C:\Windows\system32\USERENV.dll
0x000007fefca10000 - 0x000007fefca1f000 	C:\Windows\system32\profapi.dll
0x000007fef2d90000 - 0x000007fef2dd2000 	C:\Windows\system32\icm32.dll
0x000007feefea0000 - 0x000007feeffc5000 	C:\Windows\system32\dbghelp.dll

VM Arguments:
jvm_args: -Dvisualvm.id=3883577381047925 -Djava.library.path=C:\projects\game\lwjgl-2.9.1\lib\windows -Didea.launcher.port=7550 -Didea.launcher.bin.path=C:\Program Files (x86)\JetBrains\IntelliJ IDEA Community Edition 13.0.2\bin -Dfile.encoding=UTF-8 
java_command: com.intellij.rt.execution.application.AppMain game
Launcher Type: SUN_STANDARD

Environment Variables:
JAVA_HOME=C:\Program Files\Java\jdk1.7.0_45
PATH=C:\Program Files (x86)\NVIDIA Corporation\PhysX\Common;C:\Users\user\AMD APP SDK\2.9\bin\x86_64;C:\Users\user\AMD APP SDK\2.9\bin\x86;C:\Program Files (x86)\AMD APP SDK\2.9\bin\x86_64;C:\Program Files (x86)\AMD APP SDK\2.9\bin\x86;C:\Program Files (x86)\Intel\iCLS Client\;C:\Program Files\Intel\iCLS Client\;C:\Windows\system32;C:\Windows;C:\Windows\System32\Wbem;C:\Windows\System32\WindowsPowerShell\v1.0\;C:\Program Files\Intel\Intel(R) Management Engine Components\DAL;C:\Program Files\Intel\Intel(R) Management Engine Components\IPT;C:\Program Files (x86)\Intel\Intel(R) Management Engine Components\DAL;C:\Program Files (x86)\Intel\Intel(R) Management Engine Components\IPT;C:\Program Files\Microsoft SQL Server\110\Tools\Binn\;C:\Program Files\Microsoft Windows Performance Toolkit\;C:\Program Files\nodejs\;C:\Program Files (x86)\QuickTime\QTSystem\;C:\Program Files\LuxRender;C:\Program Files\VCG\MeshLab;C:\Python27;C:\Program Files (x86)\Microsoft Visual Studio 12.0\VC\vcpackages;C:\Users\user\AppData\Roaming\npm;C:\Program Files\apfloat;C:\Program Files (x86)\Kiwix\kiwix\xulrunner;C:\mongodb\bin\;C:\projects\wikirandom\node_modules\forever\bin;C:\Program Files (x86)\JetBrains\WebStorm 7.0.3\jre\bin;C:\Program Files\apache-maven-3.2.2\bin;C:\aparapi;C:\Program Files\VCG\MeshLab;
USERNAME=user
OS=Windows_NT
PROCESSOR_IDENTIFIER=Intel64 Family 6 Model 58 Stepping 9, GenuineIntel



---------------  S Y S T E M  ---------------

OS: Windows 7 , 64 bit Build 7601 Service Pack 1

CPU:total 8 (4 cores per cpu, 2 threads per core) family 6 model 58 stepping 9, cmov, cx8, fxsr, mmx, sse, sse2, sse3, ssse3, sse4.1, sse4.2, popcnt, avx, aes, erms, ht, tsc, tscinvbit, tscinv

Memory: 4k page, physical 33498820k(29462280k free), swap 66995776k(61971516k free)

vm_info: Java HotSpot(TM) 64-Bit Server VM (24.45-b08) for windows-amd64 JRE (1.7.0_45-b18), built on Oct  8 2013 05:47:22 by "java_re" with unknown MS VC++:1600

time: Mon Nov 03 14:26:05 2014
elapsed time: 0 seconds

