#
# A fatal error has been detected by the Java Runtime Environment:
#
#  EXCEPTION_ACCESS_VIOLATION (0xc0000005) at pc=0x0000000069ac9660, pid=3988, tid=5916
#
# JRE version: Java(TM) SE Runtime Environment (8.0_25-b18) (build 1.8.0_25-b18)
# Java VM: Java HotSpot(TM) 64-Bit Server VM (25.25-b02 mixed mode windows-amd64 compressed oops)
# Problematic frame:
# C  [nvoglv64.DLL+0xa99660]
#
# Failed to write core dump. Minidumps are not enabled by default on client versions of Windows
#
# If you would like to submit a bug report, please visit:
#   http://bugreport.sun.com/bugreport/crash.jsp
# The crash happened outside the Java Virtual Machine in native code.
# See problematic frame for where to report the bug.
#

---------------  T H R E A D  ---------------

Current thread (0x0000000002198000):  JavaThread "main" [_thread_in_native, id=5916, stack(0x00000000024f0000,0x00000000025f0000)]

siginfo: ExceptionCode=0xc0000005, reading address 0x00000001e2590040

Registers:
RAX=0x00000001e2590060, RBX=0x00000001e2590040, RCX=0x0000000042790020, RDX=0x00000001e2590040
RSP=0x00000000025ed888, RBP=0x0000000000000800, RSI=0x0000000000000000, RDI=0x0000000042790000
R8 =0x0000000000000020, R9 =0x0000000000000006, R10=0x0000000000000010, R11=0x0000000000000006
R12=0x0000000000000000, R13=0x0000000069ae6370, R14=0x00000000000000fe, R15=0x0000000000000000
RIP=0x0000000069ac9660, EFLAGS=0x0000000000010202

Top of Stack: (sp=0x00000000025ed888)
0x00000000025ed888:   0000000069ac928d 0000000000000001
0x00000000025ed898:   00000001e2590040 0000000000000001
0x00000000025ed8a8:   0000000069ad1881 0000000000000200
0x00000000025ed8b8:   000000002e613590 00000001e2590040
0x00000000025ed8c8:   00000000000000ff 0000000042790000
0x00000000025ed8d8:   0000000069a06070 0000000000000800
0x00000000025ed8e8:   0000000000000800 0000000000000200
0x00000000025ed8f8:   0000000000000001 0000000069ae6370
0x00000000025ed908:   0000000000000000 0000000000000000
0x00000000025ed918:   0000000000000000 00000000347c9dec
0x00000000025ed928:   0000000100000000 00000000025edcb4
0x00000000025ed938:   00000001b1d00002 00000000025edce0
0x00000000025ed948:   00000000347c7840 0000020000000000
0x00000000025ed958:   0000000000000010 0000000000000000
0x00000000025ed968:   000000ff00000000 00000000000000ff
0x00000000025ed978:   0000000000100000 0000000042790000 

Instructions: (pc=0x0000000069ac9660)
0x0000000069ac9640:   8d 40 40 0f 11 41 d0 49 ff c8 75 d4 c3 4d 85 c0
0x0000000069ac9650:   74 3a 48 83 c1 20 48 8d 42 20 66 0f 1f 44 00 00
0x0000000069ac9660:   0f 28 58 e0 0f 28 50 f0 0f 28 08 48 8d 49 40 0f
0x0000000069ac9670:   28 40 10 0f 29 59 a0 0f 29 51 b0 48 8d 40 40 0f 


Register to memory mapping:

RAX=0x00000001e2590060 is an unknown value
RBX=0x00000001e2590040 is an unknown value
RCX=0x0000000042790020 is an unknown value
RDX=0x00000001e2590040 is an unknown value
RSP=0x00000000025ed888 is pointing into the stack for thread: 0x0000000002198000
RBP=0x0000000000000800 is an unknown value
RSI=0x0000000000000000 is an unknown value
RDI=0x0000000042790000 is an unknown value
R8 =0x0000000000000020 is an unknown value
R9 =0x0000000000000006 is an unknown value
R10=0x0000000000000010 is an unknown value
R11=0x0000000000000006 is an unknown value
R12=0x0000000000000000 is an unknown value
R13=0x0000000069ae6370 is an unknown value
R14=0x00000000000000fe is an unknown value
R15=0x0000000000000000 is an unknown value


Stack: [0x00000000024f0000,0x00000000025f0000],  sp=0x00000000025ed888,  free space=1014k
Native frames: (J=compiled Java code, j=interpreted, Vv=VM code, C=native code)
C  [nvoglv64.DLL+0xa99660]

Java frames: (J=compiled Java code, j=interpreted, Vv=VM code)
J 2669  org.lwjgl.opengl.GL11.nglTexImage2D(IIIIIIIIJJ)V (0 bytes) @ 0x00000000032f2405 [0x00000000032f2380+0x85]
J 2623 C1 org.lwjgl.opengl.GL11.glTexImage2D(IIIIIIIILjava/nio/ByteBuffer;)V (67 bytes) @ 0x00000000032ca7d4 [0x00000000032c9a80+0xd54]
J 1862 C2 factory.TextureFactory.loadTexture(Ljava/awt/image/BufferedImage;)I (243 bytes) @ 0x0000000002f5a3bc [0x0000000002f597a0+0xc1c]
J 2878 C2 factory.TextureFactory.proceduralTexture(Ljava/lang/String;)I (135 bytes) @ 0x0000000002a5a5d4 [0x0000000002a59de0+0x7f4]
J 3024 C2 gameWorldRender.renderGL()V (215 bytes) @ 0x0000000002c4dd8c [0x0000000002c4cbc0+0x11cc]
j  gameWorldRender.start()V+109
j  game.main([Ljava/lang/String;)V+60
v  ~StubRoutines::call_stub
j  sun.reflect.NativeMethodAccessorImpl.invoke0(Ljava/lang/reflect/Method;Ljava/lang/Object;[Ljava/lang/Object;)Ljava/lang/Object;+0
j  sun.reflect.NativeMethodAccessorImpl.invoke(Ljava/lang/Object;[Ljava/lang/Object;)Ljava/lang/Object;+100
j  sun.reflect.DelegatingMethodAccessorImpl.invoke(Ljava/lang/Object;[Ljava/lang/Object;)Ljava/lang/Object;+6
j  java.lang.reflect.Method.invoke(Ljava/lang/Object;[Ljava/lang/Object;)Ljava/lang/Object;+56
j  com.intellij.rt.execution.application.AppMain.main([Ljava/lang/String;)V+163
v  ~StubRoutines::call_stub

---------------  P R O C E S S  ---------------

Java Threads: ( => current thread )
  0x000000003283c800 JavaThread "LWJGL Timer" daemon [_thread_blocked, id=2628, stack(0x00000000397c0000,0x00000000398c0000)]
  0x0000000032143800 JavaThread "Java2D Disposer" daemon [_thread_blocked, id=7444, stack(0x0000000036a70000,0x0000000036b70000)]
  0x0000000026e43000 JavaThread "Thread-2" [_thread_in_native, id=6592, stack(0x0000000028dd0000,0x0000000028ed0000)]
  0x0000000026e41000 JavaThread "Thread-1" [_thread_blocked, id=6852, stack(0x000000002a4d0000,0x000000002a5d0000)]
  0x0000000026ddd000 JavaThread "Monitor Ctrl-Break" daemon [_thread_in_native, id=5548, stack(0x0000000028c20000,0x0000000028d20000)]
  0x0000000026bd8000 JavaThread "Service Thread" daemon [_thread_blocked, id=6944, stack(0x0000000028870000,0x0000000028970000)]
  0x000000002598e800 JavaThread "C1 CompilerThread3" daemon [_thread_blocked, id=7916, stack(0x00000000286b0000,0x00000000287b0000)]
  0x000000002598d800 JavaThread "C2 CompilerThread2" daemon [_thread_blocked, id=6600, stack(0x00000000285a0000,0x00000000286a0000)]
  0x0000000026b50000 JavaThread "C2 CompilerThread1" daemon [_thread_blocked, id=6848, stack(0x0000000028480000,0x0000000028580000)]
  0x0000000026b48800 JavaThread "C2 CompilerThread0" daemon [_thread_blocked, id=8048, stack(0x0000000028200000,0x0000000028300000)]
  0x0000000026b45800 JavaThread "Attach Listener" daemon [_thread_blocked, id=7448, stack(0x0000000027c00000,0x0000000027d00000)]
  0x0000000026b44000 JavaThread "Signal Dispatcher" daemon [_thread_blocked, id=7600, stack(0x0000000028000000,0x0000000028100000)]
  0x000000002597d000 JavaThread "Finalizer" daemon [_thread_blocked, id=4324, stack(0x0000000027e60000,0x0000000027f60000)]
  0x0000000026af3000 JavaThread "Reference Handler" daemon [_thread_blocked, id=4464, stack(0x0000000027d00000,0x0000000027e00000)]
=>0x0000000002198000 JavaThread "main" [_thread_in_native, id=5916, stack(0x00000000024f0000,0x00000000025f0000)]

Other Threads:
  0x0000000026af2000 VMThread [stack: 0x0000000027a50000,0x0000000027b50000] [id=6796]
  0x0000000026be1000 WatcherThread [stack: 0x00000000289e0000,0x0000000028ae0000] [id=7644]

VM state:not at safepoint (normal execution)

VM Mutex/Monitor currently owned by a thread: None

Heap:
 PSYoungGen      total 49152K, used 864K [0x0000000715980000, 0x0000000718e80000, 0x00000007c0000000)
  eden space 48128K, 0% used [0x0000000715980000,0x00000007159c1480,0x0000000718880000)
  from space 1024K, 58% used [0x0000000718900000,0x0000000718996f40,0x0000000718a00000)
  to   space 3072K, 0% used [0x0000000718b80000,0x0000000718b80000,0x0000000718e80000)
 ParOldGen       total 349696K, used 109180K [0x00000005c0c00000, 0x00000005d6180000, 0x0000000715980000)
  object space 349696K, 31% used [0x00000005c0c00000,0x00000005c769f390,0x00000005d6180000)
 Metaspace       used 14693K, capacity 15051K, committed 15360K, reserved 1062912K
  class space    used 1637K, capacity 1712K, committed 1792K, reserved 1048576K

Card table byte_map: [0x0000000011c80000,0x0000000012c80000] byte_map_base: 0x000000000ee7a000

Marking Bits: (ParMarkBitMap*) 0x000000006fedd490
 Begin Bits: [0x0000000013ff0000, 0x000000001bfc0000)
 End Bits:   [0x000000001bfc0000, 0x0000000023f90000)

Polling page: 0x0000000000140000

CodeCache: size=245760Kb used=9464Kb max_used=10910Kb free=236295Kb
 bounds [0x00000000028c0000, 0x0000000003380000, 0x00000000118c0000]
 total_blobs=3079 nmethods=2504 adapters=488
 compilation: enabled

Compilation events (10 events):
Event: 110.121 Thread 0x0000000026b50000 3024       4       gameWorldRender::renderGL (215 bytes)
Event: 110.121 Thread 0x000000002598d800 3025       4       gameWorldRender::drawHud (117 bytes)
Event: 110.128 Thread 0x000000002598d800 nmethod 3025 0x0000000002b4c390 code [0x0000000002b4c560, 0x0000000002b4cd10]
Event: 110.154 Thread 0x0000000026b50000 nmethod 3024 0x0000000002c4c690 code [0x0000000002c4cbc0, 0x0000000002c4f0b8]
Event: 111.223 Thread 0x0000000026b48800 3026       4       de.matthiasmann.twl.DialogLayout$GapSpring::getMinSize (10 bytes)
Event: 111.223 Thread 0x000000002598e800 3027       1       de.matthiasmann.twl.Widget::getBorderVertical (10 bytes)
Event: 111.223 Thread 0x000000002598e800 nmethod 3027 0x000000000327c3d0 code [0x000000000327c520, 0x000000000327c630]
Event: 111.224 Thread 0x0000000026b48800 nmethod 3026 0x0000000002df7510 code [0x0000000002df7660, 0x0000000002df7758]
Event: 111.753 Thread 0x000000002598e800 3028       3       de.matthiasmann.twl.renderer.lwjgl.BitmapFont::cleanup (4 bytes)
Event: 111.754 Thread 0x000000002598e800 nmethod 3028 0x0000000002df7dd0 code [0x0000000002df7fc0, 0x0000000002df8718]

GC Heap History (10 events):
Event: 108.475 GC heap before
{Heap before GC invocations=71 (full 0):
 PSYoungGen      total 53248K, used 50979K [0x0000000715980000, 0x0000000719200000, 0x00000007c0000000)
  eden space 50688K, 100% used [0x0000000715980000,0x0000000718b00000,0x0000000718b00000)
  from space 2560K, 11% used [0x0000000718f80000,0x0000000718fc8ee0,0x0000000719200000)
  to   space 3584K, 0% used [0x0000000718b00000,0x0000000718b00000,0x0000000718e80000)
 ParOldGen       total 349696K, used 105715K [0x00000005c0c00000, 0x00000005d6180000, 0x0000000715980000)
  object space 349696K, 30% used [0x00000005c0c00000,0x00000005c733cc30,0x00000005d6180000)
 Metaspace       used 14692K, capacity 15051K, committed 15360K, reserved 1062912K
  class space    used 1637K, capacity 1712K, committed 1792K, reserved 1048576K
Event: 108.476 GC heap after
Heap after GC invocations=71 (full 0):
 PSYoungGen      total 51200K, used 559K [0x0000000715980000, 0x0000000719180000, 0x00000007c0000000)
  eden space 50176K, 0% used [0x0000000715980000,0x0000000715980000,0x0000000718a80000)
  from space 1024K, 54% used [0x0000000718b00000,0x0000000718b8bfb8,0x0000000718c00000)
  to   space 3584K, 0% used [0x0000000718e00000,0x0000000718e00000,0x0000000719180000)
 ParOldGen       total 349696K, used 105739K [0x00000005c0c00000, 0x00000005d6180000, 0x0000000715980000)
  object space 349696K, 30% used [0x00000005c0c00000,0x00000005c7342c30,0x00000005d6180000)
 Metaspace       used 14692K, capacity 15051K, committed 15360K, reserved 1062912K
  class space    used 1637K, capacity 1712K, committed 1792K, reserved 1048576K
}
Event: 109.408 GC heap before
{Heap before GC invocations=72 (full 0):
 PSYoungGen      total 51200K, used 50375K [0x0000000715980000, 0x0000000719180000, 0x00000007c0000000)
  eden space 50176K, 99% used [0x0000000715980000,0x0000000718a25de8,0x0000000718a80000)
  from space 1024K, 54% used [0x0000000718b00000,0x0000000718b8bfb8,0x0000000718c00000)
  to   space 3584K, 0% used [0x0000000718e00000,0x0000000718e00000,0x0000000719180000)
 ParOldGen       total 349696K, used 106763K [0x00000005c0c00000, 0x00000005d6180000, 0x0000000715980000)
  object space 349696K, 30% used [0x00000005c0c00000,0x00000005c7442c40,0x00000005d6180000)
 Metaspace       used 14692K, capacity 15051K, committed 15360K, reserved 1062912K
  class space    used 1637K, capacity 1712K, committed 1792K, reserved 1048576K
Event: 109.410 GC heap after
Heap after GC invocations=72 (full 0):
 PSYoungGen      total 52736K, used 394K [0x0000000715980000, 0x0000000719100000, 0x00000007c0000000)
  eden space 49664K, 0% used [0x0000000715980000,0x0000000715980000,0x0000000718a00000)
  from space 3072K, 12% used [0x0000000718e00000,0x0000000718e62b40,0x0000000719100000)
  to   space 3584K, 0% used [0x0000000718a00000,0x0000000718a00000,0x0000000718d80000)
 ParOldGen       total 349696K, used 106947K [0x00000005c0c00000, 0x00000005d6180000, 0x0000000715980000)
  object space 349696K, 30% used [0x00000005c0c00000,0x00000005c7470c40,0x00000005d6180000)
 Metaspace       used 14692K, capacity 15051K, committed 15360K, reserved 1062912K
  class space    used 1637K, capacity 1712K, committed 1792K, reserved 1048576K
}
Event: 110.300 GC heap before
{Heap before GC invocations=73 (full 0):
 PSYoungGen      total 52736K, used 50058K [0x0000000715980000, 0x0000000719100000, 0x00000007c0000000)
  eden space 49664K, 100% used [0x0000000715980000,0x0000000718a00000,0x0000000718a00000)
  from space 3072K, 12% used [0x0000000718e00000,0x0000000718e62b40,0x0000000719100000)
  to   space 3584K, 0% used [0x0000000718a00000,0x0000000718a00000,0x0000000718d80000)
 ParOldGen       total 349696K, used 106948K [0x00000005c0c00000, 0x00000005d6180000, 0x0000000715980000)
  object space 349696K, 30% used [0x00000005c0c00000,0x00000005c7471398,0x00000005d6180000)
 Metaspace       used 14692K, capacity 15051K, committed 15360K, reserved 1062912K
  class space    used 1637K, capacity 1712K, committed 1792K, reserved 1048576K
Event: 110.301 GC heap after
Heap after GC invocations=73 (full 0):
 PSYoungGen      total 49664K, used 441K [0x0000000715980000, 0x0000000718f80000, 0x00000007c0000000)
  eden space 49152K, 0% used [0x0000000715980000,0x0000000715980000,0x0000000718980000)
  from space 512K, 86% used [0x0000000718a00000,0x0000000718a6e550,0x0000000718a80000)
  to   space 3072K, 0% used [0x0000000718c80000,0x0000000718c80000,0x0000000718f80000)
 ParOldGen       total 349696K, used 106972K [0x00000005c0c00000, 0x00000005d6180000, 0x0000000715980000)
  object space 349696K, 30% used [0x00000005c0c00000,0x00000005c7477398,0x00000005d6180000)
 Metaspace       used 14692K, capacity 15051K, committed 15360K, reserved 1062912K
  class space    used 1637K, capacity 1712K, committed 1792K, reserved 1048576K
}
Event: 111.176 GC heap before
{Heap before GC invocations=74 (full 0):
 PSYoungGen      total 49664K, used 49593K [0x0000000715980000, 0x0000000718f80000, 0x00000007c0000000)
  eden space 49152K, 100% used [0x0000000715980000,0x0000000718980000,0x0000000718980000)
  from space 512K, 86% used [0x0000000718a00000,0x0000000718a6e550,0x0000000718a80000)
  to   space 3072K, 0% used [0x0000000718c80000,0x0000000718c80000,0x0000000718f80000)
 ParOldGen       total 349696K, used 106998K [0x00000005c0c00000, 0x00000005d6180000, 0x0000000715980000)
  object space 349696K, 30% used [0x00000005c0c00000,0x00000005c747daa8,0x00000005d6180000)
 Metaspace       used 14692K, capacity 15051K, committed 15360K, reserved 1062912K
  class space    used 1637K, capacity 1712K, committed 1792K, reserved 1048576K
Event: 111.177 GC heap after
Heap after GC invocations=74 (full 0):
 PSYoungGen      total 51200K, used 327K [0x0000000715980000, 0x0000000718f00000, 0x00000007c0000000)
  eden space 48640K, 0% used [0x0000000715980000,0x0000000715980000,0x0000000718900000)
  from space 2560K, 12% used [0x0000000718c80000,0x0000000718cd1c40,0x0000000718f00000)
  to   space 3072K, 0% used [0x0000000718900000,0x0000000718900000,0x0000000718c00000)
 ParOldGen       total 349696K, used 107038K [0x00000005c0c00000, 0x00000005d6180000, 0x0000000715980000)
  object space 349696K, 30% used [0x00000005c0c00000,0x00000005c7487aa8,0x00000005d6180000)
 Metaspace       used 14692K, capacity 15051K, committed 15360K, reserved 1062912K
  class space    used 1637K, capacity 1712K, committed 1792K, reserved 1048576K
}
Event: 112.057 GC heap before
{Heap before GC invocations=75 (full 0):
 PSYoungGen      total 51200K, used 48967K [0x0000000715980000, 0x0000000718f00000, 0x00000007c0000000)
  eden space 48640K, 100% used [0x0000000715980000,0x0000000718900000,0x0000000718900000)
  from space 2560K, 12% used [0x0000000718c80000,0x0000000718cd1c40,0x0000000718f00000)
  to   space 3072K, 0% used [0x0000000718900000,0x0000000718900000,0x0000000718c00000)
 ParOldGen       total 349696K, used 109156K [0x00000005c0c00000, 0x00000005d6180000, 0x0000000715980000)
  object space 349696K, 31% used [0x00000005c0c00000,0x00000005c7699390,0x00000005d6180000)
 Metaspace       used 14693K, capacity 15051K, committed 15360K, reserved 1062912K
  class space    used 1637K, capacity 1712K, committed 1792K, reserved 1048576K
Event: 112.060 GC heap after
Heap after GC invocations=75 (full 0):
 PSYoungGen      total 49152K, used 603K [0x0000000715980000, 0x0000000718e80000, 0x00000007c0000000)
  eden space 48128K, 0% used [0x0000000715980000,0x0000000715980000,0x0000000718880000)
  from space 1024K, 58% used [0x0000000718900000,0x0000000718996f40,0x0000000718a00000)
  to   space 3072K, 0% used [0x0000000718b80000,0x0000000718b80000,0x0000000718e80000)
 ParOldGen       total 349696K, used 109180K [0x00000005c0c00000, 0x00000005d6180000, 0x0000000715980000)
  object space 349696K, 31% used [0x00000005c0c00000,0x00000005c769f390,0x00000005d6180000)
 Metaspace       used 14693K, capacity 15051K, committed 15360K, reserved 1062912K
  class space    used 1637K, capacity 1712K, committed 1792K, reserved 1048576K
}

Deoptimization events (10 events):
Event: 58.637 Thread 0x0000000002198000 Uncommon trap: reason=bimorphic action=maybe_recompile pc=0x00000000030ee290 method=de.matthiasmann.twl.theme.ImageAdjustments.draw(Lde/matthiasmann/twl/renderer/AnimationState;IIII)V @ 171
Event: 58.649 Thread 0x0000000002198000 Uncommon trap: reason=unreached action=reinterpret pc=0x00000000030f8e40 method=de.matthiasmann.twl.Widget.drawWidget(Lde/matthiasmann/twl/GUI;)V @ 17
Event: 58.649 Thread 0x0000000002198000 Uncommon trap: reason=bimorphic action=maybe_recompile pc=0x00000000030ee290 method=de.matthiasmann.twl.theme.ImageAdjustments.draw(Lde/matthiasmann/twl/renderer/AnimationState;IIII)V @ 171
Event: 58.649 Thread 0x0000000002198000 Uncommon trap: reason=bimorphic action=maybe_recompile pc=0x00000000032d1a70 method=de.matthiasmann.twl.theme.ImageAdjustments.draw(Lde/matthiasmann/twl/renderer/AnimationState;IIII)V @ 171
Event: 88.753 Thread 0x0000000002198000 Uncommon trap: reason=null_check action=make_not_entrant pc=0x0000000003133cf8 method=sun.util.locale.provider.LocaleProviderAdapter.getAdapter(Ljava/lang/Class;Ljava/util/Locale;)Lsun/util/locale/provider/LocaleProviderAdapter; @ 24
Event: 88.754 Thread 0x0000000002198000 Uncommon trap: reason=bimorphic action=maybe_recompile pc=0x0000000003330400 method=de.matthiasmann.twl.Widget.drawWidgetClip(Lde/matthiasmann/twl/GUI;)V @ 29
Event: 88.755 Thread 0x0000000002198000 Uncommon trap: reason=bimorphic action=maybe_recompile pc=0x0000000003330400 method=de.matthiasmann.twl.Widget.drawWidgetClip(Lde/matthiasmann/twl/GUI;)V @ 29
Event: 88.766 Thread 0x0000000002198000 Uncommon trap: reason=bimorphic action=maybe_recompile pc=0x0000000003330400 method=de.matthiasmann.twl.Widget.drawWidgetClip(Lde/matthiasmann/twl/GUI;)V @ 29
Event: 88.790 Thread 0x0000000002198000 Uncommon trap: reason=bimorphic action=maybe_recompile pc=0x0000000003330400 method=de.matthiasmann.twl.Widget.drawWidgetClip(Lde/matthiasmann/twl/GUI;)V @ 29
Event: 88.821 Thread 0x0000000002198000 Uncommon trap: reason=bimorphic action=maybe_recompile pc=0x0000000003344f78 method=de.matthiasmann.twl.Widget.drawWidgetClip(Lde/matthiasmann/twl/GUI;)V @ 29

Internal exceptions (10 events):
Event: 1.316 Thread 0x0000000002198000 Exception <a 'java/security/PrivilegedActionException'> (0x0000000717288ee0) thrown at [D:\re\workspace\8-2-build-windows-amd64-cygwin\jdk8u25\1677\hotspot\src\share\vm\prims\jvm.cpp, line 1312]
Event: 1.345 Thread 0x0000000002198000 Exception <a 'java/security/PrivilegedActionException'> (0x000000071728f8a8) thrown at [D:\re\workspace\8-2-build-windows-amd64-cygwin\jdk8u25\1677\hotspot\src\share\vm\prims\jvm.cpp, line 1312]
Event: 1.347 Thread 0x0000000002198000 Exception <a 'java/security/PrivilegedActionException'> (0x0000000717293960) thrown at [D:\re\workspace\8-2-build-windows-amd64-cygwin\jdk8u25\1677\hotspot\src\share\vm\prims\jvm.cpp, line 1312]
Event: 1.347 Thread 0x0000000002198000 Exception <a 'java/security/PrivilegedActionException'> (0x0000000717297a08) thrown at [D:\re\workspace\8-2-build-windows-amd64-cygwin\jdk8u25\1677\hotspot\src\share\vm\prims\jvm.cpp, line 1312]
Event: 10.916 Thread 0x0000000002198000 Exception <a 'java/security/PrivilegedActionException'> (0x0000000717422b78) thrown at [D:\re\workspace\8-2-build-windows-amd64-cygwin\jdk8u25\1677\hotspot\src\share\vm\prims\jvm.cpp, line 1312]
Event: 10.982 Thread 0x0000000002198000 Exception <a 'java/security/PrivilegedActionException'> (0x0000000718075af8) thrown at [D:\re\workspace\8-2-build-windows-amd64-cygwin\jdk8u25\1677\hotspot\src\share\vm\prims\jvm.cpp, line 1312]
Event: 58.635 Thread 0x0000000002198000 Exception <a 'java/security/PrivilegedActionException'> (0x0000000717a6d400) thrown at [D:\re\workspace\8-2-build-windows-amd64-cygwin\jdk8u25\1677\hotspot\src\share\vm\prims\jvm.cpp, line 1312]
Event: 58.636 Thread 0x0000000002198000 Exception <a 'java/security/PrivilegedActionException'> (0x0000000717a72308) thrown at [D:\re\workspace\8-2-build-windows-amd64-cygwin\jdk8u25\1677\hotspot\src\share\vm\prims\jvm.cpp, line 1312]
Event: 88.753 Thread 0x0000000002198000 Implicit null exception at 0x0000000003133ba1 to 0x0000000003133ceb
Event: 89.972 Thread 0x0000000002198000 Exception <a 'java/security/PrivilegedActionException'> (0x0000000717eb2438) thrown at [D:\re\workspace\8-2-build-windows-amd64-cygwin\jdk8u25\1677\hotspot\src\share\vm\prims\jvm.cpp, line 1312]

Events (10 events):
Event: 109.408 Executing VM operation: ParallelGCSystemGC
Event: 109.410 Executing VM operation: ParallelGCSystemGC done
Event: 110.300 Executing VM operation: ParallelGCFailedAllocation
Event: 110.302 Executing VM operation: ParallelGCFailedAllocation done
Event: 111.174 Executing VM operation: ParallelGCFailedAllocation
Event: 111.174 Executing VM operation: ParallelGCFailedAllocation done
Event: 111.176 Executing VM operation: ParallelGCSystemGC
Event: 111.177 Executing VM operation: ParallelGCSystemGC done
Event: 112.055 Executing VM operation: ParallelGCFailedAllocation
Event: 112.060 Executing VM operation: ParallelGCFailedAllocation done


Dynamic libraries:
0x000000013fd60000 - 0x000000013fd94000 	C:\Program Files\Java\jdk1.8.0_25\bin\java.exe
0x00000000772e0000 - 0x0000000077489000 	C:\Windows\SYSTEM32\ntdll.dll
0x00000000770c0000 - 0x00000000771df000 	C:\Windows\system32\kernel32.dll
0x000007fefc180000 - 0x000007fefc1ec000 	C:\Windows\system32\KERNELBASE.dll
0x000007fefd160000 - 0x000007fefd23b000 	C:\Windows\system32\ADVAPI32.dll
0x000007fefc530000 - 0x000007fefc5cf000 	C:\Windows\system32\msvcrt.dll
0x000007fefc870000 - 0x000007fefc88f000 	C:\Windows\SYSTEM32\sechost.dll
0x000007fefcaf0000 - 0x000007fefcc1d000 	C:\Windows\system32\RPCRT4.dll
0x00000000771e0000 - 0x00000000772da000 	C:\Windows\system32\USER32.dll
0x000007fefc910000 - 0x000007fefc977000 	C:\Windows\system32\GDI32.dll
0x000007fefe7f0000 - 0x000007fefe7fe000 	C:\Windows\system32\LPK.dll
0x000007fefd2e0000 - 0x000007fefd3a9000 	C:\Windows\system32\USP10.dll
0x000007fefab10000 - 0x000007fefad04000 	C:\Windows\WinSxS\amd64_microsoft.windows.common-controls_6595b64144ccf1df_6.0.7601.17514_none_fa396087175ac9ac\COMCTL32.dll
0x000007fefcc20000 - 0x000007fefcc91000 	C:\Windows\system32\SHLWAPI.dll
0x000007fefc4e0000 - 0x000007fefc50e000 	C:\Windows\system32\IMM32.DLL
0x000007fefe410000 - 0x000007fefe519000 	C:\Windows\system32\MSCTF.dll
0x0000000050fd0000 - 0x00000000510a2000 	C:\Program Files\Java\jdk1.8.0_25\jre\bin\msvcr100.dll
0x000000006f700000 - 0x000000006ff5a000 	C:\Program Files\Java\jdk1.8.0_25\jre\bin\server\jvm.dll
0x000007fef7bb0000 - 0x000007fef7bb9000 	C:\Windows\system32\WSOCK32.dll
0x000007fefe3c0000 - 0x000007fefe40d000 	C:\Windows\system32\WS2_32.dll
0x000007fefe800000 - 0x000007fefe808000 	C:\Windows\system32\NSI.dll
0x000007fef9b30000 - 0x000007fef9b6b000 	C:\Windows\system32\WINMM.dll
0x00000000774a0000 - 0x00000000774a7000 	C:\Windows\system32\PSAPI.DLL
0x00000000562c0000 - 0x00000000562cf000 	C:\Program Files\Java\jdk1.8.0_25\jre\bin\verify.dll
0x0000000050fa0000 - 0x0000000050fc8000 	C:\Program Files\Java\jdk1.8.0_25\jre\bin\java.dll
0x0000000050f80000 - 0x0000000050f96000 	C:\Program Files\Java\jdk1.8.0_25\jre\bin\zip.dll
0x000007fefd630000 - 0x000007fefe3b8000 	C:\Windows\system32\SHELL32.dll
0x000007fefcf50000 - 0x000007fefd153000 	C:\Windows\system32\ole32.dll
0x000007fefc130000 - 0x000007fefc13f000 	C:\Windows\system32\profapi.dll
0x000007fefa770000 - 0x000007fefa780000 	C:\Program Files (x86)\JetBrains\IntelliJ IDEA Community Edition 14.0\bin\breakgen64.dll
0x0000000050f40000 - 0x0000000050f5a000 	C:\Program Files\Java\jdk1.8.0_25\jre\bin\net.dll
0x000007fefb8a0000 - 0x000007fefb8f5000 	C:\Windows\system32\mswsock.dll
0x000007fefba70000 - 0x000007fefba77000 	C:\Windows\System32\wship6.dll
0x000007fef42f0000 - 0x000007fef431e000 	C:\projects\game\lwjgl-2.9.1\lib\windows\aparapi_x86_64.dll
0x000007fef42d0000 - 0x000007fef42e5000 	C:\Windows\system32\OpenCL.dll
0x0000000180000000 - 0x0000000180051000 	C:\projects\game\lwjgl-2.9.1\lib\windows\lwjgl64.dll
0x000007fee3f60000 - 0x000007fee407d000 	C:\Windows\system32\OPENGL32.dll
0x000007fef3780000 - 0x000007fef37ad000 	C:\Windows\system32\GLU32.dll
0x000007fee3c80000 - 0x000007fee3d71000 	C:\Windows\system32\DDRAW.dll
0x000007fefa750000 - 0x000007fefa758000 	C:\Windows\system32\DCIMAN32.dll
0x000007fefd450000 - 0x000007fefd627000 	C:\Windows\system32\SETUPAPI.dll
0x000007fefc320000 - 0x000007fefc356000 	C:\Windows\system32\CFGMGR32.dll
0x000007fefe520000 - 0x000007fefe5f7000 	C:\Windows\system32\OLEAUT32.dll
0x000007fefc160000 - 0x000007fefc17a000 	C:\Windows\system32\DEVOBJ.dll
0x000007fefa670000 - 0x000007fefa688000 	C:\Windows\system32\dwmapi.dll
0x000007fefb200000 - 0x000007fefb20c000 	C:\Windows\system32\VERSION.dll
0x000007fefa600000 - 0x000007fefa656000 	C:\Windows\system32\uxtheme.dll
0x0000000069030000 - 0x000000006aed2000 	C:\Windows\system32\nvoglv64.DLL
0x000007fefb380000 - 0x000007fefb391000 	C:\Windows\system32\WTSAPI32.dll
0x000007fefc1f0000 - 0x000007fefc22a000 	C:\Windows\system32\WINTRUST.dll
0x000007fefc370000 - 0x000007fefc4dc000 	C:\Windows\system32\CRYPT32.dll
0x000007fefc140000 - 0x000007fefc14f000 	C:\Windows\system32\MSASN1.dll
0x000007fefb1d0000 - 0x000007fefb1fd000 	C:\Windows\system32\ntmarta.dll
0x000007fefc5d0000 - 0x000007fefc622000 	C:\Windows\system32\WLDAP32.dll
0x000007fefb4c0000 - 0x000007fefb4fd000 	C:\Windows\system32\WINSTA.dll
0x000007fefbfd0000 - 0x000007fefbfdf000 	C:\Windows\system32\CRYPTBASE.dll
0x000007fef9150000 - 0x000007fef91ec000 	C:\Windows\system32\mscms.dll
0x000007fefc2f0000 - 0x000007fefc30e000 	C:\Windows\system32\USERENV.dll
0x000007fef0590000 - 0x000007fef05d2000 	C:\Windows\system32\icm32.dll
0x0000000050da0000 - 0x0000000050f38000 	C:\Program Files\Java\jdk1.8.0_25\jre\bin\awt.dll
0x000007fefbb50000 - 0x000007fefbb67000 	C:\Windows\system32\CRYPTSP.dll
0x000007fefb500000 - 0x000007fefb547000 	C:\Windows\system32\rsaenh.dll
0x000007fef9880000 - 0x000007fef98a7000 	C:\Windows\system32\IPHLPAPI.DLL
0x000007fef9870000 - 0x000007fef987b000 	C:\Windows\system32\WINNSI.DLL
0x000007fef9580000 - 0x000007fef9598000 	C:\Windows\system32\dhcpcsvc.DLL
0x000007fef9560000 - 0x000007fef9571000 	C:\Windows\system32\dhcpcsvc6.DLL
0x000007fee2f00000 - 0x000007fee3c78000 	C:\Windows\System32\nvopencl.dll
0x000007fef8a80000 - 0x000007fef8db9000 	C:\Windows\system32\nvapi64.dll
0x0000000050f60000 - 0x0000000050f71000 	C:\Program Files\Java\jdk1.8.0_25\jre\bin\nio.dll
0x000007fee0680000 - 0x000007fee1a7d000 	C:\Windows\system32\nvcompiler.dll
0x000007fef7840000 - 0x000007fef7965000 	C:\Windows\system32\dbghelp.dll
0x0000000050d50000 - 0x0000000050d97000 	C:\Program Files\Java\jdk1.8.0_25\jre\bin\fontmanager.dll
0x0000000050d00000 - 0x0000000050d41000 	C:\Program Files\Java\jdk1.8.0_25\jre\bin\t2k.dll

VM Arguments:
jvm_args: -Djava.library.path=C:\projects\game\lwjgl-2.9.1\lib\windows -Didea.launcher.port=7537 -Didea.launcher.bin.path=C:\Program Files (x86)\JetBrains\IntelliJ IDEA Community Edition 14.0\bin -Dfile.encoding=UTF-8 
java_command: com.intellij.rt.execution.application.AppMain game
java_class_path (initial): C:\Program Files\Java\jdk1.8.0_25\jre\lib\charsets.jar;C:\Program Files\Java\jdk1.8.0_25\jre\lib\deploy.jar;C:\Program Files\Java\jdk1.8.0_25\jre\lib\javaws.jar;C:\Program Files\Java\jdk1.8.0_25\jre\lib\jce.jar;C:\Program Files\Java\jdk1.8.0_25\jre\lib\jfr.jar;C:\Program Files\Java\jdk1.8.0_25\jre\lib\jfxswt.jar;C:\Program Files\Java\jdk1.8.0_25\jre\lib\jsse.jar;C:\Program Files\Java\jdk1.8.0_25\jre\lib\management-agent.jar;C:\Program Files\Java\jdk1.8.0_25\jre\lib\plugin.jar;C:\Program Files\Java\jdk1.8.0_25\jre\lib\resources.jar;C:\Program Files\Java\jdk1.8.0_25\jre\lib\rt.jar;C:\Program Files\Java\jdk1.8.0_25\jre\lib\ext\access-bridge-64.jar;C:\Program Files\Java\jdk1.8.0_25\jre\lib\ext\cldrdata.jar;C:\Program Files\Java\jdk1.8.0_25\jre\lib\ext\dnsns.jar;C:\Program Files\Java\jdk1.8.0_25\jre\lib\ext\jaccess.jar;C:\Program Files\Java\jdk1.8.0_25\jre\lib\ext\jfxrt.jar;C:\Program Files\Java\jdk1.8.0_25\jre\lib\ext\localedata.jar;C:\Program Files\Java\jdk1.8.0_25\jre\lib\ext\nashorn.jar;C:\Program Files\Java\jdk1.8.0_25\jre\lib\ext\sunec.jar;C:\Program Files\Java\jdk1.8.0_25\jre\lib\ext\sunjce_provider.jar;C:\Program Files\Java\jdk1.8.0_25\jre\lib\ext\sunmscapi.jar;C:\Program Files\Java\jdk1.8.0_25\jre\lib\ext\sunpkcs11.jar;C:\Program Files\Java\jdk1.8.0_25\jre\lib\ext\zipfs.jar;C:\projects\game\out\production\game;C:\projects\game\lwjgl-2.9.1\jar\AppleJavaExtensions.jar;C:\projects\game\lwjgl-2.9.1\jar\asm-debug-all.jar;C:\projects\game\lwjgl-2.9.1\jar\jinput.jar;C:\projects\game\lwjgl-2.9.1\jar\lwjgl.jar;C:\projects\game\lwjgl-2.9.1\jar\lwjgl-debug.jar;C:\projects\game\lwjgl-2.9.1\jar\lwjgl_test.jar;C:\projects\game\lwjgl-2.9.1\jar\lwjgl_util.jar;C:\projects\game\lwjgl-2.9.1\jar\lwjgl_util_applet.jar;C:\projects\game\lwjgl-2.9.1\jar\lzma.jar;C:\projects\game\JCSG-master\build\libs\JCSG-master.jar;C:\projects\game\lwjgl-2.9.1\jar\slick-util.jar;C:\projects\game\twl\TWL.jar;C:\projects\game\twl\TWLEffects.jar;C:\projects\game\aparapi\apar
Launcher Type: SUN_STANDARD

Environment Variables:
JAVA_HOME=C:\Program Files\Java\jdk1.8.0_25
PATH=C:\ProgramData\Oracle\Java\javapath;C:\Program Files (x86)\NVIDIA Corporation\PhysX\Common;C:\Users\user\AMD APP SDK\2.9\bin\x86_64;C:\Users\user\AMD APP SDK\2.9\bin\x86;C:\Program Files (x86)\AMD APP SDK\2.9\bin\x86_64;C:\Program Files (x86)\AMD APP SDK\2.9\bin\x86;C:\Program Files (x86)\Intel\iCLS Client\;C:\Program Files\Intel\iCLS Client\;C:\Windows\system32;C:\Windows;C:\Windows\System32\Wbem;C:\Windows\System32\WindowsPowerShell\v1.0\;C:\Program Files\Intel\Intel(R) Management Engine Components\DAL;C:\Program Files\Intel\Intel(R) Management Engine Components\IPT;C:\Program Files (x86)\Intel\Intel(R) Management Engine Components\DAL;C:\Program Files (x86)\Intel\Intel(R) Management Engine Components\IPT;C:\Program Files\Microsoft SQL Server\110\Tools\Binn\;C:\Program Files\Microsoft Windows Performance Toolkit\;C:\Program Files\nodejs\;C:\Program Files\LuxRender;C:\Program Files\VCG\MeshLab;C:\Program Files (x86)\MySQL\MySQL Utilities 1.4\;C:\Program Files (x86)\MySQL\MySQL Utilities 1.4\Doctrine extensions for PHP\;C:\Program Files (x86)\QuickTime\QTSystem\;C:\Python27;C:\Program Files (x86)\Microsoft Visual Studio 12.0\VC\vcpackages;C:\Users\user\AppData\Roaming\npm;C:\Program Files\apfloat;C:\Program Files (x86)\Kiwix\kiwix\xulrunner;C:\mongodb\bin\;C:\projects\wikirandom\node_modules\forever\bin;C:\Program Files (x86)\JetBrains\WebStorm 7.0.3\jre\bin;C:\Program Files\apache-maven-3.2.2\bin;C:\aparapi;C:\Program Files\VCG\MeshLab;
USERNAME=user
OS=Windows_NT
PROCESSOR_IDENTIFIER=Intel64 Family 6 Model 58 Stepping 9, GenuineIntel



---------------  S Y S T E M  ---------------

OS: Windows 7 , 64 bit Build 7601 Service Pack 1

CPU:total 8 (4 cores per cpu, 2 threads per core) family 6 model 58 stepping 9, cmov, cx8, fxsr, mmx, sse, sse2, sse3, ssse3, sse4.1, sse4.2, popcnt, avx, aes, clmul, erms, ht, tsc, tscinvbit, tscinv

Memory: 4k page, physical 33498820k(19591924k free), swap 66995776k(46466044k free)

vm_info: Java HotSpot(TM) 64-Bit Server VM (25.25-b02) for windows-amd64 JRE (1.8.0_25-b18), built on Oct  7 2014 14:25:37 by "java_re" with MS VC++ 10.0 (VS2010)

time: Sun Dec 28 08:13:38 2014
elapsed time: 112 seconds (0d 0h 1m 52s)

