#
# A fatal error has been detected by the Java Runtime Environment:
#
#  EXCEPTION_ACCESS_VIOLATION (0xc0000005) at pc=0x0000000069719660, pid=7932, tid=7008
#
# JRE version: Java(TM) SE Runtime Environment (8.0_25-b18) (build 1.8.0_25-b18)
# Java VM: Java HotSpot(TM) 64-Bit Server VM (25.25-b02 mixed mode windows-amd64 compressed oops)
# Problematic frame:
# C  [nvoglv64.DLL+0xa99660]
#
# Failed to write core dump. Minidumps are not enabled by default on client versions of Windows
#
# If you would like to submit a bug report, please visit:
#   http://bugreport.sun.com/bugreport/crash.jsp
# The crash happened outside the Java Virtual Machine in native code.
# See problematic frame for where to report the bug.
#

---------------  T H R E A D  ---------------

Current thread (0x0000000002108000):  JavaThread "main" [_thread_in_native, id=7008, stack(0x0000000002320000,0x0000000002420000)]

siginfo: ExceptionCode=0xc0000005, reading address 0x0000000495750040

Registers:
RAX=0x0000000495750060, RBX=0x0000000495750040, RCX=0x000000003984bfd0, RDX=0x0000000495750040
RSP=0x000000000241d708, RBP=0x0000000000000800, RSI=0x0000000000000000, RDI=0x000000003984bfb0
R8 =0x0000000000000020, R9 =0x0000000000000006, R10=0x0000000000000010, R11=0x0000000000000006
R12=0x0000000000000000, R13=0x0000000069736370, R14=0x00000000000000fe, R15=0x0000000000000000
RIP=0x0000000069719660, EFLAGS=0x0000000000010202

Top of Stack: (sp=0x000000000241d708)
0x000000000241d708:   000000006971928d 0000000000000001
0x000000000241d718:   0000000495750040 0000000000000001
0x000000000241d728:   0000000069721881 0000000000000200
0x000000000241d738:   000000002b593440 0000000495750040
0x000000000241d748:   00000000000000ff 000000003984bfb0
0x000000000241d758:   0000000069656070 0000000000000800
0x000000000241d768:   0000000000000800 0000000000000200
0x000000000241d778:   0000000000000001 0000000069736370
0x000000000241d788:   0000000000000000 0000000000000000
0x000000000241d798:   0000000000000000 0000000033436fdc
0x000000000241d7a8:   0000000400000000 000000000241db34
0x000000000241d7b8:   00000004b1d00002 000000000241db60
0x000000000241d7c8:   0000000033457cf0 0000020000000000
0x000000000241d7d8:   0000000000000010 0000000000000000
0x000000000241d7e8:   000000ff00000000 00000000000000ff
0x000000000241d7f8:   0000000000100000 000000003984bfb0 

Instructions: (pc=0x0000000069719660)
0x0000000069719640:   8d 40 40 0f 11 41 d0 49 ff c8 75 d4 c3 4d 85 c0
0x0000000069719650:   74 3a 48 83 c1 20 48 8d 42 20 66 0f 1f 44 00 00
0x0000000069719660:   0f 28 58 e0 0f 28 50 f0 0f 28 08 48 8d 49 40 0f
0x0000000069719670:   28 40 10 0f 29 59 a0 0f 29 51 b0 48 8d 40 40 0f 


Register to memory mapping:

RAX=0x0000000495750060 is an unknown value
RBX=0x0000000495750040 is an unknown value
RCX=0x000000003984bfd0 is an unknown value
RDX=0x0000000495750040 is an unknown value
RSP=0x000000000241d708 is pointing into the stack for thread: 0x0000000002108000
RBP=0x0000000000000800 is an unknown value
RSI=0x0000000000000000 is an unknown value
RDI=0x000000003984bfb0 is an unknown value
R8 =0x0000000000000020 is an unknown value
R9 =0x0000000000000006 is an unknown value
R10=0x0000000000000010 is an unknown value
R11=0x0000000000000006 is an unknown value
R12=0x0000000000000000 is an unknown value
R13=0x0000000069736370 is an unknown value
R14=0x00000000000000fe is an unknown value
R15=0x0000000000000000 is an unknown value


Stack: [0x0000000002320000,0x0000000002420000],  sp=0x000000000241d708,  free space=1013k
Native frames: (J=compiled Java code, j=interpreted, Vv=VM code, C=native code)
C  [nvoglv64.DLL+0xa99660]

Java frames: (J=compiled Java code, j=interpreted, Vv=VM code)
J 2649  org.lwjgl.opengl.GL11.nglTexImage2D(IIIIIIIIJJ)V (0 bytes) @ 0x00000000027f11c5 [0x00000000027f1140+0x85]
J 2616 C1 org.lwjgl.opengl.GL11.glTexImage2D(IIIIIIIILjava/nio/ByteBuffer;)V (67 bytes) @ 0x00000000030e2a54 [0x00000000030e1d00+0xd54]
J 1884 C2 factory.TextureFactory.loadTexture(Ljava/awt/image/BufferedImage;)I (243 bytes) @ 0x0000000002d91d7c [0x0000000002d91160+0xc1c]
J 2820 C2 factory.TextureFactory.proceduralTexture(Ljava/lang/String;)I (135 bytes) @ 0x0000000002eaea54 [0x0000000002eae260+0x7f4]
J 2936 C2 gameWorldRender.drawHud()V (117 bytes) @ 0x00000000027ff388 [0x00000000027feea0+0x4e8]
J 2938 C2 gameWorldRender.renderGL()V (215 bytes) @ 0x0000000002dcdfc0 [0x0000000002dcb4a0+0x2b20]
j  gameWorldRender.start()V+109
j  game.main([Ljava/lang/String;)V+60
v  ~StubRoutines::call_stub
j  sun.reflect.NativeMethodAccessorImpl.invoke0(Ljava/lang/reflect/Method;Ljava/lang/Object;[Ljava/lang/Object;)Ljava/lang/Object;+0
j  sun.reflect.NativeMethodAccessorImpl.invoke(Ljava/lang/Object;[Ljava/lang/Object;)Ljava/lang/Object;+100
j  sun.reflect.DelegatingMethodAccessorImpl.invoke(Ljava/lang/Object;[Ljava/lang/Object;)Ljava/lang/Object;+6
j  java.lang.reflect.Method.invoke(Ljava/lang/Object;[Ljava/lang/Object;)Ljava/lang/Object;+56
j  com.intellij.rt.execution.application.AppMain.main([Ljava/lang/String;)V+163
v  ~StubRoutines::call_stub

---------------  P R O C E S S  ---------------

Java Threads: ( => current thread )
  0x00000000314e4000 JavaThread "LWJGL Timer" daemon [_thread_blocked, id=7148, stack(0x0000000038920000,0x0000000038a20000)]
  0x0000000031272000 JavaThread "Java2D Disposer" daemon [_thread_blocked, id=4692, stack(0x00000000354c0000,0x00000000355c0000)]
  0x0000000026d95800 JavaThread "Thread-2" [_thread_in_native, id=1832, stack(0x000000002a520000,0x000000002a620000)]
  0x0000000026ddf800 JavaThread "Thread-1" [_thread_blocked, id=6736, stack(0x000000002a3d0000,0x000000002a4d0000)]
  0x0000000026d32000 JavaThread "Monitor Ctrl-Break" daemon [_thread_in_native, id=5320, stack(0x0000000028ad0000,0x0000000028bd0000)]
  0x0000000026b34000 JavaThread "Service Thread" daemon [_thread_blocked, id=7320, stack(0x0000000028720000,0x0000000028820000)]
  0x0000000026ab7800 JavaThread "C1 CompilerThread3" daemon [_thread_blocked, id=7112, stack(0x0000000028480000,0x0000000028580000)]
  0x0000000026aa5000 JavaThread "C2 CompilerThread2" daemon [_thread_blocked, id=6216, stack(0x00000000285e0000,0x00000000286e0000)]
  0x0000000026a99000 JavaThread "C2 CompilerThread1" daemon [_thread_blocked, id=6248, stack(0x0000000028340000,0x0000000028440000)]
  0x0000000026a91800 JavaThread "C2 CompilerThread0" daemon [_thread_blocked, id=5936, stack(0x0000000027e40000,0x0000000027f40000)]
  0x0000000026a8e000 JavaThread "Attach Listener" daemon [_thread_blocked, id=7684, stack(0x0000000028100000,0x0000000028200000)]
  0x0000000026a8c800 JavaThread "Signal Dispatcher" daemon [_thread_blocked, id=6576, stack(0x0000000027fa0000,0x00000000280a0000)]
  0x00000000258ca800 JavaThread "Finalizer" daemon [_thread_blocked, id=4000, stack(0x0000000027cd0000,0x0000000027dd0000)]
  0x00000000258c4800 JavaThread "Reference Handler" daemon [_thread_blocked, id=5076, stack(0x0000000027af0000,0x0000000027bf0000)]
=>0x0000000002108000 JavaThread "main" [_thread_in_native, id=7008, stack(0x0000000002320000,0x0000000002420000)]

Other Threads:
  0x00000000258bf800 VMThread [stack: 0x00000000279c0000,0x0000000027ac0000] [id=7048]
  0x0000000026b35000 WatcherThread [stack: 0x0000000028880000,0x0000000028980000] [id=7852]

VM state:not at safepoint (normal execution)

VM Mutex/Monitor currently owned by a thread: None

Heap:
 PSYoungGen      total 43008K, used 1075K [0x0000000715980000, 0x0000000718580000, 0x00000007c0000000)
  eden space 40960K, 1% used [0x0000000715980000,0x0000000715a14050,0x0000000718180000)
  from space 2048K, 23% used [0x0000000718180000,0x00000007181f8d30,0x0000000718380000)
  to   space 2048K, 0% used [0x0000000718380000,0x0000000718380000,0x0000000718580000)
 ParOldGen       total 349696K, used 165892K [0x00000005c0c00000, 0x00000005d6180000, 0x0000000715980000)
  object space 349696K, 47% used [0x00000005c0c00000,0x00000005cae010a0,0x00000005d6180000)
 Metaspace       used 14689K, capacity 14987K, committed 15104K, reserved 1062912K
  class space    used 1638K, capacity 1712K, committed 1792K, reserved 1048576K

Card table byte_map: [0x0000000011ab0000,0x0000000012ab0000] byte_map_base: 0x000000000ecaa000

Marking Bits: (ParMarkBitMap*) 0x00000000704dd490
 Begin Bits: [0x0000000013f40000, 0x000000001bf10000)
 End Bits:   [0x000000001bf10000, 0x0000000023ee0000)

Polling page: 0x0000000000440000

CodeCache: size=245760Kb used=9231Kb max_used=10325Kb free=236528Kb
 bounds [0x00000000026f0000, 0x0000000003110000, 0x00000000116f0000]
 total_blobs=3043 nmethods=2468 adapters=488
 compilation: enabled

Compilation events (10 events):
Event: 128.164 Thread 0x0000000026a91800 2960       4       de.matthiasmann.twl.GUI::setTooltip (409 bytes)
Event: 128.167 Thread 0x0000000026a91800 nmethod 2960 0x0000000002cc1790 code [0x0000000002cc1900, 0x0000000002cc1c08]
Event: 128.306 Thread 0x0000000026a99000 2961       4       sun.java2d.DefaultDisposerRecord::dispose (12 bytes)
Event: 128.306 Thread 0x0000000026a99000 nmethod 2961 0x0000000002d40450 code [0x0000000002d405a0, 0x0000000002d40628]
Event: 129.347 Thread 0x0000000026aa5000 2962  s    4       sun.java2d.Disposer::add (61 bytes)
Event: 129.350 Thread 0x0000000026aa5000 nmethod 2962 0x0000000002a4d7d0 code [0x0000000002a4d960, 0x0000000002a4ddf8]
Event: 132.614 Thread 0x0000000026a91800 2963       4       sun.java2d.Disposer::addRecord (17 bytes)
Event: 132.617 Thread 0x0000000026a91800 nmethod 2963 0x0000000002a97c50 code [0x0000000002a97de0, 0x0000000002a98358]
Event: 154.460 Thread 0x0000000026a99000 2964   !   4       sun.java2d.Disposer::clearDeferredRecords (70 bytes)
Event: 154.461 Thread 0x0000000026a99000 nmethod 2964 0x0000000002c24a50 code [0x0000000002c24b80, 0x0000000002c24bd8]

GC Heap History (10 events):
Event: 151.803 GC heap before
{Heap before GC invocations=133 (full 0):
 PSYoungGen      total 43008K, used 41557K [0x0000000715980000, 0x0000000718580000, 0x00000007c0000000)
  eden space 40960K, 99% used [0x0000000715980000,0x0000000718176698,0x0000000718180000)
  from space 2048K, 31% used [0x0000000718380000,0x000000071841f158,0x0000000718580000)
  to   space 2048K, 0% used [0x0000000718180000,0x0000000718180000,0x0000000718380000)
 ParOldGen       total 349696K, used 161642K [0x00000005c0c00000, 0x00000005d6180000, 0x0000000715980000)
  object space 349696K, 46% used [0x00000005c0c00000,0x00000005ca9dabd0,0x00000005d6180000)
 Metaspace       used 14689K, capacity 14987K, committed 15104K, reserved 1062912K
  class space    used 1638K, capacity 1712K, committed 1792K, reserved 1048576K
Event: 151.805 GC heap after
Heap after GC invocations=133 (full 0):
 PSYoungGen      total 43008K, used 1533K [0x0000000715980000, 0x0000000718580000, 0x00000007c0000000)
  eden space 40960K, 0% used [0x0000000715980000,0x0000000715980000,0x0000000718180000)
  from space 2048K, 74% used [0x0000000718180000,0x00000007182ff6c0,0x0000000718380000)
  to   space 2048K, 0% used [0x0000000718380000,0x0000000718380000,0x0000000718580000)
 ParOldGen       total 349696K, used 163714K [0x00000005c0c00000, 0x00000005d6180000, 0x0000000715980000)
  object space 349696K, 46% used [0x00000005c0c00000,0x00000005cabe0bf0,0x00000005d6180000)
 Metaspace       used 14689K, capacity 14987K, committed 15104K, reserved 1062912K
  class space    used 1638K, capacity 1712K, committed 1792K, reserved 1048576K
}
Event: 152.504 GC heap before
{Heap before GC invocations=134 (full 0):
 PSYoungGen      total 43008K, used 42493K [0x0000000715980000, 0x0000000718580000, 0x00000007c0000000)
  eden space 40960K, 100% used [0x0000000715980000,0x0000000718180000,0x0000000718180000)
  from space 2048K, 74% used [0x0000000718180000,0x00000007182ff6c0,0x0000000718380000)
  to   space 2048K, 0% used [0x0000000718380000,0x0000000718380000,0x0000000718580000)
 ParOldGen       total 349696K, used 165764K [0x00000005c0c00000, 0x00000005d6180000, 0x0000000715980000)
  object space 349696K, 47% used [0x00000005c0c00000,0x00000005cade10a0,0x00000005d6180000)
 Metaspace       used 14689K, capacity 14987K, committed 15104K, reserved 1062912K
  class space    used 1638K, capacity 1712K, committed 1792K, reserved 1048576K
Event: 152.505 GC heap after
Heap after GC invocations=134 (full 0):
 PSYoungGen      total 43008K, used 511K [0x0000000715980000, 0x0000000718580000, 0x00000007c0000000)
  eden space 40960K, 0% used [0x0000000715980000,0x0000000715980000,0x0000000718180000)
  from space 2048K, 24% used [0x0000000718380000,0x00000007183ffc98,0x0000000718580000)
  to   space 2048K, 0% used [0x0000000718180000,0x0000000718180000,0x0000000718380000)
 ParOldGen       total 349696K, used 165788K [0x00000005c0c00000, 0x00000005d6180000, 0x0000000715980000)
  object space 349696K, 47% used [0x00000005c0c00000,0x00000005cade70a0,0x00000005d6180000)
 Metaspace       used 14689K, capacity 14987K, committed 15104K, reserved 1062912K
  class space    used 1638K, capacity 1712K, committed 1792K, reserved 1048576K
}
Event: 153.184 GC heap before
{Heap before GC invocations=135 (full 0):
 PSYoungGen      total 43008K, used 41471K [0x0000000715980000, 0x0000000718580000, 0x00000007c0000000)
  eden space 40960K, 100% used [0x0000000715980000,0x0000000718180000,0x0000000718180000)
  from space 2048K, 24% used [0x0000000718380000,0x00000007183ffc98,0x0000000718580000)
  to   space 2048K, 0% used [0x0000000718180000,0x0000000718180000,0x0000000718380000)
 ParOldGen       total 349696K, used 165788K [0x00000005c0c00000, 0x00000005d6180000, 0x0000000715980000)
  object space 349696K, 47% used [0x00000005c0c00000,0x00000005cade70a0,0x00000005d6180000)
 Metaspace       used 14689K, capacity 14987K, committed 15104K, reserved 1062912K
  class space    used 1638K, capacity 1712K, committed 1792K, reserved 1048576K
Event: 153.185 GC heap after
Heap after GC invocations=135 (full 0):
 PSYoungGen      total 43008K, used 480K [0x0000000715980000, 0x0000000718580000, 0x00000007c0000000)
  eden space 40960K, 0% used [0x0000000715980000,0x0000000715980000,0x0000000718180000)
  from space 2048K, 23% used [0x0000000718180000,0x00000007181f8280,0x0000000718380000)
  to   space 2048K, 0% used [0x0000000718380000,0x0000000718380000,0x0000000718580000)
 ParOldGen       total 349696K, used 165812K [0x00000005c0c00000, 0x00000005d6180000, 0x0000000715980000)
  object space 349696K, 47% used [0x00000005c0c00000,0x00000005caded0a0,0x00000005d6180000)
 Metaspace       used 14689K, capacity 14987K, committed 15104K, reserved 1062912K
  class space    used 1638K, capacity 1712K, committed 1792K, reserved 1048576K
}
Event: 153.831 GC heap before
{Heap before GC invocations=136 (full 0):
 PSYoungGen      total 43008K, used 41418K [0x0000000715980000, 0x0000000718580000, 0x00000007c0000000)
  eden space 40960K, 99% used [0x0000000715980000,0x000000071817a8d0,0x0000000718180000)
  from space 2048K, 23% used [0x0000000718180000,0x00000007181f8280,0x0000000718380000)
  to   space 2048K, 0% used [0x0000000718380000,0x0000000718380000,0x0000000718580000)
 ParOldGen       total 349696K, used 165812K [0x00000005c0c00000, 0x00000005d6180000, 0x0000000715980000)
  object space 349696K, 47% used [0x00000005c0c00000,0x00000005caded0a0,0x00000005d6180000)
 Metaspace       used 14689K, capacity 14987K, committed 15104K, reserved 1062912K
  class space    used 1638K, capacity 1712K, committed 1792K, reserved 1048576K
Event: 153.833 GC heap after
Heap after GC invocations=136 (full 0):
 PSYoungGen      total 43008K, used 481K [0x0000000715980000, 0x0000000718580000, 0x00000007c0000000)
  eden space 40960K, 0% used [0x0000000715980000,0x0000000715980000,0x0000000718180000)
  from space 2048K, 23% used [0x0000000718380000,0x00000007183f87d8,0x0000000718580000)
  to   space 2048K, 0% used [0x0000000718180000,0x0000000718180000,0x0000000718380000)
 ParOldGen       total 349696K, used 165836K [0x00000005c0c00000, 0x00000005d6180000, 0x0000000715980000)
  object space 349696K, 47% used [0x00000005c0c00000,0x00000005cadf30a0,0x00000005d6180000)
 Metaspace       used 14689K, capacity 14987K, committed 15104K, reserved 1062912K
  class space    used 1638K, capacity 1712K, committed 1792K, reserved 1048576K
}
Event: 154.456 GC heap before
{Heap before GC invocations=137 (full 0):
 PSYoungGen      total 43008K, used 41441K [0x0000000715980000, 0x0000000718580000, 0x00000007c0000000)
  eden space 40960K, 100% used [0x0000000715980000,0x0000000718180000,0x0000000718180000)
  from space 2048K, 23% used [0x0000000718380000,0x00000007183f87d8,0x0000000718580000)
  to   space 2048K, 0% used [0x0000000718180000,0x0000000718180000,0x0000000718380000)
 ParOldGen       total 349696K, used 165836K [0x00000005c0c00000, 0x00000005d6180000, 0x0000000715980000)
  object space 349696K, 47% used [0x00000005c0c00000,0x00000005cadf30a0,0x00000005d6180000)
 Metaspace       used 14689K, capacity 14987K, committed 15104K, reserved 1062912K
  class space    used 1638K, capacity 1712K, committed 1792K, reserved 1048576K
Event: 154.459 GC heap after
Heap after GC invocations=137 (full 0):
 PSYoungGen      total 43008K, used 483K [0x0000000715980000, 0x0000000718580000, 0x00000007c0000000)
  eden space 40960K, 0% used [0x0000000715980000,0x0000000715980000,0x0000000718180000)
  from space 2048K, 23% used [0x0000000718180000,0x00000007181f8d30,0x0000000718380000)
  to   space 2048K, 0% used [0x0000000718380000,0x0000000718380000,0x0000000718580000)
 ParOldGen       total 349696K, used 165892K [0x00000005c0c00000, 0x00000005d6180000, 0x0000000715980000)
  object space 349696K, 47% used [0x00000005c0c00000,0x00000005cae010a0,0x00000005d6180000)
 Metaspace       used 14689K, capacity 14987K, committed 15104K, reserved 1062912K
  class space    used 1638K, capacity 1712K, committed 1792K, reserved 1048576K
}

Deoptimization events (10 events):
Event: 1.147 Thread 0x0000000002108000 Uncommon trap: reason=unreached action=reinterpret pc=0x00000000029ff1dc method=java.util.Formatter$FormatSpecifier.precision(Ljava/lang/String;)I @ 6
Event: 1.147 Thread 0x0000000002108000 Uncommon trap: reason=class_check action=maybe_recompile pc=0x00000000029bfa48 method=java.util.regex.Pattern$Curly.match0(Ljava/util/regex/Matcher;IILjava/lang/CharSequence;)Z @ 31
Event: 1.147 Thread 0x0000000002108000 Uncommon trap: reason=class_check action=maybe_recompile pc=0x00000000029bfa48 method=java.util.regex.Pattern$Curly.match0(Ljava/util/regex/Matcher;IILjava/lang/CharSequence;)Z @ 31
Event: 1.176 Thread 0x0000000002108000 Uncommon trap: reason=unreached action=reinterpret pc=0x0000000002d29374 method=java.lang.ref.SoftReference.get()Ljava/lang/Object; @ 6
Event: 44.501 Thread 0x0000000002108000 Uncommon trap: reason=unreached action=reinterpret pc=0x0000000002ed8a80 method=de.matthiasmann.twl.Widget.drawWidget(Lde/matthiasmann/twl/GUI;)V @ 17
Event: 44.502 Thread 0x0000000002108000 Uncommon trap: reason=bimorphic action=maybe_recompile pc=0x0000000002f20cd0 method=de.matthiasmann.twl.theme.ImageAdjustments.draw(Lde/matthiasmann/twl/renderer/AnimationState;IIII)V @ 171
Event: 44.502 Thread 0x0000000002108000 Uncommon trap: reason=bimorphic action=maybe_recompile pc=0x0000000002f20cd0 method=de.matthiasmann.twl.theme.ImageAdjustments.draw(Lde/matthiasmann/twl/renderer/AnimationState;IIII)V @ 171
Event: 44.502 Thread 0x0000000002108000 Uncommon trap: reason=bimorphic action=maybe_recompile pc=0x0000000002f20cd0 method=de.matthiasmann.twl.theme.ImageAdjustments.draw(Lde/matthiasmann/twl/renderer/AnimationState;IIII)V @ 171
Event: 44.520 Thread 0x0000000002108000 Uncommon trap: reason=bimorphic action=maybe_recompile pc=0x0000000002f20cd0 method=de.matthiasmann.twl.theme.ImageAdjustments.draw(Lde/matthiasmann/twl/renderer/AnimationState;IIII)V @ 171
Event: 44.520 Thread 0x0000000002108000 Uncommon trap: reason=bimorphic action=maybe_recompile pc=0x00000000030cb260 method=de.matthiasmann.twl.theme.ImageAdjustments.draw(Lde/matthiasmann/twl/renderer/AnimationState;IIII)V @ 171

Internal exceptions (10 events):
Event: 1.234 Thread 0x0000000002108000 Exception <a 'java/security/PrivilegedActionException'> (0x0000000717edf850) thrown at [D:\re\workspace\8-2-build-windows-amd64-cygwin\jdk8u25\1677\hotspot\src\share\vm\prims\jvm.cpp, line 1312]
Event: 1.236 Thread 0x0000000002108000 Exception <a 'java/security/PrivilegedActionException'> (0x0000000717ee50b0) thrown at [D:\re\workspace\8-2-build-windows-amd64-cygwin\jdk8u25\1677\hotspot\src\share\vm\prims\jvm.cpp, line 1312]
Event: 1.245 Thread 0x0000000002108000 Exception <a 'java/security/PrivilegedActionException'> (0x0000000717eeba78) thrown at [D:\re\workspace\8-2-build-windows-amd64-cygwin\jdk8u25\1677\hotspot\src\share\vm\prims\jvm.cpp, line 1312]
Event: 1.247 Thread 0x0000000002108000 Exception <a 'java/security/PrivilegedActionException'> (0x0000000717eefb30) thrown at [D:\re\workspace\8-2-build-windows-amd64-cygwin\jdk8u25\1677\hotspot\src\share\vm\prims\jvm.cpp, line 1312]
Event: 1.247 Thread 0x0000000002108000 Exception <a 'java/security/PrivilegedActionException'> (0x0000000717ef3bd8) thrown at [D:\re\workspace\8-2-build-windows-amd64-cygwin\jdk8u25\1677\hotspot\src\share\vm\prims\jvm.cpp, line 1312]
Event: 32.949 Thread 0x0000000002108000 Exception <a 'java/security/PrivilegedActionException'> (0x0000000717cd8aa0) thrown at [D:\re\workspace\8-2-build-windows-amd64-cygwin\jdk8u25\1677\hotspot\src\share\vm\prims\jvm.cpp, line 1312]
Event: 43.665 Thread 0x0000000002108000 Exception <a 'java/security/PrivilegedActionException'> (0x0000000719a63a10) thrown at [D:\re\workspace\8-2-build-windows-amd64-cygwin\jdk8u25\1677\hotspot\src\share\vm\prims\jvm.cpp, line 1312]
Event: 43.692 Thread 0x0000000002108000 Exception <a 'java/security/PrivilegedActionException'> (0x0000000719b833a8) thrown at [D:\re\workspace\8-2-build-windows-amd64-cygwin\jdk8u25\1677\hotspot\src\share\vm\prims\jvm.cpp, line 1312]
Event: 44.500 Thread 0x0000000002108000 Exception <a 'java/security/PrivilegedActionException'> (0x00000007169ef7e8) thrown at [D:\re\workspace\8-2-build-windows-amd64-cygwin\jdk8u25\1677\hotspot\src\share\vm\prims\jvm.cpp, line 1312]
Event: 44.500 Thread 0x0000000002108000 Exception <a 'java/security/PrivilegedActionException'> (0x00000007169f46f0) thrown at [D:\re\workspace\8-2-build-windows-amd64-cygwin\jdk8u25\1677\hotspot\src\share\vm\prims\jvm.cpp, line 1312]

Events (10 events):
Event: 151.805 Executing VM operation: ParallelGCSystemGC done
Event: 152.504 Executing VM operation: ParallelGCFailedAllocation
Event: 152.505 Executing VM operation: ParallelGCFailedAllocation done
Event: 153.184 Executing VM operation: ParallelGCFailedAllocation
Event: 153.185 Executing VM operation: ParallelGCFailedAllocation done
Event: 153.831 Executing VM operation: ParallelGCFailedAllocation
Event: 153.833 Executing VM operation: ParallelGCFailedAllocation done
Event: 154.456 Executing VM operation: ParallelGCFailedAllocation
Event: 154.459 Executing VM operation: ParallelGCFailedAllocation done
Event: 154.461 Thread 0x0000000026a99000 flushing nmethod 0x00000000030ca090


Dynamic libraries:
0x000000013f7e0000 - 0x000000013f814000 	C:\Program Files\Java\jdk1.8.0_25\bin\java.exe
0x00000000772e0000 - 0x0000000077489000 	C:\Windows\SYSTEM32\ntdll.dll
0x00000000770c0000 - 0x00000000771df000 	C:\Windows\system32\kernel32.dll
0x000007fefc180000 - 0x000007fefc1ec000 	C:\Windows\system32\KERNELBASE.dll
0x000007fefd160000 - 0x000007fefd23b000 	C:\Windows\system32\ADVAPI32.dll
0x000007fefc530000 - 0x000007fefc5cf000 	C:\Windows\system32\msvcrt.dll
0x000007fefc870000 - 0x000007fefc88f000 	C:\Windows\SYSTEM32\sechost.dll
0x000007fefcaf0000 - 0x000007fefcc1d000 	C:\Windows\system32\RPCRT4.dll
0x00000000771e0000 - 0x00000000772da000 	C:\Windows\system32\USER32.dll
0x000007fefc910000 - 0x000007fefc977000 	C:\Windows\system32\GDI32.dll
0x000007fefe7f0000 - 0x000007fefe7fe000 	C:\Windows\system32\LPK.dll
0x000007fefd2e0000 - 0x000007fefd3a9000 	C:\Windows\system32\USP10.dll
0x000007fefab10000 - 0x000007fefad04000 	C:\Windows\WinSxS\amd64_microsoft.windows.common-controls_6595b64144ccf1df_6.0.7601.17514_none_fa396087175ac9ac\COMCTL32.dll
0x000007fefcc20000 - 0x000007fefcc91000 	C:\Windows\system32\SHLWAPI.dll
0x000007fefc4e0000 - 0x000007fefc50e000 	C:\Windows\system32\IMM32.DLL
0x000007fefe410000 - 0x000007fefe519000 	C:\Windows\system32\MSCTF.dll
0x0000000050fd0000 - 0x00000000510a2000 	C:\Program Files\Java\jdk1.8.0_25\jre\bin\msvcr100.dll
0x000000006fd00000 - 0x000000007055a000 	C:\Program Files\Java\jdk1.8.0_25\jre\bin\server\jvm.dll
0x000007fef7bb0000 - 0x000007fef7bb9000 	C:\Windows\system32\WSOCK32.dll
0x000007fefe3c0000 - 0x000007fefe40d000 	C:\Windows\system32\WS2_32.dll
0x000007fefe800000 - 0x000007fefe808000 	C:\Windows\system32\NSI.dll
0x000007fef9b30000 - 0x000007fef9b6b000 	C:\Windows\system32\WINMM.dll
0x00000000774a0000 - 0x00000000774a7000 	C:\Windows\system32\PSAPI.DLL
0x0000000055ba0000 - 0x0000000055baf000 	C:\Program Files\Java\jdk1.8.0_25\jre\bin\verify.dll
0x0000000050fa0000 - 0x0000000050fc8000 	C:\Program Files\Java\jdk1.8.0_25\jre\bin\java.dll
0x0000000050f80000 - 0x0000000050f96000 	C:\Program Files\Java\jdk1.8.0_25\jre\bin\zip.dll
0x000007fefd630000 - 0x000007fefe3b8000 	C:\Windows\system32\SHELL32.dll
0x000007fefcf50000 - 0x000007fefd153000 	C:\Windows\system32\ole32.dll
0x000007fefc130000 - 0x000007fefc13f000 	C:\Windows\system32\profapi.dll
0x000007fefa770000 - 0x000007fefa780000 	C:\Program Files (x86)\JetBrains\IntelliJ IDEA Community Edition 14.0\bin\breakgen64.dll
0x0000000050f60000 - 0x0000000050f7a000 	C:\Program Files\Java\jdk1.8.0_25\jre\bin\net.dll
0x000007fefb8a0000 - 0x000007fefb8f5000 	C:\Windows\system32\mswsock.dll
0x000007fefba70000 - 0x000007fefba77000 	C:\Windows\System32\wship6.dll
0x000007fef3ef0000 - 0x000007fef3f1e000 	C:\projects\game\lwjgl-2.9.1\lib\windows\aparapi_x86_64.dll
0x000007fef4300000 - 0x000007fef4315000 	C:\Windows\system32\OpenCL.dll
0x0000000180000000 - 0x0000000180051000 	C:\projects\game\lwjgl-2.9.1\lib\windows\lwjgl64.dll
0x000007fee8350000 - 0x000007fee846d000 	C:\Windows\system32\OPENGL32.dll
0x000007fef42d0000 - 0x000007fef42fd000 	C:\Windows\system32\GLU32.dll
0x000007fee7450000 - 0x000007fee7541000 	C:\Windows\system32\DDRAW.dll
0x000007fefa750000 - 0x000007fefa758000 	C:\Windows\system32\DCIMAN32.dll
0x000007fefd450000 - 0x000007fefd627000 	C:\Windows\system32\SETUPAPI.dll
0x000007fefc320000 - 0x000007fefc356000 	C:\Windows\system32\CFGMGR32.dll
0x000007fefe520000 - 0x000007fefe5f7000 	C:\Windows\system32\OLEAUT32.dll
0x000007fefc160000 - 0x000007fefc17a000 	C:\Windows\system32\DEVOBJ.dll
0x000007fefa670000 - 0x000007fefa688000 	C:\Windows\system32\dwmapi.dll
0x000007fefb200000 - 0x000007fefb20c000 	C:\Windows\system32\VERSION.dll
0x000007fef9880000 - 0x000007fef98a7000 	C:\Windows\system32\IPHLPAPI.DLL
0x000007fef9870000 - 0x000007fef987b000 	C:\Windows\system32\WINNSI.DLL
0x000007fef9580000 - 0x000007fef9598000 	C:\Windows\system32\dhcpcsvc.DLL
0x000007fef9560000 - 0x000007fef9571000 	C:\Windows\system32\dhcpcsvc6.DLL
0x000007fefa600000 - 0x000007fefa656000 	C:\Windows\system32\uxtheme.dll
0x0000000068c80000 - 0x000000006ab22000 	C:\Windows\system32\nvoglv64.DLL
0x000007fefb380000 - 0x000007fefb391000 	C:\Windows\system32\WTSAPI32.dll
0x000007fefc1f0000 - 0x000007fefc22a000 	C:\Windows\system32\WINTRUST.dll
0x000007fefc370000 - 0x000007fefc4dc000 	C:\Windows\system32\CRYPT32.dll
0x000007fefc140000 - 0x000007fefc14f000 	C:\Windows\system32\MSASN1.dll
0x000007fefb1d0000 - 0x000007fefb1fd000 	C:\Windows\system32\ntmarta.dll
0x000007fefc5d0000 - 0x000007fefc622000 	C:\Windows\system32\WLDAP32.dll
0x000007fefb4c0000 - 0x000007fefb4fd000 	C:\Windows\system32\WINSTA.dll
0x000007fefbfd0000 - 0x000007fefbfdf000 	C:\Windows\system32\CRYPTBASE.dll
0x000007fef9150000 - 0x000007fef91ec000 	C:\Windows\system32\mscms.dll
0x000007fefc2f0000 - 0x000007fefc30e000 	C:\Windows\system32\USERENV.dll
0x000007fef0590000 - 0x000007fef05d2000 	C:\Windows\system32\icm32.dll
0x0000000050dc0000 - 0x0000000050f58000 	C:\Program Files\Java\jdk1.8.0_25\jre\bin\awt.dll
0x000007fefbb50000 - 0x000007fefbb67000 	C:\Windows\system32\CRYPTSP.dll
0x000007fee3300000 - 0x000007fee4078000 	C:\Windows\System32\nvopencl.dll
0x000007fefb500000 - 0x000007fefb547000 	C:\Windows\system32\rsaenh.dll
0x000007fef8a80000 - 0x000007fef8db9000 	C:\Windows\system32\nvapi64.dll
0x0000000050da0000 - 0x0000000050db1000 	C:\Program Files\Java\jdk1.8.0_25\jre\bin\nio.dll
0x000007fee1f00000 - 0x000007fee32fd000 	C:\Windows\system32\nvcompiler.dll
0x000007fef7840000 - 0x000007fef7965000 	C:\Windows\system32\dbghelp.dll
0x0000000050d50000 - 0x0000000050d97000 	C:\Program Files\Java\jdk1.8.0_25\jre\bin\fontmanager.dll
0x0000000050d00000 - 0x0000000050d41000 	C:\Program Files\Java\jdk1.8.0_25\jre\bin\t2k.dll

VM Arguments:
jvm_args: -Djava.library.path=C:\projects\game\lwjgl-2.9.1\lib\windows -Didea.launcher.port=7552 -Didea.launcher.bin.path=C:\Program Files (x86)\JetBrains\IntelliJ IDEA Community Edition 14.0\bin -Dfile.encoding=UTF-8 
java_command: com.intellij.rt.execution.application.AppMain game
java_class_path (initial): C:\Program Files\Java\jdk1.8.0_25\jre\lib\charsets.jar;C:\Program Files\Java\jdk1.8.0_25\jre\lib\deploy.jar;C:\Program Files\Java\jdk1.8.0_25\jre\lib\javaws.jar;C:\Program Files\Java\jdk1.8.0_25\jre\lib\jce.jar;C:\Program Files\Java\jdk1.8.0_25\jre\lib\jfr.jar;C:\Program Files\Java\jdk1.8.0_25\jre\lib\jfxswt.jar;C:\Program Files\Java\jdk1.8.0_25\jre\lib\jsse.jar;C:\Program Files\Java\jdk1.8.0_25\jre\lib\management-agent.jar;C:\Program Files\Java\jdk1.8.0_25\jre\lib\plugin.jar;C:\Program Files\Java\jdk1.8.0_25\jre\lib\resources.jar;C:\Program Files\Java\jdk1.8.0_25\jre\lib\rt.jar;C:\Program Files\Java\jdk1.8.0_25\jre\lib\ext\access-bridge-64.jar;C:\Program Files\Java\jdk1.8.0_25\jre\lib\ext\cldrdata.jar;C:\Program Files\Java\jdk1.8.0_25\jre\lib\ext\dnsns.jar;C:\Program Files\Java\jdk1.8.0_25\jre\lib\ext\jaccess.jar;C:\Program Files\Java\jdk1.8.0_25\jre\lib\ext\jfxrt.jar;C:\Program Files\Java\jdk1.8.0_25\jre\lib\ext\localedata.jar;C:\Program Files\Java\jdk1.8.0_25\jre\lib\ext\nashorn.jar;C:\Program Files\Java\jdk1.8.0_25\jre\lib\ext\sunec.jar;C:\Program Files\Java\jdk1.8.0_25\jre\lib\ext\sunjce_provider.jar;C:\Program Files\Java\jdk1.8.0_25\jre\lib\ext\sunmscapi.jar;C:\Program Files\Java\jdk1.8.0_25\jre\lib\ext\sunpkcs11.jar;C:\Program Files\Java\jdk1.8.0_25\jre\lib\ext\zipfs.jar;C:\projects\game\out\production\game;C:\projects\game\lwjgl-2.9.1\jar\AppleJavaExtensions.jar;C:\projects\game\lwjgl-2.9.1\jar\asm-debug-all.jar;C:\projects\game\lwjgl-2.9.1\jar\jinput.jar;C:\projects\game\lwjgl-2.9.1\jar\lwjgl.jar;C:\projects\game\lwjgl-2.9.1\jar\lwjgl-debug.jar;C:\projects\game\lwjgl-2.9.1\jar\lwjgl_test.jar;C:\projects\game\lwjgl-2.9.1\jar\lwjgl_util.jar;C:\projects\game\lwjgl-2.9.1\jar\lwjgl_util_applet.jar;C:\projects\game\lwjgl-2.9.1\jar\lzma.jar;C:\projects\game\JCSG-master\build\libs\JCSG-master.jar;C:\projects\game\lwjgl-2.9.1\jar\slick-util.jar;C:\projects\game\twl\TWL.jar;C:\projects\game\twl\TWLEffects.jar;C:\projects\game\aparapi\apar
Launcher Type: SUN_STANDARD

Environment Variables:
JAVA_HOME=C:\Program Files\Java\jdk1.8.0_25
PATH=C:\ProgramData\Oracle\Java\javapath;C:\Program Files (x86)\NVIDIA Corporation\PhysX\Common;C:\Users\user\AMD APP SDK\2.9\bin\x86_64;C:\Users\user\AMD APP SDK\2.9\bin\x86;C:\Program Files (x86)\AMD APP SDK\2.9\bin\x86_64;C:\Program Files (x86)\AMD APP SDK\2.9\bin\x86;C:\Program Files (x86)\Intel\iCLS Client\;C:\Program Files\Intel\iCLS Client\;C:\Windows\system32;C:\Windows;C:\Windows\System32\Wbem;C:\Windows\System32\WindowsPowerShell\v1.0\;C:\Program Files\Intel\Intel(R) Management Engine Components\DAL;C:\Program Files\Intel\Intel(R) Management Engine Components\IPT;C:\Program Files (x86)\Intel\Intel(R) Management Engine Components\DAL;C:\Program Files (x86)\Intel\Intel(R) Management Engine Components\IPT;C:\Program Files\Microsoft SQL Server\110\Tools\Binn\;C:\Program Files\Microsoft Windows Performance Toolkit\;C:\Program Files\nodejs\;C:\Program Files\LuxRender;C:\Program Files\VCG\MeshLab;C:\Program Files (x86)\MySQL\MySQL Utilities 1.4\;C:\Program Files (x86)\MySQL\MySQL Utilities 1.4\Doctrine extensions for PHP\;C:\Program Files (x86)\QuickTime\QTSystem\;C:\Python27;C:\Program Files (x86)\Microsoft Visual Studio 12.0\VC\vcpackages;C:\Users\user\AppData\Roaming\npm;C:\Program Files\apfloat;C:\Program Files (x86)\Kiwix\kiwix\xulrunner;C:\mongodb\bin\;C:\projects\wikirandom\node_modules\forever\bin;C:\Program Files (x86)\JetBrains\WebStorm 7.0.3\jre\bin;C:\Program Files\apache-maven-3.2.2\bin;C:\aparapi;C:\Program Files\VCG\MeshLab;
USERNAME=user
OS=Windows_NT
PROCESSOR_IDENTIFIER=Intel64 Family 6 Model 58 Stepping 9, GenuineIntel



---------------  S Y S T E M  ---------------

OS: Windows 7 , 64 bit Build 7601 Service Pack 1

CPU:total 8 (4 cores per cpu, 2 threads per core) family 6 model 58 stepping 9, cmov, cx8, fxsr, mmx, sse, sse2, sse3, ssse3, sse4.1, sse4.2, popcnt, avx, aes, clmul, erms, ht, tsc, tscinvbit, tscinv

Memory: 4k page, physical 33498820k(16162620k free), swap 66995776k(43071648k free)

vm_info: Java HotSpot(TM) 64-Bit Server VM (25.25-b02) for windows-amd64 JRE (1.8.0_25-b18), built on Oct  7 2014 14:25:37 by "java_re" with MS VC++ 10.0 (VS2010)

time: Sun Dec 28 08:40:43 2014
elapsed time: 154 seconds (0d 0h 2m 34s)

