#
# A fatal error has been detected by the Java Runtime Environment:
#
#  EXCEPTION_ACCESS_VIOLATION (0xc0000005) at pc=0x00000000691c9660, pid=4288, tid=6580
#
# JRE version: Java(TM) SE Runtime Environment (8.0_25-b18) (build 1.8.0_25-b18)
# Java VM: Java HotSpot(TM) 64-Bit Server VM (25.25-b02 mixed mode windows-amd64 compressed oops)
# Problematic frame:
# C  [nvoglv64.DLL+0xa99660]
#
# Failed to write core dump. Minidumps are not enabled by default on client versions of Windows
#
# If you would like to submit a bug report, please visit:
#   http://bugreport.sun.com/bugreport/crash.jsp
# The crash happened outside the Java Virtual Machine in native code.
# See problematic frame for where to report the bug.
#

---------------  T H R E A D  ---------------

Current thread (0x0000000001ef8000):  JavaThread "main" [_thread_in_native, id=6580, stack(0x00000000021d0000,0x00000000022d0000)]

siginfo: ExceptionCode=0xc0000005, reading address 0x0000000052210040

Registers:
RAX=0x0000000052210060, RBX=0x0000000052210040, RCX=0x000000004d87bd10, RDX=0x0000000052210040
RSP=0x00000000022cd2f8, RBP=0x0000000000000800, RSI=0x0000000000000000, RDI=0x000000004d87bcf0
R8 =0x0000000000000020, R9 =0x0000000000000006, R10=0x0000000047ec3fb0, R11=0x0000000000000006
R12=0x0000000000000000, R13=0x00000000691e6370, R14=0x00000000000000fd, R15=0x0000000000000000
RIP=0x00000000691c9660, EFLAGS=0x0000000000010202

Top of Stack: (sp=0x00000000022cd2f8)
0x00000000022cd2f8:   00000000691c928d 0000000052210040
0x00000000022cd308:   000000000000007f 0000000000001000
0x00000000022cd318:   00000000691d1881 0000000000000400
0x00000000022cd328:   0000000047ca3d00 0000000052210040
0x00000000022cd338:   000000000000007f 000000004d87bcf0
0x00000000022cd348:   0000000069106070 0000000000001000
0x00000000022cd358:   0000000000001000 0000000000000400
0x00000000022cd368:   0000000000100002 00000000691e6370
0x00000000022cd378:   0000000000000000 000000000000007f
0x00000000022cd388:   0000000000000000 0000000000000006
0x00000000022cd398:   0000000054ffe040 0000000054c00040
0x00000000022cd3a8:   0000000054c00040 0000000000000000
0x00000000022cd3b8:   000000004e17d1f0 0000040000000000
0x00000000022cd3c8:   0000000000000010 0000000000000000
0x00000000022cd3d8:   0000007f00000000 000000000000007f
0x00000000022cd3e8:   0000000000400000 000000004d87bcf0 

Instructions: (pc=0x00000000691c9660)
0x00000000691c9640:   8d 40 40 0f 11 41 d0 49 ff c8 75 d4 c3 4d 85 c0
0x00000000691c9650:   74 3a 48 83 c1 20 48 8d 42 20 66 0f 1f 44 00 00
0x00000000691c9660:   0f 28 58 e0 0f 28 50 f0 0f 28 08 48 8d 49 40 0f
0x00000000691c9670:   28 40 10 0f 29 59 a0 0f 29 51 b0 48 8d 40 40 0f 


Register to memory mapping:

RAX=0x0000000052210060 is an unknown value
RBX=0x0000000052210040 is an unknown value
RCX=0x000000004d87bd10 is an unknown value
RDX=0x0000000052210040 is an unknown value
RSP=0x00000000022cd2f8 is pointing into the stack for thread: 0x0000000001ef8000
RBP=0x0000000000000800 is an unknown value
RSI=0x0000000000000000 is an unknown value
RDI=0x000000004d87bcf0 is an unknown value
R8 =0x0000000000000020 is an unknown value
R9 =0x0000000000000006 is an unknown value
R10=0x0000000047ec3fb0 is an unknown value
R11=0x0000000000000006 is an unknown value
R12=0x0000000000000000 is an unknown value
R13=0x00000000691e6370 is an unknown value
R14=0x00000000000000fd is an unknown value
R15=0x0000000000000000 is an unknown value


Stack: [0x00000000021d0000,0x00000000022d0000],  sp=0x00000000022cd2f8,  free space=1012k
Native frames: (J=compiled Java code, j=interpreted, Vv=VM code, C=native code)
C  [nvoglv64.DLL+0xa99660]

Java frames: (J=compiled Java code, j=interpreted, Vv=VM code)
J 1336  org.lwjgl.opengl.GL11.nglTexImage2D(IIIIIIIIJJ)V (0 bytes) @ 0x0000000002ad9885 [0x0000000002ad9800+0x85]
J 1323 C1 org.lwjgl.opengl.GL11.glTexImage2D(IIIIIIIILjava/nio/ByteBuffer;)V (67 bytes) @ 0x0000000002ac90d4 [0x0000000002ac8380+0xd54]
J 812 C2 factory.TextureFactory.loadTexture(Ljava/awt/image/BufferedImage;)I (243 bytes) @ 0x00000000028d35e0 [0x00000000028d2920+0xcc0]
J 1328 C1 gameConsole.getConsoleTexture(Ljava/lang/String;IIFZ)I (64 bytes) @ 0x0000000002ad068c [0x0000000002ad0040+0x64c]
J 1490 C2 gameConsole.draw(IIIIFFFF)V (134 bytes) @ 0x0000000002860b9c [0x0000000002860280+0x91c]
J 1217 C2 RenderThread.renderGL()V (562 bytes) @ 0x0000000002a7682c [0x0000000002a743e0+0x244c]
J 1374% C1 RenderThread.start()V (108 bytes) @ 0x0000000002af550c [0x0000000002af4960+0xbac]
j  Main.main([Ljava/lang/String;)V+29
v  ~StubRoutines::call_stub
j  sun.reflect.NativeMethodAccessorImpl.invoke0(Ljava/lang/reflect/Method;Ljava/lang/Object;[Ljava/lang/Object;)Ljava/lang/Object;+0
j  sun.reflect.NativeMethodAccessorImpl.invoke(Ljava/lang/Object;[Ljava/lang/Object;)Ljava/lang/Object;+100
j  sun.reflect.DelegatingMethodAccessorImpl.invoke(Ljava/lang/Object;[Ljava/lang/Object;)Ljava/lang/Object;+6
j  java.lang.reflect.Method.invoke(Ljava/lang/Object;[Ljava/lang/Object;)Ljava/lang/Object;+56
j  com.intellij.rt.execution.application.AppMain.main([Ljava/lang/String;)V+163
v  ~StubRoutines::call_stub

---------------  P R O C E S S  ---------------

Java Threads: ( => current thread )
  0x0000000026bc3000 JavaThread "ForkJoinPool.commonPool-worker-0" daemon [_thread_blocked, id=2176, stack(0x0000000054300000,0x0000000054400000)]
  0x0000000026ac8000 JavaThread "Java2D Disposer" daemon [_thread_blocked, id=3688, stack(0x000000004bf60000,0x000000004c060000)]
  0x0000000026b56800 JavaThread "Thread-0" [_thread_blocked, id=6588, stack(0x0000000028ac0000,0x0000000028bc0000)]
  0x0000000026aab800 JavaThread "Monitor Ctrl-Break" daemon [_thread_in_native, id=8820, stack(0x00000000289a0000,0x0000000028aa0000)]
  0x0000000026962800 JavaThread "Service Thread" daemon [_thread_blocked, id=6472, stack(0x0000000027a20000,0x0000000027b20000)]
  0x00000000268e4000 JavaThread "C1 CompilerThread3" daemon [_thread_blocked, id=8748, stack(0x0000000027800000,0x0000000027900000)]
  0x00000000268e3000 JavaThread "C2 CompilerThread2" daemon [_thread_blocked, id=8644, stack(0x00000000283f0000,0x00000000284f0000)]
  0x00000000268db000 JavaThread "C2 CompilerThread1" daemon [_thread_blocked, id=6600, stack(0x0000000027c50000,0x0000000027d50000)]
  0x00000000268d4000 JavaThread "C2 CompilerThread0" daemon [_thread_blocked, id=7096, stack(0x0000000028210000,0x0000000028310000)]
  0x00000000268d1000 JavaThread "Attach Listener" daemon [_thread_blocked, id=6408, stack(0x0000000028080000,0x0000000028180000)]
  0x00000000268d0000 JavaThread "Signal Dispatcher" daemon [_thread_blocked, id=5468, stack(0x0000000027ed0000,0x0000000027fd0000)]
  0x000000002581d800 JavaThread "Finalizer" daemon [_thread_blocked, id=5048, stack(0x0000000027d60000,0x0000000027e60000)]
  0x0000000025815800 JavaThread "Reference Handler" daemon [_thread_blocked, id=7008, stack(0x0000000027b50000,0x0000000027c50000)]
=>0x0000000001ef8000 JavaThread "main" [_thread_in_native, id=6580, stack(0x00000000021d0000,0x00000000022d0000)]

Other Threads:
  0x0000000026882800 VMThread [stack: 0x0000000027900000,0x0000000027a00000] [id=1816]
  0x0000000026973800 WatcherThread [stack: 0x00000000286d0000,0x00000000287d0000] [id=1836]

VM state:not at safepoint (normal execution)

VM Mutex/Monitor currently owned by a thread: None

Heap:
 PSYoungGen      total 153600K, used 6171K [0x0000000715980000, 0x000000072ea00000, 0x00000007c0000000)
  eden space 152064K, 3% used [0x0000000715980000,0x0000000715e46c10,0x000000071ee00000)
  from space 1536K, 83% used [0x000000072e880000,0x000000072e9c0010,0x000000072ea00000)
  to   space 19456K, 0% used [0x000000072c400000,0x000000072c400000,0x000000072d700000)
 ParOldGen       total 349696K, used 30232K [0x00000005c0c00000, 0x00000005d6180000, 0x0000000715980000)
  object space 349696K, 8% used [0x00000005c0c00000,0x00000005c29862c8,0x00000005d6180000)
 Metaspace       used 9983K, capacity 10263K, committed 10624K, reserved 1058816K
  class space    used 979K, capacity 1044K, committed 1152K, reserved 1048576K

Card table byte_map: [0x0000000011960000,0x0000000012960000] byte_map_base: 0x000000000eb5a000

Marking Bits: (ParMarkBitMap*) 0x0000000077f7d490
 Begin Bits: [0x0000000013e90000, 0x000000001be60000)
 End Bits:   [0x000000001be60000, 0x0000000023e30000)

Polling page: 0x0000000000330000

CodeCache: size=245760Kb used=4845Kb max_used=5891Kb free=240914Kb
 bounds [0x00000000025a0000, 0x0000000002b70000, 0x00000000115a0000]
 total_blobs=1806 nmethods=1266 adapters=454
 compilation: enabled

Compilation events (10 events):
Event: 53.076 Thread 0x00000000268db000 1490       4       gameConsole::draw (134 bytes)
Event: 53.089 Thread 0x00000000268db000 nmethod 1490 0x000000000285ff50 code [0x0000000002860280, 0x00000000028615b0]
Event: 53.180 Thread 0x00000000268e4000 1492   !   3       org.lwjgl.opengl.WindowsDisplay::updateClipping (97 bytes)
Event: 53.181 Thread 0x00000000268e4000 nmethod 1492 0x000000000272dad0 code [0x000000000272dd40, 0x000000000272ee68]
Event: 53.181 Thread 0x00000000268e4000 1491       3       org.lwjgl.opengl.WindowsMouse::handleMouseMoved (109 bytes)
Event: 53.182 Thread 0x00000000268e4000 nmethod 1491 0x0000000002781d50 code [0x0000000002781ee0, 0x00000000027822c8]
Event: 55.345 Thread 0x00000000268db000 1493       4       java.util.ArrayList$SubList$1::next (79 bytes)
Event: 55.346 Thread 0x00000000268db000 nmethod 1493 0x00000000028297d0 code [0x0000000002829920, 0x0000000002829a38]
Event: 56.758 Thread 0x00000000268d4000 1494       4       org.lwjgl.BufferChecks::checkDirect (24 bytes)
Event: 56.759 Thread 0x00000000268d4000 nmethod 1494 0x00000000026b9490 code [0x00000000026b95c0, 0x00000000026b9618]

GC Heap History (10 events):
Event: 57.064 GC heap before
{Heap before GC invocations=66 (full 0):
 PSYoungGen      total 153600K, used 149453K [0x0000000715980000, 0x0000000731800000, 0x00000007c0000000)
  eden space 138752K, 97% used [0x0000000715980000,0x000000071dd5b418,0x000000071e100000)
  from space 14848K, 97% used [0x000000072fe00000,0x0000000730c18040,0x0000000730c80000)
  to   space 11776K, 0% used [0x0000000730c80000,0x0000000730c80000,0x0000000731800000)
 ParOldGen       total 349696K, used 23792K [0x00000005c0c00000, 0x00000005d6180000, 0x0000000715980000)
  object space 349696K, 6% used [0x00000005c0c00000,0x00000005c233c2a8,0x00000005d6180000)
 Metaspace       used 9983K, capacity 10263K, committed 10624K, reserved 1058816K
  class space    used 979K, capacity 1044K, committed 1152K, reserved 1048576K
Event: 57.067 GC heap after
Heap after GC invocations=66 (full 0):
 PSYoungGen      total 144896K, used 8868K [0x0000000715980000, 0x0000000731580000, 0x00000007c0000000)
  eden space 135680K, 0% used [0x0000000715980000,0x0000000715980000,0x000000071de00000)
  from space 9216K, 96% used [0x0000000730c80000,0x0000000731529298,0x0000000731580000)
  to   space 19968K, 0% used [0x000000072ee80000,0x000000072ee80000,0x0000000730200000)
 ParOldGen       total 349696K, used 29032K [0x00000005c0c00000, 0x00000005d6180000, 0x0000000715980000)
  object space 349696K, 8% used [0x00000005c0c00000,0x00000005c285a2b8,0x00000005d6180000)
 Metaspace       used 9983K, capacity 10263K, committed 10624K, reserved 1058816K
  class space    used 979K, capacity 1044K, committed 1152K, reserved 1048576K
}
Event: 57.367 GC heap before
{Heap before GC invocations=67 (full 0):
 PSYoungGen      total 144896K, used 144548K [0x0000000715980000, 0x0000000731580000, 0x00000007c0000000)
  eden space 135680K, 100% used [0x0000000715980000,0x000000071de00000,0x000000071de00000)
  from space 9216K, 96% used [0x0000000730c80000,0x0000000731529298,0x0000000731580000)
  to   space 19968K, 0% used [0x000000072ee80000,0x000000072ee80000,0x0000000730200000)
 ParOldGen       total 349696K, used 29032K [0x00000005c0c00000, 0x00000005d6180000, 0x0000000715980000)
  object space 349696K, 8% used [0x00000005c0c00000,0x00000005c285a2b8,0x00000005d6180000)
 Metaspace       used 9983K, capacity 10263K, committed 10624K, reserved 1058816K
  class space    used 979K, capacity 1044K, committed 1152K, reserved 1048576K
Event: 57.373 GC heap after
Heap after GC invocations=67 (full 0):
 PSYoungGen      total 145920K, used 13248K [0x0000000715980000, 0x0000000730d00000, 0x00000007c0000000)
  eden space 132608K, 0% used [0x0000000715980000,0x0000000715980000,0x000000071db00000)
  from space 13312K, 99% used [0x000000072ee80000,0x000000072fb70040,0x000000072fb80000)
  to   space 17920K, 0% used [0x000000072fb80000,0x000000072fb80000,0x0000000730d00000)
 ParOldGen       total 349696K, used 29040K [0x00000005c0c00000, 0x00000005d6180000, 0x0000000715980000)
  object space 349696K, 8% used [0x00000005c0c00000,0x00000005c285c2b8,0x00000005d6180000)
 Metaspace       used 9983K, capacity 10263K, committed 10624K, reserved 1058816K
  class space    used 979K, capacity 1044K, committed 1152K, reserved 1048576K
}
Event: 57.670 GC heap before
{Heap before GC invocations=68 (full 0):
 PSYoungGen      total 145920K, used 145620K [0x0000000715980000, 0x0000000730d00000, 0x00000007c0000000)
  eden space 132608K, 99% used [0x0000000715980000,0x000000071dac5178,0x000000071db00000)
  from space 13312K, 99% used [0x000000072ee80000,0x000000072fb70040,0x000000072fb80000)
  to   space 17920K, 0% used [0x000000072fb80000,0x000000072fb80000,0x0000000730d00000)
 ParOldGen       total 349696K, used 29040K [0x00000005c0c00000, 0x00000005d6180000, 0x0000000715980000)
  object space 349696K, 8% used [0x00000005c0c00000,0x00000005c285c2b8,0x00000005d6180000)
 Metaspace       used 9983K, capacity 10263K, committed 10624K, reserved 1058816K
  class space    used 979K, capacity 1044K, committed 1152K, reserved 1048576K
Event: 57.672 GC heap after
Heap after GC invocations=68 (full 0):
 PSYoungGen      total 130560K, used 612K [0x0000000715980000, 0x000000072fc80000, 0x00000007c0000000)
  eden space 129536K, 0% used [0x0000000715980000,0x0000000715980000,0x000000071d800000)
  from space 1024K, 59% used [0x000000072fb80000,0x000000072fc19288,0x000000072fc80000)
  to   space 20992K, 0% used [0x000000072d380000,0x000000072d380000,0x000000072e800000)
 ParOldGen       total 349696K, used 29048K [0x00000005c0c00000, 0x00000005d6180000, 0x0000000715980000)
  object space 349696K, 8% used [0x00000005c0c00000,0x00000005c285e2b8,0x00000005d6180000)
 Metaspace       used 9983K, capacity 10263K, committed 10624K, reserved 1058816K
  class space    used 979K, capacity 1044K, committed 1152K, reserved 1048576K
}
Event: 57.934 GC heap before
{Heap before GC invocations=69 (full 0):
 PSYoungGen      total 130560K, used 130148K [0x0000000715980000, 0x000000072fc80000, 0x00000007c0000000)
  eden space 129536K, 100% used [0x0000000715980000,0x000000071d800000,0x000000071d800000)
  from space 1024K, 59% used [0x000000072fb80000,0x000000072fc19288,0x000000072fc80000)
  to   space 20992K, 0% used [0x000000072d380000,0x000000072d380000,0x000000072e800000)
 ParOldGen       total 349696K, used 29048K [0x00000005c0c00000, 0x00000005d6180000, 0x0000000715980000)
  object space 349696K, 8% used [0x00000005c0c00000,0x00000005c285e2b8,0x00000005d6180000)
 Metaspace       used 9983K, capacity 10263K, committed 10624K, reserved 1058816K
  class space    used 979K, capacity 1044K, committed 1152K, reserved 1048576K
Event: 57.937 GC heap after
Heap after GC invocations=69 (full 0):
 PSYoungGen      total 147456K, used 2592K [0x0000000715980000, 0x000000072fc00000, 0x00000007c0000000)
  eden space 126464K, 0% used [0x0000000715980000,0x0000000715980000,0x000000071d500000)
  from space 20992K, 12% used [0x000000072d380000,0x000000072d608010,0x000000072e800000)
  to   space 19968K, 0% used [0x000000072e880000,0x000000072e880000,0x000000072fc00000)
 ParOldGen       total 349696K, used 29088K [0x00000005c0c00000, 0x00000005d6180000, 0x0000000715980000)
  object space 349696K, 8% used [0x00000005c0c00000,0x00000005c28682c8,0x00000005d6180000)
 Metaspace       used 9983K, capacity 10263K, committed 10624K, reserved 1058816K
  class space    used 979K, capacity 1044K, committed 1152K, reserved 1048576K
}
Event: 58.212 GC heap before
{Heap before GC invocations=70 (full 0):
 PSYoungGen      total 147456K, used 129056K [0x0000000715980000, 0x000000072fc00000, 0x00000007c0000000)
  eden space 126464K, 100% used [0x0000000715980000,0x000000071d500000,0x000000071d500000)
  from space 20992K, 12% used [0x000000072d380000,0x000000072d608010,0x000000072e800000)
  to   space 19968K, 0% used [0x000000072e880000,0x000000072e880000,0x000000072fc00000)
 ParOldGen       total 349696K, used 29088K [0x00000005c0c00000, 0x00000005d6180000, 0x0000000715980000)
  object space 349696K, 8% used [0x00000005c0c00000,0x00000005c28682c8,0x00000005d6180000)
 Metaspace       used 9983K, capacity 10263K, committed 10624K, reserved 1058816K
  class space    used 979K, capacity 1044K, committed 1152K, reserved 1048576K
Event: 58.218 GC heap after
Heap after GC invocations=70 (full 0):
 PSYoungGen      total 153600K, used 1280K [0x0000000715980000, 0x000000072ea00000, 0x00000007c0000000)
  eden space 152064K, 0% used [0x0000000715980000,0x0000000715980000,0x000000071ee00000)
  from space 1536K, 83% used [0x000000072e880000,0x000000072e9c0010,0x000000072ea00000)
  to   space 19456K, 0% used [0x000000072c400000,0x000000072c400000,0x000000072d700000)
 ParOldGen       total 349696K, used 30232K [0x00000005c0c00000, 0x00000005d6180000, 0x0000000715980000)
  object space 349696K, 8% used [0x00000005c0c00000,0x00000005c29862c8,0x00000005d6180000)
 Metaspace       used 9983K, capacity 10263K, committed 10624K, reserved 1058816K
  class space    used 979K, capacity 1044K, committed 1152K, reserved 1048576K
}

Deoptimization events (5 events):
Event: 0.833 Thread 0x0000000001ef8000 Uncommon trap: reason=unreached action=reinterpret pc=0x00000000028048a8 method=java.util.Arrays.copyOf([Ljava/lang/Object;ILjava/lang/Class;)[Ljava/lang/Object; @ 3
Event: 48.172 Thread 0x0000000001ef8000 Uncommon trap: reason=unloaded action=reinterpret pc=0x0000000002a666d4 method=gameConsole.draw(IIIIFFFF)V @ 63
Event: 48.188 Thread 0x0000000025815800 Uncommon trap: reason=unreached action=reinterpret pc=0x0000000002ae3a4c method=java.lang.ref.Reference$ReferenceHandler.run()V @ 90
Event: 49.450 Thread 0x0000000026b56800 Uncommon trap: reason=bimorphic action=maybe_recompile pc=0x00000000029851ec method=java.util.ArrayList$ArrayListSpliterator.forEachRemaining(Ljava/util/function/Consumer;)V @ 99
Event: 51.201 Thread 0x0000000026b56800 Uncommon trap: reason=bimorphic action=maybe_recompile pc=0x00000000029851ec method=java.util.ArrayList$ArrayListSpliterator.forEachRemaining(Ljava/util/function/Consumer;)V @ 99

Internal exceptions (10 events):
Event: 0.807 Thread 0x0000000001ef8000 Exception <a 'java/security/PrivilegedActionException'> (0x000000071741e0c0) thrown at [D:\re\workspace\8-2-build-windows-amd64-cygwin\jdk8u25\1677\hotspot\src\share\vm\prims\jvm.cpp, line 1312]
Event: 0.817 Thread 0x0000000001ef8000 Exception <a 'java/io/FileNotFoundException'> (0x0000000717426878) thrown at [D:\re\workspace\8-2-build-windows-amd64-cygwin\jdk8u25\1677\hotspot\src\share\vm\prims\jni.cpp, line 716]
Event: 0.831 Thread 0x0000000001ef8000 Exception <a 'java/io/FileNotFoundException'> (0x0000000717436778) thrown at [D:\re\workspace\8-2-build-windows-amd64-cygwin\jdk8u25\1677\hotspot\src\share\vm\prims\jni.cpp, line 716]
Event: 0.868 Thread 0x0000000001ef8000 Exception <a 'java/security/PrivilegedActionException'> (0x00000007174b07a0) thrown at [D:\re\workspace\8-2-build-windows-amd64-cygwin\jdk8u25\1677\hotspot\src\share\vm\prims\jvm.cpp, line 1312]
Event: 0.944 Thread 0x0000000001ef8000 Exception <a 'java/security/PrivilegedActionException'> (0x00000007174b5e98) thrown at [D:\re\workspace\8-2-build-windows-amd64-cygwin\jdk8u25\1677\hotspot\src\share\vm\prims\jvm.cpp, line 1312]
Event: 0.948 Thread 0x0000000001ef8000 Exception <a 'java/security/PrivilegedActionException'> (0x00000007174b9f50) thrown at [D:\re\workspace\8-2-build-windows-amd64-cygwin\jdk8u25\1677\hotspot\src\share\vm\prims\jvm.cpp, line 1312]
Event: 48.140 Thread 0x0000000001ef8000 Exception <a 'java/security/PrivilegedActionException'> (0x000000071e73dff0) thrown at [D:\re\workspace\8-2-build-windows-amd64-cygwin\jdk8u25\1677\hotspot\src\share\vm\prims\jvm.cpp, line 1312]
Event: 48.162 Thread 0x0000000026b56800 Exception <a 'java/security/PrivilegedActionException'> (0x0000000724f29db8) thrown at [D:\re\workspace\8-2-build-windows-amd64-cygwin\jdk8u25\1677\hotspot\src\share\vm\prims\jvm.cpp, line 1312]
Event: 48.172 Thread 0x0000000001ef8000 Exception <a 'java/security/PrivilegedActionException'> (0x000000071e75cb70) thrown at [D:\re\workspace\8-2-build-windows-amd64-cygwin\jdk8u25\1677\hotspot\src\share\vm\prims\jvm.cpp, line 1312]
Event: 49.529 Thread 0x0000000026b56800 Exception <a 'java/security/PrivilegedActionException'> (0x000000071de69070) thrown at [D:\re\workspace\8-2-build-windows-amd64-cygwin\jdk8u25\1677\hotspot\src\share\vm\prims\jvm.cpp, line 1312]

Events (10 events):
Event: 57.367 Executing VM operation: ParallelGCFailedAllocation
Event: 57.373 Executing VM operation: ParallelGCFailedAllocation done
Event: 57.617 Thread 0x0000000026bc3000 Thread added: 0x0000000026bc3000
Event: 57.617 Thread 0x000000004a68d000 Thread exited: 0x000000004a68d000
Event: 57.670 Executing VM operation: ParallelGCFailedAllocation
Event: 57.672 Executing VM operation: ParallelGCFailedAllocation done
Event: 57.934 Executing VM operation: ParallelGCFailedAllocation
Event: 57.937 Executing VM operation: ParallelGCFailedAllocation done
Event: 58.209 Executing VM operation: ParallelGCFailedAllocation
Event: 58.218 Executing VM operation: ParallelGCFailedAllocation done


Dynamic libraries:
0x000000013fc50000 - 0x000000013fc84000 	C:\Program Files\Java\jdk1.8.0_25\bin\java.exe
0x0000000077230000 - 0x00000000773d9000 	C:\Windows\SYSTEM32\ntdll.dll
0x0000000077010000 - 0x000000007712f000 	C:\Windows\system32\kernel32.dll
0x000007fefc2d0000 - 0x000007fefc33c000 	C:\Windows\system32\KERNELBASE.dll
0x000007fefe150000 - 0x000007fefe22b000 	C:\Windows\system32\ADVAPI32.dll
0x000007fefde10000 - 0x000007fefdeaf000 	C:\Windows\system32\msvcrt.dll
0x000007fefd600000 - 0x000007fefd61f000 	C:\Windows\SYSTEM32\sechost.dll
0x000007fefdeb0000 - 0x000007fefdfdd000 	C:\Windows\system32\RPCRT4.dll
0x0000000077130000 - 0x000000007722a000 	C:\Windows\system32\USER32.dll
0x000007fefc780000 - 0x000007fefc7e7000 	C:\Windows\system32\GDI32.dll
0x000007fefc770000 - 0x000007fefc77e000 	C:\Windows\system32\LPK.dll
0x000007fefdfe0000 - 0x000007fefe0a9000 	C:\Windows\system32\USP10.dll
0x000007fefaa90000 - 0x000007fefac84000 	C:\Windows\WinSxS\amd64_microsoft.windows.common-controls_6595b64144ccf1df_6.0.7601.17514_none_fa396087175ac9ac\COMCTL32.dll
0x000007fefc440000 - 0x000007fefc4b1000 	C:\Windows\system32\SHLWAPI.dll
0x000007fefe520000 - 0x000007fefe54e000 	C:\Windows\system32\IMM32.DLL
0x000007fefd950000 - 0x000007fefda59000 	C:\Windows\system32\MSCTF.dll
0x000000005e8d0000 - 0x000000005e9a2000 	C:\Program Files\Java\jdk1.8.0_25\jre\bin\msvcr100.dll
0x00000000777a0000 - 0x0000000077ffa000 	C:\Program Files\Java\jdk1.8.0_25\jre\bin\server\jvm.dll
0x000007fef7b00000 - 0x000007fef7b09000 	C:\Windows\system32\WSOCK32.dll
0x000007fefd900000 - 0x000007fefd94d000 	C:\Windows\system32\WS2_32.dll
0x000007fefe6d0000 - 0x000007fefe6d8000 	C:\Windows\system32\NSI.dll
0x000007fef9a80000 - 0x000007fef9abb000 	C:\Windows\system32\WINMM.dll
0x0000000077400000 - 0x0000000077407000 	C:\Windows\system32\PSAPI.DLL
0x000000006f580000 - 0x000000006f58f000 	C:\Program Files\Java\jdk1.8.0_25\jre\bin\verify.dll
0x000000006e640000 - 0x000000006e668000 	C:\Program Files\Java\jdk1.8.0_25\jre\bin\java.dll
0x000000006ead0000 - 0x000000006eae6000 	C:\Program Files\Java\jdk1.8.0_25\jre\bin\zip.dll
0x000007fefc870000 - 0x000007fefd5f8000 	C:\Windows\system32\SHELL32.dll
0x000007fefe230000 - 0x000007fefe433000 	C:\Windows\system32\ole32.dll
0x000007fefc080000 - 0x000007fefc08f000 	C:\Windows\system32\profapi.dll
0x000007feee590000 - 0x000007feee5a0000 	C:\Program Files (x86)\JetBrains\IntelliJ IDEA Community Edition 14.0\bin\breakgen64.dll
0x000000006b1d0000 - 0x000000006b1ea000 	C:\Program Files\Java\jdk1.8.0_25\jre\bin\net.dll
0x000007fefb860000 - 0x000007fefb8b5000 	C:\Windows\system32\mswsock.dll
0x000007fefb850000 - 0x000007fefb857000 	C:\Windows\System32\wship6.dll
0x0000000180000000 - 0x0000000180051000 	C:\projects\game\lwjgl-2.9.1\lib\windows\lwjgl64.dll
0x000007fee5d00000 - 0x000007fee5e1d000 	C:\Windows\system32\OPENGL32.dll
0x000007fee7480000 - 0x000007fee74ad000 	C:\Windows\system32\GLU32.dll
0x000007fee5200000 - 0x000007fee52f1000 	C:\Windows\system32\DDRAW.dll
0x000007fef9820000 - 0x000007fef9828000 	C:\Windows\system32\DCIMAN32.dll
0x000007fefdc30000 - 0x000007fefde07000 	C:\Windows\system32\SETUPAPI.dll
0x000007fefc3b0000 - 0x000007fefc3e6000 	C:\Windows\system32\CFGMGR32.dll
0x000007fefe440000 - 0x000007fefe517000 	C:\Windows\system32\OLEAUT32.dll
0x000007fefc410000 - 0x000007fefc42a000 	C:\Windows\system32\DEVOBJ.dll
0x000007fefa5c0000 - 0x000007fefa5d8000 	C:\Windows\system32\dwmapi.dll
0x000007fefb150000 - 0x000007fefb15c000 	C:\Windows\system32\VERSION.dll
0x000007fefa540000 - 0x000007fefa596000 	C:\Windows\system32\uxtheme.dll
0x0000000068730000 - 0x000000006a5d2000 	C:\Windows\system32\nvoglv64.DLL
0x000007fefb2e0000 - 0x000007fefb2f1000 	C:\Windows\system32\WTSAPI32.dll
0x000007fefc360000 - 0x000007fefc39a000 	C:\Windows\system32\WINTRUST.dll
0x000007fefc0a0000 - 0x000007fefc20c000 	C:\Windows\system32\CRYPT32.dll
0x000007fefc090000 - 0x000007fefc09f000 	C:\Windows\system32\MSASN1.dll
0x000007fefb120000 - 0x000007fefb14d000 	C:\Windows\system32\ntmarta.dll
0x000007fefda60000 - 0x000007fefdab2000 	C:\Windows\system32\WLDAP32.dll
0x000007fefb400000 - 0x000007fefb43d000 	C:\Windows\system32\WINSTA.dll
0x000007fefbf20000 - 0x000007fefbf2f000 	C:\Windows\system32\CRYPTBASE.dll
0x000007fef8e50000 - 0x000007fef8eec000 	C:\Windows\system32\mscms.dll
0x000007fefc2b0000 - 0x000007fefc2ce000 	C:\Windows\system32\USERENV.dll
0x000007fee15a0000 - 0x000007fee15e2000 	C:\Windows\system32\icm32.dll
0x000000005ba40000 - 0x000000005bbd8000 	C:\Program Files\Java\jdk1.8.0_25\jre\bin\awt.dll
0x000000005fbf0000 - 0x000000005fc37000 	C:\Program Files\Java\jdk1.8.0_25\jre\bin\fontmanager.dll
0x000000006ae70000 - 0x000000006ae81000 	C:\Program Files\Java\jdk1.8.0_25\jre\bin\nio.dll
0x00000000611d0000 - 0x0000000061211000 	C:\Program Files\Java\jdk1.8.0_25\jre\bin\t2k.dll
0x000007fef97e0000 - 0x000007fef9807000 	C:\Windows\system32\IPHLPAPI.DLL
0x000007fef97c0000 - 0x000007fef97cb000 	C:\Windows\system32\WINNSI.DLL
0x000007fef94d0000 - 0x000007fef94e8000 	C:\Windows\system32\dhcpcsvc.DLL
0x000007fef94b0000 - 0x000007fef94c1000 	C:\Windows\system32\dhcpcsvc6.DLL
0x000007fef7790000 - 0x000007fef78b5000 	C:\Windows\system32\dbghelp.dll

VM Arguments:
jvm_args: -Djava.library.path=C:\projects\game\lwjgl-2.9.1\lib\windows -Didea.launcher.port=7540 -Didea.launcher.bin.path=C:\Program Files (x86)\JetBrains\IntelliJ IDEA Community Edition 14.0\bin -Dfile.encoding=UTF-8 
java_command: com.intellij.rt.execution.application.AppMain Main
java_class_path (initial): C:\Program Files\Java\jdk1.8.0_25\jre\lib\charsets.jar;C:\Program Files\Java\jdk1.8.0_25\jre\lib\deploy.jar;C:\Program Files\Java\jdk1.8.0_25\jre\lib\javaws.jar;C:\Program Files\Java\jdk1.8.0_25\jre\lib\jce.jar;C:\Program Files\Java\jdk1.8.0_25\jre\lib\jfr.jar;C:\Program Files\Java\jdk1.8.0_25\jre\lib\jfxswt.jar;C:\Program Files\Java\jdk1.8.0_25\jre\lib\jsse.jar;C:\Program Files\Java\jdk1.8.0_25\jre\lib\management-agent.jar;C:\Program Files\Java\jdk1.8.0_25\jre\lib\plugin.jar;C:\Program Files\Java\jdk1.8.0_25\jre\lib\resources.jar;C:\Program Files\Java\jdk1.8.0_25\jre\lib\rt.jar;C:\Program Files\Java\jdk1.8.0_25\jre\lib\ext\access-bridge-64.jar;C:\Program Files\Java\jdk1.8.0_25\jre\lib\ext\cldrdata.jar;C:\Program Files\Java\jdk1.8.0_25\jre\lib\ext\dnsns.jar;C:\Program Files\Java\jdk1.8.0_25\jre\lib\ext\jaccess.jar;C:\Program Files\Java\jdk1.8.0_25\jre\lib\ext\jfxrt.jar;C:\Program Files\Java\jdk1.8.0_25\jre\lib\ext\localedata.jar;C:\Program Files\Java\jdk1.8.0_25\jre\lib\ext\nashorn.jar;C:\Program Files\Java\jdk1.8.0_25\jre\lib\ext\sunec.jar;C:\Program Files\Java\jdk1.8.0_25\jre\lib\ext\sunjce_provider.jar;C:\Program Files\Java\jdk1.8.0_25\jre\lib\ext\sunmscapi.jar;C:\Program Files\Java\jdk1.8.0_25\jre\lib\ext\sunpkcs11.jar;C:\Program Files\Java\jdk1.8.0_25\jre\lib\ext\zipfs.jar;C:\projects\game\out\production\game;C:\projects\game\lwjgl-2.9.1\jar\AppleJavaExtensions.jar;C:\projects\game\lwjgl-2.9.1\jar\asm-debug-all.jar;C:\projects\game\lwjgl-2.9.1\jar\jinput.jar;C:\projects\game\lwjgl-2.9.1\jar\lwjgl.jar;C:\projects\game\lwjgl-2.9.1\jar\lwjgl-debug.jar;C:\projects\game\lwjgl-2.9.1\jar\lwjgl_test.jar;C:\projects\game\lwjgl-2.9.1\jar\lwjgl_util.jar;C:\projects\game\lwjgl-2.9.1\jar\lwjgl_util_applet.jar;C:\projects\game\lwjgl-2.9.1\jar\lzma.jar;C:\projects\game\JCSG-master\build\libs\JCSG-master.jar;C:\projects\game\lwjgl-2.9.1\jar\slick-util.jar;C:\projects\game\apachecommons\commons-net-3.3.jar;C:\projects\game\apachecommons\commons-lang
Launcher Type: SUN_STANDARD

Environment Variables:
JAVA_HOME=C:\Program Files\Java\jdk1.8.0_25
PATH=C:\ProgramData\Oracle\Java\javapath;C:\Program Files (x86)\NVIDIA Corporation\PhysX\Common;C:\Users\user\AMD APP SDK\2.9\bin\x86_64;C:\Users\user\AMD APP SDK\2.9\bin\x86;C:\Program Files (x86)\AMD APP SDK\2.9\bin\x86_64;C:\Program Files (x86)\AMD APP SDK\2.9\bin\x86;C:\Program Files (x86)\Intel\iCLS Client\;C:\Program Files\Intel\iCLS Client\;C:\Windows\system32;C:\Windows;C:\Windows\System32\Wbem;C:\Windows\System32\WindowsPowerShell\v1.0\;C:\Program Files\Intel\Intel(R) Management Engine Components\DAL;C:\Program Files\Intel\Intel(R) Management Engine Components\IPT;C:\Program Files (x86)\Intel\Intel(R) Management Engine Components\DAL;C:\Program Files (x86)\Intel\Intel(R) Management Engine Components\IPT;C:\Program Files\Microsoft SQL Server\110\Tools\Binn\;C:\Program Files\Microsoft Windows Performance Toolkit\;C:\Program Files\nodejs\;C:\Program Files\LuxRender;C:\Program Files\VCG\MeshLab;C:\Program Files (x86)\MySQL\MySQL Utilities 1.4\;C:\Program Files (x86)\MySQL\MySQL Utilities 1.4\Doctrine extensions for PHP\;C:\Program Files (x86)\QuickTime\QTSystem\;C:\Program Files (x86)\Windows Kits\8.1\Windows Performance Toolkit\;C:\Program Files (x86)\Microsoft SDKs\TypeScript\1.0\;C:\Program Files\Microsoft SQL Server\120\Tools\Binn\;C:\Python27;C:\Program Files (x86)\Microsoft Visual Studio 12.0\VC\vcpackages;C:\Users\user\AppData\Roaming\npm;C:\Program Files\apfloat;C:\Program Files (x86)\Kiwix\kiwix\xulrunner;C:\mongodb\bin\;C:\projects\wikirandom\node_modules\forever\bin;C:\Program Files (x86)\JetBrains\WebStorm 7.0.3\jre\bin;C:\Program Files\apache-maven-3.2.2\bin;C:\aparapi;C:\Program Files\VCG\MeshLab;
USERNAME=user
OS=Windows_NT
PROCESSOR_IDENTIFIER=Intel64 Family 6 Model 58 Stepping 9, GenuineIntel



---------------  S Y S T E M  ---------------

OS: Windows 7 , 64 bit Build 7601 Service Pack 1

CPU:total 8 (4 cores per cpu, 2 threads per core) family 6 model 58 stepping 9, cmov, cx8, fxsr, mmx, sse, sse2, sse3, ssse3, sse4.1, sse4.2, popcnt, avx, aes, clmul, erms, ht, tsc, tscinvbit, tscinv

Memory: 4k page, physical 33498820k(24785032k free), swap 66995776k(51024784k free)

vm_info: Java HotSpot(TM) 64-Bit Server VM (25.25-b02) for windows-amd64 JRE (1.8.0_25-b18), built on Oct  7 2014 14:25:37 by "java_re" with MS VC++ 10.0 (VS2010)

time: Sat Feb 14 01:52:07 2015
elapsed time: 58 seconds (0d 0h 0m 58s)

