#
# A fatal error has been detected by the Java Runtime Environment:
#
#  EXCEPTION_ACCESS_VIOLATION (0xc0000005) at pc=0x0000000052339660, pid=8020, tid=8432
#
# JRE version: Java(TM) SE Runtime Environment (8.0_25-b18) (build 1.8.0_25-b18)
# Java VM: Java HotSpot(TM) 64-Bit Server VM (25.25-b02 mixed mode windows-amd64 compressed oops)
# Problematic frame:
# C  [nvoglv64.DLL+0xa99660]
#
# Failed to write core dump. Minidumps are not enabled by default on client versions of Windows
#
# If you would like to submit a bug report, please visit:
#   http://bugreport.sun.com/bugreport/crash.jsp
# The crash happened outside the Java Virtual Machine in native code.
# See problematic frame for where to report the bug.
#

---------------  T H R E A D  ---------------

Current thread (0x0000000001f38000):  JavaThread "main" [_thread_in_native, id=8432, stack(0x0000000002310000,0x0000000002410000)]

siginfo: ExceptionCode=0xc0000005, reading address 0x0000000051590040

Registers:
RAX=0x0000000051590060, RBX=0x0000000051590040, RCX=0x000000004ce50020, RDX=0x0000000051590040
RSP=0x000000000240d8c8, RBP=0x0000000000000800, RSI=0x0000000000000000, RDI=0x000000004ce50000
R8 =0x0000000000000020, R9 =0x0000000000000006, R10=0x0000000000000010, R11=0x0000000000000006
R12=0x0000000000000000, R13=0x0000000052356370, R14=0x00000000000000fe, R15=0x0000000000000000
RIP=0x0000000052339660, EFLAGS=0x0000000000010202

Top of Stack: (sp=0x000000000240d8c8)
0x000000000240d8c8:   000000005233928d 0000000000000001
0x000000000240d8d8:   0000000051590040 0000000000000001
0x000000000240d8e8:   0000000052341881 0000000000000200
0x000000000240d8f8:   0000000047d34450 0000000051590040
0x000000000240d908:   00000000000000ff 000000004ce50000
0x000000000240d918:   0000000052276070 0000000000000800
0x000000000240d928:   0000000000000800 0000000000000200
0x000000000240d938:   0000000000000001 0000000052356370
0x000000000240d948:   0000000000000000 0000000000000000
0x000000000240d958:   0000000000000000 000000004c320b8c
0x000000000240d968:   0000000000000000 000000000240dcf4
0x000000000240d978:   00000000b1d00002 000000000240dd20
0x000000000240d988:   0000000047e701b0 0000020000000000
0x000000000240d998:   0000000000000010 0000000000000000
0x000000000240d9a8:   000000ff00000000 00000000000000ff
0x000000000240d9b8:   0000000000100000 000000004ce50000 

Instructions: (pc=0x0000000052339660)
0x0000000052339640:   8d 40 40 0f 11 41 d0 49 ff c8 75 d4 c3 4d 85 c0
0x0000000052339650:   74 3a 48 83 c1 20 48 8d 42 20 66 0f 1f 44 00 00
0x0000000052339660:   0f 28 58 e0 0f 28 50 f0 0f 28 08 48 8d 49 40 0f
0x0000000052339670:   28 40 10 0f 29 59 a0 0f 29 51 b0 48 8d 40 40 0f 


Register to memory mapping:

RAX=0x0000000051590060 is an unknown value
RBX=0x0000000051590040 is an unknown value
RCX=0x000000004ce50020 is an unknown value
RDX=0x0000000051590040 is an unknown value
RSP=0x000000000240d8c8 is pointing into the stack for thread: 0x0000000001f38000
RBP=0x0000000000000800 is an unknown value
RSI=0x0000000000000000 is an unknown value
RDI=0x000000004ce50000 is an unknown value
R8 =0x0000000000000020 is an unknown value
R9 =0x0000000000000006 is an unknown value
R10=0x0000000000000010 is an unknown value
R11=0x0000000000000006 is an unknown value
R12=0x0000000000000000 is an unknown value
R13=0x0000000052356370 is an unknown value
R14=0x00000000000000fe is an unknown value
R15=0x0000000000000000 is an unknown value


Stack: [0x0000000002310000,0x0000000002410000],  sp=0x000000000240d8c8,  free space=1014k
Native frames: (J=compiled Java code, j=interpreted, Vv=VM code, C=native code)
C  [nvoglv64.DLL+0xa99660]

Java frames: (J=compiled Java code, j=interpreted, Vv=VM code)
J 1735  org.lwjgl.opengl.GL11.nglTexImage2D(IIIIIIIIJJ)V (0 bytes) @ 0x00000000028413c5 [0x0000000002841340+0x85]
J 1694 C1 org.lwjgl.opengl.GL11.glTexImage2D(IIIIIIIILjava/nio/ByteBuffer;)V (67 bytes) @ 0x0000000002949bd4 [0x0000000002948e80+0xd54]
J 1249 C2 factory.TextureFactory.loadTexture(Ljava/awt/image/BufferedImage;)I (243 bytes) @ 0x0000000002b30d48 [0x0000000002b30180+0xbc8]
J 1697 C1 GameConsole.getConsoleTexture(Ljava/lang/String;IIFZ)I (90 bytes) @ 0x000000000280968c [0x0000000002809360+0x32c]
J 1751 C2 RenderThread.renderGL()V (338 bytes) @ 0x0000000002a0a020 [0x0000000002a05fe0+0x4040]
J 1845% C2 RenderThread.start()V (119 bytes) @ 0x0000000002bcfe08 [0x0000000002bcfd20+0xe8]
j  Main.main([Ljava/lang/String;)V+55
v  ~StubRoutines::call_stub
j  sun.reflect.NativeMethodAccessorImpl.invoke0(Ljava/lang/reflect/Method;Ljava/lang/Object;[Ljava/lang/Object;)Ljava/lang/Object;+0
j  sun.reflect.NativeMethodAccessorImpl.invoke(Ljava/lang/Object;[Ljava/lang/Object;)Ljava/lang/Object;+100
j  sun.reflect.DelegatingMethodAccessorImpl.invoke(Ljava/lang/Object;[Ljava/lang/Object;)Ljava/lang/Object;+6
j  java.lang.reflect.Method.invoke(Ljava/lang/Object;[Ljava/lang/Object;)Ljava/lang/Object;+56
j  com.intellij.rt.execution.application.AppMain.main([Ljava/lang/String;)V+163
v  ~StubRoutines::call_stub

---------------  P R O C E S S  ---------------

Java Threads: ( => current thread )
  0x000000004b420800 JavaThread "Java2D Disposer" daemon [_thread_blocked, id=9604, stack(0x000000004bd00000,0x000000004be00000)]
  0x0000000026aa3000 JavaThread "Thread-1" [_thread_in_Java, id=6324, stack(0x0000000028d80000,0x0000000028e80000)]
  0x0000000026aa2800 JavaThread "Thread-0" [_thread_blocked, id=7012, stack(0x0000000028c50000,0x0000000028d50000)]
  0x000000002697b000 JavaThread "Monitor Ctrl-Break" daemon [_thread_in_native, id=1936, stack(0x00000000288b0000,0x00000000289b0000)]
  0x0000000026859000 JavaThread "Service Thread" daemon [_thread_blocked, id=9040, stack(0x00000000284d0000,0x00000000285d0000)]
  0x000000002572e800 JavaThread "C1 CompilerThread3" daemon [_thread_blocked, id=2820, stack(0x0000000028290000,0x0000000028390000)]
  0x000000002572e000 JavaThread "C2 CompilerThread2" daemon [_thread_blocked, id=8828, stack(0x0000000028140000,0x0000000028240000)]
  0x00000000267e0000 JavaThread "C2 CompilerThread1" daemon [_thread_blocked, id=8976, stack(0x0000000027f50000,0x0000000028050000)]
  0x00000000267d8800 JavaThread "C2 CompilerThread0" daemon [_thread_blocked, id=1992, stack(0x0000000027dd0000,0x0000000027ed0000)]
  0x00000000267d5000 JavaThread "Attach Listener" daemon [_thread_blocked, id=10168, stack(0x00000000276d0000,0x00000000277d0000)]
  0x00000000267d4000 JavaThread "Signal Dispatcher" daemon [_thread_blocked, id=6688, stack(0x0000000027940000,0x0000000027a40000)]
  0x0000000025715000 JavaThread "Finalizer" daemon [_thread_blocked, id=7916, stack(0x0000000027c00000,0x0000000027d00000)]
  0x0000000025714800 JavaThread "Reference Handler" daemon [_thread_blocked, id=6492, stack(0x0000000027a40000,0x0000000027b40000)]
=>0x0000000001f38000 JavaThread "main" [_thread_in_native, id=8432, stack(0x0000000002310000,0x0000000002410000)]

Other Threads:
  0x000000002570f800 VMThread [stack: 0x0000000027840000,0x0000000027940000] [id=8752]
  0x0000000026875800 WatcherThread [stack: 0x00000000285e0000,0x00000000286e0000] [id=8588]

VM state:not at safepoint (normal execution)

VM Mutex/Monitor currently owned by a thread: None

Heap:
 PSYoungGen      total 220672K, used 149494K [0x0000000715980000, 0x0000000795080000, 0x00000007c0000000)
  eden space 219648K, 67% used [0x0000000715980000,0x000000071eae3c80,0x0000000723000000)
  from space 1024K, 60% used [0x0000000794e00000,0x0000000794e99c50,0x0000000794f00000)
  to   space 1536K, 0% used [0x0000000794f00000,0x0000000794f00000,0x0000000795080000)
 ParOldGen       total 349696K, used 95419K [0x00000005c0c00000, 0x00000005d6180000, 0x0000000715980000)
  object space 349696K, 27% used [0x00000005c0c00000,0x00000005c692edd8,0x00000005d6180000)
 Metaspace       used 9756K, capacity 10073K, committed 10240K, reserved 1058816K
  class space    used 950K, capacity 1019K, committed 1024K, reserved 1048576K

Card table byte_map: [0x0000000011aa0000,0x0000000012aa0000] byte_map_base: 0x000000000ec9a000

Marking Bits: (ParMarkBitMap*) 0x0000000055d8d490
 Begin Bits: [0x0000000013d90000, 0x000000001bd60000)
 End Bits:   [0x000000001bd60000, 0x0000000023d30000)

Polling page: 0x0000000000130000

CodeCache: size=245760Kb used=5190Kb max_used=6471Kb free=240569Kb
 bounds [0x00000000026e0000, 0x0000000002d40000, 0x00000000116e0000]
 total_blobs=1980 nmethods=1452 adapters=442
 compilation: enabled

Compilation events (10 events):
Event: 152.761 Thread 0x000000002572e800 1862       3       java.awt.image.DirectColorModel::isCompatibleRaster (93 bytes)
Event: 152.762 Thread 0x000000002572e800 nmethod 1862 0x0000000002c26990 code [0x0000000002c26b60, 0x0000000002c27648]
Event: 152.762 Thread 0x000000002572e800 1857       3       sun.java2d.SurfaceData::getFillCompositeType (32 bytes)
Event: 152.762 Thread 0x000000002572e800 nmethod 1857 0x0000000002826d90 code [0x0000000002826f00, 0x00000000028270f0]
Event: 152.762 Thread 0x000000002572e800 1858       3       sun.java2d.loops.MaskFill::getFromCache (46 bytes)
Event: 152.762 Thread 0x000000002572e800 nmethod 1858 0x0000000002a1c110 code [0x0000000002a1c2c0, 0x0000000002a1c8c8]
Event: 152.762 Thread 0x000000002572e800 1859       3       sun.java2d.pipe.PixelToShapeConverter::fillRect (24 bytes)
Event: 152.762 Thread 0x000000002572e800 nmethod 1859 0x0000000002946c10 code [0x0000000002946da0, 0x00000000029471a8]
Event: 152.762 Thread 0x000000002572e800 1860   !   3       sun.java2d.pipe.SpanShapeRenderer::fill (90 bytes)
Event: 152.763 Thread 0x000000002572e800 nmethod 1860 0x0000000002992c90 code [0x0000000002992ee0, 0x0000000002993d98]

GC Heap History (10 events):
Event: 160.661 GC heap before
{Heap before GC invocations=1293 (full 0):
 PSYoungGen      total 258560K, used 258254K [0x0000000715980000, 0x0000000795300000, 0x00000007c0000000)
  eden space 257536K, 100% used [0x0000000715980000,0x0000000725500000,0x0000000725500000)
  from space 1024K, 70% used [0x0000000795200000,0x00000007952b38a0,0x0000000795300000)
  to   space 1536K, 0% used [0x0000000795000000,0x0000000795000000,0x0000000795180000)
 ParOldGen       total 349696K, used 95307K [0x00000005c0c00000, 0x00000005d6180000, 0x0000000715980000)
  object space 349696K, 27% used [0x00000005c0c00000,0x00000005c6912dd8,0x00000005d6180000)
 Metaspace       used 9756K, capacity 10073K, committed 10240K, reserved 1058816K
  class space    used 950K, capacity 1019K, committed 1024K, reserved 1048576K
Event: 160.662 GC heap after
Heap after GC invocations=1293 (full 0):
 PSYoungGen      total 250368K, used 622K [0x0000000715980000, 0x0000000795280000, 0x00000007c0000000)
  eden space 249344K, 0% used [0x0000000715980000,0x0000000715980000,0x0000000724d00000)
  from space 1024K, 60% used [0x0000000795000000,0x000000079509b8a0,0x0000000795100000)
  to   space 1536K, 0% used [0x0000000795100000,0x0000000795100000,0x0000000795280000)
 ParOldGen       total 349696K, used 95379K [0x00000005c0c00000, 0x00000005d6180000, 0x0000000715980000)
  object space 349696K, 27% used [0x00000005c0c00000,0x00000005c6924dd8,0x00000005d6180000)
 Metaspace       used 9756K, capacity 10073K, committed 10240K, reserved 1058816K
  class space    used 950K, capacity 1019K, committed 1024K, reserved 1048576K
}
Event: 160.766 GC heap before
{Heap before GC invocations=1294 (full 0):
 PSYoungGen      total 250368K, used 249966K [0x0000000715980000, 0x0000000795280000, 0x00000007c0000000)
  eden space 249344K, 100% used [0x0000000715980000,0x0000000724d00000,0x0000000724d00000)
  from space 1024K, 60% used [0x0000000795000000,0x000000079509b8a0,0x0000000795100000)
  to   space 1536K, 0% used [0x0000000795100000,0x0000000795100000,0x0000000795280000)
 ParOldGen       total 349696K, used 95379K [0x00000005c0c00000, 0x00000005d6180000, 0x0000000715980000)
  object space 349696K, 27% used [0x00000005c0c00000,0x00000005c6924dd8,0x00000005d6180000)
 Metaspace       used 9756K, capacity 10073K, committed 10240K, reserved 1058816K
  class space    used 950K, capacity 1019K, committed 1024K, reserved 1048576K
Event: 160.768 GC heap after
Heap after GC invocations=1294 (full 0):
 PSYoungGen      total 242688K, used 711K [0x0000000715980000, 0x0000000795200000, 0x00000007c0000000)
  eden space 241664K, 0% used [0x0000000715980000,0x0000000715980000,0x0000000724580000)
  from space 1024K, 69% used [0x0000000795100000,0x00000007951b1c50,0x0000000795200000)
  to   space 1536K, 0% used [0x0000000794f00000,0x0000000794f00000,0x0000000795080000)
 ParOldGen       total 349696K, used 95395K [0x00000005c0c00000, 0x00000005d6180000, 0x0000000715980000)
  object space 349696K, 27% used [0x00000005c0c00000,0x00000005c6928dd8,0x00000005d6180000)
 Metaspace       used 9756K, capacity 10073K, committed 10240K, reserved 1058816K
  class space    used 950K, capacity 1019K, committed 1024K, reserved 1048576K
}
Event: 160.870 GC heap before
{Heap before GC invocations=1295 (full 0):
 PSYoungGen      total 242688K, used 242375K [0x0000000715980000, 0x0000000795200000, 0x00000007c0000000)
  eden space 241664K, 100% used [0x0000000715980000,0x0000000724580000,0x0000000724580000)
  from space 1024K, 69% used [0x0000000795100000,0x00000007951b1c50,0x0000000795200000)
  to   space 1536K, 0% used [0x0000000794f00000,0x0000000794f00000,0x0000000795080000)
 ParOldGen       total 349696K, used 95395K [0x00000005c0c00000, 0x00000005d6180000, 0x0000000715980000)
  object space 349696K, 27% used [0x00000005c0c00000,0x00000005c6928dd8,0x00000005d6180000)
 Metaspace       used 9756K, capacity 10073K, committed 10240K, reserved 1058816K
  class space    used 950K, capacity 1019K, committed 1024K, reserved 1048576K
Event: 160.871 GC heap after
Heap after GC invocations=1295 (full 0):
 PSYoungGen      total 235008K, used 974K [0x0000000715980000, 0x0000000795180000, 0x00000007c0000000)
  eden space 233984K, 0% used [0x0000000715980000,0x0000000715980000,0x0000000723e00000)
  from space 1024K, 95% used [0x0000000794f00000,0x0000000794ff38a0,0x0000000795000000)
  to   space 1536K, 0% used [0x0000000795000000,0x0000000795000000,0x0000000795180000)
 ParOldGen       total 349696K, used 95395K [0x00000005c0c00000, 0x00000005d6180000, 0x0000000715980000)
  object space 349696K, 27% used [0x00000005c0c00000,0x00000005c6928dd8,0x00000005d6180000)
 Metaspace       used 9756K, capacity 10073K, committed 10240K, reserved 1058816K
  class space    used 950K, capacity 1019K, committed 1024K, reserved 1048576K
}
Event: 160.990 GC heap before
{Heap before GC invocations=1296 (full 0):
 PSYoungGen      total 235008K, used 234958K [0x0000000715980000, 0x0000000795180000, 0x00000007c0000000)
  eden space 233984K, 100% used [0x0000000715980000,0x0000000723e00000,0x0000000723e00000)
  from space 1024K, 95% used [0x0000000794f00000,0x0000000794ff38a0,0x0000000795000000)
  to   space 1536K, 0% used [0x0000000795000000,0x0000000795000000,0x0000000795180000)
 ParOldGen       total 349696K, used 95395K [0x00000005c0c00000, 0x00000005d6180000, 0x0000000715980000)
  object space 349696K, 27% used [0x00000005c0c00000,0x00000005c6928dd8,0x00000005d6180000)
 Metaspace       used 9756K, capacity 10073K, committed 10240K, reserved 1058816K
  class space    used 950K, capacity 1019K, committed 1024K, reserved 1048576K
Event: 160.991 GC heap after
Heap after GC invocations=1296 (full 0):
 PSYoungGen      total 227840K, used 885K [0x0000000715980000, 0x0000000795100000, 0x00000007c0000000)
  eden space 226816K, 0% used [0x0000000715980000,0x0000000715980000,0x0000000723700000)
  from space 1024K, 86% used [0x0000000795000000,0x00000007950dd4f0,0x0000000795100000)
  to   space 1536K, 0% used [0x0000000794e00000,0x0000000794e00000,0x0000000794f80000)
 ParOldGen       total 349696K, used 95419K [0x00000005c0c00000, 0x00000005d6180000, 0x0000000715980000)
  object space 349696K, 27% used [0x00000005c0c00000,0x00000005c692edd8,0x00000005d6180000)
 Metaspace       used 9756K, capacity 10073K, committed 10240K, reserved 1058816K
  class space    used 950K, capacity 1019K, committed 1024K, reserved 1048576K
}
Event: 161.109 GC heap before
{Heap before GC invocations=1297 (full 0):
 PSYoungGen      total 227840K, used 227701K [0x0000000715980000, 0x0000000795100000, 0x00000007c0000000)
  eden space 226816K, 100% used [0x0000000715980000,0x0000000723700000,0x0000000723700000)
  from space 1024K, 86% used [0x0000000795000000,0x00000007950dd4f0,0x0000000795100000)
  to   space 1536K, 0% used [0x0000000794e00000,0x0000000794e00000,0x0000000794f80000)
 ParOldGen       total 349696K, used 95419K [0x00000005c0c00000, 0x00000005d6180000, 0x0000000715980000)
  object space 349696K, 27% used [0x00000005c0c00000,0x00000005c692edd8,0x00000005d6180000)
 Metaspace       used 9756K, capacity 10073K, committed 10240K, reserved 1058816K
  class space    used 950K, capacity 1019K, committed 1024K, reserved 1048576K
Event: 161.110 GC heap after
Heap after GC invocations=1297 (full 0):
 PSYoungGen      total 220672K, used 615K [0x0000000715980000, 0x0000000795080000, 0x00000007c0000000)
  eden space 219648K, 0% used [0x0000000715980000,0x0000000715980000,0x0000000723000000)
  from space 1024K, 60% used [0x0000000794e00000,0x0000000794e99c50,0x0000000794f00000)
  to   space 1536K, 0% used [0x0000000794f00000,0x0000000794f00000,0x0000000795080000)
 ParOldGen       total 349696K, used 95419K [0x00000005c0c00000, 0x00000005d6180000, 0x0000000715980000)
  object space 349696K, 27% used [0x00000005c0c00000,0x00000005c692edd8,0x00000005d6180000)
 Metaspace       used 9756K, capacity 10073K, committed 10240K, reserved 1058816K
  class space    used 950K, capacity 1019K, committed 1024K, reserved 1048576K
}

Deoptimization events (10 events):
Event: 1.105 Thread 0x0000000026aa3000 Uncommon trap: reason=class_check action=maybe_recompile pc=0x0000000002a773cc method=eu.mihosoft.vrl.v3d.Polygon.clone()Leu/mihosoft/vrl/v3d/Polygon; @ 18
Event: 1.224 Thread 0x0000000001f38000 Uncommon trap: reason=unreached action=reinterpret pc=0x000000000294d5e8 method=java.util.Arrays.copyOf([Ljava/lang/Object;ILjava/lang/Class;)[Ljava/lang/Object; @ 3
Event: 4.451 Thread 0x0000000026aa3000 Uncommon trap: reason=unreached action=reinterpret pc=0x0000000002c6c75c method=GameScene.logicScene(F)V @ 18
Event: 75.638 Thread 0x0000000001f38000 Uncommon trap: reason=unloaded action=reinterpret pc=0x0000000002cff728 method=GameConsole.draw(IIF)V @ 62
Event: 75.639 Thread 0x0000000001f38000 Uncommon trap: reason=unreached action=reinterpret pc=0x00000000028bd76c method=sun.java2d.SunGraphics2D.setColor(Ljava/awt/Color;)V @ 90
Event: 75.735 Thread 0x0000000025714800 Uncommon trap: reason=class_check action=maybe_recompile pc=0x0000000002d1be20 method=java.lang.ref.Reference$ReferenceHandler.run()V @ 65
Event: 75.839 Thread 0x0000000001f38000 Uncommon trap: reason=unloaded action=reinterpret pc=0x0000000002cef290 method=GameConsole.draw(IIF)V @ 62
Event: 76.116 Thread 0x0000000025714800 Uncommon trap: reason=class_check action=maybe_recompile pc=0x0000000002d1be20 method=java.lang.ref.Reference$ReferenceHandler.run()V @ 65
Event: 76.456 Thread 0x0000000025714800 Uncommon trap: reason=class_check action=maybe_recompile pc=0x0000000002d1be20 method=java.lang.ref.Reference$ReferenceHandler.run()V @ 65
Event: 76.745 Thread 0x0000000025714800 Uncommon trap: reason=class_check action=maybe_recompile pc=0x0000000002d1be20 method=java.lang.ref.Reference$ReferenceHandler.run()V @ 65

Internal exceptions (10 events):
Event: 1.022 Thread 0x0000000001f38000 Exception <a 'java/security/PrivilegedActionException'> (0x00000007197768f0) thrown at [D:\re\workspace\8-2-build-windows-amd64-cygwin\jdk8u25\1677\hotspot\src\share\vm\prims\jvm.cpp, line 1312]
Event: 1.203 Thread 0x0000000001f38000 Exception <a 'java/security/PrivilegedActionException'> (0x0000000715af04d0) thrown at [D:\re\workspace\8-2-build-windows-amd64-cygwin\jdk8u25\1677\hotspot\src\share\vm\prims\jvm.cpp, line 1312]
Event: 1.211 Thread 0x0000000001f38000 Exception <a 'java/io/FileNotFoundException'> (0x0000000715bf89c0) thrown at [D:\re\workspace\8-2-build-windows-amd64-cygwin\jdk8u25\1677\hotspot\src\share\vm\prims\jni.cpp, line 716]
Event: 1.223 Thread 0x0000000001f38000 Exception <a 'java/io/FileNotFoundException'> (0x0000000715c08690) thrown at [D:\re\workspace\8-2-build-windows-amd64-cygwin\jdk8u25\1677\hotspot\src\share\vm\prims\jni.cpp, line 716]
Event: 1.265 Thread 0x0000000001f38000 Exception <a 'java/security/PrivilegedActionException'> (0x0000000719656878) thrown at [D:\re\workspace\8-2-build-windows-amd64-cygwin\jdk8u25\1677\hotspot\src\share\vm\prims\jvm.cpp, line 1312]
Event: 1.303 Thread 0x0000000001f38000 Exception <a 'java/security/PrivilegedActionException'> (0x000000071975bca8) thrown at [D:\re\workspace\8-2-build-windows-amd64-cygwin\jdk8u25\1677\hotspot\src\share\vm\prims\jvm.cpp, line 1312]
Event: 1.304 Thread 0x0000000001f38000 Exception <a 'java/security/PrivilegedActionException'> (0x000000071975fd60) thrown at [D:\re\workspace\8-2-build-windows-amd64-cygwin\jdk8u25\1677\hotspot\src\share\vm\prims\jvm.cpp, line 1312]
Event: 4.783 Thread 0x0000000001f38000 Exception <a 'java/security/PrivilegedActionException'> (0x000000071b658eb8) thrown at [D:\re\workspace\8-2-build-windows-amd64-cygwin\jdk8u25\1677\hotspot\src\share\vm\prims\jvm.cpp, line 1312]
Event: 4.784 Thread 0x0000000026aa2800 Exception <a 'java/security/PrivilegedActionException'> (0x0000000717a28008) thrown at [D:\re\workspace\8-2-build-windows-amd64-cygwin\jdk8u25\1677\hotspot\src\share\vm\prims\jvm.cpp, line 1312]
Event: 75.638 Thread 0x0000000001f38000 Exception <a 'java/security/PrivilegedActionException'> (0x00000007171893f0) thrown at [D:\re\workspace\8-2-build-windows-amd64-cygwin\jdk8u25\1677\hotspot\src\share\vm\prims\jvm.cpp, line 1312]

Events (10 events):
Event: 160.661 Executing VM operation: ParallelGCFailedAllocation
Event: 160.662 Executing VM operation: ParallelGCFailedAllocation done
Event: 160.766 Executing VM operation: ParallelGCFailedAllocation
Event: 160.768 Executing VM operation: ParallelGCFailedAllocation done
Event: 160.870 Executing VM operation: ParallelGCFailedAllocation
Event: 160.871 Executing VM operation: ParallelGCFailedAllocation done
Event: 160.990 Executing VM operation: ParallelGCFailedAllocation
Event: 160.991 Executing VM operation: ParallelGCFailedAllocation done
Event: 161.109 Executing VM operation: ParallelGCFailedAllocation
Event: 161.110 Executing VM operation: ParallelGCFailedAllocation done


Dynamic libraries:
0x000000013f4e0000 - 0x000000013f514000 	C:\Program Files\Java\jdk1.8.0_25\bin\java.exe
0x0000000077230000 - 0x00000000773d9000 	C:\Windows\SYSTEM32\ntdll.dll
0x0000000077010000 - 0x000000007712f000 	C:\Windows\system32\kernel32.dll
0x000007fefc2d0000 - 0x000007fefc33c000 	C:\Windows\system32\KERNELBASE.dll
0x000007fefe150000 - 0x000007fefe22b000 	C:\Windows\system32\ADVAPI32.dll
0x000007fefde10000 - 0x000007fefdeaf000 	C:\Windows\system32\msvcrt.dll
0x000007fefd600000 - 0x000007fefd61f000 	C:\Windows\SYSTEM32\sechost.dll
0x000007fefdeb0000 - 0x000007fefdfdd000 	C:\Windows\system32\RPCRT4.dll
0x0000000077130000 - 0x000000007722a000 	C:\Windows\system32\USER32.dll
0x000007fefc780000 - 0x000007fefc7e7000 	C:\Windows\system32\GDI32.dll
0x000007fefc770000 - 0x000007fefc77e000 	C:\Windows\system32\LPK.dll
0x000007fefdfe0000 - 0x000007fefe0a9000 	C:\Windows\system32\USP10.dll
0x000007fefaa90000 - 0x000007fefac84000 	C:\Windows\WinSxS\amd64_microsoft.windows.common-controls_6595b64144ccf1df_6.0.7601.17514_none_fa396087175ac9ac\COMCTL32.dll
0x000007fefc440000 - 0x000007fefc4b1000 	C:\Windows\system32\SHLWAPI.dll
0x000007fefe520000 - 0x000007fefe54e000 	C:\Windows\system32\IMM32.DLL
0x000007fefd950000 - 0x000007fefda59000 	C:\Windows\system32\MSCTF.dll
0x0000000063430000 - 0x0000000063502000 	C:\Program Files\Java\jdk1.8.0_25\jre\bin\msvcr100.dll
0x00000000555b0000 - 0x0000000055e0a000 	C:\Program Files\Java\jdk1.8.0_25\jre\bin\server\jvm.dll
0x000007fef7b00000 - 0x000007fef7b09000 	C:\Windows\system32\WSOCK32.dll
0x000007fefd900000 - 0x000007fefd94d000 	C:\Windows\system32\WS2_32.dll
0x000007fefe6d0000 - 0x000007fefe6d8000 	C:\Windows\system32\NSI.dll
0x000007fef9a80000 - 0x000007fef9abb000 	C:\Windows\system32\WINMM.dll
0x0000000077400000 - 0x0000000077407000 	C:\Windows\system32\PSAPI.DLL
0x0000000072ad0000 - 0x0000000072adf000 	C:\Program Files\Java\jdk1.8.0_25\jre\bin\verify.dll
0x0000000072aa0000 - 0x0000000072ac8000 	C:\Program Files\Java\jdk1.8.0_25\jre\bin\java.dll
0x0000000072a10000 - 0x0000000072a26000 	C:\Program Files\Java\jdk1.8.0_25\jre\bin\zip.dll
0x000007fefc870000 - 0x000007fefd5f8000 	C:\Windows\system32\SHELL32.dll
0x000007fefe230000 - 0x000007fefe433000 	C:\Windows\system32\ole32.dll
0x000007fefc080000 - 0x000007fefc08f000 	C:\Windows\system32\profapi.dll
0x000007fef9820000 - 0x000007fef9830000 	C:\Program Files (x86)\JetBrains\IntelliJ IDEA Community Edition 14.0\bin\breakgen64.dll
0x00000000729f0000 - 0x0000000072a0a000 	C:\Program Files\Java\jdk1.8.0_25\jre\bin\net.dll
0x000007fefb860000 - 0x000007fefb8b5000 	C:\Windows\system32\mswsock.dll
0x000007fefb850000 - 0x000007fefb857000 	C:\Windows\System32\wship6.dll
0x0000000180000000 - 0x0000000180051000 	C:\projects\game\lwjgl-2.9.1\lib\windows\lwjgl64.dll
0x000007fee3230000 - 0x000007fee334d000 	C:\Windows\system32\OPENGL32.dll
0x000007fef0be0000 - 0x000007fef0c0d000 	C:\Windows\system32\GLU32.dll
0x000007fee1260000 - 0x000007fee1351000 	C:\Windows\system32\DDRAW.dll
0x000007fef3e60000 - 0x000007fef3e68000 	C:\Windows\system32\DCIMAN32.dll
0x000007fefdc30000 - 0x000007fefde07000 	C:\Windows\system32\SETUPAPI.dll
0x000007fefc3b0000 - 0x000007fefc3e6000 	C:\Windows\system32\CFGMGR32.dll
0x000007fefe440000 - 0x000007fefe517000 	C:\Windows\system32\OLEAUT32.dll
0x000007fefc410000 - 0x000007fefc42a000 	C:\Windows\system32\DEVOBJ.dll
0x000007fefa5c0000 - 0x000007fefa5d8000 	C:\Windows\system32\dwmapi.dll
0x000007fefb150000 - 0x000007fefb15c000 	C:\Windows\system32\VERSION.dll
0x000007fefa540000 - 0x000007fefa596000 	C:\Windows\system32\uxtheme.dll
0x00000000518a0000 - 0x0000000053742000 	C:\Windows\system32\nvoglv64.DLL
0x000007fefb2e0000 - 0x000007fefb2f1000 	C:\Windows\system32\WTSAPI32.dll
0x000007fefc360000 - 0x000007fefc39a000 	C:\Windows\system32\WINTRUST.dll
0x000007fefc0a0000 - 0x000007fefc20c000 	C:\Windows\system32\CRYPT32.dll
0x000007fefc090000 - 0x000007fefc09f000 	C:\Windows\system32\MSASN1.dll
0x000007fefb120000 - 0x000007fefb14d000 	C:\Windows\system32\ntmarta.dll
0x000007fefda60000 - 0x000007fefdab2000 	C:\Windows\system32\WLDAP32.dll
0x000007fefb400000 - 0x000007fefb43d000 	C:\Windows\system32\WINSTA.dll
0x000007fefbf20000 - 0x000007fefbf2f000 	C:\Windows\system32\CRYPTBASE.dll
0x000007fef8e50000 - 0x000007fef8eec000 	C:\Windows\system32\mscms.dll
0x000007fefc2b0000 - 0x000007fefc2ce000 	C:\Windows\system32\USERENV.dll
0x000007fee77a0000 - 0x000007fee77e2000 	C:\Windows\system32\icm32.dll
0x0000000063290000 - 0x0000000063428000 	C:\Program Files\Java\jdk1.8.0_25\jre\bin\awt.dll
0x0000000072910000 - 0x0000000072957000 	C:\Program Files\Java\jdk1.8.0_25\jre\bin\fontmanager.dll
0x00000000728f0000 - 0x0000000072901000 	C:\Program Files\Java\jdk1.8.0_25\jre\bin\nio.dll
0x0000000072770000 - 0x00000000727b1000 	C:\Program Files\Java\jdk1.8.0_25\jre\bin\t2k.dll
0x000007fef7790000 - 0x000007fef78b5000 	C:\Windows\system32\dbghelp.dll

VM Arguments:
jvm_args: -Dvisualvm.id=6418128828877000 -Djava.library.path=C:\projects\game\lwjgl-2.9.1\lib\windows -Didea.launcher.port=7532 -Didea.launcher.bin.path=C:\Program Files (x86)\JetBrains\IntelliJ IDEA Community Edition 14.0\bin -Dfile.encoding=UTF-8 
java_command: com.intellij.rt.execution.application.AppMain Main
java_class_path (initial): C:\Program Files\Java\jdk1.8.0_25\jre\lib\charsets.jar;C:\Program Files\Java\jdk1.8.0_25\jre\lib\deploy.jar;C:\Program Files\Java\jdk1.8.0_25\jre\lib\javaws.jar;C:\Program Files\Java\jdk1.8.0_25\jre\lib\jce.jar;C:\Program Files\Java\jdk1.8.0_25\jre\lib\jfr.jar;C:\Program Files\Java\jdk1.8.0_25\jre\lib\jfxswt.jar;C:\Program Files\Java\jdk1.8.0_25\jre\lib\jsse.jar;C:\Program Files\Java\jdk1.8.0_25\jre\lib\management-agent.jar;C:\Program Files\Java\jdk1.8.0_25\jre\lib\plugin.jar;C:\Program Files\Java\jdk1.8.0_25\jre\lib\resources.jar;C:\Program Files\Java\jdk1.8.0_25\jre\lib\rt.jar;C:\Program Files\Java\jdk1.8.0_25\jre\lib\ext\access-bridge-64.jar;C:\Program Files\Java\jdk1.8.0_25\jre\lib\ext\cldrdata.jar;C:\Program Files\Java\jdk1.8.0_25\jre\lib\ext\dnsns.jar;C:\Program Files\Java\jdk1.8.0_25\jre\lib\ext\jaccess.jar;C:\Program Files\Java\jdk1.8.0_25\jre\lib\ext\jfxrt.jar;C:\Program Files\Java\jdk1.8.0_25\jre\lib\ext\localedata.jar;C:\Program Files\Java\jdk1.8.0_25\jre\lib\ext\nashorn.jar;C:\Program Files\Java\jdk1.8.0_25\jre\lib\ext\sunec.jar;C:\Program Files\Java\jdk1.8.0_25\jre\lib\ext\sunjce_provider.jar;C:\Program Files\Java\jdk1.8.0_25\jre\lib\ext\sunmscapi.jar;C:\Program Files\Java\jdk1.8.0_25\jre\lib\ext\sunpkcs11.jar;C:\Program Files\Java\jdk1.8.0_25\jre\lib\ext\zipfs.jar;C:\projects\game\out\production\game;C:\projects\game\lwjgl-2.9.1\jar\AppleJavaExtensions.jar;C:\projects\game\lwjgl-2.9.1\jar\asm-debug-all.jar;C:\projects\game\lwjgl-2.9.1\jar\jinput.jar;C:\projects\game\lwjgl-2.9.1\jar\lwjgl.jar;C:\projects\game\lwjgl-2.9.1\jar\lwjgl-debug.jar;C:\projects\game\lwjgl-2.9.1\jar\lwjgl_test.jar;C:\projects\game\lwjgl-2.9.1\jar\lwjgl_util.jar;C:\projects\game\lwjgl-2.9.1\jar\lwjgl_util_applet.jar;C:\projects\game\lwjgl-2.9.1\jar\lzma.jar;C:\projects\game\JCSG-master\build\libs\JCSG-master.jar;C:\projects\game\lwjgl-2.9.1\jar\slick-util.jar;C:\projects\game\apachecommons\commons-net-3.3.jar;C:\projects\game\apachecommons\commons-lang
Launcher Type: SUN_STANDARD

Environment Variables:
JAVA_HOME=C:\Program Files\Java\jdk1.8.0_25
PATH=C:\ProgramData\Oracle\Java\javapath;C:\Program Files (x86)\NVIDIA Corporation\PhysX\Common;C:\Users\user\AMD APP SDK\2.9\bin\x86_64;C:\Users\user\AMD APP SDK\2.9\bin\x86;C:\Program Files (x86)\AMD APP SDK\2.9\bin\x86_64;C:\Program Files (x86)\AMD APP SDK\2.9\bin\x86;C:\Program Files (x86)\Intel\iCLS Client\;C:\Program Files\Intel\iCLS Client\;C:\Windows\system32;C:\Windows;C:\Windows\System32\Wbem;C:\Windows\System32\WindowsPowerShell\v1.0\;C:\Program Files\Intel\Intel(R) Management Engine Components\DAL;C:\Program Files\Intel\Intel(R) Management Engine Components\IPT;C:\Program Files (x86)\Intel\Intel(R) Management Engine Components\DAL;C:\Program Files (x86)\Intel\Intel(R) Management Engine Components\IPT;C:\Program Files\Microsoft SQL Server\110\Tools\Binn\;C:\Program Files\Microsoft Windows Performance Toolkit\;C:\Program Files\nodejs\;C:\Program Files\LuxRender;C:\Program Files\VCG\MeshLab;C:\Program Files (x86)\MySQL\MySQL Utilities 1.4\;C:\Program Files (x86)\MySQL\MySQL Utilities 1.4\Doctrine extensions for PHP\;C:\Program Files (x86)\QuickTime\QTSystem\;C:\Program Files (x86)\Windows Kits\8.1\Windows Performance Toolkit\;C:\Program Files (x86)\Microsoft SDKs\TypeScript\1.0\;C:\Program Files\Microsoft SQL Server\120\Tools\Binn\;C:\Python27;C:\Program Files (x86)\Microsoft Visual Studio 12.0\VC\vcpackages;C:\Users\user\AppData\Roaming\npm;C:\Program Files\apfloat;C:\Program Files (x86)\Kiwix\kiwix\xulrunner;C:\mongodb\bin\;C:\projects\wikirandom\node_modules\forever\bin;C:\Program Files (x86)\JetBrains\WebStorm 7.0.3\jre\bin;C:\Program Files\apache-maven-3.2.2\bin;C:\aparapi;C:\Program Files\VCG\MeshLab;
USERNAME=user
OS=Windows_NT
PROCESSOR_IDENTIFIER=Intel64 Family 6 Model 58 Stepping 9, GenuineIntel



---------------  S Y S T E M  ---------------

OS: Windows 7 , 64 bit Build 7601 Service Pack 1

CPU:total 8 (4 cores per cpu, 2 threads per core) family 6 model 58 stepping 9, cmov, cx8, fxsr, mmx, sse, sse2, sse3, ssse3, sse4.1, sse4.2, popcnt, avx, aes, clmul, erms, ht, tsc, tscinvbit, tscinv

Memory: 4k page, physical 33498820k(23982148k free), swap 66995776k(51027348k free)

vm_info: Java HotSpot(TM) 64-Bit Server VM (25.25-b02) for windows-amd64 JRE (1.8.0_25-b18), built on Oct  7 2014 14:25:37 by "java_re" with MS VC++ 10.0 (VS2010)

time: Sun Mar 22 21:47:13 2015
elapsed time: 161 seconds (0d 0h 2m 41s)

