#
# A fatal error has been detected by the Java Runtime Environment:
#
#  EXCEPTION_ACCESS_VIOLATION (0xc0000005) at pc=0x0000000069269660, pid=4492, tid=1308
#
# JRE version: Java(TM) SE Runtime Environment (8.0_25-b18) (build 1.8.0_25-b18)
# Java VM: Java HotSpot(TM) 64-Bit Server VM (25.25-b02 mixed mode windows-amd64 compressed oops)
# Problematic frame:
# C  [nvoglv64.DLL+0xa99660]
#
# Failed to write core dump. Minidumps are not enabled by default on client versions of Windows
#
# If you would like to submit a bug report, please visit:
#   http://bugreport.sun.com/bugreport/crash.jsp
# The crash happened outside the Java Virtual Machine in native code.
# See problematic frame for where to report the bug.
#

---------------  T H R E A D  ---------------

Current thread (0x0000000002158000):  JavaThread "main" [_thread_in_native, id=1308, stack(0x00000000024c0000,0x00000000025c0000)]

siginfo: ExceptionCode=0xc0000005, reading address 0x000000004f920040

Registers:
RAX=0x000000004f920060, RBX=0x000000004f920040, RCX=0x000000004e3a0020, RDX=0x000000004f920040
RSP=0x00000000025bd5f8, RBP=0x0000000000000800, RSI=0x0000000000000000, RDI=0x000000004e3a0000
R8 =0x0000000000000020, R9 =0x0000000000000006, R10=0x0000000000000010, R11=0x0000000000000006
R12=0x0000000000000000, R13=0x0000000069286370, R14=0x00000000000000fd, R15=0x0000000000000000
RIP=0x0000000069269660, EFLAGS=0x0000000000010202

Top of Stack: (sp=0x00000000025bd5f8)
0x00000000025bd5f8:   000000006926928d 0000000000000001
0x00000000025bd608:   000000004f920040 0000000000000001
0x00000000025bd618:   0000000069271881 00000000000001ae
0x00000000025bd628:   0000000038d319c0 000000004f920040
0x00000000025bd638:   000000000000007f 000000004e3a0000
0x00000000025bd648:   00000000691a6070 0000000000001000
0x00000000025bd658:   0000000000001000 0000000000000400
0x00000000025bd668:   0000000000100002 0000000069286370
0x00000000025bd678:   0000000000000000 000000000000002d
0x00000000025bd688:   0000000000000000 0000000000000006
0x00000000025bd698:   000000005002e040 000000004fe30040
0x00000000025bd6a8:   000000004fe30040 0000000000000000
0x00000000025bd6b8:   000000004dd1b1d0 000001ae00000000
0x00000000025bd6c8:   0000000000000010 0000000000000000
0x00000000025bd6d8:   0000007f00000000 000000000000007f
0x00000000025bd6e8:   0000000000200000 000000004e3a0000 

Instructions: (pc=0x0000000069269660)
0x0000000069269640:   8d 40 40 0f 11 41 d0 49 ff c8 75 d4 c3 4d 85 c0
0x0000000069269650:   74 3a 48 83 c1 20 48 8d 42 20 66 0f 1f 44 00 00
0x0000000069269660:   0f 28 58 e0 0f 28 50 f0 0f 28 08 48 8d 49 40 0f
0x0000000069269670:   28 40 10 0f 29 59 a0 0f 29 51 b0 48 8d 40 40 0f 


Register to memory mapping:

RAX=0x000000004f920060 is an unknown value
RBX=0x000000004f920040 is an unknown value
RCX=0x000000004e3a0020 is an unknown value
RDX=0x000000004f920040 is an unknown value
RSP=0x00000000025bd5f8 is pointing into the stack for thread: 0x0000000002158000
RBP=0x0000000000000800 is an unknown value
RSI=0x0000000000000000 is an unknown value
RDI=0x000000004e3a0000 is an unknown value
R8 =0x0000000000000020 is an unknown value
R9 =0x0000000000000006 is an unknown value
R10=0x0000000000000010 is an unknown value
R11=0x0000000000000006 is an unknown value
R12=0x0000000000000000 is an unknown value
R13=0x0000000069286370 is an unknown value
R14=0x00000000000000fd is an unknown value
R15=0x0000000000000000 is an unknown value


Stack: [0x00000000024c0000,0x00000000025c0000],  sp=0x00000000025bd5f8,  free space=1013k
Native frames: (J=compiled Java code, j=interpreted, Vv=VM code, C=native code)
C  [nvoglv64.DLL+0xa99660]

Java frames: (J=compiled Java code, j=interpreted, Vv=VM code)
J 1371  org.lwjgl.opengl.GL11.nglTexImage2D(IIIIIIIIJJ)V (0 bytes) @ 0x0000000002df2105 [0x0000000002df2080+0x85]
J 1341 C1 org.lwjgl.opengl.GL11.glTexImage2D(IIIIIIIILjava/nio/ByteBuffer;)V (67 bytes) @ 0x0000000002dd7f14 [0x0000000002dd71c0+0xd54]
J 723 C2 factory.TextureFactory.loadTexture(Ljava/awt/image/BufferedImage;)I (243 bytes) @ 0x0000000002b78c08 [0x0000000002b78040+0xbc8]
J 1343 C1 gameConsole.getConsoleTexture(Ljava/lang/String;IIZ)I (64 bytes) @ 0x0000000002dd9f84 [0x0000000002dd9940+0x644]
J 1471 C2 RenderThread.renderGL()V (401 bytes) @ 0x0000000002e774e4 [0x0000000002e75100+0x23e4]
J 1405% C2 RenderThread.start()V (108 bytes) @ 0x0000000002e2bb04 [0x0000000002e2ba80+0x84]
j  Main.main([Ljava/lang/String;)V+29
v  ~StubRoutines::call_stub
j  sun.reflect.NativeMethodAccessorImpl.invoke0(Ljava/lang/reflect/Method;Ljava/lang/Object;[Ljava/lang/Object;)Ljava/lang/Object;+0
j  sun.reflect.NativeMethodAccessorImpl.invoke(Ljava/lang/Object;[Ljava/lang/Object;)Ljava/lang/Object;+100
j  sun.reflect.DelegatingMethodAccessorImpl.invoke(Ljava/lang/Object;[Ljava/lang/Object;)Ljava/lang/Object;+6
j  java.lang.reflect.Method.invoke(Ljava/lang/Object;[Ljava/lang/Object;)Ljava/lang/Object;+56
j  com.intellij.rt.execution.application.AppMain.main([Ljava/lang/String;)V+163
v  ~StubRoutines::call_stub

---------------  P R O C E S S  ---------------

Java Threads: ( => current thread )
  0x000000004b263000 JavaThread "ForkJoinPool.commonPool-worker-0" daemon [_thread_blocked, id=7508, stack(0x00000000381c0000,0x00000000382c0000)]
  0x000000004b5fd800 JavaThread "Java2D Disposer" daemon [_thread_blocked, id=3804, stack(0x000000004c080000,0x000000004c180000)]
  0x0000000026e58800 JavaThread "Thread-0" [_thread_in_Java, id=7792, stack(0x0000000028f20000,0x0000000029020000)]
  0x0000000026d39000 JavaThread "Monitor Ctrl-Break" daemon [_thread_in_native, id=5308, stack(0x0000000028c10000,0x0000000028d10000)]
  0x0000000026c32000 JavaThread "Service Thread" daemon [_thread_blocked, id=6980, stack(0x0000000028740000,0x0000000028840000)]
  0x0000000026bcd800 JavaThread "C1 CompilerThread3" daemon [_thread_blocked, id=4320, stack(0x00000000283b0000,0x00000000284b0000)]
  0x0000000026bb4800 JavaThread "C2 CompilerThread2" daemon [_thread_blocked, id=6888, stack(0x00000000284f0000,0x00000000285f0000)]
  0x0000000026ba8800 JavaThread "C2 CompilerThread1" daemon [_thread_blocked, id=8100, stack(0x0000000028100000,0x0000000028200000)]
  0x0000000026ba1800 JavaThread "C2 CompilerThread0" daemon [_thread_blocked, id=8000, stack(0x0000000028200000,0x0000000028300000)]
  0x0000000026b9e000 JavaThread "Attach Listener" daemon [_thread_blocked, id=6672, stack(0x0000000027f70000,0x0000000028070000)]
  0x0000000026b9c800 JavaThread "Signal Dispatcher" daemon [_thread_blocked, id=2932, stack(0x0000000027d00000,0x0000000027e00000)]
  0x0000000025bfa800 JavaThread "Finalizer" daemon [_thread_blocked, id=7388, stack(0x0000000027e20000,0x0000000027f20000)]
  0x0000000025bf4800 JavaThread "Reference Handler" daemon [_thread_blocked, id=7964, stack(0x0000000027ac0000,0x0000000027bc0000)]
=>0x0000000002158000 JavaThread "main" [_thread_in_native, id=1308, stack(0x00000000024c0000,0x00000000025c0000)]

Other Threads:
  0x0000000025bef800 VMThread [stack: 0x0000000027bd0000,0x0000000027cd0000] [id=8620]
  0x0000000026c43000 WatcherThread [stack: 0x00000000289a0000,0x0000000028aa0000] [id=5644]

VM state:not at safepoint (normal execution)

VM Mutex/Monitor currently owned by a thread: None

Heap:
 PSYoungGen      total 120832K, used 15432K [0x0000000715980000, 0x0000000745d80000, 0x00000007c0000000)
  eden space 117760K, 10% used [0x0000000715980000,0x00000007165ea240,0x000000071cc80000)
  from space 3072K, 88% used [0x0000000744b00000,0x0000000744da8010,0x0000000744e00000)
  to   space 9728K, 0% used [0x0000000745400000,0x0000000745400000,0x0000000745d80000)
 ParOldGen       total 349696K, used 11514K [0x00000005c0c00000, 0x00000005d6180000, 0x0000000715980000)
  object space 349696K, 3% used [0x00000005c0c00000,0x00000005c173e930,0x00000005d6180000)
 Metaspace       used 9413K, capacity 9687K, committed 9984K, reserved 1058816K
  class space    used 916K, capacity 984K, committed 1024K, reserved 1048576K

Card table byte_map: [0x0000000011c50000,0x0000000012c50000] byte_map_base: 0x000000000ee4a000

Marking Bits: (ParMarkBitMap*) 0x0000000077f7d490
 Begin Bits: [0x0000000014270000, 0x000000001c240000)
 End Bits:   [0x000000001c240000, 0x0000000024210000)

Polling page: 0x0000000000130000

CodeCache: size=245760Kb used=5173Kb max_used=6153Kb free=240586Kb
 bounds [0x0000000002890000, 0x0000000002ea0000, 0x0000000011890000]
 total_blobs=1817 nmethods=1297 adapters=434
 compilation: enabled

Compilation events (10 events):
Event: 135.323 Thread 0x0000000026bcd800 1544       3       java.io.Writer::write (11 bytes)
Event: 135.323 Thread 0x0000000026bcd800 nmethod 1544 0x0000000002a3e3d0 code [0x0000000002a3e540, 0x0000000002a3e848]
Event: 146.184 Thread 0x0000000026bcd800 1546       1       sun.awt.image.IntegerInterleavedRaster::getDataOffset (7 bytes)
Event: 146.184 Thread 0x0000000026bcd800 nmethod 1546 0x0000000002b48f90 code [0x0000000002b490e0, 0x0000000002b49210]
Event: 156.813 Thread 0x0000000026bcd800 1547       1       java.awt.Image$1::getSurfaceManager (5 bytes)
Event: 156.813 Thread 0x0000000026bb4800 1549       4       sun.font.SunFontManager::dotStyleStr (40 bytes)
Event: 156.813 Thread 0x0000000026bcd800 nmethod 1547 0x0000000002ccea90 code [0x0000000002ccebe0, 0x0000000002ccecf0]
Event: 156.814 Thread 0x0000000026bb4800 nmethod 1549 0x0000000002cb89d0 code [0x0000000002cb8b00, 0x0000000002cb8b78]
Event: 156.814 Thread 0x0000000026bcd800 1548       1       java.awt.Image$1::setSurfaceManager (6 bytes)
Event: 156.814 Thread 0x0000000026bcd800 nmethod 1548 0x0000000002bc67d0 code [0x0000000002bc6920, 0x0000000002bc6a50]

GC Heap History (10 events):
Event: 166.004 GC heap before
{Heap before GC invocations=51 (full 0):
 PSYoungGen      total 138240K, used 138093K [0x0000000715980000, 0x0000000747080000, 0x00000007c0000000)
  eden space 132096K, 100% used [0x0000000715980000,0x000000071da80000,0x000000071da80000)
  from space 6144K, 97% used [0x0000000746a80000,0x000000074705b760,0x0000000747080000)
  to   space 9728K, 0% used [0x0000000745d80000,0x0000000745d80000,0x0000000746700000)
 ParOldGen       total 349696K, used 9730K [0x00000005c0c00000, 0x00000005d6180000, 0x0000000715980000)
  object space 349696K, 2% used [0x00000005c0c00000,0x00000005c1580910,0x00000005d6180000)
 Metaspace       used 9413K, capacity 9687K, committed 9984K, reserved 1058816K
  class space    used 916K, capacity 984K, committed 1024K, reserved 1048576K
Event: 166.007 GC heap after
Heap after GC invocations=51 (full 0):
 PSYoungGen      total 137728K, used 8320K [0x0000000715980000, 0x0000000746b00000, 0x00000007c0000000)
  eden space 129024K, 0% used [0x0000000715980000,0x0000000715980000,0x000000071d780000)
  from space 8704K, 95% used [0x0000000745d80000,0x00000007465a0040,0x0000000746600000)
  to   space 5120K, 0% used [0x0000000746600000,0x0000000746600000,0x0000000746b00000)
 ParOldGen       total 349696K, used 9730K [0x00000005c0c00000, 0x00000005d6180000, 0x0000000715980000)
  object space 349696K, 2% used [0x00000005c0c00000,0x00000005c1580910,0x00000005d6180000)
 Metaspace       used 9413K, capacity 9687K, committed 9984K, reserved 1058816K
  class space    used 916K, capacity 984K, committed 1024K, reserved 1048576K
}
Event: 167.317 GC heap before
{Heap before GC invocations=52 (full 0):
 PSYoungGen      total 137728K, used 137196K [0x0000000715980000, 0x0000000746b00000, 0x00000007c0000000)
  eden space 129024K, 99% used [0x0000000715980000,0x000000071d75b1c8,0x000000071d780000)
  from space 8704K, 95% used [0x0000000745d80000,0x00000007465a0040,0x0000000746600000)
  to   space 5120K, 0% used [0x0000000746600000,0x0000000746600000,0x0000000746b00000)
 ParOldGen       total 349696K, used 9730K [0x00000005c0c00000, 0x00000005d6180000, 0x0000000715980000)
  object space 349696K, 2% used [0x00000005c0c00000,0x00000005c1580910,0x00000005d6180000)
 Metaspace       used 9413K, capacity 9687K, committed 9984K, reserved 1058816K
  class space    used 916K, capacity 984K, committed 1024K, reserved 1048576K
Event: 167.319 GC heap after
Heap after GC invocations=52 (full 0):
 PSYoungGen      total 130560K, used 4304K [0x0000000715980000, 0x0000000746a80000, 0x00000007c0000000)
  eden space 125952K, 0% used [0x0000000715980000,0x0000000715980000,0x000000071d480000)
  from space 4608K, 93% used [0x0000000746600000,0x0000000746a34020,0x0000000746a80000)
  to   space 10240K, 0% used [0x0000000745680000,0x0000000745680000,0x0000000746080000)
 ParOldGen       total 349696K, used 11466K [0x00000005c0c00000, 0x00000005d6180000, 0x0000000715980000)
  object space 349696K, 3% used [0x00000005c0c00000,0x00000005c1732920,0x00000005d6180000)
 Metaspace       used 9413K, capacity 9687K, committed 9984K, reserved 1058816K
  class space    used 916K, capacity 984K, committed 1024K, reserved 1048576K
}
Event: 169.203 GC heap before
{Heap before GC invocations=53 (full 0):
 PSYoungGen      total 130560K, used 130256K [0x0000000715980000, 0x0000000746a80000, 0x00000007c0000000)
  eden space 125952K, 100% used [0x0000000715980000,0x000000071d480000,0x000000071d480000)
  from space 4608K, 93% used [0x0000000746600000,0x0000000746a34020,0x0000000746a80000)
  to   space 10240K, 0% used [0x0000000745680000,0x0000000745680000,0x0000000746080000)
 ParOldGen       total 349696K, used 11466K [0x00000005c0c00000, 0x00000005d6180000, 0x0000000715980000)
  object space 349696K, 3% used [0x00000005c0c00000,0x00000005c1732920,0x00000005d6180000)
 Metaspace       used 9413K, capacity 9687K, committed 9984K, reserved 1058816K
  class space    used 916K, capacity 984K, committed 1024K, reserved 1048576K
Event: 169.207 GC heap after
Heap after GC invocations=53 (full 0):
 PSYoungGen      total 126464K, used 3200K [0x0000000715980000, 0x0000000746680000, 0x00000007c0000000)
  eden space 122880K, 0% used [0x0000000715980000,0x0000000715980000,0x000000071d180000)
  from space 3584K, 89% used [0x0000000745680000,0x00000007459a0010,0x0000000745a00000)
  to   space 9728K, 0% used [0x0000000745d00000,0x0000000745d00000,0x0000000746680000)
 ParOldGen       total 349696K, used 11474K [0x00000005c0c00000, 0x00000005d6180000, 0x0000000715980000)
  object space 349696K, 3% used [0x00000005c0c00000,0x00000005c1734920,0x00000005d6180000)
 Metaspace       used 9413K, capacity 9687K, committed 9984K, reserved 1058816K
  class space    used 916K, capacity 984K, committed 1024K, reserved 1048576K
}
Event: 170.650 GC heap before
{Heap before GC invocations=54 (full 0):
 PSYoungGen      total 126464K, used 126080K [0x0000000715980000, 0x0000000746680000, 0x00000007c0000000)
  eden space 122880K, 100% used [0x0000000715980000,0x000000071d180000,0x000000071d180000)
  from space 3584K, 89% used [0x0000000745680000,0x00000007459a0010,0x0000000745a00000)
  to   space 9728K, 0% used [0x0000000745d00000,0x0000000745d00000,0x0000000746680000)
 ParOldGen       total 349696K, used 11474K [0x00000005c0c00000, 0x00000005d6180000, 0x0000000715980000)
  object space 349696K, 3% used [0x00000005c0c00000,0x00000005c1734920,0x00000005d6180000)
 Metaspace       used 9413K, capacity 9687K, committed 9984K, reserved 1058816K
  class space    used 916K, capacity 984K, committed 1024K, reserved 1048576K
Event: 170.651 GC heap after
Heap after GC invocations=54 (full 0):
 PSYoungGen      total 121344K, used 864K [0x0000000715980000, 0x0000000745e00000, 0x00000007c0000000)
  eden space 120320K, 0% used [0x0000000715980000,0x0000000715980000,0x000000071cf00000)
  from space 1024K, 84% used [0x0000000745d00000,0x0000000745dd8010,0x0000000745e00000)
  to   space 9728K, 0% used [0x0000000744b00000,0x0000000744b00000,0x0000000745480000)
 ParOldGen       total 349696K, used 11474K [0x00000005c0c00000, 0x00000005d6180000, 0x0000000715980000)
  object space 349696K, 3% used [0x00000005c0c00000,0x00000005c1734920,0x00000005d6180000)
 Metaspace       used 9413K, capacity 9687K, committed 9984K, reserved 1058816K
  class space    used 916K, capacity 984K, committed 1024K, reserved 1048576K
}
Event: 172.383 GC heap before
{Heap before GC invocations=55 (full 0):
 PSYoungGen      total 121344K, used 121184K [0x0000000715980000, 0x0000000745e00000, 0x00000007c0000000)
  eden space 120320K, 100% used [0x0000000715980000,0x000000071cf00000,0x000000071cf00000)
  from space 1024K, 84% used [0x0000000745d00000,0x0000000745dd8010,0x0000000745e00000)
  to   space 9728K, 0% used [0x0000000744b00000,0x0000000744b00000,0x0000000745480000)
 ParOldGen       total 349696K, used 11474K [0x00000005c0c00000, 0x00000005d6180000, 0x0000000715980000)
  object space 349696K, 3% used [0x00000005c0c00000,0x00000005c1734920,0x00000005d6180000)
 Metaspace       used 9413K, capacity 9687K, committed 9984K, reserved 1058816K
  class space    used 916K, capacity 984K, committed 1024K, reserved 1048576K
Event: 172.386 GC heap after
Heap after GC invocations=55 (full 0):
 PSYoungGen      total 120832K, used 2720K [0x0000000715980000, 0x0000000745d80000, 0x00000007c0000000)
  eden space 117760K, 0% used [0x0000000715980000,0x0000000715980000,0x000000071cc80000)
  from space 3072K, 88% used [0x0000000744b00000,0x0000000744da8010,0x0000000744e00000)
  to   space 9728K, 0% used [0x0000000745400000,0x0000000745400000,0x0000000745d80000)
 ParOldGen       total 349696K, used 11514K [0x00000005c0c00000, 0x00000005d6180000, 0x0000000715980000)
  object space 349696K, 3% used [0x00000005c0c00000,0x00000005c173e930,0x00000005d6180000)
 Metaspace       used 9413K, capacity 9687K, committed 9984K, reserved 1058816K
  class space    used 916K, capacity 984K, committed 1024K, reserved 1048576K
}

Deoptimization events (10 events):
Event: 66.995 Thread 0x0000000026e58800 Uncommon trap: reason=unreached action=reinterpret pc=0x0000000002d1cd70 method=java.util.regex.Pattern.compile()V @ 271
Event: 66.995 Thread 0x0000000026e58800 Uncommon trap: reason=class_check action=maybe_recompile pc=0x0000000002d7e2d4 method=java.util.regex.Matcher.search(I)Z @ 86
Event: 66.996 Thread 0x0000000026e58800 Uncommon trap: reason=class_check action=maybe_recompile pc=0x0000000002d7e2d4 method=java.util.regex.Matcher.search(I)Z @ 86
Event: 66.996 Thread 0x0000000026e58800 Uncommon trap: reason=class_check action=maybe_recompile pc=0x0000000002d7e2d4 method=java.util.regex.Matcher.search(I)Z @ 86
Event: 66.996 Thread 0x0000000026e58800 Uncommon trap: reason=class_check action=maybe_recompile pc=0x0000000002da8e3c method=java.util.regex.Matcher.search(I)Z @ 86
Event: 66.996 Thread 0x0000000026e58800 Uncommon trap: reason=class_check action=maybe_recompile pc=0x0000000002d7e2d4 method=java.util.regex.Matcher.search(I)Z @ 86
Event: 66.996 Thread 0x0000000026e58800 Uncommon trap: reason=class_check action=maybe_recompile pc=0x0000000002c7c718 method=java.util.regex.Matcher.search(I)Z @ 86
Event: 66.996 Thread 0x0000000026e58800 Uncommon trap: reason=class_check action=maybe_recompile pc=0x0000000002daa430 method=java.util.regex.Matcher.search(I)Z @ 86
Event: 68.510 Thread 0x0000000025bf4800 Uncommon trap: reason=unreached action=reinterpret pc=0x0000000002de618c method=java.lang.ref.Reference$ReferenceHandler.run()V @ 90
Event: 104.498 Thread 0x0000000026e58800 Uncommon trap: reason=unloaded action=reinterpret pc=0x0000000002e8934c method=gameInputs.pollInputs()V @ 191

Internal exceptions (10 events):
Event: 0.724 Thread 0x0000000002158000 Exception <a 'java/security/PrivilegedActionException'> (0x00000007175ab268) thrown at [D:\re\workspace\8-2-build-windows-amd64-cygwin\jdk8u25\1677\hotspot\src\share\vm\prims\jvm.cpp, line 1312]
Event: 0.727 Thread 0x0000000002158000 Exception <a 'java/security/PrivilegedActionException'> (0x00000007175af320) thrown at [D:\re\workspace\8-2-build-windows-amd64-cygwin\jdk8u25\1677\hotspot\src\share\vm\prims\jvm.cpp, line 1312]
Event: 2.691 Thread 0x0000000002158000 Exception <a 'java/security/PrivilegedActionException'> (0x000000071fc8b710) thrown at [D:\re\workspace\8-2-build-windows-amd64-cygwin\jdk8u25\1677\hotspot\src\share\vm\prims\jvm.cpp, line 1312]
Event: 2.700 Thread 0x0000000026e58800 Exception <a 'java/security/PrivilegedActionException'> (0x0000000724bb4a90) thrown at [D:\re\workspace\8-2-build-windows-amd64-cygwin\jdk8u25\1677\hotspot\src\share\vm\prims\jvm.cpp, line 1312]
Event: 2.715 Thread 0x0000000026e58800 Exception <a 'java/security/PrivilegedActionException'> (0x0000000724bb6f98) thrown at [D:\re\workspace\8-2-build-windows-amd64-cygwin\jdk8u25\1677\hotspot\src\share\vm\prims\jvm.cpp, line 1312]
Event: 2.718 Thread 0x0000000026e58800 Exception <a 'java/security/PrivilegedActionException'> (0x0000000724bbaeb0) thrown at [D:\re\workspace\8-2-build-windows-amd64-cygwin\jdk8u25\1677\hotspot\src\share\vm\prims\jvm.cpp, line 1312]
Event: 2.719 Thread 0x0000000026e58800 Exception <a 'java/security/PrivilegedActionException'> (0x0000000724bbd758) thrown at [D:\re\workspace\8-2-build-windows-amd64-cygwin\jdk8u25\1677\hotspot\src\share\vm\prims\jvm.cpp, line 1312]
Event: 2.788 Thread 0x0000000026e58800 Exception <a 'java/security/PrivilegedActionException'> (0x0000000716633940) thrown at [D:\re\workspace\8-2-build-windows-amd64-cygwin\jdk8u25\1677\hotspot\src\share\vm\prims\jvm.cpp, line 1312]
Event: 6.855 Thread 0x0000000002158000 Implicit null exception at 0x0000000002ccd862 to 0x0000000002ccd9b9
Event: 64.466 Thread 0x0000000002158000 Exception <a 'java/security/PrivilegedActionException'> (0x00000007177244f0) thrown at [D:\re\workspace\8-2-build-windows-amd64-cygwin\jdk8u25\1677\hotspot\src\share\vm\prims\jvm.cpp, line 1312]

Events (10 events):
Event: 169.203 Executing VM operation: ParallelGCFailedAllocation
Event: 169.207 Executing VM operation: ParallelGCFailedAllocation done
Event: 170.558 Thread 0x000000004b263000 Thread added: 0x000000004b263000
Event: 170.558 Executing VM operation: RevokeBias
Event: 170.558 Executing VM operation: RevokeBias done
Event: 170.558 Thread 0x000000004b263800 Thread exited: 0x000000004b263800
Event: 170.650 Executing VM operation: ParallelGCFailedAllocation
Event: 170.651 Executing VM operation: ParallelGCFailedAllocation done
Event: 172.381 Executing VM operation: ParallelGCFailedAllocation
Event: 172.386 Executing VM operation: ParallelGCFailedAllocation done


Dynamic libraries:
0x000000013f870000 - 0x000000013f8a4000 	C:\Program Files\Java\jdk1.8.0_25\bin\java.exe
0x0000000077230000 - 0x00000000773d9000 	C:\Windows\SYSTEM32\ntdll.dll
0x0000000077010000 - 0x000000007712f000 	C:\Windows\system32\kernel32.dll
0x000007fefc2d0000 - 0x000007fefc33c000 	C:\Windows\system32\KERNELBASE.dll
0x000007fefe150000 - 0x000007fefe22b000 	C:\Windows\system32\ADVAPI32.dll
0x000007fefde10000 - 0x000007fefdeaf000 	C:\Windows\system32\msvcrt.dll
0x000007fefd600000 - 0x000007fefd61f000 	C:\Windows\SYSTEM32\sechost.dll
0x000007fefdeb0000 - 0x000007fefdfdd000 	C:\Windows\system32\RPCRT4.dll
0x0000000077130000 - 0x000000007722a000 	C:\Windows\system32\USER32.dll
0x000007fefc780000 - 0x000007fefc7e7000 	C:\Windows\system32\GDI32.dll
0x000007fefc770000 - 0x000007fefc77e000 	C:\Windows\system32\LPK.dll
0x000007fefdfe0000 - 0x000007fefe0a9000 	C:\Windows\system32\USP10.dll
0x000007fefaa90000 - 0x000007fefac84000 	C:\Windows\WinSxS\amd64_microsoft.windows.common-controls_6595b64144ccf1df_6.0.7601.17514_none_fa396087175ac9ac\COMCTL32.dll
0x000007fefc440000 - 0x000007fefc4b1000 	C:\Windows\system32\SHLWAPI.dll
0x000007fefe520000 - 0x000007fefe54e000 	C:\Windows\system32\IMM32.DLL
0x000007fefd950000 - 0x000007fefda59000 	C:\Windows\system32\MSCTF.dll
0x000000005ef30000 - 0x000000005f002000 	C:\Program Files\Java\jdk1.8.0_25\jre\bin\msvcr100.dll
0x00000000777a0000 - 0x0000000077ffa000 	C:\Program Files\Java\jdk1.8.0_25\jre\bin\server\jvm.dll
0x000007fef7b00000 - 0x000007fef7b09000 	C:\Windows\system32\WSOCK32.dll
0x000007fefd900000 - 0x000007fefd94d000 	C:\Windows\system32\WS2_32.dll
0x000007fefe6d0000 - 0x000007fefe6d8000 	C:\Windows\system32\NSI.dll
0x000007fef9a80000 - 0x000007fef9abb000 	C:\Windows\system32\WINMM.dll
0x0000000077400000 - 0x0000000077407000 	C:\Windows\system32\PSAPI.DLL
0x0000000060700000 - 0x000000006070f000 	C:\Program Files\Java\jdk1.8.0_25\jre\bin\verify.dll
0x000000005fbf0000 - 0x000000005fc18000 	C:\Program Files\Java\jdk1.8.0_25\jre\bin\java.dll
0x000000005ef10000 - 0x000000005ef26000 	C:\Program Files\Java\jdk1.8.0_25\jre\bin\zip.dll
0x000007fefc870000 - 0x000007fefd5f8000 	C:\Windows\system32\SHELL32.dll
0x000007fefe230000 - 0x000007fefe433000 	C:\Windows\system32\ole32.dll
0x000007fefc080000 - 0x000007fefc08f000 	C:\Windows\system32\profapi.dll
0x000007fefa7e0000 - 0x000007fefa7f0000 	C:\Program Files (x86)\JetBrains\IntelliJ IDEA Community Edition 14.0\bin\breakgen64.dll
0x000000005eed0000 - 0x000000005eeea000 	C:\Program Files\Java\jdk1.8.0_25\jre\bin\net.dll
0x000007fefb860000 - 0x000007fefb8b5000 	C:\Windows\system32\mswsock.dll
0x000007fefb850000 - 0x000007fefb857000 	C:\Windows\System32\wship6.dll
0x0000000180000000 - 0x0000000180051000 	C:\projects\game\lwjgl-2.9.1\lib\windows\lwjgl64.dll
0x000007fee5080000 - 0x000007fee519d000 	C:\Windows\system32\OPENGL32.dll
0x000007feee2a0000 - 0x000007feee2cd000 	C:\Windows\system32\GLU32.dll
0x000007fee5410000 - 0x000007fee5501000 	C:\Windows\system32\DDRAW.dll
0x000007feefcc0000 - 0x000007feefcc8000 	C:\Windows\system32\DCIMAN32.dll
0x000007fefdc30000 - 0x000007fefde07000 	C:\Windows\system32\SETUPAPI.dll
0x000007fefc3b0000 - 0x000007fefc3e6000 	C:\Windows\system32\CFGMGR32.dll
0x000007fefe440000 - 0x000007fefe517000 	C:\Windows\system32\OLEAUT32.dll
0x000007fefc410000 - 0x000007fefc42a000 	C:\Windows\system32\DEVOBJ.dll
0x000007fefa5c0000 - 0x000007fefa5d8000 	C:\Windows\system32\dwmapi.dll
0x000007fefb150000 - 0x000007fefb15c000 	C:\Windows\system32\VERSION.dll
0x000007fefa540000 - 0x000007fefa596000 	C:\Windows\system32\uxtheme.dll
0x00000000687d0000 - 0x000000006a672000 	C:\Windows\system32\nvoglv64.DLL
0x000007fefb2e0000 - 0x000007fefb2f1000 	C:\Windows\system32\WTSAPI32.dll
0x000007fefc360000 - 0x000007fefc39a000 	C:\Windows\system32\WINTRUST.dll
0x000007fefc0a0000 - 0x000007fefc20c000 	C:\Windows\system32\CRYPT32.dll
0x000007fefc090000 - 0x000007fefc09f000 	C:\Windows\system32\MSASN1.dll
0x000007fefb120000 - 0x000007fefb14d000 	C:\Windows\system32\ntmarta.dll
0x000007fefda60000 - 0x000007fefdab2000 	C:\Windows\system32\WLDAP32.dll
0x000007fefb400000 - 0x000007fefb43d000 	C:\Windows\system32\WINSTA.dll
0x000007fefbf20000 - 0x000007fefbf2f000 	C:\Windows\system32\CRYPTBASE.dll
0x000007fef8e50000 - 0x000007fef8eec000 	C:\Windows\system32\mscms.dll
0x000007fefc2b0000 - 0x000007fefc2ce000 	C:\Windows\system32\USERENV.dll
0x000007fee6bd0000 - 0x000007fee6c12000 	C:\Windows\system32\icm32.dll
0x000000005ed30000 - 0x000000005eec8000 	C:\Program Files\Java\jdk1.8.0_25\jre\bin\awt.dll
0x000000005ece0000 - 0x000000005ed27000 	C:\Program Files\Java\jdk1.8.0_25\jre\bin\fontmanager.dll
0x000000005eef0000 - 0x000000005ef01000 	C:\Program Files\Java\jdk1.8.0_25\jre\bin\nio.dll
0x000000005ec90000 - 0x000000005ecd1000 	C:\Program Files\Java\jdk1.8.0_25\jre\bin\t2k.dll
0x000007fef97e0000 - 0x000007fef9807000 	C:\Windows\system32\IPHLPAPI.DLL
0x000007fef97c0000 - 0x000007fef97cb000 	C:\Windows\system32\WINNSI.DLL
0x000007fef94d0000 - 0x000007fef94e8000 	C:\Windows\system32\dhcpcsvc.DLL
0x000007fef94b0000 - 0x000007fef94c1000 	C:\Windows\system32\dhcpcsvc6.DLL
0x000007fef7790000 - 0x000007fef78b5000 	C:\Windows\system32\dbghelp.dll

VM Arguments:
jvm_args: -Djava.library.path=C:\projects\game\lwjgl-2.9.1\lib\windows -Didea.launcher.port=7534 -Didea.launcher.bin.path=C:\Program Files (x86)\JetBrains\IntelliJ IDEA Community Edition 14.0\bin -Dfile.encoding=UTF-8 
java_command: com.intellij.rt.execution.application.AppMain Main
java_class_path (initial): C:\Program Files\Java\jdk1.8.0_25\jre\lib\charsets.jar;C:\Program Files\Java\jdk1.8.0_25\jre\lib\deploy.jar;C:\Program Files\Java\jdk1.8.0_25\jre\lib\javaws.jar;C:\Program Files\Java\jdk1.8.0_25\jre\lib\jce.jar;C:\Program Files\Java\jdk1.8.0_25\jre\lib\jfr.jar;C:\Program Files\Java\jdk1.8.0_25\jre\lib\jfxswt.jar;C:\Program Files\Java\jdk1.8.0_25\jre\lib\jsse.jar;C:\Program Files\Java\jdk1.8.0_25\jre\lib\management-agent.jar;C:\Program Files\Java\jdk1.8.0_25\jre\lib\plugin.jar;C:\Program Files\Java\jdk1.8.0_25\jre\lib\resources.jar;C:\Program Files\Java\jdk1.8.0_25\jre\lib\rt.jar;C:\Program Files\Java\jdk1.8.0_25\jre\lib\ext\access-bridge-64.jar;C:\Program Files\Java\jdk1.8.0_25\jre\lib\ext\cldrdata.jar;C:\Program Files\Java\jdk1.8.0_25\jre\lib\ext\dnsns.jar;C:\Program Files\Java\jdk1.8.0_25\jre\lib\ext\jaccess.jar;C:\Program Files\Java\jdk1.8.0_25\jre\lib\ext\jfxrt.jar;C:\Program Files\Java\jdk1.8.0_25\jre\lib\ext\localedata.jar;C:\Program Files\Java\jdk1.8.0_25\jre\lib\ext\nashorn.jar;C:\Program Files\Java\jdk1.8.0_25\jre\lib\ext\sunec.jar;C:\Program Files\Java\jdk1.8.0_25\jre\lib\ext\sunjce_provider.jar;C:\Program Files\Java\jdk1.8.0_25\jre\lib\ext\sunmscapi.jar;C:\Program Files\Java\jdk1.8.0_25\jre\lib\ext\sunpkcs11.jar;C:\Program Files\Java\jdk1.8.0_25\jre\lib\ext\zipfs.jar;C:\projects\game\out\production\game;C:\projects\game\lwjgl-2.9.1\jar\AppleJavaExtensions.jar;C:\projects\game\lwjgl-2.9.1\jar\asm-debug-all.jar;C:\projects\game\lwjgl-2.9.1\jar\jinput.jar;C:\projects\game\lwjgl-2.9.1\jar\lwjgl.jar;C:\projects\game\lwjgl-2.9.1\jar\lwjgl-debug.jar;C:\projects\game\lwjgl-2.9.1\jar\lwjgl_test.jar;C:\projects\game\lwjgl-2.9.1\jar\lwjgl_util.jar;C:\projects\game\lwjgl-2.9.1\jar\lwjgl_util_applet.jar;C:\projects\game\lwjgl-2.9.1\jar\lzma.jar;C:\projects\game\JCSG-master\build\libs\JCSG-master.jar;C:\projects\game\lwjgl-2.9.1\jar\slick-util.jar;C:\projects\game\apachecommons\commons-net-3.3.jar;C:\projects\game\apachecommons\commons-lang
Launcher Type: SUN_STANDARD

Environment Variables:
JAVA_HOME=C:\Program Files\Java\jdk1.8.0_25
PATH=C:\ProgramData\Oracle\Java\javapath;C:\Program Files (x86)\NVIDIA Corporation\PhysX\Common;C:\Users\user\AMD APP SDK\2.9\bin\x86_64;C:\Users\user\AMD APP SDK\2.9\bin\x86;C:\Program Files (x86)\AMD APP SDK\2.9\bin\x86_64;C:\Program Files (x86)\AMD APP SDK\2.9\bin\x86;C:\Program Files (x86)\Intel\iCLS Client\;C:\Program Files\Intel\iCLS Client\;C:\Windows\system32;C:\Windows;C:\Windows\System32\Wbem;C:\Windows\System32\WindowsPowerShell\v1.0\;C:\Program Files\Intel\Intel(R) Management Engine Components\DAL;C:\Program Files\Intel\Intel(R) Management Engine Components\IPT;C:\Program Files (x86)\Intel\Intel(R) Management Engine Components\DAL;C:\Program Files (x86)\Intel\Intel(R) Management Engine Components\IPT;C:\Program Files\Microsoft SQL Server\110\Tools\Binn\;C:\Program Files\Microsoft Windows Performance Toolkit\;C:\Program Files\nodejs\;C:\Program Files\LuxRender;C:\Program Files\VCG\MeshLab;C:\Program Files (x86)\MySQL\MySQL Utilities 1.4\;C:\Program Files (x86)\MySQL\MySQL Utilities 1.4\Doctrine extensions for PHP\;C:\Program Files (x86)\QuickTime\QTSystem\;C:\Python27;C:\Program Files (x86)\Microsoft Visual Studio 12.0\VC\vcpackages;C:\Users\user\AppData\Roaming\npm;C:\Program Files\apfloat;C:\Program Files (x86)\Kiwix\kiwix\xulrunner;C:\mongodb\bin\;C:\projects\wikirandom\node_modules\forever\bin;C:\Program Files (x86)\JetBrains\WebStorm 7.0.3\jre\bin;C:\Program Files\apache-maven-3.2.2\bin;C:\aparapi;C:\Program Files\VCG\MeshLab;
USERNAME=user
OS=Windows_NT
PROCESSOR_IDENTIFIER=Intel64 Family 6 Model 58 Stepping 9, GenuineIntel



---------------  S Y S T E M  ---------------

OS: Windows 7 , 64 bit Build 7601 Service Pack 1

CPU:total 8 (4 cores per cpu, 2 threads per core) family 6 model 58 stepping 9, cmov, cx8, fxsr, mmx, sse, sse2, sse3, ssse3, sse4.1, sse4.2, popcnt, avx, aes, clmul, erms, ht, tsc, tscinvbit, tscinv

Memory: 4k page, physical 33498820k(23701768k free), swap 66995776k(50741432k free)

vm_info: Java HotSpot(TM) 64-Bit Server VM (25.25-b02) for windows-amd64 JRE (1.8.0_25-b18), built on Oct  7 2014 14:25:37 by "java_re" with MS VC++ 10.0 (VS2010)

time: Sun Feb 08 18:50:15 2015
elapsed time: 172 seconds (0d 0h 2m 52s)

