#
# A fatal error has been detected by the Java Runtime Environment:
#
#  EXCEPTION_ACCESS_VIOLATION (0xc0000005) at pc=0x00000000697f9660, pid=1392, tid=8904
#
# JRE version: Java(TM) SE Runtime Environment (8.0_25-b18) (build 1.8.0_25-b18)
# Java VM: Java HotSpot(TM) 64-Bit Server VM (25.25-b02 mixed mode windows-amd64 compressed oops)
# Problematic frame:
# C  [nvoglv64.DLL+0xa99660]
#
# Failed to write core dump. Minidumps are not enabled by default on client versions of Windows
#
# If you would like to submit a bug report, please visit:
#   http://bugreport.sun.com/bugreport/crash.jsp
# The crash happened outside the Java Virtual Machine in native code.
# See problematic frame for where to report the bug.
#

---------------  T H R E A D  ---------------

Current thread (0x0000000001d88000):  JavaThread "main" [_thread_in_native, id=8904, stack(0x0000000002000000,0x0000000002100000)]

siginfo: ExceptionCode=0xc0000005, reading address 0x00000000557b0040

Registers:
RAX=0x00000000557b0060, RBX=0x00000000557b0040, RCX=0x000000004d95cd00, RDX=0x00000000557b0040
RSP=0x00000000020fd6e8, RBP=0x0000000000000800, RSI=0x0000000000000000, RDI=0x000000004d95cce0
R8 =0x0000000000000020, R9 =0x0000000000000006, R10=0x000000004e28a390, R11=0x0000000000000006
R12=0x0000000000000000, R13=0x0000000069816370, R14=0x00000000000000fd, R15=0x0000000000000000
RIP=0x00000000697f9660, EFLAGS=0x0000000000010206

Top of Stack: (sp=0x00000000020fd6e8)
0x00000000020fd6e8:   00000000697f928d 00000000557b0040
0x00000000020fd6f8:   000000000000007f 0000000000001000
0x00000000020fd708:   0000000069801881 0000000000000400
0x00000000020fd718:   0000000048671e00 00000000557b0040
0x00000000020fd728:   000000000000007f 000000004d95cce0
0x00000000020fd738:   0000000069736070 0000000000001000
0x00000000020fd748:   0000000000001000 0000000000000400
0x00000000020fd758:   0000000000100002 0000000069816370
0x00000000020fd768:   0000000000000000 000000000000007f
0x00000000020fd778:   0000000000000000 0000000000000006
0x00000000020fd788:   00000000567be040 00000000563c0040
0x00000000020fd798:   00000000563c0040 0000000000000000
0x00000000020fd7a8:   000000004e3091c0 0000040000000000
0x00000000020fd7b8:   0000000000000010 0000000000000000
0x00000000020fd7c8:   0000007f00000000 000000000000007f
0x00000000020fd7d8:   0000000000400000 000000004d95cce0 

Instructions: (pc=0x00000000697f9660)
0x00000000697f9640:   8d 40 40 0f 11 41 d0 49 ff c8 75 d4 c3 4d 85 c0
0x00000000697f9650:   74 3a 48 83 c1 20 48 8d 42 20 66 0f 1f 44 00 00
0x00000000697f9660:   0f 28 58 e0 0f 28 50 f0 0f 28 08 48 8d 49 40 0f
0x00000000697f9670:   28 40 10 0f 29 59 a0 0f 29 51 b0 48 8d 40 40 0f 


Register to memory mapping:

RAX=0x00000000557b0060 is an unknown value
RBX=0x00000000557b0040 is an unknown value
RCX=0x000000004d95cd00 is an unknown value
RDX=0x00000000557b0040 is an unknown value
RSP=0x00000000020fd6e8 is pointing into the stack for thread: 0x0000000001d88000
RBP=0x0000000000000800 is an unknown value
RSI=0x0000000000000000 is an unknown value
RDI=0x000000004d95cce0 is an unknown value
R8 =0x0000000000000020 is an unknown value
R9 =0x0000000000000006 is an unknown value
R10=0x000000004e28a390 is an unknown value
R11=0x0000000000000006 is an unknown value
R12=0x0000000000000000 is an unknown value
R13=0x0000000069816370 is an unknown value
R14=0x00000000000000fd is an unknown value
R15=0x0000000000000000 is an unknown value


Stack: [0x0000000002000000,0x0000000002100000],  sp=0x00000000020fd6e8,  free space=1013k
Native frames: (J=compiled Java code, j=interpreted, Vv=VM code, C=native code)
C  [nvoglv64.DLL+0xa99660]

Java frames: (J=compiled Java code, j=interpreted, Vv=VM code)
J 1447  org.lwjgl.opengl.GL11.nglTexImage2D(IIIIIIIIJJ)V (0 bytes) @ 0x00000000024cfc85 [0x00000000024cfc00+0x85]
J 1400 C1 org.lwjgl.opengl.GL11.glTexImage2D(IIIIIIIILjava/nio/ByteBuffer;)V (67 bytes) @ 0x0000000002930b54 [0x000000000292fe00+0xd54]
J 802 C2 factory.TextureFactory.loadTexture(Ljava/awt/image/BufferedImage;)I (243 bytes) @ 0x00000000026f1420 [0x00000000026f0760+0xcc0]
J 1405 C1 gameConsole.getConsoleTexture(Ljava/lang/String;IIFZ)I (64 bytes) @ 0x000000000293614c [0x0000000002935b00+0x64c]
J 1302 C2 gameConsole.draw(IIIIFFFF)V (134 bytes) @ 0x00000000028ceac0 [0x00000000028cdfa0+0xb20]
J 1206 C2 RenderThread.renderGL()V (562 bytes) @ 0x0000000002880b28 [0x000000000287ec20+0x1f08]
J 1491% C1 RenderThread.start()V (108 bytes) @ 0x000000000298cb4c [0x000000000298bfa0+0xbac]
j  Main.main([Ljava/lang/String;)V+29
v  ~StubRoutines::call_stub
j  sun.reflect.NativeMethodAccessorImpl.invoke0(Ljava/lang/reflect/Method;Ljava/lang/Object;[Ljava/lang/Object;)Ljava/lang/Object;+0
j  sun.reflect.NativeMethodAccessorImpl.invoke(Ljava/lang/Object;[Ljava/lang/Object;)Ljava/lang/Object;+100
j  sun.reflect.DelegatingMethodAccessorImpl.invoke(Ljava/lang/Object;[Ljava/lang/Object;)Ljava/lang/Object;+6
j  java.lang.reflect.Method.invoke(Ljava/lang/Object;[Ljava/lang/Object;)Ljava/lang/Object;+56
j  com.intellij.rt.execution.application.AppMain.main([Ljava/lang/String;)V+163
v  ~StubRoutines::call_stub

---------------  P R O C E S S  ---------------

Java Threads: ( => current thread )
  0x0000000037f91000 JavaThread "ForkJoinPool.commonPool-worker-0" daemon [_thread_blocked, id=8248, stack(0x0000000048d30000,0x0000000048e30000)]
  0x0000000038415800 JavaThread "Java2D Disposer" daemon [_thread_blocked, id=6668, stack(0x000000004b030000,0x000000004b130000)]
  0x0000000026ba9000 JavaThread "Thread-0" [_thread_blocked, id=5668, stack(0x0000000028840000,0x0000000028940000)]
  0x0000000026ab8000 JavaThread "Monitor Ctrl-Break" daemon [_thread_in_native, id=5148, stack(0x0000000028a70000,0x0000000028b70000)]
  0x000000002699e000 JavaThread "Service Thread" daemon [_thread_blocked, id=4200, stack(0x00000000285a0000,0x00000000286a0000)]
  0x0000000026925800 JavaThread "C1 CompilerThread3" daemon [_thread_blocked, id=6632, stack(0x0000000027f80000,0x0000000028080000)]
  0x0000000026924800 JavaThread "C2 CompilerThread2" daemon [_thread_blocked, id=6516, stack(0x00000000283f0000,0x00000000284f0000)]
  0x000000002691d000 JavaThread "C2 CompilerThread1" daemon [_thread_blocked, id=4936, stack(0x00000000281e0000,0x00000000282e0000)]
  0x0000000026915800 JavaThread "C2 CompilerThread0" daemon [_thread_blocked, id=8644, stack(0x00000000280b0000,0x00000000281b0000)]
  0x0000000026913000 JavaThread "Attach Listener" daemon [_thread_blocked, id=7656, stack(0x0000000027810000,0x0000000027910000)]
  0x0000000026912000 JavaThread "Signal Dispatcher" daemon [_thread_blocked, id=8716, stack(0x0000000027e30000,0x0000000027f30000)]
  0x000000002596f800 JavaThread "Finalizer" daemon [_thread_blocked, id=7096, stack(0x0000000027cf0000,0x0000000027df0000)]
  0x0000000025966800 JavaThread "Reference Handler" daemon [_thread_blocked, id=6788, stack(0x0000000027b50000,0x0000000027c50000)]
=>0x0000000001d88000 JavaThread "main" [_thread_in_native, id=8904, stack(0x0000000002000000,0x0000000002100000)]

Other Threads:
  0x000000002595f800 VMThread [stack: 0x0000000027950000,0x0000000027a50000] [id=7608]
  0x00000000269b3000 WatcherThread [stack: 0x0000000028710000,0x0000000028810000] [id=7488]

VM state:not at safepoint (normal execution)

VM Mutex/Monitor currently owned by a thread: None

Heap:
 PSYoungGen      total 472576K, used 10486K [0x0000000715980000, 0x00000007aa180000, 0x00000007c0000000)
  eden space 469504K, 1% used [0x0000000715980000,0x00000007160fd998,0x0000000732400000)
  from space 3072K, 91% used [0x00000007a9e80000,0x00000007aa140010,0x00000007aa180000)
  to   space 14336K, 0% used [0x00000007a8580000,0x00000007a8580000,0x00000007a9380000)
 ParOldGen       total 349696K, used 19559K [0x00000005c0c00000, 0x00000005d6180000, 0x0000000715980000)
  object space 349696K, 5% used [0x00000005c0c00000,0x00000005c1f19f88,0x00000005d6180000)
 Metaspace       used 9734K, capacity 9969K, committed 9984K, reserved 1058816K
  class space    used 951K, capacity 1011K, committed 1024K, reserved 1048576K

Card table byte_map: [0x0000000011790000,0x0000000012790000] byte_map_base: 0x000000000e98a000

Marking Bits: (ParMarkBitMap*) 0x0000000077f7d490
 Begin Bits: [0x0000000013fe0000, 0x000000001bfb0000)
 End Bits:   [0x000000001bfb0000, 0x0000000023f80000)

Polling page: 0x0000000001b60000

CodeCache: size=245760Kb used=5870Kb max_used=5886Kb free=239889Kb
 bounds [0x00000000023d0000, 0x00000000029a0000, 0x00000000113d0000]
 total_blobs=2020 nmethods=1494 adapters=440
 compilation: enabled

Compilation events (10 events):
Event: 59.079 Thread 0x0000000026925800 1501       3       sun.java2d.SunGraphics2D::getDeviceColorModel (8 bytes)
Event: 59.079 Thread 0x0000000026925800 nmethod 1501 0x00000000024daf50 code [0x00000000024db0a0, 0x00000000024db290]
Event: 59.079 Thread 0x0000000026925800 1502       3       java.awt.Rectangle::getBounds2D (24 bytes)
Event: 59.079 Thread 0x0000000026925800 nmethod 1502 0x0000000002991350 code [0x00000000029914c0, 0x0000000002991810]
Event: 59.079 Thread 0x0000000026925800 1503       3       sun.java2d.SunGraphics2D::cloneTransform (12 bytes)
Event: 59.079 Thread 0x0000000026925800 nmethod 1503 0x0000000002990f10 code [0x0000000002991080, 0x0000000002991288]
Event: 59.079 Thread 0x0000000026925800 1504  s    3       java.awt.Color::createContext (13 bytes)
Event: 59.079 Thread 0x0000000026925800 nmethod 1504 0x0000000002507a90 code [0x0000000002507c00, 0x0000000002507ff0]
Event: 65.471 Thread 0x0000000026925800 1505   !   3       sun.java2d.SunGraphics2D::validateCompClip (224 bytes)
Event: 65.472 Thread 0x0000000026925800 nmethod 1505 0x0000000002501010 code [0x0000000002501340, 0x00000000025032e8]

GC Heap History (10 events):
Event: 65.268 GC heap before
{Heap before GC invocations=36 (full 0):
 PSYoungGen      total 578048K, used 574920K [0x0000000715980000, 0x00000007aca00000, 0x00000007c0000000)
  eden space 574464K, 99% used [0x0000000715980000,0x00000007387a8fe0,0x0000000738a80000)
  from space 3584K, 93% used [0x00000007aac00000,0x00000007aaf49288,0x00000007aaf80000)
  to   space 15872K, 0% used [0x00000007aba80000,0x00000007aba80000,0x00000007aca00000)
 ParOldGen       total 349696K, used 11311K [0x00000005c0c00000, 0x00000005d6180000, 0x0000000715980000)
  object space 349696K, 3% used [0x00000005c0c00000,0x00000005c170bf68,0x00000005d6180000)
 Metaspace       used 9731K, capacity 9969K, committed 9984K, reserved 1058816K
  class space    used 951K, capacity 1011K, committed 1024K, reserved 1048576K
Event: 65.272 GC heap after
Heap after GC invocations=36 (full 0):
 PSYoungGen      total 553472K, used 1728K [0x0000000715980000, 0x00000007abc80000, 0x00000007c0000000)
  eden space 551424K, 0% used [0x0000000715980000,0x0000000715980000,0x0000000737400000)
  from space 2048K, 84% used [0x00000007aba80000,0x00000007abc30000,0x00000007abc80000)
  to   space 15360K, 0% used [0x00000007a9e80000,0x00000007a9e80000,0x00000007aad80000)
 ParOldGen       total 349696K, used 11335K [0x00000005c0c00000, 0x00000005d6180000, 0x0000000715980000)
  object space 349696K, 3% used [0x00000005c0c00000,0x00000005c1711f68,0x00000005d6180000)
 Metaspace       used 9731K, capacity 9969K, committed 9984K, reserved 1058816K
  class space    used 951K, capacity 1011K, committed 1024K, reserved 1048576K
}
Event: 66.481 GC heap before
{Heap before GC invocations=37 (full 0):
 PSYoungGen      total 553472K, used 553152K [0x0000000715980000, 0x00000007abc80000, 0x00000007c0000000)
  eden space 551424K, 100% used [0x0000000715980000,0x0000000737400000,0x0000000737400000)
  from space 2048K, 84% used [0x00000007aba80000,0x00000007abc30000,0x00000007abc80000)
  to   space 15360K, 0% used [0x00000007a9e80000,0x00000007a9e80000,0x00000007aad80000)
 ParOldGen       total 349696K, used 11335K [0x00000005c0c00000, 0x00000005d6180000, 0x0000000715980000)
  object space 349696K, 3% used [0x00000005c0c00000,0x00000005c1711f68,0x00000005d6180000)
 Metaspace       used 9734K, capacity 9969K, committed 9984K, reserved 1058816K
  class space    used 951K, capacity 1011K, committed 1024K, reserved 1048576K
Event: 66.484 GC heap after
Heap after GC invocations=37 (full 0):
 PSYoungGen      total 531456K, used 2048K [0x0000000715980000, 0x00000007abb00000, 0x00000007c0000000)
  eden space 529408K, 0% used [0x0000000715980000,0x0000000715980000,0x0000000735e80000)
  from space 2048K, 100% used [0x00000007a9e80000,0x00000007aa080000,0x00000007aa080000)
  to   space 14336K, 0% used [0x00000007aad00000,0x00000007aad00000,0x00000007abb00000)
 ParOldGen       total 349696K, used 11335K [0x00000005c0c00000, 0x00000005d6180000, 0x0000000715980000)
  object space 349696K, 3% used [0x00000005c0c00000,0x00000005c1711f68,0x00000005d6180000)
 Metaspace       used 9734K, capacity 9969K, committed 9984K, reserved 1058816K
  class space    used 951K, capacity 1011K, committed 1024K, reserved 1048576K
}
Event: 67.623 GC heap before
{Heap before GC invocations=38 (full 0):
 PSYoungGen      total 531456K, used 531456K [0x0000000715980000, 0x00000007abb00000, 0x00000007c0000000)
  eden space 529408K, 100% used [0x0000000715980000,0x0000000735e80000,0x0000000735e80000)
  from space 2048K, 100% used [0x00000007a9e80000,0x00000007aa080000,0x00000007aa080000)
  to   space 14336K, 0% used [0x00000007aad00000,0x00000007aad00000,0x00000007abb00000)
 ParOldGen       total 349696K, used 11335K [0x00000005c0c00000, 0x00000005d6180000, 0x0000000715980000)
  object space 349696K, 3% used [0x00000005c0c00000,0x00000005c1711f68,0x00000005d6180000)
 Metaspace       used 9734K, capacity 9969K, committed 9984K, reserved 1058816K
  class space    used 951K, capacity 1011K, committed 1024K, reserved 1048576K
Event: 67.629 GC heap after
Heap after GC invocations=38 (full 0):
 PSYoungGen      total 519680K, used 11136K [0x0000000715980000, 0x00000007ab800000, 0x00000007c0000000)
  eden space 508416K, 0% used [0x0000000715980000,0x0000000715980000,0x0000000734a00000)
  from space 11264K, 98% used [0x00000007aad00000,0x00000007ab7e0030,0x00000007ab800000)
  to   space 15872K, 0% used [0x00000007a9900000,0x00000007a9900000,0x00000007aa880000)
 ParOldGen       total 349696K, used 19551K [0x00000005c0c00000, 0x00000005d6180000, 0x0000000715980000)
  object space 349696K, 5% used [0x00000005c0c00000,0x00000005c1f17f88,0x00000005d6180000)
 Metaspace       used 9734K, capacity 9969K, committed 9984K, reserved 1058816K
  class space    used 951K, capacity 1011K, committed 1024K, reserved 1048576K
}
Event: 68.714 GC heap before
{Heap before GC invocations=39 (full 0):
 PSYoungGen      total 519680K, used 519552K [0x0000000715980000, 0x00000007ab800000, 0x00000007c0000000)
  eden space 508416K, 100% used [0x0000000715980000,0x0000000734a00000,0x0000000734a00000)
  from space 11264K, 98% used [0x00000007aad00000,0x00000007ab7e0030,0x00000007ab800000)
  to   space 15872K, 0% used [0x00000007a9900000,0x00000007a9900000,0x00000007aa880000)
 ParOldGen       total 349696K, used 19551K [0x00000005c0c00000, 0x00000005d6180000, 0x0000000715980000)
  object space 349696K, 5% used [0x00000005c0c00000,0x00000005c1f17f88,0x00000005d6180000)
 Metaspace       used 9734K, capacity 9969K, committed 9984K, reserved 1058816K
  class space    used 951K, capacity 1011K, committed 1024K, reserved 1048576K
Event: 68.717 GC heap after
Heap after GC invocations=39 (full 0):
 PSYoungGen      total 492032K, used 3264K [0x0000000715980000, 0x00000007aad80000, 0x00000007c0000000)
  eden space 488448K, 0% used [0x0000000715980000,0x0000000715980000,0x0000000733680000)
  from space 3584K, 91% used [0x00000007a9900000,0x00000007a9c30010,0x00000007a9c80000)
  to   space 15360K, 0% used [0x00000007a9e80000,0x00000007a9e80000,0x00000007aad80000)
 ParOldGen       total 349696K, used 19559K [0x00000005c0c00000, 0x00000005d6180000, 0x0000000715980000)
  object space 349696K, 5% used [0x00000005c0c00000,0x00000005c1f19f88,0x00000005d6180000)
 Metaspace       used 9734K, capacity 9969K, committed 9984K, reserved 1058816K
  class space    used 951K, capacity 1011K, committed 1024K, reserved 1048576K
}
Event: 69.667 GC heap before
{Heap before GC invocations=40 (full 0):
 PSYoungGen      total 492032K, used 491712K [0x0000000715980000, 0x00000007aad80000, 0x00000007c0000000)
  eden space 488448K, 100% used [0x0000000715980000,0x0000000733680000,0x0000000733680000)
  from space 3584K, 91% used [0x00000007a9900000,0x00000007a9c30010,0x00000007a9c80000)
  to   space 15360K, 0% used [0x00000007a9e80000,0x00000007a9e80000,0x00000007aad80000)
 ParOldGen       total 349696K, used 19559K [0x00000005c0c00000, 0x00000005d6180000, 0x0000000715980000)
  object space 349696K, 5% used [0x00000005c0c00000,0x00000005c1f19f88,0x00000005d6180000)
 Metaspace       used 9734K, capacity 9969K, committed 9984K, reserved 1058816K
  class space    used 951K, capacity 1011K, committed 1024K, reserved 1048576K
Event: 69.670 GC heap after
Heap after GC invocations=40 (full 0):
 PSYoungGen      total 472576K, used 2816K [0x0000000715980000, 0x00000007aa180000, 0x00000007c0000000)
  eden space 469504K, 0% used [0x0000000715980000,0x0000000715980000,0x0000000732400000)
  from space 3072K, 91% used [0x00000007a9e80000,0x00000007aa140010,0x00000007aa180000)
  to   space 14336K, 0% used [0x00000007a8580000,0x00000007a8580000,0x00000007a9380000)
 ParOldGen       total 349696K, used 19559K [0x00000005c0c00000, 0x00000005d6180000, 0x0000000715980000)
  object space 349696K, 5% used [0x00000005c0c00000,0x00000005c1f19f88,0x00000005d6180000)
 Metaspace       used 9734K, capacity 9969K, committed 9984K, reserved 1058816K
  class space    used 951K, capacity 1011K, committed 1024K, reserved 1048576K
}

Deoptimization events (1 events):
Event: 7.436 Thread 0x0000000001d88000 Uncommon trap: reason=unloaded action=reinterpret pc=0x00000000028904f4 method=gameConsole.draw(IIIIFFFF)V @ 63

Internal exceptions (10 events):
Event: 0.655 Thread 0x0000000001d88000 Exception <a 'java/security/PrivilegedActionException'> (0x0000000717410cf8) thrown at [D:\re\workspace\8-2-build-windows-amd64-cygwin\jdk8u25\1677\hotspot\src\share\vm\prims\jvm.cpp, line 1312]
Event: 0.658 Thread 0x0000000001d88000 Exception <a 'java/security/PrivilegedActionException'> (0x0000000717413070) thrown at [D:\re\workspace\8-2-build-windows-amd64-cygwin\jdk8u25\1677\hotspot\src\share\vm\prims\jvm.cpp, line 1312]
Event: 0.666 Thread 0x0000000001d88000 Exception <a 'java/io/FileNotFoundException'> (0x000000071741b828) thrown at [D:\re\workspace\8-2-build-windows-amd64-cygwin\jdk8u25\1677\hotspot\src\share\vm\prims\jni.cpp, line 716]
Event: 0.677 Thread 0x0000000001d88000 Exception <a 'java/io/FileNotFoundException'> (0x000000071742b728) thrown at [D:\re\workspace\8-2-build-windows-amd64-cygwin\jdk8u25\1677\hotspot\src\share\vm\prims\jni.cpp, line 716]
Event: 0.708 Thread 0x0000000001d88000 Exception <a 'java/security/PrivilegedActionException'> (0x00000007174a5750) thrown at [D:\re\workspace\8-2-build-windows-amd64-cygwin\jdk8u25\1677\hotspot\src\share\vm\prims\jvm.cpp, line 1312]
Event: 0.783 Thread 0x0000000001d88000 Exception <a 'java/security/PrivilegedActionException'> (0x00000007174aadb0) thrown at [D:\re\workspace\8-2-build-windows-amd64-cygwin\jdk8u25\1677\hotspot\src\share\vm\prims\jvm.cpp, line 1312]
Event: 0.787 Thread 0x0000000001d88000 Exception <a 'java/security/PrivilegedActionException'> (0x00000007174aee68) thrown at [D:\re\workspace\8-2-build-windows-amd64-cygwin\jdk8u25\1677\hotspot\src\share\vm\prims\jvm.cpp, line 1312]
Event: 5.206 Thread 0x0000000001d88000 Exception <a 'java/security/PrivilegedActionException'> (0x00000007197e3bc8) thrown at [D:\re\workspace\8-2-build-windows-amd64-cygwin\jdk8u25\1677\hotspot\src\share\vm\prims\jvm.cpp, line 1312]
Event: 5.214 Thread 0x0000000026ba9000 Exception <a 'java/security/PrivilegedActionException'> (0x00000007202795c8) thrown at [D:\re\workspace\8-2-build-windows-amd64-cygwin\jdk8u25\1677\hotspot\src\share\vm\prims\jvm.cpp, line 1312]
Event: 7.335 Thread 0x0000000001d88000 Exception <a 'java/security/PrivilegedActionException'> (0x00000007159814f0) thrown at [D:\re\workspace\8-2-build-windows-amd64-cygwin\jdk8u25\1677\hotspot\src\share\vm\prims\jvm.cpp, line 1312]

Events (10 events):
Event: 65.268 Executing VM operation: ParallelGCFailedAllocation
Event: 65.272 Executing VM operation: ParallelGCFailedAllocation done
Event: 66.481 Executing VM operation: ParallelGCFailedAllocation
Event: 66.484 Executing VM operation: ParallelGCFailedAllocation done
Event: 67.623 Executing VM operation: ParallelGCFailedAllocation
Event: 67.629 Executing VM operation: ParallelGCFailedAllocation done
Event: 68.714 Executing VM operation: ParallelGCFailedAllocation
Event: 68.717 Executing VM operation: ParallelGCFailedAllocation done
Event: 69.667 Executing VM operation: ParallelGCFailedAllocation
Event: 69.670 Executing VM operation: ParallelGCFailedAllocation done


Dynamic libraries:
0x000000013f110000 - 0x000000013f144000 	C:\Program Files\Java\jdk1.8.0_25\bin\java.exe
0x0000000077230000 - 0x00000000773d9000 	C:\Windows\SYSTEM32\ntdll.dll
0x0000000077010000 - 0x000000007712f000 	C:\Windows\system32\kernel32.dll
0x000007fefc2d0000 - 0x000007fefc33c000 	C:\Windows\system32\KERNELBASE.dll
0x000007fefe150000 - 0x000007fefe22b000 	C:\Windows\system32\ADVAPI32.dll
0x000007fefde10000 - 0x000007fefdeaf000 	C:\Windows\system32\msvcrt.dll
0x000007fefd600000 - 0x000007fefd61f000 	C:\Windows\SYSTEM32\sechost.dll
0x000007fefdeb0000 - 0x000007fefdfdd000 	C:\Windows\system32\RPCRT4.dll
0x0000000077130000 - 0x000000007722a000 	C:\Windows\system32\USER32.dll
0x000007fefc780000 - 0x000007fefc7e7000 	C:\Windows\system32\GDI32.dll
0x000007fefc770000 - 0x000007fefc77e000 	C:\Windows\system32\LPK.dll
0x000007fefdfe0000 - 0x000007fefe0a9000 	C:\Windows\system32\USP10.dll
0x000007fefaa90000 - 0x000007fefac84000 	C:\Windows\WinSxS\amd64_microsoft.windows.common-controls_6595b64144ccf1df_6.0.7601.17514_none_fa396087175ac9ac\COMCTL32.dll
0x000007fefc440000 - 0x000007fefc4b1000 	C:\Windows\system32\SHLWAPI.dll
0x000007fefe520000 - 0x000007fefe54e000 	C:\Windows\system32\IMM32.DLL
0x000007fefd950000 - 0x000007fefda59000 	C:\Windows\system32\MSCTF.dll
0x000000005fd00000 - 0x000000005fdd2000 	C:\Program Files\Java\jdk1.8.0_25\jre\bin\msvcr100.dll
0x00000000777a0000 - 0x0000000077ffa000 	C:\Program Files\Java\jdk1.8.0_25\jre\bin\server\jvm.dll
0x000007fef7b00000 - 0x000007fef7b09000 	C:\Windows\system32\WSOCK32.dll
0x000007fefd900000 - 0x000007fefd94d000 	C:\Windows\system32\WS2_32.dll
0x000007fefe6d0000 - 0x000007fefe6d8000 	C:\Windows\system32\NSI.dll
0x000007fef9a80000 - 0x000007fef9abb000 	C:\Windows\system32\WINMM.dll
0x0000000077400000 - 0x0000000077407000 	C:\Windows\system32\PSAPI.DLL
0x000000006f730000 - 0x000000006f73f000 	C:\Program Files\Java\jdk1.8.0_25\jre\bin\verify.dll
0x000000006f700000 - 0x000000006f728000 	C:\Program Files\Java\jdk1.8.0_25\jre\bin\java.dll
0x000000006f570000 - 0x000000006f586000 	C:\Program Files\Java\jdk1.8.0_25\jre\bin\zip.dll
0x000007fefc870000 - 0x000007fefd5f8000 	C:\Windows\system32\SHELL32.dll
0x000007fefe230000 - 0x000007fefe433000 	C:\Windows\system32\ole32.dll
0x000007fefc080000 - 0x000007fefc08f000 	C:\Windows\system32\profapi.dll
0x000007fef3e60000 - 0x000007fef3e70000 	C:\Program Files (x86)\JetBrains\IntelliJ IDEA Community Edition 14.0\bin\breakgen64.dll
0x000000006eb30000 - 0x000000006eb4a000 	C:\Program Files\Java\jdk1.8.0_25\jre\bin\net.dll
0x000007fefb860000 - 0x000007fefb8b5000 	C:\Windows\system32\mswsock.dll
0x000007fefb850000 - 0x000007fefb857000 	C:\Windows\System32\wship6.dll
0x0000000180000000 - 0x0000000180051000 	C:\projects\game\lwjgl-2.9.1\lib\windows\lwjgl64.dll
0x000007fee3130000 - 0x000007fee324d000 	C:\Windows\system32\OPENGL32.dll
0x000007fee78d0000 - 0x000007fee78fd000 	C:\Windows\system32\GLU32.dll
0x000007fee5300000 - 0x000007fee53f1000 	C:\Windows\system32\DDRAW.dll
0x000007fef9fd0000 - 0x000007fef9fd8000 	C:\Windows\system32\DCIMAN32.dll
0x000007fefdc30000 - 0x000007fefde07000 	C:\Windows\system32\SETUPAPI.dll
0x000007fefc3b0000 - 0x000007fefc3e6000 	C:\Windows\system32\CFGMGR32.dll
0x000007fefe440000 - 0x000007fefe517000 	C:\Windows\system32\OLEAUT32.dll
0x000007fefc410000 - 0x000007fefc42a000 	C:\Windows\system32\DEVOBJ.dll
0x000007fefa5c0000 - 0x000007fefa5d8000 	C:\Windows\system32\dwmapi.dll
0x000007fefb150000 - 0x000007fefb15c000 	C:\Windows\system32\VERSION.dll
0x000007fefa540000 - 0x000007fefa596000 	C:\Windows\system32\uxtheme.dll
0x0000000068d60000 - 0x000000006ac02000 	C:\Windows\system32\nvoglv64.DLL
0x000007fefb2e0000 - 0x000007fefb2f1000 	C:\Windows\system32\WTSAPI32.dll
0x000007fefc360000 - 0x000007fefc39a000 	C:\Windows\system32\WINTRUST.dll
0x000007fefc0a0000 - 0x000007fefc20c000 	C:\Windows\system32\CRYPT32.dll
0x000007fefc090000 - 0x000007fefc09f000 	C:\Windows\system32\MSASN1.dll
0x000007fefb120000 - 0x000007fefb14d000 	C:\Windows\system32\ntmarta.dll
0x000007fefda60000 - 0x000007fefdab2000 	C:\Windows\system32\WLDAP32.dll
0x000007fefb400000 - 0x000007fefb43d000 	C:\Windows\system32\WINSTA.dll
0x000007fefbf20000 - 0x000007fefbf2f000 	C:\Windows\system32\CRYPTBASE.dll
0x000007fef8e50000 - 0x000007fef8eec000 	C:\Windows\system32\mscms.dll
0x000007fefc2b0000 - 0x000007fefc2ce000 	C:\Windows\system32\USERENV.dll
0x000007fee7880000 - 0x000007fee78c2000 	C:\Windows\system32\icm32.dll
0x000000005ee90000 - 0x000000005f028000 	C:\Program Files\Java\jdk1.8.0_25\jre\bin\awt.dll
0x000000006eae0000 - 0x000000006eb27000 	C:\Program Files\Java\jdk1.8.0_25\jre\bin\fontmanager.dll
0x000000006eac0000 - 0x000000006ead1000 	C:\Program Files\Java\jdk1.8.0_25\jre\bin\nio.dll
0x00000000649d0000 - 0x0000000064a11000 	C:\Program Files\Java\jdk1.8.0_25\jre\bin\t2k.dll
0x000007fef97e0000 - 0x000007fef9807000 	C:\Windows\system32\IPHLPAPI.DLL
0x000007fef97c0000 - 0x000007fef97cb000 	C:\Windows\system32\WINNSI.DLL
0x000007fef94d0000 - 0x000007fef94e8000 	C:\Windows\system32\dhcpcsvc.DLL
0x000007fef94b0000 - 0x000007fef94c1000 	C:\Windows\system32\dhcpcsvc6.DLL
0x000007fef7790000 - 0x000007fef78b5000 	C:\Windows\system32\dbghelp.dll

VM Arguments:
jvm_args: -Djava.library.path=C:\projects\game\lwjgl-2.9.1\lib\windows -Didea.launcher.port=7534 -Didea.launcher.bin.path=C:\Program Files (x86)\JetBrains\IntelliJ IDEA Community Edition 14.0\bin -Dfile.encoding=UTF-8 
java_command: com.intellij.rt.execution.application.AppMain Main
java_class_path (initial): C:\Program Files\Java\jdk1.8.0_25\jre\lib\charsets.jar;C:\Program Files\Java\jdk1.8.0_25\jre\lib\deploy.jar;C:\Program Files\Java\jdk1.8.0_25\jre\lib\javaws.jar;C:\Program Files\Java\jdk1.8.0_25\jre\lib\jce.jar;C:\Program Files\Java\jdk1.8.0_25\jre\lib\jfr.jar;C:\Program Files\Java\jdk1.8.0_25\jre\lib\jfxswt.jar;C:\Program Files\Java\jdk1.8.0_25\jre\lib\jsse.jar;C:\Program Files\Java\jdk1.8.0_25\jre\lib\management-agent.jar;C:\Program Files\Java\jdk1.8.0_25\jre\lib\plugin.jar;C:\Program Files\Java\jdk1.8.0_25\jre\lib\resources.jar;C:\Program Files\Java\jdk1.8.0_25\jre\lib\rt.jar;C:\Program Files\Java\jdk1.8.0_25\jre\lib\ext\access-bridge-64.jar;C:\Program Files\Java\jdk1.8.0_25\jre\lib\ext\cldrdata.jar;C:\Program Files\Java\jdk1.8.0_25\jre\lib\ext\dnsns.jar;C:\Program Files\Java\jdk1.8.0_25\jre\lib\ext\jaccess.jar;C:\Program Files\Java\jdk1.8.0_25\jre\lib\ext\jfxrt.jar;C:\Program Files\Java\jdk1.8.0_25\jre\lib\ext\localedata.jar;C:\Program Files\Java\jdk1.8.0_25\jre\lib\ext\nashorn.jar;C:\Program Files\Java\jdk1.8.0_25\jre\lib\ext\sunec.jar;C:\Program Files\Java\jdk1.8.0_25\jre\lib\ext\sunjce_provider.jar;C:\Program Files\Java\jdk1.8.0_25\jre\lib\ext\sunmscapi.jar;C:\Program Files\Java\jdk1.8.0_25\jre\lib\ext\sunpkcs11.jar;C:\Program Files\Java\jdk1.8.0_25\jre\lib\ext\zipfs.jar;C:\projects\game\out\production\game;C:\projects\game\lwjgl-2.9.1\jar\AppleJavaExtensions.jar;C:\projects\game\lwjgl-2.9.1\jar\asm-debug-all.jar;C:\projects\game\lwjgl-2.9.1\jar\jinput.jar;C:\projects\game\lwjgl-2.9.1\jar\lwjgl.jar;C:\projects\game\lwjgl-2.9.1\jar\lwjgl-debug.jar;C:\projects\game\lwjgl-2.9.1\jar\lwjgl_test.jar;C:\projects\game\lwjgl-2.9.1\jar\lwjgl_util.jar;C:\projects\game\lwjgl-2.9.1\jar\lwjgl_util_applet.jar;C:\projects\game\lwjgl-2.9.1\jar\lzma.jar;C:\projects\game\JCSG-master\build\libs\JCSG-master.jar;C:\projects\game\lwjgl-2.9.1\jar\slick-util.jar;C:\projects\game\apachecommons\commons-net-3.3.jar;C:\projects\game\apachecommons\commons-lang
Launcher Type: SUN_STANDARD

Environment Variables:
JAVA_HOME=C:\Program Files\Java\jdk1.8.0_25
PATH=C:\ProgramData\Oracle\Java\javapath;C:\Program Files (x86)\NVIDIA Corporation\PhysX\Common;C:\Users\user\AMD APP SDK\2.9\bin\x86_64;C:\Users\user\AMD APP SDK\2.9\bin\x86;C:\Program Files (x86)\AMD APP SDK\2.9\bin\x86_64;C:\Program Files (x86)\AMD APP SDK\2.9\bin\x86;C:\Program Files (x86)\Intel\iCLS Client\;C:\Program Files\Intel\iCLS Client\;C:\Windows\system32;C:\Windows;C:\Windows\System32\Wbem;C:\Windows\System32\WindowsPowerShell\v1.0\;C:\Program Files\Intel\Intel(R) Management Engine Components\DAL;C:\Program Files\Intel\Intel(R) Management Engine Components\IPT;C:\Program Files (x86)\Intel\Intel(R) Management Engine Components\DAL;C:\Program Files (x86)\Intel\Intel(R) Management Engine Components\IPT;C:\Program Files\Microsoft SQL Server\110\Tools\Binn\;C:\Program Files\Microsoft Windows Performance Toolkit\;C:\Program Files\nodejs\;C:\Program Files\LuxRender;C:\Program Files\VCG\MeshLab;C:\Program Files (x86)\MySQL\MySQL Utilities 1.4\;C:\Program Files (x86)\MySQL\MySQL Utilities 1.4\Doctrine extensions for PHP\;C:\Program Files (x86)\QuickTime\QTSystem\;C:\Program Files (x86)\Windows Kits\8.1\Windows Performance Toolkit\;C:\Program Files (x86)\Microsoft SDKs\TypeScript\1.0\;C:\Program Files\Microsoft SQL Server\120\Tools\Binn\;C:\Python27;C:\Program Files (x86)\Microsoft Visual Studio 12.0\VC\vcpackages;C:\Users\user\AppData\Roaming\npm;C:\Program Files\apfloat;C:\Program Files (x86)\Kiwix\kiwix\xulrunner;C:\mongodb\bin\;C:\projects\wikirandom\node_modules\forever\bin;C:\Program Files (x86)\JetBrains\WebStorm 7.0.3\jre\bin;C:\Program Files\apache-maven-3.2.2\bin;C:\aparapi;C:\Program Files\VCG\MeshLab;
USERNAME=user
OS=Windows_NT
PROCESSOR_IDENTIFIER=Intel64 Family 6 Model 58 Stepping 9, GenuineIntel



---------------  S Y S T E M  ---------------

OS: Windows 7 , 64 bit Build 7601 Service Pack 1

CPU:total 8 (4 cores per cpu, 2 threads per core) family 6 model 58 stepping 9, cmov, cx8, fxsr, mmx, sse, sse2, sse3, ssse3, sse4.1, sse4.2, popcnt, avx, aes, clmul, erms, ht, tsc, tscinvbit, tscinv

Memory: 4k page, physical 33498820k(22851680k free), swap 66995776k(48858952k free)

vm_info: Java HotSpot(TM) 64-Bit Server VM (25.25-b02) for windows-amd64 JRE (1.8.0_25-b18), built on Oct  7 2014 14:25:37 by "java_re" with MS VC++ 10.0 (VS2010)

time: Sat Feb 14 00:09:45 2015
elapsed time: 69 seconds (0d 0h 1m 9s)

