#
# A fatal error has been detected by the Java Runtime Environment:
#
#  EXCEPTION_ACCESS_VIOLATION (0xc0000005) at pc=0x0000000069359660, pid=5988, tid=4188
#
# JRE version: Java(TM) SE Runtime Environment (8.0_25-b18) (build 1.8.0_25-b18)
# Java VM: Java HotSpot(TM) 64-Bit Server VM (25.25-b02 mixed mode windows-amd64 compressed oops)
# Problematic frame:
# C  [nvoglv64.DLL+0xa99660]
#
# Failed to write core dump. Minidumps are not enabled by default on client versions of Windows
#
# If you would like to submit a bug report, please visit:
#   http://bugreport.sun.com/bugreport/crash.jsp
# The crash happened outside the Java Virtual Machine in native code.
# See problematic frame for where to report the bug.
#

---------------  T H R E A D  ---------------

Current thread (0x00000000021e8000):  JavaThread "main" [_thread_in_native, id=4188, stack(0x0000000002650000,0x0000000002750000)]

siginfo: ExceptionCode=0xc0000005, reading address 0x00000001d9420040

Registers:
RAX=0x00000001d9420060, RBX=0x00000001d9420040, RCX=0x000000004d8c5d00, RDX=0x00000001d9420040
RSP=0x000000000274d878, RBP=0x0000000000000800, RSI=0x0000000000000000, RDI=0x000000004d8c5ce0
R8 =0x0000000000000020, R9 =0x0000000000000006, R10=0x0000000000000010, R11=0x0000000000000006
R12=0x0000000000000000, R13=0x0000000069376370, R14=0x00000000000000fd, R15=0x0000000000000000
RIP=0x0000000069359660, EFLAGS=0x0000000000010206

Top of Stack: (sp=0x000000000274d878)
0x000000000274d878:   000000006935928d 0000000000000001
0x000000000274d888:   00000001d9420040 0000000000000001
0x000000000274d898:   0000000069361881 0000000000000100
0x000000000274d8a8:   0000000038bc35f0 00000001d9420040
0x000000000274d8b8:   000000000000007f 000000004d8c5ce0
0x000000000274d8c8:   0000000069296070 0000000000001000
0x000000000274d8d8:   0000000000001000 0000000000000400
0x000000000274d8e8:   0000000000100002 0000000069376370
0x000000000274d8f8:   0000000000000000 000000000000007f
0x000000000274d908:   0000000000000000 0000000000000006
0x000000000274d918:   000000022ef7e040 000000022ee80040
0x000000000274d928:   000000022ee80040 0000000000000000
0x000000000274d938:   000000005ea62e40 0000010000000000
0x000000000274d948:   0000000000000010 0000000000000000
0x000000000274d958:   0000007f00000000 000000000000007f
0x000000000274d968:   0000000000100000 000000004d8c5ce0 

Instructions: (pc=0x0000000069359660)
0x0000000069359640:   8d 40 40 0f 11 41 d0 49 ff c8 75 d4 c3 4d 85 c0
0x0000000069359650:   74 3a 48 83 c1 20 48 8d 42 20 66 0f 1f 44 00 00
0x0000000069359660:   0f 28 58 e0 0f 28 50 f0 0f 28 08 48 8d 49 40 0f
0x0000000069359670:   28 40 10 0f 29 59 a0 0f 29 51 b0 48 8d 40 40 0f 


Register to memory mapping:

RAX=0x00000001d9420060 is an unknown value
RBX=0x00000001d9420040 is an unknown value
RCX=0x000000004d8c5d00 is an unknown value
RDX=0x00000001d9420040 is an unknown value
RSP=0x000000000274d878 is pointing into the stack for thread: 0x00000000021e8000
RBP=0x0000000000000800 is an unknown value
RSI=0x0000000000000000 is an unknown value
RDI=0x000000004d8c5ce0 is an unknown value
R8 =0x0000000000000020 is an unknown value
R9 =0x0000000000000006 is an unknown value
R10=0x0000000000000010 is an unknown value
R11=0x0000000000000006 is an unknown value
R12=0x0000000000000000 is an unknown value
R13=0x0000000069376370 is an unknown value
R14=0x00000000000000fd is an unknown value
R15=0x0000000000000000 is an unknown value


Stack: [0x0000000002650000,0x0000000002750000],  sp=0x000000000274d878,  free space=1014k
Native frames: (J=compiled Java code, j=interpreted, Vv=VM code, C=native code)
C  [nvoglv64.DLL+0xa99660]

Java frames: (J=compiled Java code, j=interpreted, Vv=VM code)
J 1321  org.lwjgl.opengl.GL11.nglTexImage2D(IIIIIIIIJJ)V (0 bytes) @ 0x0000000002f24845 [0x0000000002f247c0+0x85]
J 1267 C1 org.lwjgl.opengl.GL11.glTexImage2D(IIIIIIIILjava/nio/ByteBuffer;)V (67 bytes) @ 0x0000000002ef6554 [0x0000000002ef5800+0xd54]
J 545 C2 factory.TextureFactory.loadTexture(Ljava/awt/image/BufferedImage;)I (243 bytes) @ 0x0000000002c9f388 [0x0000000002c9e7c0+0xbc8]
J 1313 C2 gameConsole.draw(IIIIFFF)V (128 bytes) @ 0x0000000002f386c4 [0x0000000002f375c0+0x1104]
J 1349 C2 gameWorldRender.renderGL()V (306 bytes) @ 0x0000000002f5b3d4 [0x0000000002f59dc0+0x1614]
j  gameWorldRender.start()V+74
j  game.main([Ljava/lang/String;)V+29
v  ~StubRoutines::call_stub
j  sun.reflect.NativeMethodAccessorImpl.invoke0(Ljava/lang/reflect/Method;Ljava/lang/Object;[Ljava/lang/Object;)Ljava/lang/Object;+0
j  sun.reflect.NativeMethodAccessorImpl.invoke(Ljava/lang/Object;[Ljava/lang/Object;)Ljava/lang/Object;+100
j  sun.reflect.DelegatingMethodAccessorImpl.invoke(Ljava/lang/Object;[Ljava/lang/Object;)Ljava/lang/Object;+6
j  java.lang.reflect.Method.invoke(Ljava/lang/Object;[Ljava/lang/Object;)Ljava/lang/Object;+56
j  com.intellij.rt.execution.application.AppMain.main([Ljava/lang/String;)V+163
v  ~StubRoutines::call_stub

---------------  P R O C E S S  ---------------

Java Threads: ( => current thread )
  0x000000004a598000 JavaThread "LWJGL Timer" daemon [_thread_blocked, id=7936, stack(0x000000004bbf0000,0x000000004bcf0000)]
  0x000000004830b000 JavaThread "Java2D Disposer" daemon [_thread_blocked, id=1164, stack(0x000000004bf20000,0x000000004c020000)]
  0x0000000026e64000 JavaThread "Thread-0" [_thread_blocked, id=5772, stack(0x0000000029030000,0x0000000029130000)]
  0x0000000026e25000 JavaThread "Monitor Ctrl-Break" daemon [_thread_in_native, id=4044, stack(0x0000000027f10000,0x0000000028010000)]
  0x0000000026d1a800 JavaThread "Service Thread" daemon [_thread_blocked, id=4632, stack(0x0000000028ab0000,0x0000000028bb0000)]
  0x0000000025e0f000 JavaThread "C1 CompilerThread3" daemon [_thread_blocked, id=6384, stack(0x0000000028890000,0x0000000028990000)]
  0x0000000025e0e000 JavaThread "C2 CompilerThread2" daemon [_thread_blocked, id=6668, stack(0x0000000028720000,0x0000000028820000)]
  0x0000000026ca0800 JavaThread "C2 CompilerThread1" daemon [_thread_blocked, id=8092, stack(0x00000000285a0000,0x00000000286a0000)]
  0x0000000026c99000 JavaThread "C2 CompilerThread0" daemon [_thread_blocked, id=7292, stack(0x0000000028490000,0x0000000028590000)]
  0x0000000026c96000 JavaThread "Attach Listener" daemon [_thread_blocked, id=3032, stack(0x0000000028140000,0x0000000028240000)]
  0x0000000026c95000 JavaThread "Signal Dispatcher" daemon [_thread_blocked, id=5256, stack(0x0000000028270000,0x0000000028370000)]
  0x0000000025dfd800 JavaThread "Finalizer" daemon [_thread_blocked, id=6532, stack(0x0000000028020000,0x0000000028120000)]
  0x0000000025df5800 JavaThread "Reference Handler" daemon [_thread_blocked, id=1820, stack(0x0000000027e00000,0x0000000027f00000)]
=>0x00000000021e8000 JavaThread "main" [_thread_in_native, id=4188, stack(0x0000000002650000,0x0000000002750000)]

Other Threads:
  0x0000000026c42800 VMThread [stack: 0x0000000027cb0000,0x0000000027db0000] [id=3332]
  0x0000000026d23800 WatcherThread [stack: 0x0000000028ca0000,0x0000000028da0000] [id=3324]

VM state:not at safepoint (normal execution)

VM Mutex/Monitor currently owned by a thread: None

Heap:
 PSYoungGen      total 42496K, used 585K [0x0000000715980000, 0x000000071a380000, 0x00000007c0000000)
  eden space 41984K, 1% used [0x0000000715980000,0x00000007159ea6c0,0x0000000718280000)
  from space 512K, 31% used [0x000000071a280000,0x000000071a2a8000,0x000000071a300000)
  to   space 512K, 0% used [0x000000071a300000,0x000000071a300000,0x000000071a380000)
 ParOldGen       total 349696K, used 105885K [0x00000005c0c00000, 0x00000005d6180000, 0x0000000715980000)
  object space 349696K, 30% used [0x00000005c0c00000,0x00000005c73677e8,0x00000005d6180000)
 Metaspace       used 8520K, capacity 8599K, committed 8832K, reserved 1056768K
  class space    used 803K, capacity 822K, committed 896K, reserved 1048576K

Card table byte_map: [0x0000000011de0000,0x0000000012de0000] byte_map_base: 0x000000000efda000

Marking Bits: (ParMarkBitMap*) 0x000000006261d490
 Begin Bits: [0x0000000014470000, 0x000000001c440000)
 End Bits:   [0x000000001c440000, 0x0000000024410000)

Polling page: 0x0000000000140000

CodeCache: size=245760Kb used=4751Kb max_used=5331Kb free=241008Kb
 bounds [0x0000000002a20000, 0x0000000002f70000, 0x0000000011a20000]
 total_blobs=1741 nmethods=1216 adapters=439
 compilation: enabled

Compilation events (10 events):
Event: 148.786 Thread 0x0000000025e0f000 1423       1       java.awt.Image$1::getSurfaceManager (5 bytes)
Event: 148.786 Thread 0x0000000026ca0800 1422       4       sun.awt.image.IntegerComponentRaster::verify (540 bytes)
Event: 148.786 Thread 0x0000000025e0f000 nmethod 1423 0x0000000002cc8ad0 code [0x0000000002cc8c20, 0x0000000002cc8d30]
Event: 148.789 Thread 0x0000000026ca0800 nmethod 1422 0x0000000002bd81d0 code [0x0000000002bd8320, 0x0000000002bd85f8]
Event: 148.789 Thread 0x0000000025e0e000 1424       4       sun.font.SunFontManager::dotStyleStr (40 bytes)
Event: 148.789 Thread 0x0000000025e0e000 nmethod 1424 0x0000000002b439d0 code [0x0000000002b43b00, 0x0000000002b43b78]
Event: 155.097 Thread 0x0000000025e0f000 1425       1       java.awt.Rectangle::getX (6 bytes)
Event: 155.097 Thread 0x0000000025e0f000 nmethod 1425 0x0000000002d8ce50 code [0x0000000002d8cfa0, 0x0000000002d8d0b0]
Event: 155.097 Thread 0x0000000025e0f000 1426       1       java.awt.Rectangle::getY (6 bytes)
Event: 155.097 Thread 0x0000000025e0f000 nmethod 1426 0x0000000002e66fd0 code [0x0000000002e67120, 0x0000000002e67230]

GC Heap History (10 events):
Event: 158.188 GC heap before
{Heap before GC invocations=279 (full 0):
 PSYoungGen      total 42496K, used 42176K [0x0000000715980000, 0x000000071a380000, 0x00000007c0000000)
  eden space 41984K, 100% used [0x0000000715980000,0x0000000718280000,0x0000000718280000)
  from space 512K, 37% used [0x000000071a300000,0x000000071a330000,0x000000071a380000)
  to   space 512K, 0% used [0x000000071a280000,0x000000071a280000,0x000000071a300000)
 ParOldGen       total 349696K, used 102789K [0x00000005c0c00000, 0x00000005d6180000, 0x0000000715980000)
  object space 349696K, 29% used [0x00000005c0c00000,0x00000005c70617b8,0x00000005d6180000)
 Metaspace       used 8520K, capacity 8599K, committed 8832K, reserved 1056768K
  class space    used 803K, capacity 822K, committed 896K, reserved 1048576K
Event: 158.189 GC heap after
Heap after GC invocations=279 (full 0):
 PSYoungGen      total 42496K, used 192K [0x0000000715980000, 0x000000071a380000, 0x00000007c0000000)
  eden space 41984K, 0% used [0x0000000715980000,0x0000000715980000,0x0000000718280000)
  from space 512K, 37% used [0x000000071a280000,0x000000071a2b0000,0x000000071a300000)
  to   space 512K, 0% used [0x000000071a300000,0x000000071a300000,0x000000071a380000)
 ParOldGen       total 349696K, used 102789K [0x00000005c0c00000, 0x00000005d6180000, 0x0000000715980000)
  object space 349696K, 29% used [0x00000005c0c00000,0x00000005c70617b8,0x00000005d6180000)
 Metaspace       used 8520K, capacity 8599K, committed 8832K, reserved 1056768K
  class space    used 803K, capacity 822K, committed 896K, reserved 1048576K
}
Event: 158.628 GC heap before
{Heap before GC invocations=280 (full 0):
 PSYoungGen      total 42496K, used 42176K [0x0000000715980000, 0x000000071a380000, 0x00000007c0000000)
  eden space 41984K, 100% used [0x0000000715980000,0x0000000718280000,0x0000000718280000)
  from space 512K, 37% used [0x000000071a280000,0x000000071a2b0000,0x000000071a300000)
  to   space 512K, 0% used [0x000000071a300000,0x000000071a300000,0x000000071a380000)
 ParOldGen       total 349696K, used 102789K [0x00000005c0c00000, 0x00000005d6180000, 0x0000000715980000)
  object space 349696K, 29% used [0x00000005c0c00000,0x00000005c70617b8,0x00000005d6180000)
 Metaspace       used 8520K, capacity 8599K, committed 8832K, reserved 1056768K
  class space    used 803K, capacity 822K, committed 896K, reserved 1048576K
Event: 158.629 GC heap after
Heap after GC invocations=280 (full 0):
 PSYoungGen      total 42496K, used 192K [0x0000000715980000, 0x000000071a380000, 0x00000007c0000000)
  eden space 41984K, 0% used [0x0000000715980000,0x0000000715980000,0x0000000718280000)
  from space 512K, 37% used [0x000000071a300000,0x000000071a330000,0x000000071a380000)
  to   space 512K, 0% used [0x000000071a280000,0x000000071a280000,0x000000071a300000)
 ParOldGen       total 349696K, used 102789K [0x00000005c0c00000, 0x00000005d6180000, 0x0000000715980000)
  object space 349696K, 29% used [0x00000005c0c00000,0x00000005c70617b8,0x00000005d6180000)
 Metaspace       used 8520K, capacity 8599K, committed 8832K, reserved 1056768K
  class space    used 803K, capacity 822K, committed 896K, reserved 1048576K
}
Event: 159.061 GC heap before
{Heap before GC invocations=281 (full 0):
 PSYoungGen      total 42496K, used 42176K [0x0000000715980000, 0x000000071a380000, 0x00000007c0000000)
  eden space 41984K, 100% used [0x0000000715980000,0x0000000718280000,0x0000000718280000)
  from space 512K, 37% used [0x000000071a300000,0x000000071a330000,0x000000071a380000)
  to   space 512K, 0% used [0x000000071a280000,0x000000071a280000,0x000000071a300000)
 ParOldGen       total 349696K, used 102789K [0x00000005c0c00000, 0x00000005d6180000, 0x0000000715980000)
  object space 349696K, 29% used [0x00000005c0c00000,0x00000005c70617b8,0x00000005d6180000)
 Metaspace       used 8520K, capacity 8599K, committed 8832K, reserved 1056768K
  class space    used 803K, capacity 822K, committed 896K, reserved 1048576K
Event: 159.062 GC heap after
Heap after GC invocations=281 (full 0):
 PSYoungGen      total 42496K, used 192K [0x0000000715980000, 0x000000071a380000, 0x00000007c0000000)
  eden space 41984K, 0% used [0x0000000715980000,0x0000000715980000,0x0000000718280000)
  from space 512K, 37% used [0x000000071a280000,0x000000071a2b0000,0x000000071a300000)
  to   space 512K, 0% used [0x000000071a300000,0x000000071a300000,0x000000071a380000)
 ParOldGen       total 349696K, used 102797K [0x00000005c0c00000, 0x00000005d6180000, 0x0000000715980000)
  object space 349696K, 29% used [0x00000005c0c00000,0x00000005c70637b8,0x00000005d6180000)
 Metaspace       used 8520K, capacity 8599K, committed 8832K, reserved 1056768K
  class space    used 803K, capacity 822K, committed 896K, reserved 1048576K
}
Event: 159.474 GC heap before
{Heap before GC invocations=282 (full 0):
 PSYoungGen      total 42496K, used 42176K [0x0000000715980000, 0x000000071a380000, 0x00000007c0000000)
  eden space 41984K, 100% used [0x0000000715980000,0x0000000718280000,0x0000000718280000)
  from space 512K, 37% used [0x000000071a280000,0x000000071a2b0000,0x000000071a300000)
  to   space 512K, 0% used [0x000000071a300000,0x000000071a300000,0x000000071a380000)
 ParOldGen       total 349696K, used 102797K [0x00000005c0c00000, 0x00000005d6180000, 0x0000000715980000)
  object space 349696K, 29% used [0x00000005c0c00000,0x00000005c70637b8,0x00000005d6180000)
 Metaspace       used 8520K, capacity 8599K, committed 8832K, reserved 1056768K
  class space    used 803K, capacity 822K, committed 896K, reserved 1048576K
Event: 159.475 GC heap after
Heap after GC invocations=282 (full 0):
 PSYoungGen      total 42496K, used 192K [0x0000000715980000, 0x000000071a380000, 0x00000007c0000000)
  eden space 41984K, 0% used [0x0000000715980000,0x0000000715980000,0x0000000718280000)
  from space 512K, 37% used [0x000000071a300000,0x000000071a330000,0x000000071a380000)
  to   space 512K, 0% used [0x000000071a280000,0x000000071a280000,0x000000071a300000)
 ParOldGen       total 349696K, used 105877K [0x00000005c0c00000, 0x00000005d6180000, 0x0000000715980000)
  object space 349696K, 30% used [0x00000005c0c00000,0x00000005c73657e8,0x00000005d6180000)
 Metaspace       used 8520K, capacity 8599K, committed 8832K, reserved 1056768K
  class space    used 803K, capacity 822K, committed 896K, reserved 1048576K
}
Event: 159.894 GC heap before
{Heap before GC invocations=283 (full 0):
 PSYoungGen      total 42496K, used 42176K [0x0000000715980000, 0x000000071a380000, 0x00000007c0000000)
  eden space 41984K, 100% used [0x0000000715980000,0x0000000718280000,0x0000000718280000)
  from space 512K, 37% used [0x000000071a300000,0x000000071a330000,0x000000071a380000)
  to   space 512K, 0% used [0x000000071a280000,0x000000071a280000,0x000000071a300000)
 ParOldGen       total 349696K, used 105877K [0x00000005c0c00000, 0x00000005d6180000, 0x0000000715980000)
  object space 349696K, 30% used [0x00000005c0c00000,0x00000005c73657e8,0x00000005d6180000)
 Metaspace       used 8520K, capacity 8599K, committed 8832K, reserved 1056768K
  class space    used 803K, capacity 822K, committed 896K, reserved 1048576K
Event: 159.895 GC heap after
Heap after GC invocations=283 (full 0):
 PSYoungGen      total 42496K, used 160K [0x0000000715980000, 0x000000071a380000, 0x00000007c0000000)
  eden space 41984K, 0% used [0x0000000715980000,0x0000000715980000,0x0000000718280000)
  from space 512K, 31% used [0x000000071a280000,0x000000071a2a8000,0x000000071a300000)
  to   space 512K, 0% used [0x000000071a300000,0x000000071a300000,0x000000071a380000)
 ParOldGen       total 349696K, used 105885K [0x00000005c0c00000, 0x00000005d6180000, 0x0000000715980000)
  object space 349696K, 30% used [0x00000005c0c00000,0x00000005c73677e8,0x00000005d6180000)
 Metaspace       used 8520K, capacity 8599K, committed 8832K, reserved 1056768K
  class space    used 803K, capacity 822K, committed 896K, reserved 1048576K
}

Deoptimization events (4 events):
Event: 3.797 Thread 0x0000000026e64000 Uncommon trap: reason=class_check action=maybe_recompile pc=0x0000000002dc4b98 method=java.util.regex.Matcher.search(I)Z @ 86
Event: 3.797 Thread 0x0000000026e64000 Uncommon trap: reason=class_check action=maybe_recompile pc=0x0000000002dc4b98 method=java.util.regex.Matcher.search(I)Z @ 86
Event: 3.797 Thread 0x0000000026e64000 Uncommon trap: reason=class_check action=maybe_recompile pc=0x0000000002dc4b98 method=java.util.regex.Matcher.search(I)Z @ 86
Event: 3.797 Thread 0x0000000026e64000 Uncommon trap: reason=class_check action=maybe_recompile pc=0x0000000002dc4b98 method=java.util.regex.Matcher.search(I)Z @ 86

Internal exceptions (10 events):
Event: 0.579 Thread 0x00000000021e8000 Exception <a 'java/lang/NoSuchFieldError': method resolution failed> (0x00000007179fecd8) thrown at [D:\re\workspace\8-2-build-windows-amd64-cygwin\jdk8u25\1677\hotspot\src\share\vm\prims\methodHandles.cpp, line 1159]
Event: 0.581 Thread 0x00000000021e8000 Exception <a 'java/lang/NoSuchFieldError': method resolution failed> (0x0000000717a0dbc0) thrown at [D:\re\workspace\8-2-build-windows-amd64-cygwin\jdk8u25\1677\hotspot\src\share\vm\prims\methodHandles.cpp, line 1159]
Event: 0.581 Thread 0x00000000021e8000 Exception <a 'java/lang/NoSuchFieldError': method resolution failed> (0x0000000717a11040) thrown at [D:\re\workspace\8-2-build-windows-amd64-cygwin\jdk8u25\1677\hotspot\src\share\vm\prims\methodHandles.cpp, line 1159]
Event: 0.617 Thread 0x00000000021e8000 Exception <a 'java/security/PrivilegedActionException'> (0x0000000717ab04c8) thrown at [D:\re\workspace\8-2-build-windows-amd64-cygwin\jdk8u25\1677\hotspot\src\share\vm\prims\jvm.cpp, line 1312]
Event: 0.660 Thread 0x00000000021e8000 Exception <a 'java/security/PrivilegedActionException'> (0x0000000717bb5988) thrown at [D:\re\workspace\8-2-build-windows-amd64-cygwin\jdk8u25\1677\hotspot\src\share\vm\prims\jvm.cpp, line 1312]
Event: 0.664 Thread 0x00000000021e8000 Exception <a 'java/security/PrivilegedActionException'> (0x0000000717bb9a40) thrown at [D:\re\workspace\8-2-build-windows-amd64-cygwin\jdk8u25\1677\hotspot\src\share\vm\prims\jvm.cpp, line 1312]
Event: 2.703 Thread 0x00000000021e8000 Exception <a 'java/security/PrivilegedActionException'> (0x00000007172986a0) thrown at [D:\re\workspace\8-2-build-windows-amd64-cygwin\jdk8u25\1677\hotspot\src\share\vm\prims\jvm.cpp, line 1312]
Event: 2.710 Thread 0x0000000026e64000 Exception <a 'java/security/PrivilegedActionException'> (0x00000007171cf0a8) thrown at [D:\re\workspace\8-2-build-windows-amd64-cygwin\jdk8u25\1677\hotspot\src\share\vm\prims\jvm.cpp, line 1312]
Event: 2.744 Thread 0x00000000021e8000 Exception <a 'java/security/PrivilegedActionException'> (0x00000007175d11f0) thrown at [D:\re\workspace\8-2-build-windows-amd64-cygwin\jdk8u25\1677\hotspot\src\share\vm\prims\jvm.cpp, line 1312]
Event: 7.357 Thread 0x00000000021e8000 Exception <a 'java/security/PrivilegedActionException'> (0x000000071d17f728) thrown at [D:\re\workspace\8-2-build-windows-amd64-cygwin\jdk8u25\1677\hotspot\src\share\vm\prims\jvm.cpp, line 1312]

Events (10 events):
Event: 158.188 Executing VM operation: ParallelGCFailedAllocation
Event: 158.189 Executing VM operation: ParallelGCFailedAllocation done
Event: 158.628 Executing VM operation: ParallelGCFailedAllocation
Event: 158.629 Executing VM operation: ParallelGCFailedAllocation done
Event: 159.061 Executing VM operation: ParallelGCFailedAllocation
Event: 159.062 Executing VM operation: ParallelGCFailedAllocation done
Event: 159.474 Executing VM operation: ParallelGCFailedAllocation
Event: 159.475 Executing VM operation: ParallelGCFailedAllocation done
Event: 159.894 Executing VM operation: ParallelGCFailedAllocation
Event: 159.895 Executing VM operation: ParallelGCFailedAllocation done


Dynamic libraries:
0x000000013f2e0000 - 0x000000013f314000 	C:\Program Files\Java\jdk1.8.0_25\bin\java.exe
0x0000000077230000 - 0x00000000773d9000 	C:\Windows\SYSTEM32\ntdll.dll
0x0000000077010000 - 0x000000007712f000 	C:\Windows\system32\kernel32.dll
0x000007fefc2d0000 - 0x000007fefc33c000 	C:\Windows\system32\KERNELBASE.dll
0x000007fefe150000 - 0x000007fefe22b000 	C:\Windows\system32\ADVAPI32.dll
0x000007fefde10000 - 0x000007fefdeaf000 	C:\Windows\system32\msvcrt.dll
0x000007fefd600000 - 0x000007fefd61f000 	C:\Windows\SYSTEM32\sechost.dll
0x000007fefdeb0000 - 0x000007fefdfdd000 	C:\Windows\system32\RPCRT4.dll
0x0000000077130000 - 0x000000007722a000 	C:\Windows\system32\USER32.dll
0x000007fefc780000 - 0x000007fefc7e7000 	C:\Windows\system32\GDI32.dll
0x000007fefc770000 - 0x000007fefc77e000 	C:\Windows\system32\LPK.dll
0x000007fefdfe0000 - 0x000007fefe0a9000 	C:\Windows\system32\USP10.dll
0x000007fefaa90000 - 0x000007fefac84000 	C:\Windows\WinSxS\amd64_microsoft.windows.common-controls_6595b64144ccf1df_6.0.7601.17514_none_fa396087175ac9ac\COMCTL32.dll
0x000007fefc440000 - 0x000007fefc4b1000 	C:\Windows\system32\SHLWAPI.dll
0x000007fefe520000 - 0x000007fefe54e000 	C:\Windows\system32\IMM32.DLL
0x000007fefd950000 - 0x000007fefda59000 	C:\Windows\system32\MSCTF.dll
0x000000006b3c0000 - 0x000000006b492000 	C:\Program Files\Java\jdk1.8.0_25\jre\bin\msvcr100.dll
0x0000000061e40000 - 0x000000006269a000 	C:\Program Files\Java\jdk1.8.0_25\jre\bin\server\jvm.dll
0x000007fef7b00000 - 0x000007fef7b09000 	C:\Windows\system32\WSOCK32.dll
0x000007fefd900000 - 0x000007fefd94d000 	C:\Windows\system32\WS2_32.dll
0x000007fefe6d0000 - 0x000007fefe6d8000 	C:\Windows\system32\NSI.dll
0x000007fef9a80000 - 0x000007fef9abb000 	C:\Windows\system32\WINMM.dll
0x0000000077400000 - 0x0000000077407000 	C:\Windows\system32\PSAPI.DLL
0x000000006eca0000 - 0x000000006ecaf000 	C:\Program Files\Java\jdk1.8.0_25\jre\bin\verify.dll
0x000000006ec70000 - 0x000000006ec98000 	C:\Program Files\Java\jdk1.8.0_25\jre\bin\java.dll
0x000000006ebd0000 - 0x000000006ebe6000 	C:\Program Files\Java\jdk1.8.0_25\jre\bin\zip.dll
0x000007fefc870000 - 0x000007fefd5f8000 	C:\Windows\system32\SHELL32.dll
0x000007fefe230000 - 0x000007fefe433000 	C:\Windows\system32\ole32.dll
0x000007fefc080000 - 0x000007fefc08f000 	C:\Windows\system32\profapi.dll
0x000007fef9fd0000 - 0x000007fef9fe0000 	C:\Program Files (x86)\JetBrains\IntelliJ IDEA Community Edition 14.0\bin\breakgen64.dll
0x000000006eb30000 - 0x000000006eb4a000 	C:\Program Files\Java\jdk1.8.0_25\jre\bin\net.dll
0x000007fefb860000 - 0x000007fefb8b5000 	C:\Windows\system32\mswsock.dll
0x000007fefb850000 - 0x000007fefb857000 	C:\Windows\System32\wship6.dll
0x0000000180000000 - 0x0000000180051000 	C:\projects\game\lwjgl-2.9.1\lib\windows\lwjgl64.dll
0x000007fee6b00000 - 0x000007fee6c1d000 	C:\Windows\system32\OPENGL32.dll
0x000007fee7480000 - 0x000007fee74ad000 	C:\Windows\system32\GLU32.dll
0x000007fee6570000 - 0x000007fee6661000 	C:\Windows\system32\DDRAW.dll
0x000007fef3e60000 - 0x000007fef3e68000 	C:\Windows\system32\DCIMAN32.dll
0x000007fefdc30000 - 0x000007fefde07000 	C:\Windows\system32\SETUPAPI.dll
0x000007fefc3b0000 - 0x000007fefc3e6000 	C:\Windows\system32\CFGMGR32.dll
0x000007fefe440000 - 0x000007fefe517000 	C:\Windows\system32\OLEAUT32.dll
0x000007fefc410000 - 0x000007fefc42a000 	C:\Windows\system32\DEVOBJ.dll
0x000007fefa5c0000 - 0x000007fefa5d8000 	C:\Windows\system32\dwmapi.dll
0x000007fefb150000 - 0x000007fefb15c000 	C:\Windows\system32\VERSION.dll
0x000007fefa540000 - 0x000007fefa596000 	C:\Windows\system32\uxtheme.dll
0x00000000688c0000 - 0x000000006a762000 	C:\Windows\system32\nvoglv64.DLL
0x000007fefb2e0000 - 0x000007fefb2f1000 	C:\Windows\system32\WTSAPI32.dll
0x000007fefc360000 - 0x000007fefc39a000 	C:\Windows\system32\WINTRUST.dll
0x000007fefc0a0000 - 0x000007fefc20c000 	C:\Windows\system32\CRYPT32.dll
0x000007fefc090000 - 0x000007fefc09f000 	C:\Windows\system32\MSASN1.dll
0x000007fefb120000 - 0x000007fefb14d000 	C:\Windows\system32\ntmarta.dll
0x000007fefda60000 - 0x000007fefdab2000 	C:\Windows\system32\WLDAP32.dll
0x000007fefb400000 - 0x000007fefb43d000 	C:\Windows\system32\WINSTA.dll
0x000007fefbf20000 - 0x000007fefbf2f000 	C:\Windows\system32\CRYPTBASE.dll
0x000007fef8e50000 - 0x000007fef8eec000 	C:\Windows\system32\mscms.dll
0x000007fefc2b0000 - 0x000007fefc2ce000 	C:\Windows\system32\USERENV.dll
0x000007fee73a0000 - 0x000007fee73e2000 	C:\Windows\system32\icm32.dll
0x0000000064b60000 - 0x0000000064cf8000 	C:\Program Files\Java\jdk1.8.0_25\jre\bin\awt.dll
0x000000006b530000 - 0x000000006b577000 	C:\Program Files\Java\jdk1.8.0_25\jre\bin\fontmanager.dll
0x000000006eaf0000 - 0x000000006eb01000 	C:\Program Files\Java\jdk1.8.0_25\jre\bin\nio.dll
0x000000006b370000 - 0x000000006b3b1000 	C:\Program Files\Java\jdk1.8.0_25\jre\bin\t2k.dll
0x000007fef7790000 - 0x000007fef78b5000 	C:\Windows\system32\dbghelp.dll

VM Arguments:
jvm_args: -Djava.library.path=C:\projects\game\lwjgl-2.9.1\lib\windows -Didea.launcher.port=7537 -Didea.launcher.bin.path=C:\Program Files (x86)\JetBrains\IntelliJ IDEA Community Edition 14.0\bin -Dfile.encoding=UTF-8 
java_command: com.intellij.rt.execution.application.AppMain game
java_class_path (initial): C:\Program Files\Java\jdk1.8.0_25\jre\lib\charsets.jar;C:\Program Files\Java\jdk1.8.0_25\jre\lib\deploy.jar;C:\Program Files\Java\jdk1.8.0_25\jre\lib\javaws.jar;C:\Program Files\Java\jdk1.8.0_25\jre\lib\jce.jar;C:\Program Files\Java\jdk1.8.0_25\jre\lib\jfr.jar;C:\Program Files\Java\jdk1.8.0_25\jre\lib\jfxswt.jar;C:\Program Files\Java\jdk1.8.0_25\jre\lib\jsse.jar;C:\Program Files\Java\jdk1.8.0_25\jre\lib\management-agent.jar;C:\Program Files\Java\jdk1.8.0_25\jre\lib\plugin.jar;C:\Program Files\Java\jdk1.8.0_25\jre\lib\resources.jar;C:\Program Files\Java\jdk1.8.0_25\jre\lib\rt.jar;C:\Program Files\Java\jdk1.8.0_25\jre\lib\ext\access-bridge-64.jar;C:\Program Files\Java\jdk1.8.0_25\jre\lib\ext\cldrdata.jar;C:\Program Files\Java\jdk1.8.0_25\jre\lib\ext\dnsns.jar;C:\Program Files\Java\jdk1.8.0_25\jre\lib\ext\jaccess.jar;C:\Program Files\Java\jdk1.8.0_25\jre\lib\ext\jfxrt.jar;C:\Program Files\Java\jdk1.8.0_25\jre\lib\ext\localedata.jar;C:\Program Files\Java\jdk1.8.0_25\jre\lib\ext\nashorn.jar;C:\Program Files\Java\jdk1.8.0_25\jre\lib\ext\sunec.jar;C:\Program Files\Java\jdk1.8.0_25\jre\lib\ext\sunjce_provider.jar;C:\Program Files\Java\jdk1.8.0_25\jre\lib\ext\sunmscapi.jar;C:\Program Files\Java\jdk1.8.0_25\jre\lib\ext\sunpkcs11.jar;C:\Program Files\Java\jdk1.8.0_25\jre\lib\ext\zipfs.jar;C:\projects\game\out\production\game;C:\projects\game\lwjgl-2.9.1\jar\AppleJavaExtensions.jar;C:\projects\game\lwjgl-2.9.1\jar\asm-debug-all.jar;C:\projects\game\lwjgl-2.9.1\jar\jinput.jar;C:\projects\game\lwjgl-2.9.1\jar\lwjgl.jar;C:\projects\game\lwjgl-2.9.1\jar\lwjgl-debug.jar;C:\projects\game\lwjgl-2.9.1\jar\lwjgl_test.jar;C:\projects\game\lwjgl-2.9.1\jar\lwjgl_util.jar;C:\projects\game\lwjgl-2.9.1\jar\lwjgl_util_applet.jar;C:\projects\game\lwjgl-2.9.1\jar\lzma.jar;C:\projects\game\JCSG-master\build\libs\JCSG-master.jar;C:\projects\game\lwjgl-2.9.1\jar\slick-util.jar;C:\Program Files (x86)\JetBrains\IntelliJ IDEA Community Edition 14.0\lib\idea_rt.jar
Launcher Type: SUN_STANDARD

Environment Variables:
JAVA_HOME=C:\Program Files\Java\jdk1.8.0_25
PATH=C:\ProgramData\Oracle\Java\javapath;C:\Program Files (x86)\NVIDIA Corporation\PhysX\Common;C:\Users\user\AMD APP SDK\2.9\bin\x86_64;C:\Users\user\AMD APP SDK\2.9\bin\x86;C:\Program Files (x86)\AMD APP SDK\2.9\bin\x86_64;C:\Program Files (x86)\AMD APP SDK\2.9\bin\x86;C:\Program Files (x86)\Intel\iCLS Client\;C:\Program Files\Intel\iCLS Client\;C:\Windows\system32;C:\Windows;C:\Windows\System32\Wbem;C:\Windows\System32\WindowsPowerShell\v1.0\;C:\Program Files\Intel\Intel(R) Management Engine Components\DAL;C:\Program Files\Intel\Intel(R) Management Engine Components\IPT;C:\Program Files (x86)\Intel\Intel(R) Management Engine Components\DAL;C:\Program Files (x86)\Intel\Intel(R) Management Engine Components\IPT;C:\Program Files\Microsoft SQL Server\110\Tools\Binn\;C:\Program Files\Microsoft Windows Performance Toolkit\;C:\Program Files\nodejs\;C:\Program Files\LuxRender;C:\Program Files\VCG\MeshLab;C:\Program Files (x86)\MySQL\MySQL Utilities 1.4\;C:\Program Files (x86)\MySQL\MySQL Utilities 1.4\Doctrine extensions for PHP\;C:\Program Files (x86)\QuickTime\QTSystem\;C:\Python27;C:\Program Files (x86)\Microsoft Visual Studio 12.0\VC\vcpackages;C:\Users\user\AppData\Roaming\npm;C:\Program Files\apfloat;C:\Program Files (x86)\Kiwix\kiwix\xulrunner;C:\mongodb\bin\;C:\projects\wikirandom\node_modules\forever\bin;C:\Program Files (x86)\JetBrains\WebStorm 7.0.3\jre\bin;C:\Program Files\apache-maven-3.2.2\bin;C:\aparapi;C:\Program Files\VCG\MeshLab;
USERNAME=user
OS=Windows_NT
PROCESSOR_IDENTIFIER=Intel64 Family 6 Model 58 Stepping 9, GenuineIntel



---------------  S Y S T E M  ---------------

OS: Windows 7 , 64 bit Build 7601 Service Pack 1

CPU:total 8 (4 cores per cpu, 2 threads per core) family 6 model 58 stepping 9, cmov, cx8, fxsr, mmx, sse, sse2, sse3, ssse3, sse4.1, sse4.2, popcnt, avx, aes, clmul, erms, ht, tsc, tscinvbit, tscinv

Memory: 4k page, physical 33498820k(19194040k free), swap 66995776k(45807508k free)

vm_info: Java HotSpot(TM) 64-Bit Server VM (25.25-b02) for windows-amd64 JRE (1.8.0_25-b18), built on Oct  7 2014 14:25:37 by "java_re" with MS VC++ 10.0 (VS2010)

time: Sun Feb 01 23:17:36 2015
elapsed time: 159 seconds (0d 0h 2m 39s)

