#
# A fatal error has been detected by the Java Runtime Environment:
#
#  EXCEPTION_ACCESS_VIOLATION (0xc0000005) at pc=0x0000000062cc9660, pid=7364, tid=6008
#
# JRE version: Java(TM) SE Runtime Environment (8.0_25-b18) (build 1.8.0_25-b18)
# Java VM: Java HotSpot(TM) 64-Bit Server VM (25.25-b02 mixed mode windows-amd64 compressed oops)
# Problematic frame:
# C  [nvoglv64.DLL+0xa99660]
#
# Failed to write core dump. Minidumps are not enabled by default on client versions of Windows
#
# If you would like to submit a bug report, please visit:
#   http://bugreport.sun.com/bugreport/crash.jsp
# The crash happened outside the Java Virtual Machine in native code.
# See problematic frame for where to report the bug.
#

---------------  T H R E A D  ---------------

Current thread (0x0000000002168000):  JavaThread "main" [_thread_in_native, id=6008, stack(0x0000000002370000,0x0000000002470000)]

siginfo: ExceptionCode=0xc0000005, reading address 0x00000005563f0040

Registers:
RAX=0x00000005563f0060, RBX=0x00000005563f0040, RCX=0x0000000036620040, RDX=0x00000005563f0040
RSP=0x000000000246d678, RBP=0x0000000000000800, RSI=0x0000000000000000, RDI=0x0000000036620020
R8 =0x0000000000000020, R9 =0x0000000000000006, R10=0x0000000000000010, R11=0x0000000000000006
R12=0x0000000000000000, R13=0x0000000062ce6370, R14=0x00000000000000fe, R15=0x0000000000000000
RIP=0x0000000062cc9660, EFLAGS=0x0000000000010202

Top of Stack: (sp=0x000000000246d678)
0x000000000246d678:   0000000062cc928d 0000000000000001
0x000000000246d688:   00000005563f0040 0000000000000001
0x000000000246d698:   0000000062cd1881 0000000000000200
0x000000000246d6a8:   000000002e5d3a50 00000005563f0040
0x000000000246d6b8:   00000000000000ff 0000000036620020
0x000000000246d6c8:   0000000062c06070 0000000000000800
0x000000000246d6d8:   0000000000000800 0000000000000200
0x000000000246d6e8:   0000000000000001 0000000062ce6370
0x000000000246d6f8:   0000000000000000 0000000000000000
0x000000000246d708:   0000000000000000 0000000033a3c3bc
0x000000000246d718:   0000000500000000 000000000246daa4
0x000000000246d728:   00000005b1d00002 000000000246dad0
0x000000000246d738:   0000000033a50e10 0000020000000000
0x000000000246d748:   0000000000000010 0000000000000000
0x000000000246d758:   000000ff00000000 00000000000000ff
0x000000000246d768:   0000000000100000 0000000036620020 

Instructions: (pc=0x0000000062cc9660)
0x0000000062cc9640:   8d 40 40 0f 11 41 d0 49 ff c8 75 d4 c3 4d 85 c0
0x0000000062cc9650:   74 3a 48 83 c1 20 48 8d 42 20 66 0f 1f 44 00 00
0x0000000062cc9660:   0f 28 58 e0 0f 28 50 f0 0f 28 08 48 8d 49 40 0f
0x0000000062cc9670:   28 40 10 0f 29 59 a0 0f 29 51 b0 48 8d 40 40 0f 


Register to memory mapping:

RAX=0x00000005563f0060 is an unknown value
RBX=0x00000005563f0040 is an unknown value
RCX=0x0000000036620040 is an unknown value
RDX=0x00000005563f0040 is an unknown value
RSP=0x000000000246d678 is pointing into the stack for thread: 0x0000000002168000
RBP=0x0000000000000800 is an unknown value
RSI=0x0000000000000000 is an unknown value
RDI=0x0000000036620020 is an unknown value
R8 =0x0000000000000020 is an unknown value
R9 =0x0000000000000006 is an unknown value
R10=0x0000000000000010 is an unknown value
R11=0x0000000000000006 is an unknown value
R12=0x0000000000000000 is an unknown value
R13=0x0000000062ce6370 is an unknown value
R14=0x00000000000000fe is an unknown value
R15=0x0000000000000000 is an unknown value


Stack: [0x0000000002370000,0x0000000002470000],  sp=0x000000000246d678,  free space=1013k
Native frames: (J=compiled Java code, j=interpreted, Vv=VM code, C=native code)
C  [nvoglv64.DLL+0xa99660]

Java frames: (J=compiled Java code, j=interpreted, Vv=VM code)
J 1944  org.lwjgl.opengl.GL11.nglTexImage2D(IIIIIIIIJJ)V (0 bytes) @ 0x0000000002e6a0c5 [0x0000000002e6a040+0x85]
J 1896 C1 org.lwjgl.opengl.GL11.glTexImage2D(IIIIIIIILjava/nio/ByteBuffer;)V (67 bytes) @ 0x0000000002e4fa14 [0x0000000002e4ecc0+0xd54]
J 1287 C2 factory.TextureFactory.loadTexture(Ljava/awt/image/BufferedImage;)I (243 bytes) @ 0x0000000002c2ee48 [0x0000000002c2e280+0xbc8]
J 2012 C2 factory.TextureFactory.proceduralTexture(Ljava/lang/String;)I (135 bytes) @ 0x0000000002eaa6d4 [0x0000000002ea9ee0+0x7f4]
J 2051 C2 gameWorldRender.renderGL()V (201 bytes) @ 0x0000000002f12620 [0x0000000002f10060+0x25c0]
j  gameWorldRender.start()V+89
j  game.main([Ljava/lang/String;)V+60
v  ~StubRoutines::call_stub
j  sun.reflect.NativeMethodAccessorImpl.invoke0(Ljava/lang/reflect/Method;Ljava/lang/Object;[Ljava/lang/Object;)Ljava/lang/Object;+0
j  sun.reflect.NativeMethodAccessorImpl.invoke(Ljava/lang/Object;[Ljava/lang/Object;)Ljava/lang/Object;+100
j  sun.reflect.DelegatingMethodAccessorImpl.invoke(Ljava/lang/Object;[Ljava/lang/Object;)Ljava/lang/Object;+6
j  java.lang.reflect.Method.invoke(Ljava/lang/Object;[Ljava/lang/Object;)Ljava/lang/Object;+56
j  com.intellij.rt.execution.application.AppMain.main([Ljava/lang/String;)V+163
v  ~StubRoutines::call_stub

---------------  P R O C E S S  ---------------

Java Threads: ( => current thread )
  0x000000003105a000 JavaThread "LWJGL Timer" daemon [_thread_blocked, id=5160, stack(0x0000000036130000,0x0000000036230000)]
  0x000000002a98b000 JavaThread "Java2D Disposer" daemon [_thread_in_Java, id=8068, stack(0x0000000035820000,0x0000000035920000)]
  0x0000000027021800 JavaThread "Thread-2" [_thread_in_Java, id=5404, stack(0x000000002a110000,0x000000002a210000)]
  0x0000000027020000 JavaThread "Thread-1" [_thread_blocked, id=1792, stack(0x0000000029eb0000,0x0000000029fb0000)]
  0x0000000026ec3800 JavaThread "Monitor Ctrl-Break" daemon [_thread_in_native, id=5656, stack(0x0000000028b30000,0x0000000028c30000)]
  0x0000000026dad000 JavaThread "Service Thread" daemon [_thread_blocked, id=4560, stack(0x0000000028a30000,0x0000000028b30000)]
  0x0000000026d4c000 JavaThread "C1 CompilerThread3" daemon [_thread_blocked, id=5224, stack(0x0000000028840000,0x0000000028940000)]
  0x0000000026d33000 JavaThread "C2 CompilerThread2" daemon [_thread_blocked, id=6056, stack(0x00000000286d0000,0x00000000287d0000)]
  0x0000000026d2b800 JavaThread "C2 CompilerThread1" daemon [_thread_blocked, id=6048, stack(0x00000000284e0000,0x00000000285e0000)]
  0x0000000026d24000 JavaThread "C2 CompilerThread0" daemon [_thread_blocked, id=6860, stack(0x0000000027f10000,0x0000000028010000)]
  0x0000000026d21000 JavaThread "Attach Listener" daemon [_thread_blocked, id=5952, stack(0x0000000028300000,0x0000000028400000)]
  0x0000000026d20000 JavaThread "Signal Dispatcher" daemon [_thread_blocked, id=2376, stack(0x00000000281c0000,0x00000000282c0000)]
  0x0000000025c6e000 JavaThread "Finalizer" daemon [_thread_blocked, id=7916, stack(0x0000000028070000,0x0000000028170000)]
  0x0000000025c65800 JavaThread "Reference Handler" daemon [_thread_in_vm, id=6940, stack(0x0000000027ce0000,0x0000000027de0000)]
=>0x0000000002168000 JavaThread "main" [_thread_in_native, id=6008, stack(0x0000000002370000,0x0000000002470000)]

Other Threads:
  0x0000000026cd2800 VMThread [stack: 0x0000000027df0000,0x0000000027ef0000] [id=7944]
  0x0000000026dc1800 WatcherThread [stack: 0x0000000028d10000,0x0000000028e10000] [id=7260]

VM state:not at safepoint (normal execution)

VM Mutex/Monitor currently owned by a thread: None

Heap:
 PSYoungGen      total 133632K, used 296K [0x0000000715980000, 0x0000000722c00000, 0x00000007c0000000)
  eden space 133120K, 0% used [0x0000000715980000,0x0000000715982378,0x000000071db80000)
  from space 512K, 56% used [0x0000000722b80000,0x0000000722bc8000,0x0000000722c00000)
  to   space 4608K, 0% used [0x0000000722300000,0x0000000722300000,0x0000000722780000)
 ParOldGen       total 203264K, used 98107K [0x00000005c0c00000, 0x00000005cd280000, 0x0000000715980000)
  object space 203264K, 48% used [0x00000005c0c00000,0x00000005c6bcec40,0x00000005cd280000)
 Metaspace       used 11352K, capacity 11603K, committed 11904K, reserved 1060864K
  class space    used 1283K, capacity 1344K, committed 1408K, reserved 1048576K

Card table byte_map: [0x0000000011b00000,0x0000000012b00000] byte_map_base: 0x000000000ecfa000

Marking Bits: (ParMarkBitMap*) 0x000000006551d490
 Begin Bits: [0x00000000142e0000, 0x000000001c2b0000)
 End Bits:   [0x000000001c2b0000, 0x0000000024280000)

Polling page: 0x00000000001c0000

CodeCache: size=245760Kb used=6987Kb max_used=7975Kb free=238772Kb
 bounds [0x0000000002740000, 0x0000000002f40000, 0x0000000011740000]
 total_blobs=2343 nmethods=1815 adapters=442
 compilation: enabled

Compilation events (10 events):
Event: 185.657 Thread 0x0000000026d24000 2096       4       java.lang.AbstractStringBuilder::<init> (12 bytes)
Event: 185.658 Thread 0x0000000026d24000 nmethod 2096 0x000000000286b810 code [0x000000000286b960, 0x000000000286ba78]
Event: 190.449 Thread 0x0000000026d33000 2097       4       sun.java2d.pipe.SpanShapeRenderer::renderRect (357 bytes)
Event: 190.482 Thread 0x0000000026d33000 nmethod 2097 0x0000000002a29810 code [0x0000000002a29b60, 0x0000000002a2b6d8]
Event: 190.517 Thread 0x0000000026d2b800 2098       4       java.awt.geom.AffineTransform::equals (92 bytes)
Event: 190.518 Thread 0x0000000026d2b800 nmethod 2098 0x00000000028f6dd0 code [0x00000000028f6f20, 0x00000000028f7018]
Event: 191.011 Thread 0x0000000026d24000 2099       4       sun.awt.image.IntegerComponentRaster::<init> (271 bytes)
Event: 191.017 Thread 0x0000000026d24000 nmethod 2099 0x0000000002891950 code [0x0000000002891ac0, 0x0000000002892128]
Event: 195.056 Thread 0x0000000026d33000 2100       4       java.awt.image.BufferedImage$1::run (5 bytes)
Event: 195.059 Thread 0x0000000026d33000 nmethod 2100 0x0000000002a9f590 code [0x0000000002a9f720, 0x0000000002a9f990]

GC Heap History (10 events):
Event: 178.268 GC heap before
{Heap before GC invocations=26 (full 2):
 PSYoungGen      total 147456K, used 146972K [0x0000000715980000, 0x0000000723580000, 0x00000007c0000000)
  eden space 146944K, 99% used [0x0000000715980000,0x000000071e8c73e8,0x000000071e900000)
  from space 512K, 50% used [0x0000000723500000,0x0000000723540000,0x0000000723580000)
  to   space 5632K, 0% used [0x0000000722a80000,0x0000000722a80000,0x0000000723000000)
 ParOldGen       total 242688K, used 236588K [0x00000005c0c00000, 0x00000005cf900000, 0x0000000715980000)
  object space 242688K, 97% used [0x00000005c0c00000,0x00000005cf30b380,0x00000005cf900000)
 Metaspace       used 11352K, capacity 11603K, committed 11904K, reserved 1060864K
  class space    used 1283K, capacity 1344K, committed 1408K, reserved 1048576K
Event: 178.284 GC heap after
Heap after GC invocations=26 (full 2):
 PSYoungGen      total 147456K, used 0K [0x0000000715980000, 0x0000000723580000, 0x00000007c0000000)
  eden space 146944K, 0% used [0x0000000715980000,0x0000000715980000,0x000000071e900000)
  from space 512K, 0% used [0x0000000723500000,0x0000000723500000,0x0000000723580000)
  to   space 5632K, 0% used [0x0000000722a80000,0x0000000722a80000,0x0000000723000000)
 ParOldGen       total 203264K, used 56119K [0x00000005c0c00000, 0x00000005cd280000, 0x0000000715980000)
  object space 203264K, 27% used [0x00000005c0c00000,0x00000005c42cdee0,0x00000005cd280000)
 Metaspace       used 11352K, capacity 11603K, committed 11904K, reserved 1060864K
  class space    used 1283K, capacity 1344K, committed 1408K, reserved 1048576K
}
Event: 183.053 GC heap before
{Heap before GC invocations=27 (full 2):
 PSYoungGen      total 147456K, used 146553K [0x0000000715980000, 0x0000000723580000, 0x00000007c0000000)
  eden space 146944K, 99% used [0x0000000715980000,0x000000071e89e428,0x000000071e900000)
  from space 512K, 0% used [0x0000000723500000,0x0000000723500000,0x0000000723580000)
  to   space 5632K, 0% used [0x0000000722a80000,0x0000000722a80000,0x0000000723000000)
 ParOldGen       total 203264K, used 56119K [0x00000005c0c00000, 0x00000005cd280000, 0x0000000715980000)
  object space 203264K, 27% used [0x00000005c0c00000,0x00000005c42cdee0,0x00000005cd280000)
 Metaspace       used 11352K, capacity 11603K, committed 11904K, reserved 1060864K
  class space    used 1283K, capacity 1344K, committed 1408K, reserved 1048576K
Event: 183.054 GC heap after
Heap after GC invocations=27 (full 2):
 PSYoungGen      total 148992K, used 256K [0x0000000715980000, 0x0000000723580000, 0x00000007c0000000)
  eden space 143360K, 0% used [0x0000000715980000,0x0000000715980000,0x000000071e580000)
  from space 5632K, 4% used [0x0000000722a80000,0x0000000722ac0000,0x0000000723000000)
  to   space 5632K, 0% used [0x0000000723000000,0x0000000723000000,0x0000000723580000)
 ParOldGen       total 203264K, used 56119K [0x00000005c0c00000, 0x00000005cd280000, 0x0000000715980000)
  object space 203264K, 27% used [0x00000005c0c00000,0x00000005c42cdee0,0x00000005cd280000)
 Metaspace       used 11352K, capacity 11603K, committed 11904K, reserved 1060864K
  class space    used 1283K, capacity 1344K, committed 1408K, reserved 1048576K
}
Event: 187.822 GC heap before
{Heap before GC invocations=28 (full 2):
 PSYoungGen      total 148992K, used 143598K [0x0000000715980000, 0x0000000723580000, 0x00000007c0000000)
  eden space 143360K, 99% used [0x0000000715980000,0x000000071e57bb28,0x000000071e580000)
  from space 5632K, 4% used [0x0000000722a80000,0x0000000722ac0000,0x0000000723000000)
  to   space 5632K, 0% used [0x0000000723000000,0x0000000723000000,0x0000000723580000)
 ParOldGen       total 203264K, used 56119K [0x00000005c0c00000, 0x00000005cd280000, 0x0000000715980000)
  object space 203264K, 27% used [0x00000005c0c00000,0x00000005c42cdee0,0x00000005cd280000)
 Metaspace       used 11352K, capacity 11603K, committed 11904K, reserved 1060864K
  class space    used 1283K, capacity 1344K, committed 1408K, reserved 1048576K
Event: 187.823 GC heap after
Heap after GC invocations=28 (full 2):
 PSYoungGen      total 140288K, used 288K [0x0000000715980000, 0x0000000723080000, 0x00000007c0000000)
  eden space 139776K, 0% used [0x0000000715980000,0x0000000715980000,0x000000071e200000)
  from space 512K, 56% used [0x0000000723000000,0x0000000723048000,0x0000000723080000)
  to   space 5120K, 0% used [0x0000000722680000,0x0000000722680000,0x0000000722b80000)
 ParOldGen       total 203264K, used 56119K [0x00000005c0c00000, 0x00000005cd280000, 0x0000000715980000)
  object space 203264K, 27% used [0x00000005c0c00000,0x00000005c42cdee0,0x00000005cd280000)
 Metaspace       used 11352K, capacity 11603K, committed 11904K, reserved 1060864K
  class space    used 1283K, capacity 1344K, committed 1408K, reserved 1048576K
}
Event: 192.644 GC heap before
{Heap before GC invocations=29 (full 2):
 PSYoungGen      total 140288K, used 139372K [0x0000000715980000, 0x0000000723080000, 0x00000007c0000000)
  eden space 139776K, 99% used [0x0000000715980000,0x000000071e153030,0x000000071e200000)
  from space 512K, 56% used [0x0000000723000000,0x0000000723048000,0x0000000723080000)
  to   space 5120K, 0% used [0x0000000722680000,0x0000000722680000,0x0000000722b80000)
 ParOldGen       total 203264K, used 57143K [0x00000005c0c00000, 0x00000005cd280000, 0x0000000715980000)
  object space 203264K, 28% used [0x00000005c0c00000,0x00000005c43cdef0,0x00000005cd280000)
 Metaspace       used 11352K, capacity 11603K, committed 11904K, reserved 1060864K
  class space    used 1283K, capacity 1344K, committed 1408K, reserved 1048576K
Event: 192.644 GC heap after
Heap after GC invocations=29 (full 2):
 PSYoungGen      total 141312K, used 288K [0x0000000715980000, 0x0000000723080000, 0x00000007c0000000)
  eden space 136192K, 0% used [0x0000000715980000,0x0000000715980000,0x000000071de80000)
  from space 5120K, 5% used [0x0000000722680000,0x00000007226c8000,0x0000000722b80000)
  to   space 5120K, 0% used [0x0000000722b80000,0x0000000722b80000,0x0000000723080000)
 ParOldGen       total 203264K, used 57143K [0x00000005c0c00000, 0x00000005cd280000, 0x0000000715980000)
  object space 203264K, 28% used [0x00000005c0c00000,0x00000005c43cdef0,0x00000005cd280000)
 Metaspace       used 11352K, capacity 11603K, committed 11904K, reserved 1060864K
  class space    used 1283K, capacity 1344K, committed 1408K, reserved 1048576K
}
Event: 198.683 GC heap before
{Heap before GC invocations=30 (full 2):
 PSYoungGen      total 141312K, used 136480K [0x0000000715980000, 0x0000000723080000, 0x00000007c0000000)
  eden space 136192K, 100% used [0x0000000715980000,0x000000071de80000,0x000000071de80000)
  from space 5120K, 5% used [0x0000000722680000,0x00000007226c8000,0x0000000722b80000)
  to   space 5120K, 0% used [0x0000000722b80000,0x0000000722b80000,0x0000000723080000)
 ParOldGen       total 203264K, used 98107K [0x00000005c0c00000, 0x00000005cd280000, 0x0000000715980000)
  object space 203264K, 48% used [0x00000005c0c00000,0x00000005c6bcec40,0x00000005cd280000)
 Metaspace       used 11352K, capacity 11603K, committed 11904K, reserved 1060864K
  class space    used 1283K, capacity 1344K, committed 1408K, reserved 1048576K
Event: 198.687 GC heap after
Heap after GC invocations=30 (full 2):
 PSYoungGen      total 133632K, used 288K [0x0000000715980000, 0x0000000722c00000, 0x00000007c0000000)
  eden space 133120K, 0% used [0x0000000715980000,0x0000000715980000,0x000000071db80000)
  from space 512K, 56% used [0x0000000722b80000,0x0000000722bc8000,0x0000000722c00000)
  to   space 4608K, 0% used [0x0000000722300000,0x0000000722300000,0x0000000722780000)
 ParOldGen       total 203264K, used 98107K [0x00000005c0c00000, 0x00000005cd280000, 0x0000000715980000)
  object space 203264K, 48% used [0x00000005c0c00000,0x00000005c6bcec40,0x00000005cd280000)
 Metaspace       used 11352K, capacity 11603K, committed 11904K, reserved 1060864K
  class space    used 1283K, capacity 1344K, committed 1408K, reserved 1048576K
}

Deoptimization events (10 events):
Event: 0.667 Thread 0x0000000002168000 Uncommon trap: reason=class_check action=maybe_recompile pc=0x0000000002acccb4 method=java.util.LinkedHashMap.afterNodeInsertion(Z)V @ 15
Event: 0.678 Thread 0x0000000002168000 Uncommon trap: reason=class_check action=maybe_recompile pc=0x0000000002acccb4 method=java.util.LinkedHashMap.afterNodeInsertion(Z)V @ 15
Event: 0.822 Thread 0x0000000027021800 Uncommon trap: reason=unreached action=reinterpret pc=0x0000000002bf6fec method=sun.reflect.annotation.AnnotationType.getInstance(Ljava/lang/Class;)Lsun/reflect/annotation/AnnotationType; @ 13
Event: 0.823 Thread 0x0000000027021800 Uncommon trap: reason=unreached action=reinterpret pc=0x0000000002c079a8 method=java.lang.Class.getInterfaces()[Ljava/lang/Class; @ 20
Event: 0.823 Thread 0x0000000027021800 Uncommon trap: reason=null_check action=make_not_entrant pc=0x0000000002be9508 method=java.lang.reflect.WeakCache.get(Ljava/lang/Object;Ljava/lang/Object;)Ljava/lang/Object; @ 97
Event: 56.535 Thread 0x0000000002168000 Uncommon trap: reason=array_check action=maybe_recompile pc=0x0000000002ea6628 method=java.util.AbstractCollection.toArray([Ljava/lang/Object;)[Ljava/lang/Object; @ 119
Event: 56.601 Thread 0x0000000002168000 Uncommon trap: reason=array_check action=maybe_recompile pc=0x0000000002ea6628 method=java.util.AbstractCollection.toArray([Ljava/lang/Object;)[Ljava/lang/Object; @ 119
Event: 56.691 Thread 0x0000000002168000 Uncommon trap: reason=array_check action=maybe_recompile pc=0x0000000002ea6628 method=java.util.AbstractCollection.toArray([Ljava/lang/Object;)[Ljava/lang/Object; @ 119
Event: 56.767 Thread 0x0000000002168000 Uncommon trap: reason=array_check action=maybe_recompile pc=0x0000000002ea6628 method=java.util.AbstractCollection.toArray([Ljava/lang/Object;)[Ljava/lang/Object; @ 119
Event: 131.563 Thread 0x0000000025c65800 Uncommon trap: reason=unreached action=reinterpret pc=0x0000000002e5ce54 method=sun.misc.Cleaner.remove(Lsun/misc/Cleaner;)Z @ 14

Internal exceptions (10 events):
Event: 0.642 Thread 0x0000000027021800 Exception <a 'java/security/PrivilegedActionException'> (0x000000071bd5a9c8) thrown at [D:\re\workspace\8-2-build-windows-amd64-cygwin\jdk8u25\1677\hotspot\src\share\vm\prims\jvm.cpp, line 1312]
Event: 0.660 Thread 0x0000000027021800 Exception <a 'java/security/PrivilegedActionException'> (0x000000071c3f9b88) thrown at [D:\re\workspace\8-2-build-windows-amd64-cygwin\jdk8u25\1677\hotspot\src\share\vm\prims\jvm.cpp, line 1312]
Event: 0.745 Thread 0x0000000002168000 Exception <a 'java/security/PrivilegedActionException'> (0x000000071c19f7c8) thrown at [D:\re\workspace\8-2-build-windows-amd64-cygwin\jdk8u25\1677\hotspot\src\share\vm\prims\jvm.cpp, line 1312]
Event: 0.745 Thread 0x0000000002168000 Exception <a 'java/security/PrivilegedActionException'> (0x000000071c1a3880) thrown at [D:\re\workspace\8-2-build-windows-amd64-cygwin\jdk8u25\1677\hotspot\src\share\vm\prims\jvm.cpp, line 1312]
Event: 0.746 Thread 0x0000000002168000 Exception <a 'java/security/PrivilegedActionException'> (0x000000071c1a7928) thrown at [D:\re\workspace\8-2-build-windows-amd64-cygwin\jdk8u25\1677\hotspot\src\share\vm\prims\jvm.cpp, line 1312]
Event: 0.822 Thread 0x0000000027021800 Exception <a 'java/security/PrivilegedActionException'> (0x0000000716295f58) thrown at [D:\re\workspace\8-2-build-windows-amd64-cygwin\jdk8u25\1677\hotspot\src\share\vm\prims\jvm.cpp, line 1312]
Event: 0.822 Thread 0x0000000027021800 Implicit null exception at 0x0000000002bf494d to 0x0000000002bf6fb9
Event: 0.823 Thread 0x0000000027021800 Implicit null exception at 0x0000000002c05fce to 0x0000000002c07979
Event: 0.823 Thread 0x0000000027021800 Implicit null exception at 0x0000000002be8fef to 0x0000000002be94ed
Event: 1.675 Thread 0x0000000002168000 Exception <a 'java/security/PrivilegedActionException'> (0x0000000715dcd498) thrown at [D:\re\workspace\8-2-build-windows-amd64-cygwin\jdk8u25\1677\hotspot\src\share\vm\prims\jvm.cpp, line 1312]

Events (10 events):
Event: 195.060 Thread 0x0000000026d33000 flushing nmethod 0x0000000002c812d0
Event: 195.060 Thread 0x0000000026d33000 flushing nmethod 0x0000000002c84cd0
Event: 195.060 Thread 0x0000000026d33000 flushing nmethod 0x0000000002c87190
Event: 195.060 Thread 0x0000000026d33000 flushing nmethod 0x0000000002c88710
Event: 195.060 Thread 0x0000000026d33000 flushing nmethod 0x0000000002ca5010
Event: 195.060 Thread 0x0000000026d33000 flushing nmethod 0x0000000002caf350
Event: 195.060 Thread 0x0000000026d33000 flushing nmethod 0x0000000002cc1b10
Event: 195.060 Thread 0x0000000026d33000 flushing nmethod 0x0000000002cd16d0
Event: 198.683 Executing VM operation: ParallelGCFailedAllocation
Event: 198.687 Executing VM operation: ParallelGCFailedAllocation done


Dynamic libraries:
0x000000013f1c0000 - 0x000000013f1f4000 	C:\Program Files\Java\jdk1.8.0_25\bin\java.exe
0x00000000772e0000 - 0x0000000077489000 	C:\Windows\SYSTEM32\ntdll.dll
0x00000000770c0000 - 0x00000000771df000 	C:\Windows\system32\kernel32.dll
0x000007fefc180000 - 0x000007fefc1ec000 	C:\Windows\system32\KERNELBASE.dll
0x000007fefd160000 - 0x000007fefd23b000 	C:\Windows\system32\ADVAPI32.dll
0x000007fefc530000 - 0x000007fefc5cf000 	C:\Windows\system32\msvcrt.dll
0x000007fefc870000 - 0x000007fefc88f000 	C:\Windows\SYSTEM32\sechost.dll
0x000007fefcaf0000 - 0x000007fefcc1d000 	C:\Windows\system32\RPCRT4.dll
0x00000000771e0000 - 0x00000000772da000 	C:\Windows\system32\USER32.dll
0x000007fefc910000 - 0x000007fefc977000 	C:\Windows\system32\GDI32.dll
0x000007fefe7f0000 - 0x000007fefe7fe000 	C:\Windows\system32\LPK.dll
0x000007fefd2e0000 - 0x000007fefd3a9000 	C:\Windows\system32\USP10.dll
0x000007fefab10000 - 0x000007fefad04000 	C:\Windows\WinSxS\amd64_microsoft.windows.common-controls_6595b64144ccf1df_6.0.7601.17514_none_fa396087175ac9ac\COMCTL32.dll
0x000007fefcc20000 - 0x000007fefcc91000 	C:\Windows\system32\SHLWAPI.dll
0x000007fefc4e0000 - 0x000007fefc50e000 	C:\Windows\system32\IMM32.DLL
0x000007fefe410000 - 0x000007fefe519000 	C:\Windows\system32\MSCTF.dll
0x0000000073180000 - 0x0000000073252000 	C:\Program Files\Java\jdk1.8.0_25\jre\bin\msvcr100.dll
0x0000000064d40000 - 0x000000006559a000 	C:\Program Files\Java\jdk1.8.0_25\jre\bin\server\jvm.dll
0x000007fef7bb0000 - 0x000007fef7bb9000 	C:\Windows\system32\WSOCK32.dll
0x000007fefe3c0000 - 0x000007fefe40d000 	C:\Windows\system32\WS2_32.dll
0x000007fefe800000 - 0x000007fefe808000 	C:\Windows\system32\NSI.dll
0x000007fef9b30000 - 0x000007fef9b6b000 	C:\Windows\system32\WINMM.dll
0x00000000774a0000 - 0x00000000774a7000 	C:\Windows\system32\PSAPI.DLL
0x0000000073440000 - 0x000000007344f000 	C:\Program Files\Java\jdk1.8.0_25\jre\bin\verify.dll
0x0000000073410000 - 0x0000000073438000 	C:\Program Files\Java\jdk1.8.0_25\jre\bin\java.dll
0x00000000733f0000 - 0x0000000073406000 	C:\Program Files\Java\jdk1.8.0_25\jre\bin\zip.dll
0x000007fefd630000 - 0x000007fefe3b8000 	C:\Windows\system32\SHELL32.dll
0x000007fefcf50000 - 0x000007fefd153000 	C:\Windows\system32\ole32.dll
0x000007fefc130000 - 0x000007fefc13f000 	C:\Windows\system32\profapi.dll
0x000007fef95e0000 - 0x000007fef95f0000 	C:\Program Files (x86)\JetBrains\IntelliJ IDEA Community Edition 14.0\bin\breakgen64.dll
0x0000000073140000 - 0x000000007315a000 	C:\Program Files\Java\jdk1.8.0_25\jre\bin\net.dll
0x000007fefb8a0000 - 0x000007fefb8f5000 	C:\Windows\system32\mswsock.dll
0x000007fefba70000 - 0x000007fefba77000 	C:\Windows\System32\wship6.dll
0x000007fef3840000 - 0x000007fef386e000 	C:\projects\game\lwjgl-2.9.1\lib\windows\aparapi_x86_64.dll
0x000007fef6070000 - 0x000007fef6085000 	C:\Windows\system32\OpenCL.dll
0x0000000180000000 - 0x0000000180051000 	C:\projects\game\lwjgl-2.9.1\lib\windows\lwjgl64.dll
0x000007fee6130000 - 0x000007fee624d000 	C:\Windows\system32\OPENGL32.dll
0x000007fef3870000 - 0x000007fef389d000 	C:\Windows\system32\GLU32.dll
0x000007fee6270000 - 0x000007fee6361000 	C:\Windows\system32\DDRAW.dll
0x000007fefa770000 - 0x000007fefa778000 	C:\Windows\system32\DCIMAN32.dll
0x000007fefd450000 - 0x000007fefd627000 	C:\Windows\system32\SETUPAPI.dll
0x000007fefc320000 - 0x000007fefc356000 	C:\Windows\system32\CFGMGR32.dll
0x000007fefe520000 - 0x000007fefe5f7000 	C:\Windows\system32\OLEAUT32.dll
0x000007fefc160000 - 0x000007fefc17a000 	C:\Windows\system32\DEVOBJ.dll
0x000007fefa670000 - 0x000007fefa688000 	C:\Windows\system32\dwmapi.dll
0x000007fefb200000 - 0x000007fefb20c000 	C:\Windows\system32\VERSION.dll
0x000007fefa600000 - 0x000007fefa656000 	C:\Windows\system32\uxtheme.dll
0x0000000062230000 - 0x00000000640d2000 	C:\Windows\system32\nvoglv64.DLL
0x000007fefb380000 - 0x000007fefb391000 	C:\Windows\system32\WTSAPI32.dll
0x000007fefc1f0000 - 0x000007fefc22a000 	C:\Windows\system32\WINTRUST.dll
0x000007fefc370000 - 0x000007fefc4dc000 	C:\Windows\system32\CRYPT32.dll
0x000007fefc140000 - 0x000007fefc14f000 	C:\Windows\system32\MSASN1.dll
0x000007fefb1d0000 - 0x000007fefb1fd000 	C:\Windows\system32\ntmarta.dll
0x000007fefc5d0000 - 0x000007fefc622000 	C:\Windows\system32\WLDAP32.dll
0x000007fefb4c0000 - 0x000007fefb4fd000 	C:\Windows\system32\WINSTA.dll
0x000007fefbfd0000 - 0x000007fefbfdf000 	C:\Windows\system32\CRYPTBASE.dll
0x000007fef9150000 - 0x000007fef91ec000 	C:\Windows\system32\mscms.dll
0x000007fefc2f0000 - 0x000007fefc30e000 	C:\Windows\system32\USERENV.dll
0x000007fee8370000 - 0x000007fee83b2000 	C:\Windows\system32\icm32.dll
0x000000006edb0000 - 0x000000006ef48000 	C:\Program Files\Java\jdk1.8.0_25\jre\bin\awt.dll
0x000007fee3720000 - 0x000007fee4498000 	C:\Windows\System32\nvopencl.dll
0x000007fef8a80000 - 0x000007fef8db9000 	C:\Windows\system32\nvapi64.dll
0x00000000730f0000 - 0x0000000073137000 	C:\Program Files\Java\jdk1.8.0_25\jre\bin\fontmanager.dll
0x0000000073160000 - 0x0000000073171000 	C:\Program Files\Java\jdk1.8.0_25\jre\bin\nio.dll
0x00000000730a0000 - 0x00000000730e1000 	C:\Program Files\Java\jdk1.8.0_25\jre\bin\t2k.dll
0x000007fee1ac0000 - 0x000007fee2ebd000 	C:\Windows\system32\nvcompiler.dll
0x000007fef7840000 - 0x000007fef7965000 	C:\Windows\system32\dbghelp.dll

VM Arguments:
jvm_args: -Djava.library.path=C:\projects\game\lwjgl-2.9.1\lib\windows -Didea.launcher.port=7549 -Didea.launcher.bin.path=C:\Program Files (x86)\JetBrains\IntelliJ IDEA Community Edition 14.0\bin -Dfile.encoding=UTF-8 
java_command: com.intellij.rt.execution.application.AppMain game
java_class_path (initial): C:\Program Files\Java\jdk1.8.0_25\jre\lib\charsets.jar;C:\Program Files\Java\jdk1.8.0_25\jre\lib\deploy.jar;C:\Program Files\Java\jdk1.8.0_25\jre\lib\javaws.jar;C:\Program Files\Java\jdk1.8.0_25\jre\lib\jce.jar;C:\Program Files\Java\jdk1.8.0_25\jre\lib\jfr.jar;C:\Program Files\Java\jdk1.8.0_25\jre\lib\jfxswt.jar;C:\Program Files\Java\jdk1.8.0_25\jre\lib\jsse.jar;C:\Program Files\Java\jdk1.8.0_25\jre\lib\management-agent.jar;C:\Program Files\Java\jdk1.8.0_25\jre\lib\plugin.jar;C:\Program Files\Java\jdk1.8.0_25\jre\lib\resources.jar;C:\Program Files\Java\jdk1.8.0_25\jre\lib\rt.jar;C:\Program Files\Java\jdk1.8.0_25\jre\lib\ext\access-bridge-64.jar;C:\Program Files\Java\jdk1.8.0_25\jre\lib\ext\cldrdata.jar;C:\Program Files\Java\jdk1.8.0_25\jre\lib\ext\dnsns.jar;C:\Program Files\Java\jdk1.8.0_25\jre\lib\ext\jaccess.jar;C:\Program Files\Java\jdk1.8.0_25\jre\lib\ext\jfxrt.jar;C:\Program Files\Java\jdk1.8.0_25\jre\lib\ext\localedata.jar;C:\Program Files\Java\jdk1.8.0_25\jre\lib\ext\nashorn.jar;C:\Program Files\Java\jdk1.8.0_25\jre\lib\ext\sunec.jar;C:\Program Files\Java\jdk1.8.0_25\jre\lib\ext\sunjce_provider.jar;C:\Program Files\Java\jdk1.8.0_25\jre\lib\ext\sunmscapi.jar;C:\Program Files\Java\jdk1.8.0_25\jre\lib\ext\sunpkcs11.jar;C:\Program Files\Java\jdk1.8.0_25\jre\lib\ext\zipfs.jar;C:\projects\game\out\production\game;C:\projects\game\lwjgl-2.9.1\jar\AppleJavaExtensions.jar;C:\projects\game\lwjgl-2.9.1\jar\asm-debug-all.jar;C:\projects\game\lwjgl-2.9.1\jar\jinput.jar;C:\projects\game\lwjgl-2.9.1\jar\lwjgl.jar;C:\projects\game\lwjgl-2.9.1\jar\lwjgl-debug.jar;C:\projects\game\lwjgl-2.9.1\jar\lwjgl_test.jar;C:\projects\game\lwjgl-2.9.1\jar\lwjgl_util.jar;C:\projects\game\lwjgl-2.9.1\jar\lwjgl_util_applet.jar;C:\projects\game\lwjgl-2.9.1\jar\lzma.jar;C:\projects\game\JCSG-master\build\libs\JCSG-master.jar;C:\projects\game\lwjgl-2.9.1\jar\slick-util.jar;C:\projects\game\twl\TWL.jar;C:\projects\game\twl\TWLEffects.jar;C:\projects\game\aparapi\apar
Launcher Type: SUN_STANDARD

Environment Variables:
JAVA_HOME=C:\Program Files\Java\jdk1.8.0_25
PATH=C:\ProgramData\Oracle\Java\javapath;C:\Program Files (x86)\NVIDIA Corporation\PhysX\Common;C:\Users\user\AMD APP SDK\2.9\bin\x86_64;C:\Users\user\AMD APP SDK\2.9\bin\x86;C:\Program Files (x86)\AMD APP SDK\2.9\bin\x86_64;C:\Program Files (x86)\AMD APP SDK\2.9\bin\x86;C:\Program Files (x86)\Intel\iCLS Client\;C:\Program Files\Intel\iCLS Client\;C:\Windows\system32;C:\Windows;C:\Windows\System32\Wbem;C:\Windows\System32\WindowsPowerShell\v1.0\;C:\Program Files\Intel\Intel(R) Management Engine Components\DAL;C:\Program Files\Intel\Intel(R) Management Engine Components\IPT;C:\Program Files (x86)\Intel\Intel(R) Management Engine Components\DAL;C:\Program Files (x86)\Intel\Intel(R) Management Engine Components\IPT;C:\Program Files\Microsoft SQL Server\110\Tools\Binn\;C:\Program Files\Microsoft Windows Performance Toolkit\;C:\Program Files\nodejs\;C:\Program Files\LuxRender;C:\Program Files\VCG\MeshLab;C:\Program Files (x86)\MySQL\MySQL Utilities 1.4\;C:\Program Files (x86)\MySQL\MySQL Utilities 1.4\Doctrine extensions for PHP\;C:\Program Files (x86)\QuickTime\QTSystem\;C:\Python27;C:\Program Files (x86)\Microsoft Visual Studio 12.0\VC\vcpackages;C:\Users\user\AppData\Roaming\npm;C:\Program Files\apfloat;C:\Program Files (x86)\Kiwix\kiwix\xulrunner;C:\mongodb\bin\;C:\projects\wikirandom\node_modules\forever\bin;C:\Program Files (x86)\JetBrains\WebStorm 7.0.3\jre\bin;C:\Program Files\apache-maven-3.2.2\bin;C:\aparapi;C:\Program Files\VCG\MeshLab;
USERNAME=user
OS=Windows_NT
PROCESSOR_IDENTIFIER=Intel64 Family 6 Model 58 Stepping 9, GenuineIntel



---------------  S Y S T E M  ---------------

OS: Windows 7 , 64 bit Build 7601 Service Pack 1

CPU:total 8 (4 cores per cpu, 2 threads per core) family 6 model 58 stepping 9, cmov, cx8, fxsr, mmx, sse, sse2, sse3, ssse3, sse4.1, sse4.2, popcnt, avx, aes, clmul, erms, ht, tsc, tscinvbit, tscinv

Memory: 4k page, physical 33498820k(13290912k free), swap 66995776k(40194920k free)

vm_info: Java HotSpot(TM) 64-Bit Server VM (25.25-b02) for windows-amd64 JRE (1.8.0_25-b18), built on Oct  7 2014 14:25:37 by "java_re" with MS VC++ 10.0 (VS2010)

time: Sat Dec 20 12:39:59 2014
elapsed time: 198 seconds (0d 0h 3m 18s)

