#
# A fatal error has been detected by the Java Runtime Environment:
#
#  EXCEPTION_ACCESS_VIOLATION (0xc0000005) at pc=0x0000000069b49660, pid=6572, tid=8300
#
# JRE version: Java(TM) SE Runtime Environment (8.0_25-b18) (build 1.8.0_25-b18)
# Java VM: Java HotSpot(TM) 64-Bit Server VM (25.25-b02 mixed mode windows-amd64 compressed oops)
# Problematic frame:
# C  [nvoglv64.DLL+0xa99660]
#
# Failed to write core dump. Minidumps are not enabled by default on client versions of Windows
#
# If you would like to submit a bug report, please visit:
#   http://bugreport.sun.com/bugreport/crash.jsp
# The crash happened outside the Java Virtual Machine in native code.
# See problematic frame for where to report the bug.
#

---------------  T H R E A D  ---------------

Current thread (0x00000000020d8000):  JavaThread "main" [_thread_in_native, id=8300, stack(0x0000000002290000,0x0000000002390000)]

siginfo: ExceptionCode=0xc0000005, reading address 0x00000000646e0040

Registers:
RAX=0x00000000646e0060, RBX=0x00000000646e0040, RCX=0x000000004cb44ce0, RDX=0x00000000646e0040
RSP=0x000000000238d708, RBP=0x0000000000000800, RSI=0x0000000000000000, RDI=0x000000004cb44cc0
R8 =0x0000000000000020, R9 =0x0000000000000006, R10=0x0000000000000010, R11=0x0000000000000006
R12=0x0000000000000000, R13=0x0000000069b66370, R14=0x00000000000000fd, R15=0x0000000000000000
RIP=0x0000000069b49660, EFLAGS=0x0000000000010202

Top of Stack: (sp=0x000000000238d708)
0x000000000238d708:   0000000069b4928d 0000000000000001
0x000000000238d718:   00000000646e0040 0000000000000001
0x000000000238d728:   0000000069b51881 00000000000001ae
0x000000000238d738:   0000000047fd2950 00000000646e0040
0x000000000238d748:   000000000000007f 000000004cb44cc0
0x000000000238d758:   0000000069a86070 0000000000001000
0x000000000238d768:   0000000000001000 0000000000000400
0x000000000238d778:   0000000000100002 0000000069b66370
0x000000000238d788:   0000000000000000 000000000000002d
0x000000000238d798:   0000000000000000 0000000000000006
0x000000000238d7a8:   0000000064ebe040 0000000064cc0040
0x000000000238d7b8:   0000000064cc0040 0000000000000000
0x000000000238d7c8:   000000004d47c5c0 000001ae00000000
0x000000000238d7d8:   0000000000000010 0000000000000000
0x000000000238d7e8:   0000007f00000000 000000000000007f
0x000000000238d7f8:   0000000000200000 000000004cb44cc0 

Instructions: (pc=0x0000000069b49660)
0x0000000069b49640:   8d 40 40 0f 11 41 d0 49 ff c8 75 d4 c3 4d 85 c0
0x0000000069b49650:   74 3a 48 83 c1 20 48 8d 42 20 66 0f 1f 44 00 00
0x0000000069b49660:   0f 28 58 e0 0f 28 50 f0 0f 28 08 48 8d 49 40 0f
0x0000000069b49670:   28 40 10 0f 29 59 a0 0f 29 51 b0 48 8d 40 40 0f 


Register to memory mapping:

RAX=0x00000000646e0060 is an unknown value
RBX=0x00000000646e0040 is an unknown value
RCX=0x000000004cb44ce0 is an unknown value
RDX=0x00000000646e0040 is an unknown value
RSP=0x000000000238d708 is pointing into the stack for thread: 0x00000000020d8000
RBP=0x0000000000000800 is an unknown value
RSI=0x0000000000000000 is an unknown value
RDI=0x000000004cb44cc0 is an unknown value
R8 =0x0000000000000020 is an unknown value
R9 =0x0000000000000006 is an unknown value
R10=0x0000000000000010 is an unknown value
R11=0x0000000000000006 is an unknown value
R12=0x0000000000000000 is an unknown value
R13=0x0000000069b66370 is an unknown value
R14=0x00000000000000fd is an unknown value
R15=0x0000000000000000 is an unknown value


Stack: [0x0000000002290000,0x0000000002390000],  sp=0x000000000238d708,  free space=1013k
Native frames: (J=compiled Java code, j=interpreted, Vv=VM code, C=native code)
C  [nvoglv64.DLL+0xa99660]

Java frames: (J=compiled Java code, j=interpreted, Vv=VM code)
J 1583  org.lwjgl.opengl.GL11.nglTexImage2D(IIIIIIIIJJ)V (0 bytes) @ 0x0000000002c8c685 [0x0000000002c8c600+0x85]
J 1564 C1 org.lwjgl.opengl.GL11.glTexImage2D(IIIIIIIILjava/nio/ByteBuffer;)V (67 bytes) @ 0x0000000002c74454 [0x0000000002c73700+0xd54]
J 776 C2 factory.TextureFactory.loadTexture(Ljava/awt/image/BufferedImage;)I (243 bytes) @ 0x000000000296b308 [0x000000000296a740+0xbc8]
J 1566 C1 gameConsole.getConsoleTexture(Ljava/lang/String;IIZ)I (64 bytes) @ 0x0000000002c76c44 [0x0000000002c76600+0x644]
J 1217 C2 RenderThread.renderGL()V (401 bytes) @ 0x0000000002af0c54 [0x0000000002aed4e0+0x3774]
J 1598% C2 RenderThread.start()V (108 bytes) @ 0x0000000002c9c084 [0x0000000002c9c000+0x84]
j  Main.main([Ljava/lang/String;)V+29
v  ~StubRoutines::call_stub
j  sun.reflect.NativeMethodAccessorImpl.invoke0(Ljava/lang/reflect/Method;Ljava/lang/Object;[Ljava/lang/Object;)Ljava/lang/Object;+0
j  sun.reflect.NativeMethodAccessorImpl.invoke(Ljava/lang/Object;[Ljava/lang/Object;)Ljava/lang/Object;+100
j  sun.reflect.DelegatingMethodAccessorImpl.invoke(Ljava/lang/Object;[Ljava/lang/Object;)Ljava/lang/Object;+6
j  java.lang.reflect.Method.invoke(Ljava/lang/Object;[Ljava/lang/Object;)Ljava/lang/Object;+56
j  com.intellij.rt.execution.application.AppMain.main([Ljava/lang/String;)V+163
v  ~StubRoutines::call_stub

---------------  P R O C E S S  ---------------

Java Threads: ( => current thread )
  0x0000000026d55000 JavaThread "ForkJoinPool.commonPool-worker-2" daemon [_thread_blocked, id=7980, stack(0x0000000063d70000,0x0000000063e70000)]
  0x000000004a6db800 JavaThread "Java2D Disposer" daemon [_thread_blocked, id=8404, stack(0x000000004b160000,0x000000004b260000)]
  0x0000000026d3f000 JavaThread "Thread-0" [_thread_in_Java, id=5568, stack(0x0000000028f00000,0x0000000029000000)]
  0x0000000026c6a000 JavaThread "Monitor Ctrl-Break" daemon [_thread_in_native, id=4840, stack(0x0000000028ad0000,0x0000000028bd0000)]
  0x0000000026b4e800 JavaThread "Service Thread" daemon [_thread_blocked, id=6428, stack(0x0000000028950000,0x0000000028a50000)]
  0x000000002590e000 JavaThread "C1 CompilerThread3" daemon [_thread_blocked, id=7040, stack(0x0000000028780000,0x0000000028880000)]
  0x000000002590d000 JavaThread "C2 CompilerThread2" daemon [_thread_blocked, id=6296, stack(0x00000000279f0000,0x0000000027af0000)]
  0x0000000026acf800 JavaThread "C2 CompilerThread1" daemon [_thread_blocked, id=2608, stack(0x0000000028510000,0x0000000028610000)]
  0x0000000026ac8000 JavaThread "C2 CompilerThread0" daemon [_thread_blocked, id=6688, stack(0x0000000027c50000,0x0000000027d50000)]
  0x0000000026ac5000 JavaThread "Attach Listener" daemon [_thread_blocked, id=2300, stack(0x0000000028340000,0x0000000028440000)]
  0x0000000026ac4000 JavaThread "Signal Dispatcher" daemon [_thread_blocked, id=6824, stack(0x0000000028160000,0x0000000028260000)]
  0x00000000258fd000 JavaThread "Finalizer" daemon [_thread_blocked, id=7844, stack(0x0000000027f50000,0x0000000028050000)]
  0x0000000026a73000 JavaThread "Reference Handler" daemon [_thread_blocked, id=6752, stack(0x0000000027d50000,0x0000000027e50000)]
=>0x00000000020d8000 JavaThread "main" [_thread_in_native, id=8300, stack(0x0000000002290000,0x0000000002390000)]

Other Threads:
  0x0000000026a72000 VMThread [stack: 0x0000000027af0000,0x0000000027bf0000] [id=7212]
  0x0000000026b63800 WatcherThread [stack: 0x0000000028050000,0x0000000028150000] [id=5472]

VM state:not at safepoint (normal execution)

VM Mutex/Monitor currently owned by a thread: None

Heap:
 PSYoungGen      total 163840K, used 25442K [0x0000000715980000, 0x0000000722280000, 0x00000007c0000000)
  eden space 150528K, 8% used [0x0000000715980000,0x00000007165c1b10,0x000000071ec80000)
  from space 13312K, 96% used [0x000000071f080000,0x000000071fd16e28,0x000000071fd80000)
  to   space 27648K, 0% used [0x0000000720780000,0x0000000720780000,0x0000000722280000)
 ParOldGen       total 349696K, used 202100K [0x00000005c0c00000, 0x00000005d6180000, 0x0000000715980000)
  object space 349696K, 57% used [0x00000005c0c00000,0x00000005cd15d110,0x00000005d6180000)
 Metaspace       used 9744K, capacity 9991K, committed 10240K, reserved 1058816K
  class space    used 942K, capacity 1018K, committed 1024K, reserved 1048576K

Card table byte_map: [0x0000000011a20000,0x0000000012a20000] byte_map_base: 0x000000000ec1a000

Marking Bits: (ParMarkBitMap*) 0x0000000055d8d490
 Begin Bits: [0x0000000013ed0000, 0x000000001bea0000)
 End Bits:   [0x000000001bea0000, 0x0000000023e70000)

Polling page: 0x0000000000230000

CodeCache: size=245760Kb used=5094Kb max_used=6398Kb free=240666Kb
 bounds [0x0000000002660000, 0x0000000002cb0000, 0x0000000011660000]
 total_blobs=1888 nmethods=1354 adapters=448
 compilation: enabled

Compilation events (10 events):
Event: 161.882 Thread 0x000000002590e000 1688       3       eu.mihosoft.vrl.v3d.PropertyStorage::randomColor (68 bytes)
Event: 161.883 Thread 0x000000002590e000 nmethod 1688 0x0000000002ca3a10 code [0x0000000002ca3d40, 0x0000000002ca55c8]
Event: 171.065 Thread 0x000000002590d000 1689       4       org.lwjgl.opengl.GL15::glBindBuffer (26 bytes)
Event: 171.068 Thread 0x000000002590d000 nmethod 1689 0x00000000028a5b90 code [0x00000000028a5d00, 0x00000000028a5ff8]
Event: 173.361 Thread 0x000000002590e000 1690   !   3       java.io.PrintStream::println (24 bytes)
Event: 173.361 Thread 0x000000002590e000 nmethod 1690 0x0000000002794250 code [0x00000000027943e0, 0x00000000027947d8]
Event: 173.361 Thread 0x000000002590e000 1691       3       java.io.PrintStream::print (13 bytes)
Event: 173.362 Thread 0x000000002590e000 nmethod 1691 0x0000000002a14110 code [0x0000000002a14280, 0x0000000002a14448]
Event: 173.362 Thread 0x000000002590e000 1692   !   3       java.io.PrintStream::write (83 bytes)
Event: 173.363 Thread 0x000000002590e000 nmethod 1692 0x00000000027e7890 code [0x00000000027e7ac0, 0x00000000027e8668]

GC Heap History (10 events):
Event: 203.933 GC heap before
{Heap before GC invocations=145 (full 0):
 PSYoungGen      total 196096K, used 194835K [0x0000000715980000, 0x0000000723680000, 0x00000007c0000000)
  eden space 172032K, 99% used [0x0000000715980000,0x00000007200479d8,0x0000000720180000)
  from space 24064K, 99% used [0x0000000721d80000,0x00000007234fd3a0,0x0000000723500000)
  to   space 27136K, 0% used [0x0000000720180000,0x0000000720180000,0x0000000721c00000)
 ParOldGen       total 349696K, used 193289K [0x00000005c0c00000, 0x00000005d6180000, 0x0000000715980000)
  object space 349696K, 55% used [0x00000005c0c00000,0x00000005cc8c2740,0x00000005d6180000)
 Metaspace       used 9744K, capacity 9991K, committed 10240K, reserved 1058816K
  class space    used 942K, capacity 1018K, committed 1024K, reserved 1048576K
Event: 203.945 GC heap after
Heap after GC invocations=145 (full 0):
 PSYoungGen      total 181248K, used 13459K [0x0000000715980000, 0x0000000723100000, 0x00000007c0000000)
  eden space 167424K, 0% used [0x0000000715980000,0x0000000715980000,0x000000071fd00000)
  from space 13824K, 97% used [0x0000000720180000,0x0000000720ea4e28,0x0000000720f00000)
  to   space 26624K, 0% used [0x0000000721700000,0x0000000721700000,0x0000000723100000)
 ParOldGen       total 349696K, used 201348K [0x00000005c0c00000, 0x00000005d6180000, 0x0000000715980000)
  object space 349696K, 57% used [0x00000005c0c00000,0x00000005cd0a1100,0x00000005d6180000)
 Metaspace       used 9744K, capacity 9991K, committed 10240K, reserved 1058816K
  class space    used 942K, capacity 1018K, committed 1024K, reserved 1048576K
}
Event: 205.140 GC heap before
{Heap before GC invocations=146 (full 0):
 PSYoungGen      total 181248K, used 180883K [0x0000000715980000, 0x0000000723100000, 0x00000007c0000000)
  eden space 167424K, 100% used [0x0000000715980000,0x000000071fd00000,0x000000071fd00000)
  from space 13824K, 97% used [0x0000000720180000,0x0000000720ea4e28,0x0000000720f00000)
  to   space 26624K, 0% used [0x0000000721700000,0x0000000721700000,0x0000000723100000)
 ParOldGen       total 349696K, used 201348K [0x00000005c0c00000, 0x00000005d6180000, 0x0000000715980000)
  object space 349696K, 57% used [0x00000005c0c00000,0x00000005cd0a1100,0x00000005d6180000)
 Metaspace       used 9744K, capacity 9991K, committed 10240K, reserved 1058816K
  class space    used 942K, capacity 1018K, committed 1024K, reserved 1048576K
Event: 205.150 GC heap after
Heap after GC invocations=146 (full 0):
 PSYoungGen      total 182784K, used 16535K [0x0000000715980000, 0x0000000722a80000, 0x00000007c0000000)
  eden space 162816K, 0% used [0x0000000715980000,0x0000000715980000,0x000000071f880000)
  from space 19968K, 82% used [0x0000000721700000,0x0000000722725c48,0x0000000722a80000)
  to   space 25600K, 0% used [0x000000071f880000,0x000000071f880000,0x0000000721180000)
 ParOldGen       total 349696K, used 201356K [0x00000005c0c00000, 0x00000005d6180000, 0x0000000715980000)
  object space 349696K, 57% used [0x00000005c0c00000,0x00000005cd0a3100,0x00000005d6180000)
 Metaspace       used 9744K, capacity 9991K, committed 10240K, reserved 1058816K
  class space    used 942K, capacity 1018K, committed 1024K, reserved 1048576K
}
Event: 206.325 GC heap before
{Heap before GC invocations=147 (full 0):
 PSYoungGen      total 182784K, used 179351K [0x0000000715980000, 0x0000000722a80000, 0x00000007c0000000)
  eden space 162816K, 100% used [0x0000000715980000,0x000000071f880000,0x000000071f880000)
  from space 19968K, 82% used [0x0000000721700000,0x0000000722725c48,0x0000000722a80000)
  to   space 25600K, 0% used [0x000000071f880000,0x000000071f880000,0x0000000721180000)
 ParOldGen       total 349696K, used 201356K [0x00000005c0c00000, 0x00000005d6180000, 0x0000000715980000)
  object space 349696K, 57% used [0x00000005c0c00000,0x00000005cd0a3100,0x00000005d6180000)
 Metaspace       used 9744K, capacity 9991K, committed 10240K, reserved 1058816K
  class space    used 942K, capacity 1018K, committed 1024K, reserved 1048576K
Event: 206.337 GC heap after
Heap after GC invocations=147 (full 0):
 PSYoungGen      total 184320K, used 25568K [0x0000000715980000, 0x0000000722b80000, 0x00000007c0000000)
  eden space 158720K, 0% used [0x0000000715980000,0x0000000715980000,0x000000071f480000)
  from space 25600K, 99% used [0x000000071f880000,0x0000000721178158,0x0000000721180000)
  to   space 26624K, 0% used [0x0000000721180000,0x0000000721180000,0x0000000722b80000)
 ParOldGen       total 349696K, used 201740K [0x00000005c0c00000, 0x00000005d6180000, 0x0000000715980000)
  object space 349696K, 57% used [0x00000005c0c00000,0x00000005cd103100,0x00000005d6180000)
 Metaspace       used 9744K, capacity 9991K, committed 10240K, reserved 1058816K
  class space    used 942K, capacity 1018K, committed 1024K, reserved 1048576K
}
Event: 208.084 GC heap before
{Heap before GC invocations=148 (full 0):
 PSYoungGen      total 184320K, used 184096K [0x0000000715980000, 0x0000000722b80000, 0x00000007c0000000)
  eden space 158720K, 99% used [0x0000000715980000,0x000000071f44ff68,0x000000071f480000)
  from space 25600K, 99% used [0x000000071f880000,0x0000000721178158,0x0000000721180000)
  to   space 26624K, 0% used [0x0000000721180000,0x0000000721180000,0x0000000722b80000)
 ParOldGen       total 349696K, used 201740K [0x00000005c0c00000, 0x00000005d6180000, 0x0000000715980000)
  object space 349696K, 57% used [0x00000005c0c00000,0x00000005cd103100,0x00000005d6180000)
 Metaspace       used 9744K, capacity 9991K, committed 10240K, reserved 1058816K
  class space    used 942K, capacity 1018K, committed 1024K, reserved 1048576K
Event: 208.091 GC heap after
Heap after GC invocations=148 (full 0):
 PSYoungGen      total 177152K, used 13331K [0x0000000715980000, 0x0000000722780000, 0x00000007c0000000)
  eden space 154624K, 0% used [0x0000000715980000,0x0000000715980000,0x000000071f080000)
  from space 22528K, 59% used [0x0000000721180000,0x0000000721e84e28,0x0000000722780000)
  to   space 28160K, 0% used [0x000000071f080000,0x000000071f080000,0x0000000720c00000)
 ParOldGen       total 349696K, used 202092K [0x00000005c0c00000, 0x00000005d6180000, 0x0000000715980000)
  object space 349696K, 57% used [0x00000005c0c00000,0x00000005cd15b110,0x00000005d6180000)
 Metaspace       used 9744K, capacity 9991K, committed 10240K, reserved 1058816K
  class space    used 942K, capacity 1018K, committed 1024K, reserved 1048576K
}
Event: 209.612 GC heap before
{Heap before GC invocations=149 (full 0):
 PSYoungGen      total 177152K, used 167955K [0x0000000715980000, 0x0000000722780000, 0x00000007c0000000)
  eden space 154624K, 100% used [0x0000000715980000,0x000000071f080000,0x000000071f080000)
  from space 22528K, 59% used [0x0000000721180000,0x0000000721e84e28,0x0000000722780000)
  to   space 28160K, 0% used [0x000000071f080000,0x000000071f080000,0x0000000720c00000)
 ParOldGen       total 349696K, used 202092K [0x00000005c0c00000, 0x00000005d6180000, 0x0000000715980000)
  object space 349696K, 57% used [0x00000005c0c00000,0x00000005cd15b110,0x00000005d6180000)
 Metaspace       used 9744K, capacity 9991K, committed 10240K, reserved 1058816K
  class space    used 942K, capacity 1018K, committed 1024K, reserved 1048576K
Event: 209.621 GC heap after
Heap after GC invocations=149 (full 0):
 PSYoungGen      total 163840K, used 12891K [0x0000000715980000, 0x0000000722280000, 0x00000007c0000000)
  eden space 150528K, 0% used [0x0000000715980000,0x0000000715980000,0x000000071ec80000)
  from space 13312K, 96% used [0x000000071f080000,0x000000071fd16e28,0x000000071fd80000)
  to   space 27648K, 0% used [0x0000000720780000,0x0000000720780000,0x0000000722280000)
 ParOldGen       total 349696K, used 202100K [0x00000005c0c00000, 0x00000005d6180000, 0x0000000715980000)
  object space 349696K, 57% used [0x00000005c0c00000,0x00000005cd15d110,0x00000005d6180000)
 Metaspace       used 9744K, capacity 9991K, committed 10240K, reserved 1058816K
  class space    used 942K, capacity 1018K, committed 1024K, reserved 1048576K
}

Deoptimization events (10 events):
Event: 12.372 Thread 0x00000000020d8000 Uncommon trap: reason=class_check action=maybe_recompile pc=0x0000000002acb0e4 method=factory.GeometryFactory.getCSGVertexData(Leu/mihosoft/vrl/v3d/CSG;)Ljava/nio/FloatBuffer; @ 49
Event: 12.388 Thread 0x00000000020d8000 Uncommon trap: reason=class_check action=maybe_recompile pc=0x0000000002ae05f0 method=factory.GeometryFactory.getCSGColorData(Leu/mihosoft/vrl/v3d/CSG;)Ljava/nio/FloatBuffer; @ 49
Event: 13.468 Thread 0x0000000026d3f000 Uncommon trap: reason=unloaded action=reinterpret pc=0x0000000002bcd0ec method=simplify.SimplifyCSG.simplifyCSG(Leu/mihosoft/vrl/v3d/CSG;)Leu/mihosoft/vrl/v3d/CSG; @ 739
Event: 13.478 Thread 0x00000000020d8000 Uncommon trap: reason=class_check action=maybe_recompile pc=0x0000000002ac2588 method=eu.mihosoft.vrl.v3d.CSG.getTriangles(Z)V @ 40
Event: 13.486 Thread 0x00000000020d8000 Uncommon trap: reason=class_check action=maybe_recompile pc=0x0000000002b05730 method=factory.GeometryFactory.getCSGVertexData(Leu/mihosoft/vrl/v3d/CSG;)Ljava/nio/FloatBuffer; @ 49
Event: 13.489 Thread 0x00000000020d8000 Uncommon trap: reason=class_check action=maybe_recompile pc=0x0000000002ae05f0 method=factory.GeometryFactory.getCSGColorData(Leu/mihosoft/vrl/v3d/CSG;)Ljava/nio/FloatBuffer; @ 49
Event: 14.650 Thread 0x00000000020d8000 Uncommon trap: reason=class_check action=maybe_recompile pc=0x0000000002a93588 method=eu.mihosoft.vrl.v3d.CSG.getTriangles(Z)V @ 40
Event: 14.659 Thread 0x00000000020d8000 Uncommon trap: reason=class_check action=maybe_recompile pc=0x0000000002aeba58 method=factory.GeometryFactory.getCSGVertexData(Leu/mihosoft/vrl/v3d/CSG;)Ljava/nio/FloatBuffer; @ 49
Event: 14.674 Thread 0x00000000020d8000 Uncommon trap: reason=class_check action=maybe_recompile pc=0x0000000002ae05f0 method=factory.GeometryFactory.getCSGColorData(Leu/mihosoft/vrl/v3d/CSG;)Ljava/nio/FloatBuffer; @ 49
Event: 15.864 Thread 0x00000000020d8000 Uncommon trap: reason=class_check action=maybe_recompile pc=0x0000000002ae05f0 method=factory.GeometryFactory.getCSGColorData(Leu/mihosoft/vrl/v3d/CSG;)Ljava/nio/FloatBuffer; @ 49

Internal exceptions (10 events):
Event: 0.910 Thread 0x00000000020d8000 Exception <a 'java/io/FileNotFoundException'> (0x0000000717545e08) thrown at [D:\re\workspace\8-2-build-windows-amd64-cygwin\jdk8u25\1677\hotspot\src\share\vm\prims\jni.cpp, line 716]
Event: 0.940 Thread 0x00000000020d8000 Exception <a 'java/security/PrivilegedActionException'> (0x00000007175afd18) thrown at [D:\re\workspace\8-2-build-windows-amd64-cygwin\jdk8u25\1677\hotspot\src\share\vm\prims\jvm.cpp, line 1312]
Event: 0.985 Thread 0x00000000020d8000 Exception <a 'java/security/PrivilegedActionException'> (0x00000007175b5378) thrown at [D:\re\workspace\8-2-build-windows-amd64-cygwin\jdk8u25\1677\hotspot\src\share\vm\prims\jvm.cpp, line 1312]
Event: 0.988 Thread 0x00000000020d8000 Exception <a 'java/security/PrivilegedActionException'> (0x00000007175b9430) thrown at [D:\re\workspace\8-2-build-windows-amd64-cygwin\jdk8u25\1677\hotspot\src\share\vm\prims\jvm.cpp, line 1312]
Event: 5.200 Thread 0x00000000020d8000 Exception <a 'java/security/PrivilegedActionException'> (0x0000000715cc2ed8) thrown at [D:\re\workspace\8-2-build-windows-amd64-cygwin\jdk8u25\1677\hotspot\src\share\vm\prims\jvm.cpp, line 1312]
Event: 5.312 Thread 0x0000000026d3f000 Exception <a 'java/security/PrivilegedActionException'> (0x0000000715c47d50) thrown at [D:\re\workspace\8-2-build-windows-amd64-cygwin\jdk8u25\1677\hotspot\src\share\vm\prims\jvm.cpp, line 1312]
Event: 12.159 Thread 0x0000000026d3f000 Exception <a 'java/security/PrivilegedActionException'> (0x00000007199b99c8) thrown at [D:\re\workspace\8-2-build-windows-amd64-cygwin\jdk8u25\1677\hotspot\src\share\vm\prims\jvm.cpp, line 1312]
Event: 12.160 Thread 0x0000000026d3f000 Exception <a 'java/security/PrivilegedActionException'> (0x00000007199bde78) thrown at [D:\re\workspace\8-2-build-windows-amd64-cygwin\jdk8u25\1677\hotspot\src\share\vm\prims\jvm.cpp, line 1312]
Event: 12.160 Thread 0x0000000026d3f000 Exception <a 'java/security/PrivilegedActionException'> (0x00000007199c0720) thrown at [D:\re\workspace\8-2-build-windows-amd64-cygwin\jdk8u25\1677\hotspot\src\share\vm\prims\jvm.cpp, line 1312]
Event: 12.214 Thread 0x0000000026d3f000 Exception <a 'java/security/PrivilegedActionException'> (0x0000000715eac148) thrown at [D:\re\workspace\8-2-build-windows-amd64-cygwin\jdk8u25\1677\hotspot\src\share\vm\prims\jvm.cpp, line 1312]

Events (10 events):
Event: 206.282 Thread 0x0000000026d55000 Thread added: 0x0000000026d55000
Event: 206.282 Executing VM operation: RevokeBias
Event: 206.282 Executing VM operation: RevokeBias done
Event: 206.282 Thread 0x0000000026d3d800 Thread exited: 0x0000000026d3d800
Event: 206.325 Executing VM operation: ParallelGCFailedAllocation
Event: 206.338 Executing VM operation: ParallelGCFailedAllocation done
Event: 208.084 Executing VM operation: ParallelGCFailedAllocation
Event: 208.091 Executing VM operation: ParallelGCFailedAllocation done
Event: 209.612 Executing VM operation: ParallelGCFailedAllocation
Event: 209.621 Executing VM operation: ParallelGCFailedAllocation done


Dynamic libraries:
0x000000013faf0000 - 0x000000013fb24000 	C:\Program Files\Java\jdk1.8.0_25\bin\java.exe
0x0000000077230000 - 0x00000000773d9000 	C:\Windows\SYSTEM32\ntdll.dll
0x0000000077010000 - 0x000000007712f000 	C:\Windows\system32\kernel32.dll
0x000007fefc2d0000 - 0x000007fefc33c000 	C:\Windows\system32\KERNELBASE.dll
0x000007fefe150000 - 0x000007fefe22b000 	C:\Windows\system32\ADVAPI32.dll
0x000007fefde10000 - 0x000007fefdeaf000 	C:\Windows\system32\msvcrt.dll
0x000007fefd600000 - 0x000007fefd61f000 	C:\Windows\SYSTEM32\sechost.dll
0x000007fefdeb0000 - 0x000007fefdfdd000 	C:\Windows\system32\RPCRT4.dll
0x0000000077130000 - 0x000000007722a000 	C:\Windows\system32\USER32.dll
0x000007fefc780000 - 0x000007fefc7e7000 	C:\Windows\system32\GDI32.dll
0x000007fefc770000 - 0x000007fefc77e000 	C:\Windows\system32\LPK.dll
0x000007fefdfe0000 - 0x000007fefe0a9000 	C:\Windows\system32\USP10.dll
0x000007fefaa90000 - 0x000007fefac84000 	C:\Windows\WinSxS\amd64_microsoft.windows.common-controls_6595b64144ccf1df_6.0.7601.17514_none_fa396087175ac9ac\COMCTL32.dll
0x000007fefc440000 - 0x000007fefc4b1000 	C:\Windows\system32\SHLWAPI.dll
0x000007fefe520000 - 0x000007fefe54e000 	C:\Windows\system32\IMM32.DLL
0x000007fefd950000 - 0x000007fefda59000 	C:\Windows\system32\MSCTF.dll
0x0000000061210000 - 0x00000000612e2000 	C:\Program Files\Java\jdk1.8.0_25\jre\bin\msvcr100.dll
0x00000000555b0000 - 0x0000000055e0a000 	C:\Program Files\Java\jdk1.8.0_25\jre\bin\server\jvm.dll
0x000007fef7b00000 - 0x000007fef7b09000 	C:\Windows\system32\WSOCK32.dll
0x000007fefd900000 - 0x000007fefd94d000 	C:\Windows\system32\WS2_32.dll
0x000007fefe6d0000 - 0x000007fefe6d8000 	C:\Windows\system32\NSI.dll
0x000007fef9a80000 - 0x000007fef9abb000 	C:\Windows\system32\WINMM.dll
0x0000000077400000 - 0x0000000077407000 	C:\Windows\system32\PSAPI.DLL
0x000000006eb40000 - 0x000000006eb4f000 	C:\Program Files\Java\jdk1.8.0_25\jre\bin\verify.dll
0x000000006eb10000 - 0x000000006eb38000 	C:\Program Files\Java\jdk1.8.0_25\jre\bin\java.dll
0x000000006eaf0000 - 0x000000006eb06000 	C:\Program Files\Java\jdk1.8.0_25\jre\bin\zip.dll
0x000007fefc870000 - 0x000007fefd5f8000 	C:\Windows\system32\SHELL32.dll
0x000007fefe230000 - 0x000007fefe433000 	C:\Windows\system32\ole32.dll
0x000007fefc080000 - 0x000007fefc08f000 	C:\Windows\system32\profapi.dll
0x000007fef3e60000 - 0x000007fef3e70000 	C:\Program Files (x86)\JetBrains\IntelliJ IDEA Community Edition 14.0\bin\breakgen64.dll
0x000000006e650000 - 0x000000006e66a000 	C:\Program Files\Java\jdk1.8.0_25\jre\bin\net.dll
0x000007fefb860000 - 0x000007fefb8b5000 	C:\Windows\system32\mswsock.dll
0x000007fefb850000 - 0x000007fefb857000 	C:\Windows\System32\wship6.dll
0x0000000180000000 - 0x0000000180051000 	C:\projects\game\lwjgl-2.9.1\lib\windows\lwjgl64.dll
0x000007fee32e0000 - 0x000007fee33fd000 	C:\Windows\system32\OPENGL32.dll
0x000007feee290000 - 0x000007feee2bd000 	C:\Windows\system32\GLU32.dll
0x000007fee6200000 - 0x000007fee62f1000 	C:\Windows\system32\DDRAW.dll
0x000007fefa7e0000 - 0x000007fefa7e8000 	C:\Windows\system32\DCIMAN32.dll
0x000007fefdc30000 - 0x000007fefde07000 	C:\Windows\system32\SETUPAPI.dll
0x000007fefc3b0000 - 0x000007fefc3e6000 	C:\Windows\system32\CFGMGR32.dll
0x000007fefe440000 - 0x000007fefe517000 	C:\Windows\system32\OLEAUT32.dll
0x000007fefc410000 - 0x000007fefc42a000 	C:\Windows\system32\DEVOBJ.dll
0x000007fefa5c0000 - 0x000007fefa5d8000 	C:\Windows\system32\dwmapi.dll
0x000007fefb150000 - 0x000007fefb15c000 	C:\Windows\system32\VERSION.dll
0x000007fefa540000 - 0x000007fefa596000 	C:\Windows\system32\uxtheme.dll
0x00000000690b0000 - 0x000000006af52000 	C:\Windows\system32\nvoglv64.DLL
0x000007fefb2e0000 - 0x000007fefb2f1000 	C:\Windows\system32\WTSAPI32.dll
0x000007fefc360000 - 0x000007fefc39a000 	C:\Windows\system32\WINTRUST.dll
0x000007fefc0a0000 - 0x000007fefc20c000 	C:\Windows\system32\CRYPT32.dll
0x000007fefc090000 - 0x000007fefc09f000 	C:\Windows\system32\MSASN1.dll
0x000007fefb120000 - 0x000007fefb14d000 	C:\Windows\system32\ntmarta.dll
0x000007fefda60000 - 0x000007fefdab2000 	C:\Windows\system32\WLDAP32.dll
0x000007fefb400000 - 0x000007fefb43d000 	C:\Windows\system32\WINSTA.dll
0x000007fefbf20000 - 0x000007fefbf2f000 	C:\Windows\system32\CRYPTBASE.dll
0x000007fef8e50000 - 0x000007fef8eec000 	C:\Windows\system32\mscms.dll
0x000007fefc2b0000 - 0x000007fefc2ce000 	C:\Windows\system32\USERENV.dll
0x000007fee7370000 - 0x000007fee73b2000 	C:\Windows\system32\icm32.dll
0x000000005a6f0000 - 0x000000005a888000 	C:\Program Files\Java\jdk1.8.0_25\jre\bin\awt.dll
0x000000006ead0000 - 0x000000006eae1000 	C:\Program Files\Java\jdk1.8.0_25\jre\bin\nio.dll
0x000000006b200000 - 0x000000006b247000 	C:\Program Files\Java\jdk1.8.0_25\jre\bin\fontmanager.dll
0x0000000064910000 - 0x0000000064951000 	C:\Program Files\Java\jdk1.8.0_25\jre\bin\t2k.dll
0x000007fef97e0000 - 0x000007fef9807000 	C:\Windows\system32\IPHLPAPI.DLL
0x000007fef97c0000 - 0x000007fef97cb000 	C:\Windows\system32\WINNSI.DLL
0x000007fef94d0000 - 0x000007fef94e8000 	C:\Windows\system32\dhcpcsvc.DLL
0x000007fef94b0000 - 0x000007fef94c1000 	C:\Windows\system32\dhcpcsvc6.DLL
0x000007fef7790000 - 0x000007fef78b5000 	C:\Windows\system32\dbghelp.dll

VM Arguments:
jvm_args: -Djava.library.path=C:\projects\game\lwjgl-2.9.1\lib\windows -Didea.launcher.port=7533 -Didea.launcher.bin.path=C:\Program Files (x86)\JetBrains\IntelliJ IDEA Community Edition 14.0\bin -Dfile.encoding=UTF-8 
java_command: com.intellij.rt.execution.application.AppMain Main
java_class_path (initial): C:\Program Files\Java\jdk1.8.0_25\jre\lib\charsets.jar;C:\Program Files\Java\jdk1.8.0_25\jre\lib\deploy.jar;C:\Program Files\Java\jdk1.8.0_25\jre\lib\javaws.jar;C:\Program Files\Java\jdk1.8.0_25\jre\lib\jce.jar;C:\Program Files\Java\jdk1.8.0_25\jre\lib\jfr.jar;C:\Program Files\Java\jdk1.8.0_25\jre\lib\jfxswt.jar;C:\Program Files\Java\jdk1.8.0_25\jre\lib\jsse.jar;C:\Program Files\Java\jdk1.8.0_25\jre\lib\management-agent.jar;C:\Program Files\Java\jdk1.8.0_25\jre\lib\plugin.jar;C:\Program Files\Java\jdk1.8.0_25\jre\lib\resources.jar;C:\Program Files\Java\jdk1.8.0_25\jre\lib\rt.jar;C:\Program Files\Java\jdk1.8.0_25\jre\lib\ext\access-bridge-64.jar;C:\Program Files\Java\jdk1.8.0_25\jre\lib\ext\cldrdata.jar;C:\Program Files\Java\jdk1.8.0_25\jre\lib\ext\dnsns.jar;C:\Program Files\Java\jdk1.8.0_25\jre\lib\ext\jaccess.jar;C:\Program Files\Java\jdk1.8.0_25\jre\lib\ext\jfxrt.jar;C:\Program Files\Java\jdk1.8.0_25\jre\lib\ext\localedata.jar;C:\Program Files\Java\jdk1.8.0_25\jre\lib\ext\nashorn.jar;C:\Program Files\Java\jdk1.8.0_25\jre\lib\ext\sunec.jar;C:\Program Files\Java\jdk1.8.0_25\jre\lib\ext\sunjce_provider.jar;C:\Program Files\Java\jdk1.8.0_25\jre\lib\ext\sunmscapi.jar;C:\Program Files\Java\jdk1.8.0_25\jre\lib\ext\sunpkcs11.jar;C:\Program Files\Java\jdk1.8.0_25\jre\lib\ext\zipfs.jar;C:\projects\game\out\production\game;C:\projects\game\lwjgl-2.9.1\jar\AppleJavaExtensions.jar;C:\projects\game\lwjgl-2.9.1\jar\asm-debug-all.jar;C:\projects\game\lwjgl-2.9.1\jar\jinput.jar;C:\projects\game\lwjgl-2.9.1\jar\lwjgl.jar;C:\projects\game\lwjgl-2.9.1\jar\lwjgl-debug.jar;C:\projects\game\lwjgl-2.9.1\jar\lwjgl_test.jar;C:\projects\game\lwjgl-2.9.1\jar\lwjgl_util.jar;C:\projects\game\lwjgl-2.9.1\jar\lwjgl_util_applet.jar;C:\projects\game\lwjgl-2.9.1\jar\lzma.jar;C:\projects\game\JCSG-master\build\libs\JCSG-master.jar;C:\projects\game\lwjgl-2.9.1\jar\slick-util.jar;C:\projects\game\apachecommons\commons-net-3.3.jar;C:\projects\game\apachecommons\commons-lang
Launcher Type: SUN_STANDARD

Environment Variables:
JAVA_HOME=C:\Program Files\Java\jdk1.8.0_25
PATH=C:\ProgramData\Oracle\Java\javapath;C:\Program Files (x86)\NVIDIA Corporation\PhysX\Common;C:\Users\user\AMD APP SDK\2.9\bin\x86_64;C:\Users\user\AMD APP SDK\2.9\bin\x86;C:\Program Files (x86)\AMD APP SDK\2.9\bin\x86_64;C:\Program Files (x86)\AMD APP SDK\2.9\bin\x86;C:\Program Files (x86)\Intel\iCLS Client\;C:\Program Files\Intel\iCLS Client\;C:\Windows\system32;C:\Windows;C:\Windows\System32\Wbem;C:\Windows\System32\WindowsPowerShell\v1.0\;C:\Program Files\Intel\Intel(R) Management Engine Components\DAL;C:\Program Files\Intel\Intel(R) Management Engine Components\IPT;C:\Program Files (x86)\Intel\Intel(R) Management Engine Components\DAL;C:\Program Files (x86)\Intel\Intel(R) Management Engine Components\IPT;C:\Program Files\Microsoft SQL Server\110\Tools\Binn\;C:\Program Files\Microsoft Windows Performance Toolkit\;C:\Program Files\nodejs\;C:\Program Files\LuxRender;C:\Program Files\VCG\MeshLab;C:\Program Files (x86)\MySQL\MySQL Utilities 1.4\;C:\Program Files (x86)\MySQL\MySQL Utilities 1.4\Doctrine extensions for PHP\;C:\Program Files (x86)\QuickTime\QTSystem\;C:\Python27;C:\Program Files (x86)\Microsoft Visual Studio 12.0\VC\vcpackages;C:\Users\user\AppData\Roaming\npm;C:\Program Files\apfloat;C:\Program Files (x86)\Kiwix\kiwix\xulrunner;C:\mongodb\bin\;C:\projects\wikirandom\node_modules\forever\bin;C:\Program Files (x86)\JetBrains\WebStorm 7.0.3\jre\bin;C:\Program Files\apache-maven-3.2.2\bin;C:\aparapi;C:\Program Files\VCG\MeshLab;
USERNAME=user
OS=Windows_NT
PROCESSOR_IDENTIFIER=Intel64 Family 6 Model 58 Stepping 9, GenuineIntel



---------------  S Y S T E M  ---------------

OS: Windows 7 , 64 bit Build 7601 Service Pack 1

CPU:total 8 (4 cores per cpu, 2 threads per core) family 6 model 58 stepping 9, cmov, cx8, fxsr, mmx, sse, sse2, sse3, ssse3, sse4.1, sse4.2, popcnt, avx, aes, clmul, erms, ht, tsc, tscinvbit, tscinv

Memory: 4k page, physical 33498820k(24238756k free), swap 66995776k(51257976k free)

vm_info: Java HotSpot(TM) 64-Bit Server VM (25.25-b02) for windows-amd64 JRE (1.8.0_25-b18), built on Oct  7 2014 14:25:37 by "java_re" with MS VC++ 10.0 (VS2010)

time: Mon Feb 09 19:54:47 2015
elapsed time: 209 seconds (0d 0h 3m 29s)

