#
# A fatal error has been detected by the Java Runtime Environment:
#
#  EXCEPTION_ACCESS_VIOLATION (0xc0000005) at pc=0x000000005da99660, pid=5104, tid=9192
#
# JRE version: Java(TM) SE Runtime Environment (8.0_25-b18) (build 1.8.0_25-b18)
# Java VM: Java HotSpot(TM) 64-Bit Server VM (25.25-b02 mixed mode windows-amd64 compressed oops)
# Problematic frame:
# C  [nvoglv64.DLL+0xa99660]
#
# Failed to write core dump. Minidumps are not enabled by default on client versions of Windows
#
# If you would like to submit a bug report, please visit:
#   http://bugreport.sun.com/bugreport/crash.jsp
# The crash happened outside the Java Virtual Machine in native code.
# See problematic frame for where to report the bug.
#

---------------  T H R E A D  ---------------

Current thread (0x00000000021b8000):  JavaThread "main" [_thread_in_native, id=9192, stack(0x00000000025a0000,0x00000000026a0000)]

siginfo: ExceptionCode=0xc0000005, reading address 0x0000000079c10040

Registers:
RAX=0x0000000079c10060, RBX=0x0000000079c10040, RCX=0x000000004d530020, RDX=0x0000000079c10040
RSP=0x000000000269d948, RBP=0x0000000000000800, RSI=0x0000000000000000, RDI=0x000000004d530000
R8 =0x0000000000000020, R9 =0x0000000000000006, R10=0x0000000000000010, R11=0x0000000000000006
R12=0x0000000000000000, R13=0x000000005dab6370, R14=0x00000000000000fd, R15=0x0000000000000000
RIP=0x000000005da99660, EFLAGS=0x0000000000010202

Top of Stack: (sp=0x000000000269d948)
0x000000000269d948:   000000005da9928d 0000000000000001
0x000000000269d958:   0000000079c10040 0000000000000001
0x000000000269d968:   000000005daa1881 00000000000001ae
0x000000000269d978:   0000000038c71930 0000000079c10040
0x000000000269d988:   000000000000007f 000000004d530000
0x000000000269d998:   000000005d9d6070 0000000000001000
0x000000000269d9a8:   0000000000001000 0000000000000400
0x000000000269d9b8:   0000000000100002 000000005dab6370
0x000000000269d9c8:   0000000000000000 000000000000002d
0x000000000269d9d8:   0000000000000000 0000000000000006
0x000000000269d9e8:   000000007a31e040 000000007a120040
0x000000000269d9f8:   000000007a120040 0000000000000000
0x000000000269da08:   000000004cd9e750 000001ae00000000
0x000000000269da18:   0000000000000010 0000000000000000
0x000000000269da28:   0000007f00000000 000000000000007f
0x000000000269da38:   0000000000200000 000000004d530000 

Instructions: (pc=0x000000005da99660)
0x000000005da99640:   8d 40 40 0f 11 41 d0 49 ff c8 75 d4 c3 4d 85 c0
0x000000005da99650:   74 3a 48 83 c1 20 48 8d 42 20 66 0f 1f 44 00 00
0x000000005da99660:   0f 28 58 e0 0f 28 50 f0 0f 28 08 48 8d 49 40 0f
0x000000005da99670:   28 40 10 0f 29 59 a0 0f 29 51 b0 48 8d 40 40 0f 


Register to memory mapping:

RAX=0x0000000079c10060 is an unknown value
RBX=0x0000000079c10040 is an unknown value
RCX=0x000000004d530020 is an unknown value
RDX=0x0000000079c10040 is an unknown value
RSP=0x000000000269d948 is pointing into the stack for thread: 0x00000000021b8000
RBP=0x0000000000000800 is an unknown value
RSI=0x0000000000000000 is an unknown value
RDI=0x000000004d530000 is an unknown value
R8 =0x0000000000000020 is an unknown value
R9 =0x0000000000000006 is an unknown value
R10=0x0000000000000010 is an unknown value
R11=0x0000000000000006 is an unknown value
R12=0x0000000000000000 is an unknown value
R13=0x000000005dab6370 is an unknown value
R14=0x00000000000000fd is an unknown value
R15=0x0000000000000000 is an unknown value


Stack: [0x00000000025a0000,0x00000000026a0000],  sp=0x000000000269d948,  free space=1014k
Native frames: (J=compiled Java code, j=interpreted, Vv=VM code, C=native code)
C  [nvoglv64.DLL+0xa99660]

Java frames: (J=compiled Java code, j=interpreted, Vv=VM code)
J 1498  org.lwjgl.opengl.GL11.nglTexImage2D(IIIIIIIIJJ)V (0 bytes) @ 0x0000000002f38745 [0x0000000002f386c0+0x85]
J 1467 C1 org.lwjgl.opengl.GL11.glTexImage2D(IIIIIIIILjava/nio/ByteBuffer;)V (67 bytes) @ 0x0000000002f18194 [0x0000000002f17440+0xd54]
J 752 C2 factory.TextureFactory.loadTexture(Ljava/awt/image/BufferedImage;)I (243 bytes) @ 0x0000000002c6a888 [0x0000000002c69cc0+0xbc8]
J 1469 C1 gameConsole.getConsoleTexture(Ljava/lang/String;IIZ)I (64 bytes) @ 0x0000000002f1a984 [0x0000000002f1a340+0x644]
J 1321 C2 RenderThread.renderGL()V (401 bytes) @ 0x0000000002e94ee0 [0x0000000002e91820+0x36c0]
J 1547% C2 RenderThread.start()V (108 bytes) @ 0x0000000002f6d304 [0x0000000002f6d280+0x84]
j  Main.main([Ljava/lang/String;)V+29
v  ~StubRoutines::call_stub
j  sun.reflect.NativeMethodAccessorImpl.invoke0(Ljava/lang/reflect/Method;Ljava/lang/Object;[Ljava/lang/Object;)Ljava/lang/Object;+0
j  sun.reflect.NativeMethodAccessorImpl.invoke(Ljava/lang/Object;[Ljava/lang/Object;)Ljava/lang/Object;+100
j  sun.reflect.DelegatingMethodAccessorImpl.invoke(Ljava/lang/Object;[Ljava/lang/Object;)Ljava/lang/Object;+6
j  java.lang.reflect.Method.invoke(Ljava/lang/Object;[Ljava/lang/Object;)Ljava/lang/Object;+56
j  com.intellij.rt.execution.application.AppMain.main([Ljava/lang/String;)V+163
v  ~StubRoutines::call_stub

---------------  P R O C E S S  ---------------

Java Threads: ( => current thread )
  0x0000000026f4d800 JavaThread "ForkJoinPool.commonPool-worker-6" daemon [_thread_blocked, id=8500, stack(0x0000000076c10000,0x0000000076d10000)]
  0x000000004a763800 JavaThread "Java2D Disposer" daemon [_thread_blocked, id=7124, stack(0x000000004aec0000,0x000000004afc0000)]
  0x0000000026f20000 JavaThread "Thread-0" [_thread_in_Java, id=8540, stack(0x0000000028f40000,0x0000000029040000)]
  0x0000000026e48000 JavaThread "Monitor Ctrl-Break" daemon [_thread_in_native, id=9112, stack(0x0000000028400000,0x0000000028500000)]
  0x0000000026d32000 JavaThread "Service Thread" daemon [_thread_blocked, id=7176, stack(0x0000000028940000,0x0000000028a40000)]
  0x0000000026cb5800 JavaThread "C1 CompilerThread3" daemon [_thread_blocked, id=8368, stack(0x00000000287d0000,0x00000000288d0000)]
  0x0000000026cb5000 JavaThread "C2 CompilerThread2" daemon [_thread_blocked, id=5424, stack(0x00000000286b0000,0x00000000287b0000)]
  0x0000000026ca8800 JavaThread "C2 CompilerThread1" daemon [_thread_blocked, id=2352, stack(0x0000000027e30000,0x0000000027f30000)]
  0x0000000026ca1800 JavaThread "C2 CompilerThread0" daemon [_thread_blocked, id=6084, stack(0x0000000028500000,0x0000000028600000)]
  0x0000000026c9e000 JavaThread "Attach Listener" daemon [_thread_blocked, id=7452, stack(0x00000000282d0000,0x00000000283d0000)]
  0x0000000026c9c800 JavaThread "Signal Dispatcher" daemon [_thread_blocked, id=4272, stack(0x0000000027c20000,0x0000000027d20000)]
  0x0000000025cfa800 JavaThread "Finalizer" daemon [_thread_blocked, id=7020, stack(0x0000000028050000,0x0000000028150000)]
  0x0000000025cf4800 JavaThread "Reference Handler" daemon [_thread_blocked, id=5032, stack(0x0000000027f40000,0x0000000028040000)]
=>0x00000000021b8000 JavaThread "main" [_thread_in_native, id=9192, stack(0x00000000025a0000,0x00000000026a0000)]

Other Threads:
  0x0000000025cef800 VMThread [stack: 0x0000000027d20000,0x0000000027e20000] [id=1188]
  0x0000000026d3b000 WatcherThread [stack: 0x0000000028ac0000,0x0000000028bc0000] [id=6964]

VM state:not at safepoint (normal execution)

VM Mutex/Monitor currently owned by a thread: None

Heap:
 PSYoungGen      total 339968K, used 21287K [0x0000000715980000, 0x000000072d480000, 0x00000007c0000000)
  eden space 328704K, 3% used [0x0000000715980000,0x0000000716355300,0x0000000729a80000)
  from space 11264K, 99% used [0x000000072a680000,0x000000072b174980,0x000000072b180000)
  to   space 29696K, 0% used [0x000000072b780000,0x000000072b780000,0x000000072d480000)
 ParOldGen       total 349696K, used 111623K [0x00000005c0c00000, 0x00000005d6180000, 0x0000000715980000)
  object space 349696K, 31% used [0x00000005c0c00000,0x00000005c7901d58,0x00000005d6180000)
 Metaspace       used 9431K, capacity 9691K, committed 9984K, reserved 1058816K
  class space    used 914K, capacity 984K, committed 1024K, reserved 1048576K

Card table byte_map: [0x0000000011d30000,0x0000000012d30000] byte_map_base: 0x000000000ef2a000

Marking Bits: (ParMarkBitMap*) 0x0000000061e2d490
 Begin Bits: [0x0000000014370000, 0x000000001c340000)
 End Bits:   [0x000000001c340000, 0x0000000024310000)

Polling page: 0x0000000000130000

CodeCache: size=245760Kb used=5047Kb max_used=6241Kb free=240712Kb
 bounds [0x0000000002970000, 0x0000000002fa0000, 0x0000000011970000]
 total_blobs=1850 nmethods=1330 adapters=434
 compilation: enabled

Compilation events (10 events):
Event: 121.137 Thread 0x0000000026cb5000 1619       4       java.nio.HeapByteBuffer::putInt (20 bytes)
Event: 121.139 Thread 0x0000000026cb5000 nmethod 1619 0x0000000002b04a90 code [0x0000000002b04be0, 0x0000000002b04d48]
Event: 121.261 Thread 0x0000000026ca8800 1620       4       org.lwjgl.opengl.WindowsDisplay::handleMessage (29 bytes)
Event: 121.262 Thread 0x0000000026ca8800 nmethod 1620 0x0000000002adb690 code [0x0000000002adb7e0, 0x0000000002adb888]
Event: 129.697 Thread 0x0000000026cb5000 1621       4       java.lang.String::toLowerCase (439 bytes)
Event: 129.715 Thread 0x0000000026cb5000 nmethod 1621 0x0000000002afb910 code [0x0000000002afbbe0, 0x0000000002afcaa0]
Event: 129.810 Thread 0x0000000026cb5800 1622       1       java.nio.DirectByteBuffer::isDirect (2 bytes)
Event: 129.810 Thread 0x0000000026cb5800 nmethod 1622 0x0000000002bf6190 code [0x0000000002bf62e0, 0x0000000002bf63f0]
Event: 130.523 Thread 0x0000000026ca1800 1623       4       org.lwjgl.opengl.GL11::glTexParameteri (24 bytes)
Event: 130.525 Thread 0x0000000026ca1800 nmethod 1623 0x0000000002a9cbd0 code [0x0000000002a9cd20, 0x0000000002a9ce28]

GC Heap History (10 events):
Event: 143.698 GC heap before
{Heap before GC invocations=89 (full 0):
 PSYoungGen      total 212480K, used 212352K [0x0000000715980000, 0x000000072bd80000, 0x00000007c0000000)
  eden space 196608K, 100% used [0x0000000715980000,0x0000000721980000,0x0000000721980000)
  from space 15872K, 99% used [0x000000072ae00000,0x000000072bd600e0,0x000000072bd80000)
  to   space 24064K, 0% used [0x0000000728e80000,0x0000000728e80000,0x000000072a600000)
 ParOldGen       total 349696K, used 94574K [0x00000005c0c00000, 0x00000005d6180000, 0x0000000715980000)
  object space 349696K, 27% used [0x00000005c0c00000,0x00000005c685b830,0x00000005d6180000)
 Metaspace       used 9431K, capacity 9691K, committed 9984K, reserved 1058816K
  class space    used 914K, capacity 984K, committed 1024K, reserved 1048576K
Event: 143.713 GC heap after
Heap after GC invocations=89 (full 0):
 PSYoungGen      total 260096K, used 24045K [0x0000000715980000, 0x000000072ae80000, 0x00000007c0000000)
  eden space 236032K, 0% used [0x0000000715980000,0x0000000715980000,0x0000000724000000)
  from space 24064K, 99% used [0x0000000728e80000,0x000000072a5fb7f8,0x000000072a600000)
  to   space 8704K, 0% used [0x000000072a600000,0x000000072a600000,0x000000072ae80000)
 ParOldGen       total 349696K, used 95182K [0x00000005c0c00000, 0x00000005d6180000, 0x0000000715980000)
  object space 349696K, 27% used [0x00000005c0c00000,0x00000005c68f3840,0x00000005d6180000)
 Metaspace       used 9431K, capacity 9691K, committed 9984K, reserved 1058816K
  class space    used 914K, capacity 984K, committed 1024K, reserved 1048576K
}
Event: 144.870 GC heap before
{Heap before GC invocations=90 (full 0):
 PSYoungGen      total 260096K, used 260077K [0x0000000715980000, 0x000000072ae80000, 0x00000007c0000000)
  eden space 236032K, 100% used [0x0000000715980000,0x0000000724000000,0x0000000724000000)
  from space 24064K, 99% used [0x0000000728e80000,0x000000072a5fb7f8,0x000000072a600000)
  to   space 8704K, 0% used [0x000000072a600000,0x000000072a600000,0x000000072ae80000)
 ParOldGen       total 349696K, used 95182K [0x00000005c0c00000, 0x00000005d6180000, 0x0000000715980000)
  object space 349696K, 27% used [0x00000005c0c00000,0x00000005c68f3840,0x00000005d6180000)
 Metaspace       used 9431K, capacity 9691K, committed 9984K, reserved 1058816K
  class space    used 914K, capacity 984K, committed 1024K, reserved 1048576K
Event: 144.880 GC heap after
Heap after GC invocations=90 (full 0):
 PSYoungGen      total 292352K, used 8672K [0x0000000715980000, 0x000000072ae80000, 0x00000007c0000000)
  eden space 283648K, 0% used [0x0000000715980000,0x0000000715980000,0x0000000726e80000)
  from space 8704K, 99% used [0x000000072a600000,0x000000072ae780d0,0x000000072ae80000)
  to   space 25600K, 0% used [0x0000000727c80000,0x0000000727c80000,0x0000000729580000)
 ParOldGen       total 349696K, used 102478K [0x00000005c0c00000, 0x00000005d6180000, 0x0000000715980000)
  object space 349696K, 29% used [0x00000005c0c00000,0x00000005c7013840,0x00000005d6180000)
 Metaspace       used 9431K, capacity 9691K, committed 9984K, reserved 1058816K
  class space    used 914K, capacity 984K, committed 1024K, reserved 1048576K
}
Event: 146.131 GC heap before
{Heap before GC invocations=91 (full 0):
 PSYoungGen      total 292352K, used 292320K [0x0000000715980000, 0x000000072ae80000, 0x00000007c0000000)
  eden space 283648K, 100% used [0x0000000715980000,0x0000000726e80000,0x0000000726e80000)
  from space 8704K, 99% used [0x000000072a600000,0x000000072ae780d0,0x000000072ae80000)
  to   space 25600K, 0% used [0x0000000727c80000,0x0000000727c80000,0x0000000729580000)
 ParOldGen       total 349696K, used 102478K [0x00000005c0c00000, 0x00000005d6180000, 0x0000000715980000)
  object space 349696K, 29% used [0x00000005c0c00000,0x00000005c7013840,0x00000005d6180000)
 Metaspace       used 9431K, capacity 9691K, committed 9984K, reserved 1058816K
  class space    used 914K, capacity 984K, committed 1024K, reserved 1048576K
Event: 146.149 GC heap after
Heap after GC invocations=91 (full 0):
 PSYoungGen      total 323584K, used 25568K [0x0000000715980000, 0x000000072e200000, 0x00000007c0000000)
  eden space 297984K, 0% used [0x0000000715980000,0x0000000715980000,0x0000000727c80000)
  from space 25600K, 99% used [0x0000000727c80000,0x0000000729578168,0x0000000729580000)
  to   space 30720K, 0% used [0x000000072c400000,0x000000072c400000,0x000000072e200000)
 ParOldGen       total 349696K, used 108908K [0x00000005c0c00000, 0x00000005d6180000, 0x0000000715980000)
  object space 349696K, 31% used [0x00000005c0c00000,0x00000005c765b3e8,0x00000005d6180000)
 Metaspace       used 9431K, capacity 9691K, committed 9984K, reserved 1058816K
  class space    used 914K, capacity 984K, committed 1024K, reserved 1048576K
}
Event: 147.697 GC heap before
{Heap before GC invocations=92 (full 0):
 PSYoungGen      total 323584K, used 323552K [0x0000000715980000, 0x000000072e200000, 0x00000007c0000000)
  eden space 297984K, 100% used [0x0000000715980000,0x0000000727c80000,0x0000000727c80000)
  from space 25600K, 99% used [0x0000000727c80000,0x0000000729578168,0x0000000729580000)
  to   space 30720K, 0% used [0x000000072c400000,0x000000072c400000,0x000000072e200000)
 ParOldGen       total 349696K, used 108908K [0x00000005c0c00000, 0x00000005d6180000, 0x0000000715980000)
  object space 349696K, 31% used [0x00000005c0c00000,0x00000005c765b3e8,0x00000005d6180000)
 Metaspace       used 9431K, capacity 9691K, committed 9984K, reserved 1058816K
  class space    used 914K, capacity 984K, committed 1024K, reserved 1048576K
Event: 147.706 GC heap after
Heap after GC invocations=92 (full 0):
 PSYoungGen      total 371712K, used 11986K [0x0000000715980000, 0x000000072f200000, 0x00000007c0000000)
  eden space 340992K, 0% used [0x0000000715980000,0x0000000715980000,0x000000072a680000)
  from space 30720K, 39% used [0x000000072c400000,0x000000072cfb4980,0x000000072e200000)
  to   space 30208K, 0% used [0x000000072a680000,0x000000072a680000,0x000000072c400000)
 ParOldGen       total 349696K, used 111463K [0x00000005c0c00000, 0x00000005d6180000, 0x0000000715980000)
  object space 349696K, 31% used [0x00000005c0c00000,0x00000005c78d9d58,0x00000005d6180000)
 Metaspace       used 9431K, capacity 9691K, committed 9984K, reserved 1058816K
  class space    used 914K, capacity 984K, committed 1024K, reserved 1048576K
}
Event: 149.321 GC heap before
{Heap before GC invocations=93 (full 0):
 PSYoungGen      total 371712K, used 352978K [0x0000000715980000, 0x000000072f200000, 0x00000007c0000000)
  eden space 340992K, 100% used [0x0000000715980000,0x000000072a680000,0x000000072a680000)
  from space 30720K, 39% used [0x000000072c400000,0x000000072cfb4980,0x000000072e200000)
  to   space 30208K, 0% used [0x000000072a680000,0x000000072a680000,0x000000072c400000)
 ParOldGen       total 349696K, used 111463K [0x00000005c0c00000, 0x00000005d6180000, 0x0000000715980000)
  object space 349696K, 31% used [0x00000005c0c00000,0x00000005c78d9d58,0x00000005d6180000)
 Metaspace       used 9431K, capacity 9691K, committed 9984K, reserved 1058816K
  class space    used 914K, capacity 984K, committed 1024K, reserved 1048576K
Event: 149.330 GC heap after
Heap after GC invocations=93 (full 0):
 PSYoungGen      total 339968K, used 11218K [0x0000000715980000, 0x000000072d480000, 0x00000007c0000000)
  eden space 328704K, 0% used [0x0000000715980000,0x0000000715980000,0x0000000729a80000)
  from space 11264K, 99% used [0x000000072a680000,0x000000072b174980,0x000000072b180000)
  to   space 29696K, 0% used [0x000000072b780000,0x000000072b780000,0x000000072d480000)
 ParOldGen       total 349696K, used 111623K [0x00000005c0c00000, 0x00000005d6180000, 0x0000000715980000)
  object space 349696K, 31% used [0x00000005c0c00000,0x00000005c7901d58,0x00000005d6180000)
 Metaspace       used 9431K, capacity 9691K, committed 9984K, reserved 1058816K
  class space    used 914K, capacity 984K, committed 1024K, reserved 1048576K
}

Deoptimization events (10 events):
Event: 3.218 Thread 0x00000000021b8000 Uncommon trap: reason=class_check action=maybe_recompile pc=0x0000000002d92688 method=eu.mihosoft.vrl.v3d.CSG.getTriangles(Z)V @ 40
Event: 3.226 Thread 0x00000000021b8000 Uncommon trap: reason=class_check action=maybe_recompile pc=0x0000000002da756c method=factory.GeometryFactory.getCSGVertexData(Leu/mihosoft/vrl/v3d/CSG;)Ljava/nio/FloatBuffer; @ 49
Event: 3.625 Thread 0x00000000021b8000 Uncommon trap: reason=class_check action=maybe_recompile pc=0x0000000002d7b9c8 method=eu.mihosoft.vrl.v3d.CSG.getTriangles(Z)V @ 40
Event: 3.634 Thread 0x00000000021b8000 Uncommon trap: reason=class_check action=maybe_recompile pc=0x0000000002da756c method=factory.GeometryFactory.getCSGVertexData(Leu/mihosoft/vrl/v3d/CSG;)Ljava/nio/FloatBuffer; @ 49
Event: 4.286 Thread 0x00000000021b8000 Uncommon trap: reason=class_check action=maybe_recompile pc=0x0000000002da756c method=factory.GeometryFactory.getCSGVertexData(Leu/mihosoft/vrl/v3d/CSG;)Ljava/nio/FloatBuffer; @ 49
Event: 5.024 Thread 0x0000000026f20000 Uncommon trap: reason=class_check action=maybe_recompile pc=0x0000000002e81418 method=simplify.SimplifyCSG.simplifyCSG(Leu/mihosoft/vrl/v3d/CSG;)Leu/mihosoft/vrl/v3d/CSG; @ 230
Event: 5.773 Thread 0x0000000026f20000 Uncommon trap: reason=class_check action=maybe_recompile pc=0x0000000002e81418 method=simplify.SimplifyCSG.simplifyCSG(Leu/mihosoft/vrl/v3d/CSG;)Leu/mihosoft/vrl/v3d/CSG; @ 230
Event: 6.211 Thread 0x0000000026f20000 Uncommon trap: reason=class_check action=maybe_recompile pc=0x0000000002e81418 method=simplify.SimplifyCSG.simplifyCSG(Leu/mihosoft/vrl/v3d/CSG;)Leu/mihosoft/vrl/v3d/CSG; @ 230
Event: 7.766 Thread 0x00000000021b8000 Uncommon trap: reason=unreached action=reinterpret pc=0x0000000002e55724 method=RenderThread.sampleScreen()V @ 39
Event: 7.854 Thread 0x00000000021b8000 Uncommon trap: reason=unreached action=reinterpret pc=0x0000000002e2f910 method=sun.font.FileFontStrike.getCachedGlyphPtr(I)J @ 99

Internal exceptions (10 events):
Event: 0.670 Thread 0x00000000021b8000 Exception <a 'java/security/PrivilegedActionException'> (0x00000007175b68d0) thrown at [D:\re\workspace\8-2-build-windows-amd64-cygwin\jdk8u25\1677\hotspot\src\share\vm\prims\jvm.cpp, line 1312]
Event: 0.716 Thread 0x00000000021b8000 Exception <a 'java/security/PrivilegedActionException'> (0x00000007175bbf30) thrown at [D:\re\workspace\8-2-build-windows-amd64-cygwin\jdk8u25\1677\hotspot\src\share\vm\prims\jvm.cpp, line 1312]
Event: 0.717 Thread 0x00000000021b8000 Exception <a 'java/security/PrivilegedActionException'> (0x00000007175bffe8) thrown at [D:\re\workspace\8-2-build-windows-amd64-cygwin\jdk8u25\1677\hotspot\src\share\vm\prims\jvm.cpp, line 1312]
Event: 2.610 Thread 0x0000000026f20000 Exception <a 'java/security/PrivilegedActionException'> (0x0000000715b163d8) thrown at [D:\re\workspace\8-2-build-windows-amd64-cygwin\jdk8u25\1677\hotspot\src\share\vm\prims\jvm.cpp, line 1312]
Event: 2.613 Thread 0x0000000026f20000 Exception <a 'java/security/PrivilegedActionException'> (0x0000000715b1a888) thrown at [D:\re\workspace\8-2-build-windows-amd64-cygwin\jdk8u25\1677\hotspot\src\share\vm\prims\jvm.cpp, line 1312]
Event: 2.613 Thread 0x0000000026f20000 Exception <a 'java/security/PrivilegedActionException'> (0x0000000715b1d130) thrown at [D:\re\workspace\8-2-build-windows-amd64-cygwin\jdk8u25\1677\hotspot\src\share\vm\prims\jvm.cpp, line 1312]
Event: 2.668 Thread 0x0000000026f20000 Exception <a 'java/security/PrivilegedActionException'> (0x0000000717099b30) thrown at [D:\re\workspace\8-2-build-windows-amd64-cygwin\jdk8u25\1677\hotspot\src\share\vm\prims\jvm.cpp, line 1312]
Event: 3.187 Thread 0x00000000021b8000 Exception <a 'java/security/PrivilegedActionException'> (0x000000071e9671e8) thrown at [D:\re\workspace\8-2-build-windows-amd64-cygwin\jdk8u25\1677\hotspot\src\share\vm\prims\jvm.cpp, line 1312]
Event: 3.218 Thread 0x0000000026f20000 Exception <a 'java/security/PrivilegedActionException'> (0x0000000720a4f248) thrown at [D:\re\workspace\8-2-build-windows-amd64-cygwin\jdk8u25\1677\hotspot\src\share\vm\prims\jvm.cpp, line 1312]
Event: 7.854 Thread 0x00000000021b8000 Implicit null exception at 0x0000000002e2f7a2 to 0x0000000002e2f8f9

Events (10 events):
Event: 143.698 Executing VM operation: ParallelGCFailedAllocation
Event: 143.713 Executing VM operation: ParallelGCFailedAllocation done
Event: 144.870 Executing VM operation: ParallelGCFailedAllocation
Event: 144.881 Executing VM operation: ParallelGCFailedAllocation done
Event: 146.131 Executing VM operation: ParallelGCFailedAllocation
Event: 146.149 Executing VM operation: ParallelGCFailedAllocation done
Event: 147.697 Executing VM operation: ParallelGCFailedAllocation
Event: 147.706 Executing VM operation: ParallelGCFailedAllocation done
Event: 149.321 Executing VM operation: ParallelGCFailedAllocation
Event: 149.330 Executing VM operation: ParallelGCFailedAllocation done


Dynamic libraries:
0x000000013f8a0000 - 0x000000013f8d4000 	C:\Program Files\Java\jdk1.8.0_25\bin\java.exe
0x0000000077230000 - 0x00000000773d9000 	C:\Windows\SYSTEM32\ntdll.dll
0x0000000077010000 - 0x000000007712f000 	C:\Windows\system32\kernel32.dll
0x000007fefc2d0000 - 0x000007fefc33c000 	C:\Windows\system32\KERNELBASE.dll
0x000007fefe150000 - 0x000007fefe22b000 	C:\Windows\system32\ADVAPI32.dll
0x000007fefde10000 - 0x000007fefdeaf000 	C:\Windows\system32\msvcrt.dll
0x000007fefd600000 - 0x000007fefd61f000 	C:\Windows\SYSTEM32\sechost.dll
0x000007fefdeb0000 - 0x000007fefdfdd000 	C:\Windows\system32\RPCRT4.dll
0x0000000077130000 - 0x000000007722a000 	C:\Windows\system32\USER32.dll
0x000007fefc780000 - 0x000007fefc7e7000 	C:\Windows\system32\GDI32.dll
0x000007fefc770000 - 0x000007fefc77e000 	C:\Windows\system32\LPK.dll
0x000007fefdfe0000 - 0x000007fefe0a9000 	C:\Windows\system32\USP10.dll
0x000007fefaa90000 - 0x000007fefac84000 	C:\Windows\WinSxS\amd64_microsoft.windows.common-controls_6595b64144ccf1df_6.0.7601.17514_none_fa396087175ac9ac\COMCTL32.dll
0x000007fefc440000 - 0x000007fefc4b1000 	C:\Windows\system32\SHLWAPI.dll
0x000007fefe520000 - 0x000007fefe54e000 	C:\Windows\system32\IMM32.DLL
0x000007fefd950000 - 0x000007fefda59000 	C:\Windows\system32\MSCTF.dll
0x00000000636f0000 - 0x00000000637c2000 	C:\Program Files\Java\jdk1.8.0_25\jre\bin\msvcr100.dll
0x0000000061650000 - 0x0000000061eaa000 	C:\Program Files\Java\jdk1.8.0_25\jre\bin\server\jvm.dll
0x000007fef7b00000 - 0x000007fef7b09000 	C:\Windows\system32\WSOCK32.dll
0x000007fefd900000 - 0x000007fefd94d000 	C:\Windows\system32\WS2_32.dll
0x000007fefe6d0000 - 0x000007fefe6d8000 	C:\Windows\system32\NSI.dll
0x000007fef9a80000 - 0x000007fef9abb000 	C:\Windows\system32\WINMM.dll
0x0000000077400000 - 0x0000000077407000 	C:\Windows\system32\PSAPI.DLL
0x0000000072a40000 - 0x0000000072a4f000 	C:\Program Files\Java\jdk1.8.0_25\jre\bin\verify.dll
0x0000000072a10000 - 0x0000000072a38000 	C:\Program Files\Java\jdk1.8.0_25\jre\bin\java.dll
0x00000000729f0000 - 0x0000000072a06000 	C:\Program Files\Java\jdk1.8.0_25\jre\bin\zip.dll
0x000007fefc870000 - 0x000007fefd5f8000 	C:\Windows\system32\SHELL32.dll
0x000007fefe230000 - 0x000007fefe433000 	C:\Windows\system32\ole32.dll
0x000007fefc080000 - 0x000007fefc08f000 	C:\Windows\system32\profapi.dll
0x000007fef9820000 - 0x000007fef9830000 	C:\Program Files (x86)\JetBrains\IntelliJ IDEA Community Edition 14.0\bin\breakgen64.dll
0x00000000728c0000 - 0x00000000728da000 	C:\Program Files\Java\jdk1.8.0_25\jre\bin\net.dll
0x000007fefb860000 - 0x000007fefb8b5000 	C:\Windows\system32\mswsock.dll
0x000007fefb850000 - 0x000007fefb857000 	C:\Windows\System32\wship6.dll
0x0000000180000000 - 0x0000000180051000 	C:\projects\game\lwjgl-2.9.1\lib\windows\lwjgl64.dll
0x000007fee4bd0000 - 0x000007fee4ced000 	C:\Windows\system32\OPENGL32.dll
0x000007fee73c0000 - 0x000007fee73ed000 	C:\Windows\system32\GLU32.dll
0x000007fee5620000 - 0x000007fee5711000 	C:\Windows\system32\DDRAW.dll
0x000007fef9fd0000 - 0x000007fef9fd8000 	C:\Windows\system32\DCIMAN32.dll
0x000007fefdc30000 - 0x000007fefde07000 	C:\Windows\system32\SETUPAPI.dll
0x000007fefc3b0000 - 0x000007fefc3e6000 	C:\Windows\system32\CFGMGR32.dll
0x000007fefe440000 - 0x000007fefe517000 	C:\Windows\system32\OLEAUT32.dll
0x000007fefc410000 - 0x000007fefc42a000 	C:\Windows\system32\DEVOBJ.dll
0x000007fefa5c0000 - 0x000007fefa5d8000 	C:\Windows\system32\dwmapi.dll
0x000007fefb150000 - 0x000007fefb15c000 	C:\Windows\system32\VERSION.dll
0x000007fefa540000 - 0x000007fefa596000 	C:\Windows\system32\uxtheme.dll
0x000000005d000000 - 0x000000005eea2000 	C:\Windows\system32\nvoglv64.DLL
0x000007fefb2e0000 - 0x000007fefb2f1000 	C:\Windows\system32\WTSAPI32.dll
0x000007fefc360000 - 0x000007fefc39a000 	C:\Windows\system32\WINTRUST.dll
0x000007fefc0a0000 - 0x000007fefc20c000 	C:\Windows\system32\CRYPT32.dll
0x000007fefc090000 - 0x000007fefc09f000 	C:\Windows\system32\MSASN1.dll
0x000007fefb120000 - 0x000007fefb14d000 	C:\Windows\system32\ntmarta.dll
0x000007fefda60000 - 0x000007fefdab2000 	C:\Windows\system32\WLDAP32.dll
0x000007fefb400000 - 0x000007fefb43d000 	C:\Windows\system32\WINSTA.dll
0x000007fefbf20000 - 0x000007fefbf2f000 	C:\Windows\system32\CRYPTBASE.dll
0x000007fef8e50000 - 0x000007fef8eec000 	C:\Windows\system32\mscms.dll
0x000007fefc2b0000 - 0x000007fefc2ce000 	C:\Windows\system32\USERENV.dll
0x000007fee7370000 - 0x000007fee73b2000 	C:\Windows\system32\icm32.dll
0x0000000063550000 - 0x00000000636e8000 	C:\Program Files\Java\jdk1.8.0_25\jre\bin\awt.dll
0x0000000072620000 - 0x0000000072667000 	C:\Program Files\Java\jdk1.8.0_25\jre\bin\fontmanager.dll
0x00000000728e0000 - 0x00000000728f1000 	C:\Program Files\Java\jdk1.8.0_25\jre\bin\nio.dll
0x000000006ef00000 - 0x000000006ef41000 	C:\Program Files\Java\jdk1.8.0_25\jre\bin\t2k.dll
0x000007fef97e0000 - 0x000007fef9807000 	C:\Windows\system32\IPHLPAPI.DLL
0x000007fef97c0000 - 0x000007fef97cb000 	C:\Windows\system32\WINNSI.DLL
0x000007fef94d0000 - 0x000007fef94e8000 	C:\Windows\system32\dhcpcsvc.DLL
0x000007fef94b0000 - 0x000007fef94c1000 	C:\Windows\system32\dhcpcsvc6.DLL
0x000007fef7790000 - 0x000007fef78b5000 	C:\Windows\system32\dbghelp.dll

VM Arguments:
jvm_args: -Djava.library.path=C:\projects\game\lwjgl-2.9.1\lib\windows -Didea.launcher.port=7535 -Didea.launcher.bin.path=C:\Program Files (x86)\JetBrains\IntelliJ IDEA Community Edition 14.0\bin -Dfile.encoding=UTF-8 
java_command: com.intellij.rt.execution.application.AppMain Main
java_class_path (initial): C:\Program Files\Java\jdk1.8.0_25\jre\lib\charsets.jar;C:\Program Files\Java\jdk1.8.0_25\jre\lib\deploy.jar;C:\Program Files\Java\jdk1.8.0_25\jre\lib\javaws.jar;C:\Program Files\Java\jdk1.8.0_25\jre\lib\jce.jar;C:\Program Files\Java\jdk1.8.0_25\jre\lib\jfr.jar;C:\Program Files\Java\jdk1.8.0_25\jre\lib\jfxswt.jar;C:\Program Files\Java\jdk1.8.0_25\jre\lib\jsse.jar;C:\Program Files\Java\jdk1.8.0_25\jre\lib\management-agent.jar;C:\Program Files\Java\jdk1.8.0_25\jre\lib\plugin.jar;C:\Program Files\Java\jdk1.8.0_25\jre\lib\resources.jar;C:\Program Files\Java\jdk1.8.0_25\jre\lib\rt.jar;C:\Program Files\Java\jdk1.8.0_25\jre\lib\ext\access-bridge-64.jar;C:\Program Files\Java\jdk1.8.0_25\jre\lib\ext\cldrdata.jar;C:\Program Files\Java\jdk1.8.0_25\jre\lib\ext\dnsns.jar;C:\Program Files\Java\jdk1.8.0_25\jre\lib\ext\jaccess.jar;C:\Program Files\Java\jdk1.8.0_25\jre\lib\ext\jfxrt.jar;C:\Program Files\Java\jdk1.8.0_25\jre\lib\ext\localedata.jar;C:\Program Files\Java\jdk1.8.0_25\jre\lib\ext\nashorn.jar;C:\Program Files\Java\jdk1.8.0_25\jre\lib\ext\sunec.jar;C:\Program Files\Java\jdk1.8.0_25\jre\lib\ext\sunjce_provider.jar;C:\Program Files\Java\jdk1.8.0_25\jre\lib\ext\sunmscapi.jar;C:\Program Files\Java\jdk1.8.0_25\jre\lib\ext\sunpkcs11.jar;C:\Program Files\Java\jdk1.8.0_25\jre\lib\ext\zipfs.jar;C:\projects\game\out\production\game;C:\projects\game\lwjgl-2.9.1\jar\AppleJavaExtensions.jar;C:\projects\game\lwjgl-2.9.1\jar\asm-debug-all.jar;C:\projects\game\lwjgl-2.9.1\jar\jinput.jar;C:\projects\game\lwjgl-2.9.1\jar\lwjgl.jar;C:\projects\game\lwjgl-2.9.1\jar\lwjgl-debug.jar;C:\projects\game\lwjgl-2.9.1\jar\lwjgl_test.jar;C:\projects\game\lwjgl-2.9.1\jar\lwjgl_util.jar;C:\projects\game\lwjgl-2.9.1\jar\lwjgl_util_applet.jar;C:\projects\game\lwjgl-2.9.1\jar\lzma.jar;C:\projects\game\JCSG-master\build\libs\JCSG-master.jar;C:\projects\game\lwjgl-2.9.1\jar\slick-util.jar;C:\projects\game\apachecommons\commons-net-3.3.jar;C:\projects\game\apachecommons\commons-lang
Launcher Type: SUN_STANDARD

Environment Variables:
JAVA_HOME=C:\Program Files\Java\jdk1.8.0_25
PATH=C:\ProgramData\Oracle\Java\javapath;C:\Program Files (x86)\NVIDIA Corporation\PhysX\Common;C:\Users\user\AMD APP SDK\2.9\bin\x86_64;C:\Users\user\AMD APP SDK\2.9\bin\x86;C:\Program Files (x86)\AMD APP SDK\2.9\bin\x86_64;C:\Program Files (x86)\AMD APP SDK\2.9\bin\x86;C:\Program Files (x86)\Intel\iCLS Client\;C:\Program Files\Intel\iCLS Client\;C:\Windows\system32;C:\Windows;C:\Windows\System32\Wbem;C:\Windows\System32\WindowsPowerShell\v1.0\;C:\Program Files\Intel\Intel(R) Management Engine Components\DAL;C:\Program Files\Intel\Intel(R) Management Engine Components\IPT;C:\Program Files (x86)\Intel\Intel(R) Management Engine Components\DAL;C:\Program Files (x86)\Intel\Intel(R) Management Engine Components\IPT;C:\Program Files\Microsoft SQL Server\110\Tools\Binn\;C:\Program Files\Microsoft Windows Performance Toolkit\;C:\Program Files\nodejs\;C:\Program Files\LuxRender;C:\Program Files\VCG\MeshLab;C:\Program Files (x86)\MySQL\MySQL Utilities 1.4\;C:\Program Files (x86)\MySQL\MySQL Utilities 1.4\Doctrine extensions for PHP\;C:\Program Files (x86)\QuickTime\QTSystem\;C:\Python27;C:\Program Files (x86)\Microsoft Visual Studio 12.0\VC\vcpackages;C:\Users\user\AppData\Roaming\npm;C:\Program Files\apfloat;C:\Program Files (x86)\Kiwix\kiwix\xulrunner;C:\mongodb\bin\;C:\projects\wikirandom\node_modules\forever\bin;C:\Program Files (x86)\JetBrains\WebStorm 7.0.3\jre\bin;C:\Program Files\apache-maven-3.2.2\bin;C:\aparapi;C:\Program Files\VCG\MeshLab;
USERNAME=user
OS=Windows_NT
PROCESSOR_IDENTIFIER=Intel64 Family 6 Model 58 Stepping 9, GenuineIntel



---------------  S Y S T E M  ---------------

OS: Windows 7 , 64 bit Build 7601 Service Pack 1

CPU:total 8 (4 cores per cpu, 2 threads per core) family 6 model 58 stepping 9, cmov, cx8, fxsr, mmx, sse, sse2, sse3, ssse3, sse4.1, sse4.2, popcnt, avx, aes, clmul, erms, ht, tsc, tscinvbit, tscinv

Memory: 4k page, physical 33498820k(24697348k free), swap 66995776k(51759252k free)

vm_info: Java HotSpot(TM) 64-Bit Server VM (25.25-b02) for windows-amd64 JRE (1.8.0_25-b18), built on Oct  7 2014 14:25:37 by "java_re" with MS VC++ 10.0 (VS2010)

time: Mon Feb 09 02:40:54 2015
elapsed time: 149 seconds (0d 0h 2m 29s)

