#
# A fatal error has been detected by the Java Runtime Environment:
#
#  EXCEPTION_ACCESS_VIOLATION (0xc0000005) at pc=0x000000005da99660, pid=7384, tid=8632
#
# JRE version: Java(TM) SE Runtime Environment (8.0_25-b18) (build 1.8.0_25-b18)
# Java VM: Java HotSpot(TM) 64-Bit Server VM (25.25-b02 mixed mode windows-amd64 compressed oops)
# Problematic frame:
# C  [nvoglv64.DLL+0xa99660]
#
# Failed to write core dump. Minidumps are not enabled by default on client versions of Windows
#
# If you would like to submit a bug report, please visit:
#   http://bugreport.sun.com/bugreport/crash.jsp
# The crash happened outside the Java Virtual Machine in native code.
# See problematic frame for where to report the bug.
#

---------------  T H R E A D  ---------------

Current thread (0x0000000002148000):  JavaThread "main" [_thread_in_native, id=8632, stack(0x0000000002490000,0x0000000002590000)]

siginfo: ExceptionCode=0xc0000005, reading address 0x000000005b350040

Registers:
RAX=0x000000005b350060, RBX=0x000000005b350040, RCX=0x000000004c9d4ce0, RDX=0x000000005b350040
RSP=0x000000000258d6f8, RBP=0x0000000000000800, RSI=0x0000000000000000, RDI=0x000000004c9d4cc0
R8 =0x0000000000000020, R9 =0x0000000000000006, R10=0x0000000000000010, R11=0x0000000000000006
R12=0x0000000000000000, R13=0x000000005dab6370, R14=0x00000000000000fd, R15=0x0000000000000000
RIP=0x000000005da99660, EFLAGS=0x0000000000010202

Top of Stack: (sp=0x000000000258d6f8)
0x000000000258d6f8:   000000005da9928d 0000000000000001
0x000000000258d708:   000000005b350040 0000000000000001
0x000000000258d718:   000000005daa1881 00000000000001ae
0x000000000258d728:   0000000038e31950 000000005b350040
0x000000000258d738:   000000000000007f 000000004c9d4cc0
0x000000000258d748:   000000005d9d6070 0000000000001000
0x000000000258d758:   0000000000001000 0000000000000400
0x000000000258d768:   0000000000100002 000000005dab6370
0x000000000258d778:   0000000000000000 000000000000002d
0x000000000258d788:   0000000000000000 0000000000000006
0x000000000258d798:   000000005ba5e040 000000005b860040
0x000000000258d7a8:   000000005b860040 0000000000000000
0x000000000258d7b8:   00000000390151d0 000001ae00000000
0x000000000258d7c8:   0000000000000010 0000000000000000
0x000000000258d7d8:   0000007f00000000 000000000000007f
0x000000000258d7e8:   0000000000200000 000000004c9d4cc0 

Instructions: (pc=0x000000005da99660)
0x000000005da99640:   8d 40 40 0f 11 41 d0 49 ff c8 75 d4 c3 4d 85 c0
0x000000005da99650:   74 3a 48 83 c1 20 48 8d 42 20 66 0f 1f 44 00 00
0x000000005da99660:   0f 28 58 e0 0f 28 50 f0 0f 28 08 48 8d 49 40 0f
0x000000005da99670:   28 40 10 0f 29 59 a0 0f 29 51 b0 48 8d 40 40 0f 


Register to memory mapping:

RAX=0x000000005b350060 is an unknown value
RBX=0x000000005b350040 is an unknown value
RCX=0x000000004c9d4ce0 is an unknown value
RDX=0x000000005b350040 is an unknown value
RSP=0x000000000258d6f8 is pointing into the stack for thread: 0x0000000002148000
RBP=0x0000000000000800 is an unknown value
RSI=0x0000000000000000 is an unknown value
RDI=0x000000004c9d4cc0 is an unknown value
R8 =0x0000000000000020 is an unknown value
R9 =0x0000000000000006 is an unknown value
R10=0x0000000000000010 is an unknown value
R11=0x0000000000000006 is an unknown value
R12=0x0000000000000000 is an unknown value
R13=0x000000005dab6370 is an unknown value
R14=0x00000000000000fd is an unknown value
R15=0x0000000000000000 is an unknown value


Stack: [0x0000000002490000,0x0000000002590000],  sp=0x000000000258d6f8,  free space=1013k
Native frames: (J=compiled Java code, j=interpreted, Vv=VM code, C=native code)
C  [nvoglv64.DLL+0xa99660]

Java frames: (J=compiled Java code, j=interpreted, Vv=VM code)
J 1488  org.lwjgl.opengl.GL11.nglTexImage2D(IIIIIIIIJJ)V (0 bytes) @ 0x0000000002e1ab45 [0x0000000002e1aac0+0x85]
J 1446 C1 org.lwjgl.opengl.GL11.glTexImage2D(IIIIIIIILjava/nio/ByteBuffer;)V (67 bytes) @ 0x0000000002e04f14 [0x0000000002e041c0+0xd54]
J 699 C2 factory.TextureFactory.loadTexture(Ljava/awt/image/BufferedImage;)I (243 bytes) @ 0x0000000002b4ae48 [0x0000000002b4a280+0xbc8]
J 1449 C1 gameConsole.getConsoleTexture(Ljava/lang/String;IIZ)I (64 bytes) @ 0x0000000002e0a484 [0x0000000002e09e40+0x644]
J 1289 C2 RenderThread.renderGL()V (401 bytes) @ 0x0000000002d66e5c [0x0000000002d63760+0x36fc]
J 1533% C2 RenderThread.start()V (108 bytes) @ 0x00000000029fe604 [0x00000000029fe580+0x84]
j  Main.main([Ljava/lang/String;)V+29
v  ~StubRoutines::call_stub
j  sun.reflect.NativeMethodAccessorImpl.invoke0(Ljava/lang/reflect/Method;Ljava/lang/Object;[Ljava/lang/Object;)Ljava/lang/Object;+0
j  sun.reflect.NativeMethodAccessorImpl.invoke(Ljava/lang/Object;[Ljava/lang/Object;)Ljava/lang/Object;+100
j  sun.reflect.DelegatingMethodAccessorImpl.invoke(Ljava/lang/Object;[Ljava/lang/Object;)Ljava/lang/Object;+6
j  java.lang.reflect.Method.invoke(Ljava/lang/Object;[Ljava/lang/Object;)Ljava/lang/Object;+56
j  com.intellij.rt.execution.application.AppMain.main([Ljava/lang/String;)V+163
v  ~StubRoutines::call_stub

---------------  P R O C E S S  ---------------

Java Threads: ( => current thread )
  0x000000004b1c8000 JavaThread "ForkJoinPool.commonPool-worker-3" daemon [_thread_blocked, id=5332, stack(0x000000005a1b0000,0x000000005a2b0000)]
  0x000000004b35e000 JavaThread "Java2D Disposer" daemon [_thread_blocked, id=4236, stack(0x000000004c060000,0x000000004c160000)]
  0x0000000026f5e800 JavaThread "Thread-0" [_thread_in_Java, id=9180, stack(0x0000000029060000,0x0000000029160000)]
  0x0000000026e7d800 JavaThread "Monitor Ctrl-Break" daemon [_thread_in_native, id=7836, stack(0x0000000028cb0000,0x0000000028db0000)]
  0x0000000026d71800 JavaThread "Service Thread" daemon [_thread_blocked, id=8536, stack(0x0000000028a50000,0x0000000028b50000)]
  0x0000000025b2e800 JavaThread "C1 CompilerThread3" daemon [_thread_blocked, id=9188, stack(0x0000000028870000,0x0000000028970000)]
  0x0000000025b2d800 JavaThread "C2 CompilerThread2" daemon [_thread_blocked, id=6628, stack(0x0000000028770000,0x0000000028870000)]
  0x0000000026cef800 JavaThread "C2 CompilerThread1" daemon [_thread_blocked, id=8236, stack(0x0000000028560000,0x0000000028660000)]
  0x0000000026ce8800 JavaThread "C2 CompilerThread0" daemon [_thread_blocked, id=5328, stack(0x0000000028390000,0x0000000028490000)]
  0x0000000026ce5000 JavaThread "Attach Listener" daemon [_thread_blocked, id=7680, stack(0x0000000028200000,0x0000000028300000)]
  0x0000000026ce4000 JavaThread "Signal Dispatcher" daemon [_thread_blocked, id=8264, stack(0x0000000027ff0000,0x00000000280f0000)]
  0x0000000025b1d000 JavaThread "Finalizer" daemon [_thread_blocked, id=1508, stack(0x0000000028100000,0x0000000028200000)]
  0x0000000026c93000 JavaThread "Reference Handler" daemon [_thread_blocked, id=7608, stack(0x0000000027eb0000,0x0000000027fb0000)]
=>0x0000000002148000 JavaThread "main" [_thread_in_native, id=8632, stack(0x0000000002490000,0x0000000002590000)]

Other Threads:
  0x0000000026c92000 VMThread [stack: 0x0000000027d20000,0x0000000027e20000] [id=2128]
  0x0000000026d82800 WatcherThread [stack: 0x0000000028b80000,0x0000000028c80000] [id=8964]

VM state:not at safepoint (normal execution)

VM Mutex/Monitor currently owned by a thread: None

Heap:
 PSYoungGen      total 51200K, used 12467K [0x0000000715980000, 0x0000000719b00000, 0x00000007c0000000)
  eden space 45568K, 15% used [0x0000000715980000,0x0000000716067bf8,0x0000000718600000)
  from space 5632K, 95% used [0x0000000718680000,0x0000000718bc53a8,0x0000000718c00000)
  to   space 10752K, 0% used [0x0000000719080000,0x0000000719080000,0x0000000719b00000)
 ParOldGen       total 349696K, used 47218K [0x00000005c0c00000, 0x00000005d6180000, 0x0000000715980000)
  object space 349696K, 13% used [0x00000005c0c00000,0x00000005c3a1c970,0x00000005d6180000)
 Metaspace       used 9443K, capacity 9691K, committed 9984K, reserved 1058816K
  class space    used 914K, capacity 984K, committed 1024K, reserved 1048576K

Card table byte_map: [0x0000000011c20000,0x0000000012c20000] byte_map_base: 0x000000000ee1a000

Marking Bits: (ParMarkBitMap*) 0x000000005fcdd490
 Begin Bits: [0x0000000014190000, 0x000000001c160000)
 End Bits:   [0x000000001c160000, 0x0000000024130000)

Polling page: 0x0000000000340000

CodeCache: size=245760Kb used=4838Kb max_used=6005Kb free=240921Kb
 bounds [0x0000000002860000, 0x0000000002e50000, 0x0000000011860000]
 total_blobs=1807 nmethods=1287 adapters=434
 compilation: enabled

Compilation events (10 events):
Event: 92.442 Thread 0x0000000025b2e800 1603       3       java.util.HashMap::values (27 bytes)
Event: 92.442 Thread 0x0000000025b2e800 nmethod 1603 0x0000000002b5e7d0 code [0x0000000002b5e940, 0x0000000002b5ec90]
Event: 92.442 Thread 0x0000000025b2e800 1604       3       java.util.HashMap$Values::<init> (10 bytes)
Event: 92.443 Thread 0x0000000025b2e800 nmethod 1604 0x000000000297ae50 code [0x000000000297afc0, 0x000000000297b1f0]
Event: 93.848 Thread 0x0000000026ce8800 1605       4       gameConsole::drawOutlinedConsoleText (345 bytes)
Event: 93.875 Thread 0x0000000026ce8800 nmethod 1605 0x0000000002c24fd0 code [0x0000000002c25300, 0x0000000002c26608]
Event: 96.781 Thread 0x0000000025b2e800 1606       1       java.lang.ref.Reference::clear (6 bytes)
Event: 96.781 Thread 0x0000000025b2e800 nmethod 1606 0x0000000002b37c50 code [0x0000000002b37da0, 0x0000000002b37ed0]
Event: 107.285 Thread 0x0000000026ce8800 1607       4       sun.java2d.SunGraphics2D::invalidatePipe (41 bytes)
Event: 107.286 Thread 0x0000000026ce8800 nmethod 1607 0x0000000002970490 code [0x00000000029705c0, 0x0000000002970658]

GC Heap History (10 events):
Event: 107.589 GC heap before
{Heap before GC invocations=219 (full 0):
 PSYoungGen      total 58368K, used 57324K [0x0000000715980000, 0x0000000719f00000, 0x00000007c0000000)
  eden space 48128K, 99% used [0x0000000715980000,0x000000071886ad58,0x0000000718880000)
  from space 10240K, 90% used [0x0000000719380000,0x0000000719c90698,0x0000000719d80000)
  to   space 11264K, 0% used [0x0000000718880000,0x0000000718880000,0x0000000719380000)
 ParOldGen       total 349696K, used 47170K [0x00000005c0c00000, 0x00000005d6180000, 0x0000000715980000)
  object space 349696K, 13% used [0x00000005c0c00000,0x00000005c3a10970,0x00000005d6180000)
 Metaspace       used 9443K, capacity 9691K, committed 9984K, reserved 1058816K
  class space    used 914K, capacity 984K, committed 1024K, reserved 1048576K
Event: 107.591 GC heap after
Heap after GC invocations=219 (full 0):
 PSYoungGen      total 53760K, used 5724K [0x0000000715980000, 0x0000000719d00000, 0x00000007c0000000)
  eden space 47616K, 0% used [0x0000000715980000,0x0000000715980000,0x0000000718800000)
  from space 6144K, 93% used [0x0000000718880000,0x0000000718e17288,0x0000000718e80000)
  to   space 10752K, 0% used [0x0000000719280000,0x0000000719280000,0x0000000719d00000)
 ParOldGen       total 349696K, used 47186K [0x00000005c0c00000, 0x00000005d6180000, 0x0000000715980000)
  object space 349696K, 13% used [0x00000005c0c00000,0x00000005c3a14970,0x00000005d6180000)
 Metaspace       used 9443K, capacity 9691K, committed 9984K, reserved 1058816K
  class space    used 914K, capacity 984K, committed 1024K, reserved 1048576K
}
Event: 108.093 GC heap before
{Heap before GC invocations=220 (full 0):
 PSYoungGen      total 53760K, used 52672K [0x0000000715980000, 0x0000000719d00000, 0x00000007c0000000)
  eden space 47616K, 98% used [0x0000000715980000,0x0000000718758f18,0x0000000718800000)
  from space 6144K, 93% used [0x0000000718880000,0x0000000718e17288,0x0000000718e80000)
  to   space 10752K, 0% used [0x0000000719280000,0x0000000719280000,0x0000000719d00000)
 ParOldGen       total 349696K, used 47186K [0x00000005c0c00000, 0x00000005d6180000, 0x0000000715980000)
  object space 349696K, 13% used [0x00000005c0c00000,0x00000005c3a14970,0x00000005d6180000)
 Metaspace       used 9443K, capacity 9691K, committed 9984K, reserved 1058816K
  class space    used 914K, capacity 984K, committed 1024K, reserved 1048576K
Event: 108.096 GC heap after
Heap after GC invocations=220 (full 0):
 PSYoungGen      total 57344K, used 7412K [0x0000000715980000, 0x0000000719c80000, 0x00000007c0000000)
  eden space 47104K, 0% used [0x0000000715980000,0x0000000715980000,0x0000000718780000)
  from space 10240K, 72% used [0x0000000719280000,0x00000007199bd298,0x0000000719c80000)
  to   space 10752K, 0% used [0x0000000718780000,0x0000000718780000,0x0000000719200000)
 ParOldGen       total 349696K, used 47194K [0x00000005c0c00000, 0x00000005d6180000, 0x0000000715980000)
  object space 349696K, 13% used [0x00000005c0c00000,0x00000005c3a16970,0x00000005d6180000)
 Metaspace       used 9443K, capacity 9691K, committed 9984K, reserved 1058816K
  class space    used 914K, capacity 984K, committed 1024K, reserved 1048576K
}
Event: 108.503 GC heap before
{Heap before GC invocations=221 (full 0):
 PSYoungGen      total 57344K, used 54516K [0x0000000715980000, 0x0000000719c80000, 0x00000007c0000000)
  eden space 47104K, 100% used [0x0000000715980000,0x0000000718780000,0x0000000718780000)
  from space 10240K, 72% used [0x0000000719280000,0x00000007199bd298,0x0000000719c80000)
  to   space 10752K, 0% used [0x0000000718780000,0x0000000718780000,0x0000000719200000)
 ParOldGen       total 349696K, used 47194K [0x00000005c0c00000, 0x00000005d6180000, 0x0000000715980000)
  object space 349696K, 13% used [0x00000005c0c00000,0x00000005c3a16970,0x00000005d6180000)
 Metaspace       used 9443K, capacity 9691K, committed 9984K, reserved 1058816K
  class space    used 914K, capacity 984K, committed 1024K, reserved 1048576K
Event: 108.505 GC heap after
Heap after GC invocations=221 (full 0):
 PSYoungGen      total 57344K, used 9324K [0x0000000715980000, 0x0000000719d00000, 0x00000007c0000000)
  eden space 46592K, 0% used [0x0000000715980000,0x0000000715980000,0x0000000718700000)
  from space 10752K, 86% used [0x0000000718780000,0x000000071909b2a8,0x0000000719200000)
  to   space 11264K, 0% used [0x0000000719200000,0x0000000719200000,0x0000000719d00000)
 ParOldGen       total 349696K, used 47202K [0x00000005c0c00000, 0x00000005d6180000, 0x0000000715980000)
  object space 349696K, 13% used [0x00000005c0c00000,0x00000005c3a18970,0x00000005d6180000)
 Metaspace       used 9443K, capacity 9691K, committed 9984K, reserved 1058816K
  class space    used 914K, capacity 984K, committed 1024K, reserved 1048576K
}
Event: 108.863 GC heap before
{Heap before GC invocations=222 (full 0):
 PSYoungGen      total 57344K, used 55916K [0x0000000715980000, 0x0000000719d00000, 0x00000007c0000000)
  eden space 46592K, 100% used [0x0000000715980000,0x0000000718700000,0x0000000718700000)
  from space 10752K, 86% used [0x0000000718780000,0x000000071909b2a8,0x0000000719200000)
  to   space 11264K, 0% used [0x0000000719200000,0x0000000719200000,0x0000000719d00000)
 ParOldGen       total 349696K, used 47202K [0x00000005c0c00000, 0x00000005d6180000, 0x0000000715980000)
  object space 349696K, 13% used [0x00000005c0c00000,0x00000005c3a18970,0x00000005d6180000)
 Metaspace       used 9443K, capacity 9691K, committed 9984K, reserved 1058816K
  class space    used 914K, capacity 984K, committed 1024K, reserved 1048576K
Event: 108.866 GC heap after
Heap after GC invocations=222 (full 0):
 PSYoungGen      total 56832K, used 4804K [0x0000000715980000, 0x0000000719c80000, 0x00000007c0000000)
  eden space 46080K, 0% used [0x0000000715980000,0x0000000715980000,0x0000000718680000)
  from space 10752K, 44% used [0x0000000719200000,0x00000007196b1288,0x0000000719c80000)
  to   space 11264K, 0% used [0x0000000718680000,0x0000000718680000,0x0000000719180000)
 ParOldGen       total 349696K, used 47210K [0x00000005c0c00000, 0x00000005d6180000, 0x0000000715980000)
  object space 349696K, 13% used [0x00000005c0c00000,0x00000005c3a1a970,0x00000005d6180000)
 Metaspace       used 9443K, capacity 9691K, committed 9984K, reserved 1058816K
  class space    used 914K, capacity 984K, committed 1024K, reserved 1048576K
}
Event: 109.217 GC heap before
{Heap before GC invocations=223 (full 0):
 PSYoungGen      total 56832K, used 50884K [0x0000000715980000, 0x0000000719c80000, 0x00000007c0000000)
  eden space 46080K, 100% used [0x0000000715980000,0x0000000718680000,0x0000000718680000)
  from space 10752K, 44% used [0x0000000719200000,0x00000007196b1288,0x0000000719c80000)
  to   space 11264K, 0% used [0x0000000718680000,0x0000000718680000,0x0000000719180000)
 ParOldGen       total 349696K, used 47210K [0x00000005c0c00000, 0x00000005d6180000, 0x0000000715980000)
  object space 349696K, 13% used [0x00000005c0c00000,0x00000005c3a1a970,0x00000005d6180000)
 Metaspace       used 9443K, capacity 9691K, committed 9984K, reserved 1058816K
  class space    used 914K, capacity 984K, committed 1024K, reserved 1048576K
Event: 109.223 GC heap after
Heap after GC invocations=223 (full 0):
 PSYoungGen      total 51200K, used 5396K [0x0000000715980000, 0x0000000719b00000, 0x00000007c0000000)
  eden space 45568K, 0% used [0x0000000715980000,0x0000000715980000,0x0000000718600000)
  from space 5632K, 95% used [0x0000000718680000,0x0000000718bc53a8,0x0000000718c00000)
  to   space 10752K, 0% used [0x0000000719080000,0x0000000719080000,0x0000000719b00000)
 ParOldGen       total 349696K, used 47218K [0x00000005c0c00000, 0x00000005d6180000, 0x0000000715980000)
  object space 349696K, 13% used [0x00000005c0c00000,0x00000005c3a1c970,0x00000005d6180000)
 Metaspace       used 9443K, capacity 9691K, committed 9984K, reserved 1058816K
  class space    used 914K, capacity 984K, committed 1024K, reserved 1048576K
}

Deoptimization events (10 events):
Event: 2.761 Thread 0x0000000002148000 Uncommon trap: reason=class_check action=maybe_recompile pc=0x0000000002c87fdc method=eu.mihosoft.vrl.v3d.CSG.getTriangles(Z)V @ 40
Event: 3.123 Thread 0x0000000002148000 Uncommon trap: reason=class_check action=maybe_recompile pc=0x0000000002c87fdc method=eu.mihosoft.vrl.v3d.CSG.getTriangles(Z)V @ 40
Event: 3.483 Thread 0x0000000002148000 Uncommon trap: reason=class_check action=maybe_recompile pc=0x0000000002c87fdc method=eu.mihosoft.vrl.v3d.CSG.getTriangles(Z)V @ 40
Event: 3.826 Thread 0x0000000026c93000 Uncommon trap: reason=unreached action=reinterpret pc=0x0000000002c77114 method=sun.misc.Cleaner.remove(Lsun/misc/Cleaner;)Z @ 14
Event: 3.826 Thread 0x0000000026c93000 Uncommon trap: reason=unreached action=reinterpret pc=0x0000000002c6adc4 method=sun.misc.Cleaner.remove(Lsun/misc/Cleaner;)Z @ 14
Event: 3.852 Thread 0x0000000002148000 Uncommon trap: reason=class_check action=maybe_recompile pc=0x0000000002c87fdc method=eu.mihosoft.vrl.v3d.CSG.getTriangles(Z)V @ 40
Event: 5.635 Thread 0x0000000026f5e800 Uncommon trap: reason=unreached action=reinterpret pc=0x0000000002d41cf4 method=simplify.SimplifyCSG.simplifyCSG(Leu/mihosoft/vrl/v3d/CSG;)Leu/mihosoft/vrl/v3d/CSG; @ 792
Event: 27.252 Thread 0x0000000026f5e800 Uncommon trap: reason=unreached action=reinterpret pc=0x0000000002c9f4ec method=java.util.HashMap.putVal(ILjava/lang/Object;Ljava/lang/Object;ZZ)Ljava/lang/Object; @ 109
Event: 27.252 Thread 0x0000000026f5e800 Uncommon trap: reason=unreached action=reinterpret pc=0x0000000002ca54f8 method=java.util.HashMap.putVal(ILjava/lang/Object;Ljava/lang/Object;ZZ)Ljava/lang/Object; @ 109
Event: 27.252 Thread 0x0000000026f5e800 Uncommon trap: reason=unreached action=reinterpret pc=0x0000000002cb767c method=java.util.HashMap.resize()[Ljava/util/HashMap$Node; @ 206

Internal exceptions (10 events):
Event: 0.671 Thread 0x0000000002148000 Exception <a 'java/io/FileNotFoundException'> (0x0000000717523430) thrown at [D:\re\workspace\8-2-build-windows-amd64-cygwin\jdk8u25\1677\hotspot\src\share\vm\prims\jni.cpp, line 716]
Event: 0.701 Thread 0x0000000002148000 Exception <a 'java/security/PrivilegedActionException'> (0x000000071758ed68) thrown at [D:\re\workspace\8-2-build-windows-amd64-cygwin\jdk8u25\1677\hotspot\src\share\vm\prims\jvm.cpp, line 1312]
Event: 0.758 Thread 0x0000000002148000 Exception <a 'java/security/PrivilegedActionException'> (0x00000007175943c8) thrown at [D:\re\workspace\8-2-build-windows-amd64-cygwin\jdk8u25\1677\hotspot\src\share\vm\prims\jvm.cpp, line 1312]
Event: 0.761 Thread 0x0000000002148000 Exception <a 'java/security/PrivilegedActionException'> (0x0000000717598480) thrown at [D:\re\workspace\8-2-build-windows-amd64-cygwin\jdk8u25\1677\hotspot\src\share\vm\prims\jvm.cpp, line 1312]
Event: 2.044 Thread 0x0000000002148000 Exception <a 'java/security/PrivilegedActionException'> (0x000000071ad22330) thrown at [D:\re\workspace\8-2-build-windows-amd64-cygwin\jdk8u25\1677\hotspot\src\share\vm\prims\jvm.cpp, line 1312]
Event: 2.048 Thread 0x0000000026f5e800 Exception <a 'java/security/PrivilegedActionException'> (0x000000071aa6a048) thrown at [D:\re\workspace\8-2-build-windows-amd64-cygwin\jdk8u25\1677\hotspot\src\share\vm\prims\jvm.cpp, line 1312]
Event: 2.649 Thread 0x0000000026f5e800 Exception <a 'java/security/PrivilegedActionException'> (0x000000071be28f90) thrown at [D:\re\workspace\8-2-build-windows-amd64-cygwin\jdk8u25\1677\hotspot\src\share\vm\prims\jvm.cpp, line 1312]
Event: 2.650 Thread 0x0000000026f5e800 Exception <a 'java/security/PrivilegedActionException'> (0x000000071be2d440) thrown at [D:\re\workspace\8-2-build-windows-amd64-cygwin\jdk8u25\1677\hotspot\src\share\vm\prims\jvm.cpp, line 1312]
Event: 2.650 Thread 0x0000000026f5e800 Exception <a 'java/security/PrivilegedActionException'> (0x000000071be2fce8) thrown at [D:\re\workspace\8-2-build-windows-amd64-cygwin\jdk8u25\1677\hotspot\src\share\vm\prims\jvm.cpp, line 1312]
Event: 2.681 Thread 0x0000000026f5e800 Exception <a 'java/security/PrivilegedActionException'> (0x000000071c701fd8) thrown at [D:\re\workspace\8-2-build-windows-amd64-cygwin\jdk8u25\1677\hotspot\src\share\vm\prims\jvm.cpp, line 1312]

Events (10 events):
Event: 107.589 Executing VM operation: ParallelGCFailedAllocation
Event: 107.591 Executing VM operation: ParallelGCFailedAllocation done
Event: 108.093 Executing VM operation: ParallelGCFailedAllocation
Event: 108.096 Executing VM operation: ParallelGCFailedAllocation done
Event: 108.503 Executing VM operation: ParallelGCFailedAllocation
Event: 108.505 Executing VM operation: ParallelGCFailedAllocation done
Event: 108.863 Executing VM operation: ParallelGCFailedAllocation
Event: 108.866 Executing VM operation: ParallelGCFailedAllocation done
Event: 109.217 Executing VM operation: ParallelGCFailedAllocation
Event: 109.223 Executing VM operation: ParallelGCFailedAllocation done


Dynamic libraries:
0x000000013f5f0000 - 0x000000013f624000 	C:\Program Files\Java\jdk1.8.0_25\bin\java.exe
0x0000000077230000 - 0x00000000773d9000 	C:\Windows\SYSTEM32\ntdll.dll
0x0000000077010000 - 0x000000007712f000 	C:\Windows\system32\kernel32.dll
0x000007fefc2d0000 - 0x000007fefc33c000 	C:\Windows\system32\KERNELBASE.dll
0x000007fefe150000 - 0x000007fefe22b000 	C:\Windows\system32\ADVAPI32.dll
0x000007fefde10000 - 0x000007fefdeaf000 	C:\Windows\system32\msvcrt.dll
0x000007fefd600000 - 0x000007fefd61f000 	C:\Windows\SYSTEM32\sechost.dll
0x000007fefdeb0000 - 0x000007fefdfdd000 	C:\Windows\system32\RPCRT4.dll
0x0000000077130000 - 0x000000007722a000 	C:\Windows\system32\USER32.dll
0x000007fefc780000 - 0x000007fefc7e7000 	C:\Windows\system32\GDI32.dll
0x000007fefc770000 - 0x000007fefc77e000 	C:\Windows\system32\LPK.dll
0x000007fefdfe0000 - 0x000007fefe0a9000 	C:\Windows\system32\USP10.dll
0x000007fefaa90000 - 0x000007fefac84000 	C:\Windows\WinSxS\amd64_microsoft.windows.common-controls_6595b64144ccf1df_6.0.7601.17514_none_fa396087175ac9ac\COMCTL32.dll
0x000007fefc440000 - 0x000007fefc4b1000 	C:\Windows\system32\SHLWAPI.dll
0x000007fefe520000 - 0x000007fefe54e000 	C:\Windows\system32\IMM32.DLL
0x000007fefd950000 - 0x000007fefda59000 	C:\Windows\system32\MSCTF.dll
0x0000000064940000 - 0x0000000064a12000 	C:\Program Files\Java\jdk1.8.0_25\jre\bin\msvcr100.dll
0x000000005f500000 - 0x000000005fd5a000 	C:\Program Files\Java\jdk1.8.0_25\jre\bin\server\jvm.dll
0x000007fef7b00000 - 0x000007fef7b09000 	C:\Windows\system32\WSOCK32.dll
0x000007fefd900000 - 0x000007fefd94d000 	C:\Windows\system32\WS2_32.dll
0x000007fefe6d0000 - 0x000007fefe6d8000 	C:\Windows\system32\NSI.dll
0x000007fef9a80000 - 0x000007fef9abb000 	C:\Windows\system32\WINMM.dll
0x0000000077400000 - 0x0000000077407000 	C:\Windows\system32\PSAPI.DLL
0x0000000072af0000 - 0x0000000072aff000 	C:\Program Files\Java\jdk1.8.0_25\jre\bin\verify.dll
0x0000000072a20000 - 0x0000000072a48000 	C:\Program Files\Java\jdk1.8.0_25\jre\bin\java.dll
0x0000000072a00000 - 0x0000000072a16000 	C:\Program Files\Java\jdk1.8.0_25\jre\bin\zip.dll
0x000007fefc870000 - 0x000007fefd5f8000 	C:\Windows\system32\SHELL32.dll
0x000007fefe230000 - 0x000007fefe433000 	C:\Windows\system32\ole32.dll
0x000007fefc080000 - 0x000007fefc08f000 	C:\Windows\system32\profapi.dll
0x000007fef9820000 - 0x000007fef9830000 	C:\Program Files (x86)\JetBrains\IntelliJ IDEA Community Edition 14.0\bin\breakgen64.dll
0x00000000728c0000 - 0x00000000728da000 	C:\Program Files\Java\jdk1.8.0_25\jre\bin\net.dll
0x000007fefb860000 - 0x000007fefb8b5000 	C:\Windows\system32\mswsock.dll
0x000007fefb850000 - 0x000007fefb857000 	C:\Windows\System32\wship6.dll
0x0000000180000000 - 0x0000000180051000 	C:\projects\game\lwjgl-2.9.1\lib\windows\lwjgl64.dll
0x000007fee4bd0000 - 0x000007fee4ced000 	C:\Windows\system32\OPENGL32.dll
0x000007feee290000 - 0x000007feee2bd000 	C:\Windows\system32\GLU32.dll
0x000007fee5620000 - 0x000007fee5711000 	C:\Windows\system32\DDRAW.dll
0x000007fefa7e0000 - 0x000007fefa7e8000 	C:\Windows\system32\DCIMAN32.dll
0x000007fefdc30000 - 0x000007fefde07000 	C:\Windows\system32\SETUPAPI.dll
0x000007fefc3b0000 - 0x000007fefc3e6000 	C:\Windows\system32\CFGMGR32.dll
0x000007fefe440000 - 0x000007fefe517000 	C:\Windows\system32\OLEAUT32.dll
0x000007fefc410000 - 0x000007fefc42a000 	C:\Windows\system32\DEVOBJ.dll
0x000007fefa5c0000 - 0x000007fefa5d8000 	C:\Windows\system32\dwmapi.dll
0x000007fefb150000 - 0x000007fefb15c000 	C:\Windows\system32\VERSION.dll
0x000007fefa540000 - 0x000007fefa596000 	C:\Windows\system32\uxtheme.dll
0x000000005d000000 - 0x000000005eea2000 	C:\Windows\system32\nvoglv64.DLL
0x000007fefb2e0000 - 0x000007fefb2f1000 	C:\Windows\system32\WTSAPI32.dll
0x000007fefc360000 - 0x000007fefc39a000 	C:\Windows\system32\WINTRUST.dll
0x000007fefc0a0000 - 0x000007fefc20c000 	C:\Windows\system32\CRYPT32.dll
0x000007fefc090000 - 0x000007fefc09f000 	C:\Windows\system32\MSASN1.dll
0x000007fefb120000 - 0x000007fefb14d000 	C:\Windows\system32\ntmarta.dll
0x000007fefda60000 - 0x000007fefdab2000 	C:\Windows\system32\WLDAP32.dll
0x000007fefb400000 - 0x000007fefb43d000 	C:\Windows\system32\WINSTA.dll
0x000007fefbf20000 - 0x000007fefbf2f000 	C:\Windows\system32\CRYPTBASE.dll
0x000007fef8e50000 - 0x000007fef8eec000 	C:\Windows\system32\mscms.dll
0x000007fefc2b0000 - 0x000007fefc2ce000 	C:\Windows\system32\USERENV.dll
0x000007fee6b80000 - 0x000007fee6bc2000 	C:\Windows\system32\icm32.dll
0x0000000063630000 - 0x00000000637c8000 	C:\Program Files\Java\jdk1.8.0_25\jre\bin\awt.dll
0x0000000072620000 - 0x0000000072667000 	C:\Program Files\Java\jdk1.8.0_25\jre\bin\fontmanager.dll
0x00000000728e0000 - 0x00000000728f1000 	C:\Program Files\Java\jdk1.8.0_25\jre\bin\nio.dll
0x000000006ef00000 - 0x000000006ef41000 	C:\Program Files\Java\jdk1.8.0_25\jre\bin\t2k.dll
0x000007fef97e0000 - 0x000007fef9807000 	C:\Windows\system32\IPHLPAPI.DLL
0x000007fef97c0000 - 0x000007fef97cb000 	C:\Windows\system32\WINNSI.DLL
0x000007fef94d0000 - 0x000007fef94e8000 	C:\Windows\system32\dhcpcsvc.DLL
0x000007fef94b0000 - 0x000007fef94c1000 	C:\Windows\system32\dhcpcsvc6.DLL
0x000007fef7790000 - 0x000007fef78b5000 	C:\Windows\system32\dbghelp.dll

VM Arguments:
jvm_args: -Djava.library.path=C:\projects\game\lwjgl-2.9.1\lib\windows -Didea.launcher.port=7535 -Didea.launcher.bin.path=C:\Program Files (x86)\JetBrains\IntelliJ IDEA Community Edition 14.0\bin -Dfile.encoding=UTF-8 
java_command: com.intellij.rt.execution.application.AppMain Main
java_class_path (initial): C:\Program Files\Java\jdk1.8.0_25\jre\lib\charsets.jar;C:\Program Files\Java\jdk1.8.0_25\jre\lib\deploy.jar;C:\Program Files\Java\jdk1.8.0_25\jre\lib\javaws.jar;C:\Program Files\Java\jdk1.8.0_25\jre\lib\jce.jar;C:\Program Files\Java\jdk1.8.0_25\jre\lib\jfr.jar;C:\Program Files\Java\jdk1.8.0_25\jre\lib\jfxswt.jar;C:\Program Files\Java\jdk1.8.0_25\jre\lib\jsse.jar;C:\Program Files\Java\jdk1.8.0_25\jre\lib\management-agent.jar;C:\Program Files\Java\jdk1.8.0_25\jre\lib\plugin.jar;C:\Program Files\Java\jdk1.8.0_25\jre\lib\resources.jar;C:\Program Files\Java\jdk1.8.0_25\jre\lib\rt.jar;C:\Program Files\Java\jdk1.8.0_25\jre\lib\ext\access-bridge-64.jar;C:\Program Files\Java\jdk1.8.0_25\jre\lib\ext\cldrdata.jar;C:\Program Files\Java\jdk1.8.0_25\jre\lib\ext\dnsns.jar;C:\Program Files\Java\jdk1.8.0_25\jre\lib\ext\jaccess.jar;C:\Program Files\Java\jdk1.8.0_25\jre\lib\ext\jfxrt.jar;C:\Program Files\Java\jdk1.8.0_25\jre\lib\ext\localedata.jar;C:\Program Files\Java\jdk1.8.0_25\jre\lib\ext\nashorn.jar;C:\Program Files\Java\jdk1.8.0_25\jre\lib\ext\sunec.jar;C:\Program Files\Java\jdk1.8.0_25\jre\lib\ext\sunjce_provider.jar;C:\Program Files\Java\jdk1.8.0_25\jre\lib\ext\sunmscapi.jar;C:\Program Files\Java\jdk1.8.0_25\jre\lib\ext\sunpkcs11.jar;C:\Program Files\Java\jdk1.8.0_25\jre\lib\ext\zipfs.jar;C:\projects\game\out\production\game;C:\projects\game\lwjgl-2.9.1\jar\AppleJavaExtensions.jar;C:\projects\game\lwjgl-2.9.1\jar\asm-debug-all.jar;C:\projects\game\lwjgl-2.9.1\jar\jinput.jar;C:\projects\game\lwjgl-2.9.1\jar\lwjgl.jar;C:\projects\game\lwjgl-2.9.1\jar\lwjgl-debug.jar;C:\projects\game\lwjgl-2.9.1\jar\lwjgl_test.jar;C:\projects\game\lwjgl-2.9.1\jar\lwjgl_util.jar;C:\projects\game\lwjgl-2.9.1\jar\lwjgl_util_applet.jar;C:\projects\game\lwjgl-2.9.1\jar\lzma.jar;C:\projects\game\JCSG-master\build\libs\JCSG-master.jar;C:\projects\game\lwjgl-2.9.1\jar\slick-util.jar;C:\projects\game\apachecommons\commons-net-3.3.jar;C:\projects\game\apachecommons\commons-lang
Launcher Type: SUN_STANDARD

Environment Variables:
JAVA_HOME=C:\Program Files\Java\jdk1.8.0_25
PATH=C:\ProgramData\Oracle\Java\javapath;C:\Program Files (x86)\NVIDIA Corporation\PhysX\Common;C:\Users\user\AMD APP SDK\2.9\bin\x86_64;C:\Users\user\AMD APP SDK\2.9\bin\x86;C:\Program Files (x86)\AMD APP SDK\2.9\bin\x86_64;C:\Program Files (x86)\AMD APP SDK\2.9\bin\x86;C:\Program Files (x86)\Intel\iCLS Client\;C:\Program Files\Intel\iCLS Client\;C:\Windows\system32;C:\Windows;C:\Windows\System32\Wbem;C:\Windows\System32\WindowsPowerShell\v1.0\;C:\Program Files\Intel\Intel(R) Management Engine Components\DAL;C:\Program Files\Intel\Intel(R) Management Engine Components\IPT;C:\Program Files (x86)\Intel\Intel(R) Management Engine Components\DAL;C:\Program Files (x86)\Intel\Intel(R) Management Engine Components\IPT;C:\Program Files\Microsoft SQL Server\110\Tools\Binn\;C:\Program Files\Microsoft Windows Performance Toolkit\;C:\Program Files\nodejs\;C:\Program Files\LuxRender;C:\Program Files\VCG\MeshLab;C:\Program Files (x86)\MySQL\MySQL Utilities 1.4\;C:\Program Files (x86)\MySQL\MySQL Utilities 1.4\Doctrine extensions for PHP\;C:\Program Files (x86)\QuickTime\QTSystem\;C:\Python27;C:\Program Files (x86)\Microsoft Visual Studio 12.0\VC\vcpackages;C:\Users\user\AppData\Roaming\npm;C:\Program Files\apfloat;C:\Program Files (x86)\Kiwix\kiwix\xulrunner;C:\mongodb\bin\;C:\projects\wikirandom\node_modules\forever\bin;C:\Program Files (x86)\JetBrains\WebStorm 7.0.3\jre\bin;C:\Program Files\apache-maven-3.2.2\bin;C:\aparapi;C:\Program Files\VCG\MeshLab;
USERNAME=user
OS=Windows_NT
PROCESSOR_IDENTIFIER=Intel64 Family 6 Model 58 Stepping 9, GenuineIntel



---------------  S Y S T E M  ---------------

OS: Windows 7 , 64 bit Build 7601 Service Pack 1

CPU:total 8 (4 cores per cpu, 2 threads per core) family 6 model 58 stepping 9, cmov, cx8, fxsr, mmx, sse, sse2, sse3, ssse3, sse4.1, sse4.2, popcnt, avx, aes, clmul, erms, ht, tsc, tscinvbit, tscinv

Memory: 4k page, physical 33498820k(26955504k free), swap 66995776k(53164360k free)

vm_info: Java HotSpot(TM) 64-Bit Server VM (25.25-b02) for windows-amd64 JRE (1.8.0_25-b18), built on Oct  7 2014 14:25:37 by "java_re" with MS VC++ 10.0 (VS2010)

time: Mon Feb 09 02:43:19 2015
elapsed time: 109 seconds (0d 0h 1m 49s)

