#
# A fatal error has been detected by the Java Runtime Environment:
#
#  EXCEPTION_ACCESS_VIOLATION (0xc0000005) at pc=0x000000005ee29660, pid=6000, tid=5984
#
# JRE version: Java(TM) SE Runtime Environment (8.0_25-b18) (build 1.8.0_25-b18)
# Java VM: Java HotSpot(TM) 64-Bit Server VM (25.25-b02 mixed mode windows-amd64 compressed oops)
# Problematic frame:
# C  [nvoglv64.DLL+0xa99660]
#
# Failed to write core dump. Minidumps are not enabled by default on client versions of Windows
#
# If you would like to submit a bug report, please visit:
#   http://bugreport.sun.com/bugreport/crash.jsp
# The crash happened outside the Java Virtual Machine in native code.
# See problematic frame for where to report the bug.
#

---------------  T H R E A D  ---------------

Current thread (0x0000000002118000):  JavaThread "main" [_thread_in_native, id=5984, stack(0x0000000002510000,0x0000000002610000)]

siginfo: ExceptionCode=0xc0000005, reading address 0x00000000bd580040

Registers:
RAX=0x00000000bd580060, RBX=0x00000000bd580040, RCX=0x000000004d6e0020, RDX=0x00000000bd580040
RSP=0x000000000260d9d8, RBP=0x0000000000000800, RSI=0x0000000000000000, RDI=0x000000004d6e0000
R8 =0x0000000000000020, R9 =0x0000000000000006, R10=0x0000000000000010, R11=0x0000000000000006
R12=0x0000000000000000, R13=0x000000005ee46370, R14=0x00000000000000fe, R15=0x0000000000000000
RIP=0x000000005ee29660, EFLAGS=0x0000000000010202

Top of Stack: (sp=0x000000000260d9d8)
0x000000000260d9d8:   000000005ee2928d 0000000000000001
0x000000000260d9e8:   00000000bd580040 0000000000000001
0x000000000260d9f8:   000000005ee31881 0000000000000200
0x000000000260da08:   00000000495a1830 00000000bd580040
0x000000000260da18:   00000000000000ff 000000004d6e0000
0x000000000260da28:   000000005ed66070 0000000000000800
0x000000000260da38:   0000000000000800 0000000000000200
0x000000000260da48:   0000000000100002 000000005ee46370
0x000000000260da58:   0000000000000000 000000000000007f
0x000000000260da68:   0000000000000000 0000000000000006
0x000000000260da78:   00000000bd90e040 00000000bd810040
0x000000000260da88:   00000000bd810040 0000000000000000
0x000000000260da98:   000000004e9b4890 0000020000000000
0x000000000260daa8:   0000000000000010 0000000000000000
0x000000000260dab8:   000000ff00000000 00000000000000ff
0x000000000260dac8:   0000000000100000 000000004d6e0000 

Instructions: (pc=0x000000005ee29660)
0x000000005ee29640:   8d 40 40 0f 11 41 d0 49 ff c8 75 d4 c3 4d 85 c0
0x000000005ee29650:   74 3a 48 83 c1 20 48 8d 42 20 66 0f 1f 44 00 00
0x000000005ee29660:   0f 28 58 e0 0f 28 50 f0 0f 28 08 48 8d 49 40 0f
0x000000005ee29670:   28 40 10 0f 29 59 a0 0f 29 51 b0 48 8d 40 40 0f 


Register to memory mapping:

RAX=0x00000000bd580060 is an unknown value
RBX=0x00000000bd580040 is an unknown value
RCX=0x000000004d6e0020 is an unknown value
RDX=0x00000000bd580040 is an unknown value
RSP=0x000000000260d9d8 is pointing into the stack for thread: 0x0000000002118000
RBP=0x0000000000000800 is an unknown value
RSI=0x0000000000000000 is an unknown value
RDI=0x000000004d6e0000 is an unknown value
R8 =0x0000000000000020 is an unknown value
R9 =0x0000000000000006 is an unknown value
R10=0x0000000000000010 is an unknown value
R11=0x0000000000000006 is an unknown value
R12=0x0000000000000000 is an unknown value
R13=0x000000005ee46370 is an unknown value
R14=0x00000000000000fe is an unknown value
R15=0x0000000000000000 is an unknown value


Stack: [0x0000000002510000,0x0000000002610000],  sp=0x000000000260d9d8,  free space=1014k
Native frames: (J=compiled Java code, j=interpreted, Vv=VM code, C=native code)
C  [nvoglv64.DLL+0xa99660]

Java frames: (J=compiled Java code, j=interpreted, Vv=VM code)
J 1119  org.lwjgl.opengl.GL11.nglTexImage2D(IIIIIIIIJJ)V (0 bytes) @ 0x0000000002d0c485 [0x0000000002d0c400+0x85]
J 1069 C1 org.lwjgl.opengl.GL11.glTexImage2D(IIIIIIIILjava/nio/ByteBuffer;)V (67 bytes) @ 0x0000000002cd04d4 [0x0000000002ccf780+0xd54]
J 584 C2 factory.TextureFactory.loadTexture(Ljava/awt/image/BufferedImage;)I (243 bytes) @ 0x0000000002b82188 [0x0000000002b815c0+0xbc8]
J 1216 C1 stringToTexture(Ljava/lang/String;)I (135 bytes) @ 0x0000000002d661c4 [0x0000000002d65780+0xa44]
J 1215 C1 gameWorldRender.updateFPS()V (109 bytes) @ 0x0000000002d67dfc [0x0000000002d673e0+0xa1c]
J 1214 C1 gameWorldRender.update()V (5 bytes) @ 0x0000000002d66ffc [0x0000000002d66f80+0x7c]
j  gameWorldRender.start()V+74
j  game.main([Ljava/lang/String;)V+29
v  ~StubRoutines::call_stub
j  sun.reflect.NativeMethodAccessorImpl.invoke0(Ljava/lang/reflect/Method;Ljava/lang/Object;[Ljava/lang/Object;)Ljava/lang/Object;+0
j  sun.reflect.NativeMethodAccessorImpl.invoke(Ljava/lang/Object;[Ljava/lang/Object;)Ljava/lang/Object;+100
j  sun.reflect.DelegatingMethodAccessorImpl.invoke(Ljava/lang/Object;[Ljava/lang/Object;)Ljava/lang/Object;+6
j  java.lang.reflect.Method.invoke(Ljava/lang/Object;[Ljava/lang/Object;)Ljava/lang/Object;+56
j  com.intellij.rt.execution.application.AppMain.main([Ljava/lang/String;)V+163
v  ~StubRoutines::call_stub

---------------  P R O C E S S  ---------------

Java Threads: ( => current thread )
  0x0000000039053000 JavaThread "Java2D Disposer" daemon [_thread_blocked, id=7616, stack(0x000000004cdb0000,0x000000004ceb0000)]
  0x0000000026e75000 JavaThread "Thread-0" [_thread_blocked, id=5732, stack(0x0000000029c00000,0x0000000029d00000)]
  0x0000000026d4f000 JavaThread "Monitor Ctrl-Break" daemon [_thread_in_native, id=6716, stack(0x0000000028d00000,0x0000000028e00000)]
  0x0000000026c54000 JavaThread "Service Thread" daemon [_thread_blocked, id=3896, stack(0x00000000289d0000,0x0000000028ad0000)]
  0x0000000026bd6000 JavaThread "C1 CompilerThread3" daemon [_thread_blocked, id=7644, stack(0x00000000287d0000,0x00000000288d0000)]
  0x0000000026bd5000 JavaThread "C2 CompilerThread2" daemon [_thread_blocked, id=5832, stack(0x00000000286c0000,0x00000000287c0000)]
  0x0000000026bc9000 JavaThread "C2 CompilerThread1" daemon [_thread_blocked, id=5260, stack(0x0000000028430000,0x0000000028530000)]
  0x0000000026bc1800 JavaThread "C2 CompilerThread0" daemon [_thread_blocked, id=6780, stack(0x0000000027e40000,0x0000000027f40000)]
  0x0000000026bbe000 JavaThread "Attach Listener" daemon [_thread_blocked, id=6904, stack(0x0000000028200000,0x0000000028300000)]
  0x0000000026bbc800 JavaThread "Signal Dispatcher" daemon [_thread_blocked, id=5656, stack(0x00000000280f0000,0x00000000281f0000)]
  0x0000000025b0a800 JavaThread "Finalizer" daemon [_thread_blocked, id=6692, stack(0x0000000027f40000,0x0000000028040000)]
  0x0000000025b04800 JavaThread "Reference Handler" daemon [_thread_blocked, id=1748, stack(0x0000000027ad0000,0x0000000027bd0000)]
=>0x0000000002118000 JavaThread "main" [_thread_in_native, id=5984, stack(0x0000000002510000,0x0000000002610000)]

Other Threads:
  0x0000000025aff800 VMThread [stack: 0x0000000027c90000,0x0000000027d90000] [id=5844]
  0x0000000026c6d000 WatcherThread [stack: 0x0000000028b20000,0x0000000028c20000] [id=6540]

VM state:not at safepoint (normal execution)

VM Mutex/Monitor currently owned by a thread: None

Heap:
 PSYoungGen      total 56832K, used 376K [0x0000000715980000, 0x0000000719e80000, 0x00000007c0000000)
  eden space 56320K, 0% used [0x0000000715980000,0x00000007159ce030,0x0000000719080000)
  from space 512K, 12% used [0x0000000719100000,0x0000000719110000,0x0000000719180000)
  to   space 7168K, 0% used [0x0000000719780000,0x0000000719780000,0x0000000719e80000)
 ParOldGen       total 349696K, used 2361K [0x00000005c0c00000, 0x00000005d6180000, 0x0000000715980000)
  object space 349696K, 0% used [0x00000005c0c00000,0x00000005c0e4e510,0x00000005d6180000)
 Metaspace       used 8806K, capacity 8919K, committed 9088K, reserved 1056768K
  class space    used 835K, capacity 886K, committed 896K, reserved 1048576K

Card table byte_map: [0x0000000011ca0000,0x0000000012ca0000] byte_map_base: 0x000000000ee9a000

Marking Bits: (ParMarkBitMap*) 0x0000000062a0d490
 Begin Bits: [0x0000000014180000, 0x000000001c150000)
 End Bits:   [0x000000001c150000, 0x0000000024120000)

Polling page: 0x0000000000230000

CodeCache: size=245760Kb used=4894Kb max_used=4911Kb free=240865Kb
 bounds [0x00000000028e0000, 0x0000000002db0000, 0x00000000118e0000]
 total_blobs=1824 nmethods=1299 adapters=439
 compilation: enabled

Compilation events (10 events):
Event: 22.238 Thread 0x0000000026bc9000 1308  s    4       java.util.Hashtable::put (104 bytes)
Event: 22.243 Thread 0x0000000026bc9000 nmethod 1308 0x0000000002a17190 code [0x0000000002a17320, 0x0000000002a17b28]
Event: 22.602 Thread 0x0000000026bc1800 1309  s    4       java.io.BufferedOutputStream::flush (12 bytes)
Event: 22.604 Thread 0x0000000026bc1800 nmethod 1309 0x0000000002a16b10 code [0x0000000002a16c60, 0x0000000002a16fe8]
Event: 22.973 Thread 0x0000000026bd5000 1310       4       sun.java2d.SurfaceData::<init> (36 bytes)
Event: 22.974 Thread 0x0000000026bd5000 nmethod 1310 0x0000000002a14350 code [0x0000000002a144a0, 0x0000000002a145b8]
Event: 22.986 Thread 0x0000000026bc9000 1311       4       org.lwjgl.opengl.APIUtil::getBufferByte (58 bytes)
Event: 22.988 Thread 0x0000000026bc9000 nmethod 1311 0x0000000002a13f90 code [0x0000000002a140e0, 0x0000000002a14208]
Event: 23.122 Thread 0x0000000026bc1800 1312       4       sun.awt.image.BufImgSurfaceData::createData (845 bytes)
Event: 23.131 Thread 0x0000000026bc1800 nmethod 1312 0x0000000002a11f10 code [0x0000000002a12280, 0x0000000002a12eb0]

GC Heap History (10 events):
Event: 22.107 GC heap before
{Heap before GC invocations=55 (full 0):
 PSYoungGen      total 65024K, used 61356K [0x0000000715980000, 0x000000071a000000, 0x00000007c0000000)
  eden space 58880K, 98% used [0x0000000715980000,0x0000000719243118,0x0000000719300000)
  from space 6144K, 52% used [0x0000000719a00000,0x0000000719d28030,0x000000071a000000)
  to   space 6656K, 0% used [0x0000000719300000,0x0000000719300000,0x0000000719980000)
 ParOldGen       total 349696K, used 2321K [0x00000005c0c00000, 0x00000005d6180000, 0x0000000715980000)
  object space 349696K, 0% used [0x00000005c0c00000,0x00000005c0e44510,0x00000005d6180000)
 Metaspace       used 8806K, capacity 8919K, committed 9088K, reserved 1056768K
  class space    used 835K, capacity 886K, committed 896K, reserved 1048576K
Event: 22.107 GC heap after
Heap after GC invocations=55 (full 0):
 PSYoungGen      total 58880K, used 160K [0x0000000715980000, 0x0000000719f80000, 0x00000007c0000000)
  eden space 58368K, 0% used [0x0000000715980000,0x0000000715980000,0x0000000719280000)
  from space 512K, 31% used [0x0000000719300000,0x0000000719328000,0x0000000719380000)
  to   space 6656K, 0% used [0x0000000719900000,0x0000000719900000,0x0000000719f80000)
 ParOldGen       total 349696K, used 2329K [0x00000005c0c00000, 0x00000005d6180000, 0x0000000715980000)
  object space 349696K, 0% used [0x00000005c0c00000,0x00000005c0e46510,0x00000005d6180000)
 Metaspace       used 8806K, capacity 8919K, committed 9088K, reserved 1056768K
  class space    used 835K, capacity 886K, committed 896K, reserved 1048576K
}
Event: 22.421 GC heap before
{Heap before GC invocations=56 (full 0):
 PSYoungGen      total 58880K, used 58101K [0x0000000715980000, 0x0000000719f80000, 0x00000007c0000000)
  eden space 58368K, 99% used [0x0000000715980000,0x0000000719215500,0x0000000719280000)
  from space 512K, 31% used [0x0000000719300000,0x0000000719328000,0x0000000719380000)
  to   space 6656K, 0% used [0x0000000719900000,0x0000000719900000,0x0000000719f80000)
 ParOldGen       total 349696K, used 2329K [0x00000005c0c00000, 0x00000005d6180000, 0x0000000715980000)
  object space 349696K, 0% used [0x00000005c0c00000,0x00000005c0e46510,0x00000005d6180000)
 Metaspace       used 8806K, capacity 8919K, committed 9088K, reserved 1056768K
  class space    used 835K, capacity 886K, committed 896K, reserved 1048576K
Event: 22.421 GC heap after
Heap after GC invocations=56 (full 0):
 PSYoungGen      total 64000K, used 3200K [0x0000000715980000, 0x0000000719f00000, 0x00000007c0000000)
  eden space 57856K, 0% used [0x0000000715980000,0x0000000715980000,0x0000000719200000)
  from space 6144K, 52% used [0x0000000719900000,0x0000000719c20030,0x0000000719f00000)
  to   space 6656K, 0% used [0x0000000719200000,0x0000000719200000,0x0000000719880000)
 ParOldGen       total 349696K, used 2329K [0x00000005c0c00000, 0x00000005d6180000, 0x0000000715980000)
  object space 349696K, 0% used [0x00000005c0c00000,0x00000005c0e46510,0x00000005d6180000)
 Metaspace       used 8806K, capacity 8919K, committed 9088K, reserved 1056768K
  class space    used 835K, capacity 886K, committed 896K, reserved 1048576K
}
Event: 22.739 GC heap before
{Heap before GC invocations=57 (full 0):
 PSYoungGen      total 64000K, used 60147K [0x0000000715980000, 0x0000000719f00000, 0x00000007c0000000)
  eden space 57856K, 98% used [0x0000000715980000,0x000000071911cd58,0x0000000719200000)
  from space 6144K, 52% used [0x0000000719900000,0x0000000719c20030,0x0000000719f00000)
  to   space 6656K, 0% used [0x0000000719200000,0x0000000719200000,0x0000000719880000)
 ParOldGen       total 349696K, used 2329K [0x00000005c0c00000, 0x00000005d6180000, 0x0000000715980000)
  object space 349696K, 0% used [0x00000005c0c00000,0x00000005c0e46510,0x00000005d6180000)
 Metaspace       used 8806K, capacity 8919K, committed 9088K, reserved 1056768K
  class space    used 835K, capacity 886K, committed 896K, reserved 1048576K
Event: 22.740 GC heap after
Heap after GC invocations=57 (full 0):
 PSYoungGen      total 60928K, used 3200K [0x0000000715980000, 0x0000000719e80000, 0x00000007c0000000)
  eden space 57344K, 0% used [0x0000000715980000,0x0000000715980000,0x0000000719180000)
  from space 3584K, 89% used [0x0000000719200000,0x0000000719520030,0x0000000719580000)
  to   space 6656K, 0% used [0x0000000719800000,0x0000000719800000,0x0000000719e80000)
 ParOldGen       total 349696K, used 2345K [0x00000005c0c00000, 0x00000005d6180000, 0x0000000715980000)
  object space 349696K, 0% used [0x00000005c0c00000,0x00000005c0e4a510,0x00000005d6180000)
 Metaspace       used 8806K, capacity 8919K, committed 9088K, reserved 1056768K
  class space    used 835K, capacity 886K, committed 896K, reserved 1048576K
}
Event: 23.061 GC heap before
{Heap before GC invocations=58 (full 0):
 PSYoungGen      total 60928K, used 60544K [0x0000000715980000, 0x0000000719e80000, 0x00000007c0000000)
  eden space 57344K, 100% used [0x0000000715980000,0x0000000719180000,0x0000000719180000)
  from space 3584K, 89% used [0x0000000719200000,0x0000000719520030,0x0000000719580000)
  to   space 6656K, 0% used [0x0000000719800000,0x0000000719800000,0x0000000719e80000)
 ParOldGen       total 349696K, used 2345K [0x00000005c0c00000, 0x00000005d6180000, 0x0000000715980000)
  object space 349696K, 0% used [0x00000005c0c00000,0x00000005c0e4a510,0x00000005d6180000)
 Metaspace       used 8806K, capacity 8919K, committed 9088K, reserved 1056768K
  class space    used 835K, capacity 886K, committed 896K, reserved 1048576K
Event: 23.061 GC heap after
Heap after GC invocations=58 (full 0):
 PSYoungGen      total 63488K, used 4256K [0x0000000715980000, 0x0000000719f00000, 0x00000007c0000000)
  eden space 56832K, 0% used [0x0000000715980000,0x0000000715980000,0x0000000719100000)
  from space 6656K, 63% used [0x0000000719800000,0x0000000719c28040,0x0000000719e80000)
  to   space 7168K, 0% used [0x0000000719100000,0x0000000719100000,0x0000000719800000)
 ParOldGen       total 349696K, used 2353K [0x00000005c0c00000, 0x00000005d6180000, 0x0000000715980000)
  object space 349696K, 0% used [0x00000005c0c00000,0x00000005c0e4c510,0x00000005d6180000)
 Metaspace       used 8806K, capacity 8919K, committed 9088K, reserved 1056768K
  class space    used 835K, capacity 886K, committed 896K, reserved 1048576K
}
Event: 23.387 GC heap before
{Heap before GC invocations=59 (full 0):
 PSYoungGen      total 63488K, used 61088K [0x0000000715980000, 0x0000000719f00000, 0x00000007c0000000)
  eden space 56832K, 100% used [0x0000000715980000,0x0000000719100000,0x0000000719100000)
  from space 6656K, 63% used [0x0000000719800000,0x0000000719c28040,0x0000000719e80000)
  to   space 7168K, 0% used [0x0000000719100000,0x0000000719100000,0x0000000719800000)
 ParOldGen       total 349696K, used 2353K [0x00000005c0c00000, 0x00000005d6180000, 0x0000000715980000)
  object space 349696K, 0% used [0x00000005c0c00000,0x00000005c0e4c510,0x00000005d6180000)
 Metaspace       used 8806K, capacity 8919K, committed 9088K, reserved 1056768K
  class space    used 835K, capacity 886K, committed 896K, reserved 1048576K
Event: 23.389 GC heap after
Heap after GC invocations=59 (full 0):
 PSYoungGen      total 56832K, used 64K [0x0000000715980000, 0x0000000719e80000, 0x00000007c0000000)
  eden space 56320K, 0% used [0x0000000715980000,0x0000000715980000,0x0000000719080000)
  from space 512K, 12% used [0x0000000719100000,0x0000000719110000,0x0000000719180000)
  to   space 7168K, 0% used [0x0000000719780000,0x0000000719780000,0x0000000719e80000)
 ParOldGen       total 349696K, used 2361K [0x00000005c0c00000, 0x00000005d6180000, 0x0000000715980000)
  object space 349696K, 0% used [0x00000005c0c00000,0x00000005c0e4e510,0x00000005d6180000)
 Metaspace       used 8806K, capacity 8919K, committed 9088K, reserved 1056768K
  class space    used 835K, capacity 886K, committed 896K, reserved 1048576K
}

Deoptimization events (1 events):
Event: 1.016 Thread 0x0000000002118000 Uncommon trap: reason=unloaded action=reinterpret pc=0x0000000002b6dd3c method=gameWorldRender.processPixels()V @ 76

Internal exceptions (10 events):
Event: 0.860 Thread 0x0000000002118000 Exception <a 'java/io/FileNotFoundException'> (0x000000071a856618) thrown at [D:\re\workspace\8-2-build-windows-amd64-cygwin\jdk8u25\1677\hotspot\src\share\vm\prims\jni.cpp, line 716]
Event: 0.871 Thread 0x0000000002118000 Exception <a 'java/io/FileNotFoundException'> (0x000000071a8676a0) thrown at [D:\re\workspace\8-2-build-windows-amd64-cygwin\jdk8u25\1677\hotspot\src\share\vm\prims\jni.cpp, line 716]
Event: 0.878 Thread 0x0000000002118000 Exception <a 'java/lang/ClassNotFoundException': java/lang/Null> (0x000000071a881fb0) thrown at [D:\re\workspace\8-2-build-windows-amd64-cygwin\jdk8u25\1677\hotspot\src\share\vm\classfile\systemDictionary.cpp, line 202]
Event: 0.888 Thread 0x0000000002118000 Exception <a 'java/lang/NoSuchFieldError': method resolution failed> (0x000000071a8e55b8) thrown at [D:\re\workspace\8-2-build-windows-amd64-cygwin\jdk8u25\1677\hotspot\src\share\vm\prims\methodHandles.cpp, line 1159]
Event: 0.890 Thread 0x0000000002118000 Exception <a 'java/lang/NoSuchFieldError': method resolution failed> (0x000000071a8f44a0) thrown at [D:\re\workspace\8-2-build-windows-amd64-cygwin\jdk8u25\1677\hotspot\src\share\vm\prims\methodHandles.cpp, line 1159]
Event: 0.890 Thread 0x0000000002118000 Exception <a 'java/lang/NoSuchFieldError': method resolution failed> (0x000000071a8f7920) thrown at [D:\re\workspace\8-2-build-windows-amd64-cygwin\jdk8u25\1677\hotspot\src\share\vm\prims\methodHandles.cpp, line 1159]
Event: 0.960 Thread 0x0000000002118000 Exception <a 'java/security/PrivilegedActionException'> (0x000000071ad1a578) thrown at [D:\re\workspace\8-2-build-windows-amd64-cygwin\jdk8u25\1677\hotspot\src\share\vm\prims\jvm.cpp, line 1312]
Event: 0.960 Thread 0x0000000002118000 Exception <a 'java/security/PrivilegedActionException'> (0x000000071ad1e168) thrown at [D:\re\workspace\8-2-build-windows-amd64-cygwin\jdk8u25\1677\hotspot\src\share\vm\prims\jvm.cpp, line 1312]
Event: 0.963 Thread 0x0000000002118000 Exception <a 'java/security/PrivilegedActionException'> (0x000000071ad40f90) thrown at [D:\re\workspace\8-2-build-windows-amd64-cygwin\jdk8u25\1677\hotspot\src\share\vm\prims\jvm.cpp, line 1312]
Event: 0.965 Thread 0x0000000002118000 Exception <a 'java/security/PrivilegedActionException'> (0x000000071ad58758) thrown at [D:\re\workspace\8-2-build-windows-amd64-cygwin\jdk8u25\1677\hotspot\src\share\vm\prims\jvm.cpp, line 1312]

Events (10 events):
Event: 22.106 Executing VM operation: ParallelGCFailedAllocation
Event: 22.107 Executing VM operation: ParallelGCFailedAllocation done
Event: 22.421 Executing VM operation: ParallelGCFailedAllocation
Event: 22.421 Executing VM operation: ParallelGCFailedAllocation done
Event: 22.739 Executing VM operation: ParallelGCFailedAllocation
Event: 22.740 Executing VM operation: ParallelGCFailedAllocation done
Event: 23.061 Executing VM operation: ParallelGCFailedAllocation
Event: 23.061 Executing VM operation: ParallelGCFailedAllocation done
Event: 23.387 Executing VM operation: ParallelGCFailedAllocation
Event: 23.389 Executing VM operation: ParallelGCFailedAllocation done


Dynamic libraries:
0x000000013f180000 - 0x000000013f1b4000 	C:\Program Files\Java\jdk1.8.0_25\bin\java.exe
0x0000000077230000 - 0x00000000773d9000 	C:\Windows\SYSTEM32\ntdll.dll
0x0000000077010000 - 0x000000007712f000 	C:\Windows\system32\kernel32.dll
0x000007fefc2d0000 - 0x000007fefc33c000 	C:\Windows\system32\KERNELBASE.dll
0x000007fefe150000 - 0x000007fefe22b000 	C:\Windows\system32\ADVAPI32.dll
0x000007fefde10000 - 0x000007fefdeaf000 	C:\Windows\system32\msvcrt.dll
0x000007fefd600000 - 0x000007fefd61f000 	C:\Windows\SYSTEM32\sechost.dll
0x000007fefdeb0000 - 0x000007fefdfdd000 	C:\Windows\system32\RPCRT4.dll
0x0000000077130000 - 0x000000007722a000 	C:\Windows\system32\USER32.dll
0x000007fefc780000 - 0x000007fefc7e7000 	C:\Windows\system32\GDI32.dll
0x000007fefc770000 - 0x000007fefc77e000 	C:\Windows\system32\LPK.dll
0x000007fefdfe0000 - 0x000007fefe0a9000 	C:\Windows\system32\USP10.dll
0x000007fefaa90000 - 0x000007fefac84000 	C:\Windows\WinSxS\amd64_microsoft.windows.common-controls_6595b64144ccf1df_6.0.7601.17514_none_fa396087175ac9ac\COMCTL32.dll
0x000007fefc440000 - 0x000007fefc4b1000 	C:\Windows\system32\SHLWAPI.dll
0x000007fefe520000 - 0x000007fefe54e000 	C:\Windows\system32\IMM32.DLL
0x000007fefd950000 - 0x000007fefda59000 	C:\Windows\system32\MSCTF.dll
0x00000000694e0000 - 0x00000000695b2000 	C:\Program Files\Java\jdk1.8.0_25\jre\bin\msvcr100.dll
0x0000000062230000 - 0x0000000062a8a000 	C:\Program Files\Java\jdk1.8.0_25\jre\bin\server\jvm.dll
0x000007fef7b00000 - 0x000007fef7b09000 	C:\Windows\system32\WSOCK32.dll
0x000007fefd900000 - 0x000007fefd94d000 	C:\Windows\system32\WS2_32.dll
0x000007fefe6d0000 - 0x000007fefe6d8000 	C:\Windows\system32\NSI.dll
0x000007fef9a80000 - 0x000007fef9abb000 	C:\Windows\system32\WINMM.dll
0x0000000077400000 - 0x0000000077407000 	C:\Windows\system32\PSAPI.DLL
0x0000000073ee0000 - 0x0000000073eef000 	C:\Program Files\Java\jdk1.8.0_25\jre\bin\verify.dll
0x0000000073eb0000 - 0x0000000073ed8000 	C:\Program Files\Java\jdk1.8.0_25\jre\bin\java.dll
0x0000000073e90000 - 0x0000000073ea6000 	C:\Program Files\Java\jdk1.8.0_25\jre\bin\zip.dll
0x000007fefc870000 - 0x000007fefd5f8000 	C:\Windows\system32\SHELL32.dll
0x000007fefe230000 - 0x000007fefe433000 	C:\Windows\system32\ole32.dll
0x000007fefc080000 - 0x000007fefc08f000 	C:\Windows\system32\profapi.dll
0x000007fef9820000 - 0x000007fef9830000 	C:\Program Files (x86)\JetBrains\IntelliJ IDEA Community Edition 14.0\bin\breakgen64.dll
0x00000000725d0000 - 0x00000000725ea000 	C:\Program Files\Java\jdk1.8.0_25\jre\bin\net.dll
0x000007fefb860000 - 0x000007fefb8b5000 	C:\Windows\system32\mswsock.dll
0x000007fefb850000 - 0x000007fefb857000 	C:\Windows\System32\wship6.dll
0x0000000180000000 - 0x0000000180051000 	C:\projects\game\lwjgl-2.9.1\lib\windows\lwjgl64.dll
0x000007fee6b00000 - 0x000007fee6c1d000 	C:\Windows\system32\OPENGL32.dll
0x000007fee7f00000 - 0x000007fee7f2d000 	C:\Windows\system32\GLU32.dll
0x000007fee61d0000 - 0x000007fee62c1000 	C:\Windows\system32\DDRAW.dll
0x000007fefa7e0000 - 0x000007fefa7e8000 	C:\Windows\system32\DCIMAN32.dll
0x000007fefdc30000 - 0x000007fefde07000 	C:\Windows\system32\SETUPAPI.dll
0x000007fefc3b0000 - 0x000007fefc3e6000 	C:\Windows\system32\CFGMGR32.dll
0x000007fefe440000 - 0x000007fefe517000 	C:\Windows\system32\OLEAUT32.dll
0x000007fefc410000 - 0x000007fefc42a000 	C:\Windows\system32\DEVOBJ.dll
0x000007fefa5c0000 - 0x000007fefa5d8000 	C:\Windows\system32\dwmapi.dll
0x000007fefb150000 - 0x000007fefb15c000 	C:\Windows\system32\VERSION.dll
0x000007fefa540000 - 0x000007fefa596000 	C:\Windows\system32\uxtheme.dll
0x000000005e390000 - 0x0000000060232000 	C:\Windows\system32\nvoglv64.DLL
0x000007fefb2e0000 - 0x000007fefb2f1000 	C:\Windows\system32\WTSAPI32.dll
0x000007fefc360000 - 0x000007fefc39a000 	C:\Windows\system32\WINTRUST.dll
0x000007fefc0a0000 - 0x000007fefc20c000 	C:\Windows\system32\CRYPT32.dll
0x000007fefc090000 - 0x000007fefc09f000 	C:\Windows\system32\MSASN1.dll
0x000007fefb120000 - 0x000007fefb14d000 	C:\Windows\system32\ntmarta.dll
0x000007fefda60000 - 0x000007fefdab2000 	C:\Windows\system32\WLDAP32.dll
0x000007fefb400000 - 0x000007fefb43d000 	C:\Windows\system32\WINSTA.dll
0x000007fefbf20000 - 0x000007fefbf2f000 	C:\Windows\system32\CRYPTBASE.dll
0x000007fef8e50000 - 0x000007fef8eec000 	C:\Windows\system32\mscms.dll
0x000007fefc2b0000 - 0x000007fefc2ce000 	C:\Windows\system32\USERENV.dll
0x000007fee7eb0000 - 0x000007fee7ef2000 	C:\Windows\system32\icm32.dll
0x000000006e650000 - 0x000000006e7e8000 	C:\Program Files\Java\jdk1.8.0_25\jre\bin\awt.dll
0x000000006ef60000 - 0x000000006efa7000 	C:\Program Files\Java\jdk1.8.0_25\jre\bin\fontmanager.dll
0x00000000728f0000 - 0x0000000072901000 	C:\Program Files\Java\jdk1.8.0_25\jre\bin\nio.dll
0x000000006ef10000 - 0x000000006ef51000 	C:\Program Files\Java\jdk1.8.0_25\jre\bin\t2k.dll
0x000007fef7790000 - 0x000007fef78b5000 	C:\Windows\system32\dbghelp.dll

VM Arguments:
jvm_args: -Djava.library.path=C:\projects\game\lwjgl-2.9.1\lib\windows -Didea.launcher.port=7545 -Didea.launcher.bin.path=C:\Program Files (x86)\JetBrains\IntelliJ IDEA Community Edition 14.0\bin -Dfile.encoding=UTF-8 
java_command: com.intellij.rt.execution.application.AppMain game
java_class_path (initial): C:\Program Files\Java\jdk1.8.0_25\jre\lib\charsets.jar;C:\Program Files\Java\jdk1.8.0_25\jre\lib\deploy.jar;C:\Program Files\Java\jdk1.8.0_25\jre\lib\javaws.jar;C:\Program Files\Java\jdk1.8.0_25\jre\lib\jce.jar;C:\Program Files\Java\jdk1.8.0_25\jre\lib\jfr.jar;C:\Program Files\Java\jdk1.8.0_25\jre\lib\jfxswt.jar;C:\Program Files\Java\jdk1.8.0_25\jre\lib\jsse.jar;C:\Program Files\Java\jdk1.8.0_25\jre\lib\management-agent.jar;C:\Program Files\Java\jdk1.8.0_25\jre\lib\plugin.jar;C:\Program Files\Java\jdk1.8.0_25\jre\lib\resources.jar;C:\Program Files\Java\jdk1.8.0_25\jre\lib\rt.jar;C:\Program Files\Java\jdk1.8.0_25\jre\lib\ext\access-bridge-64.jar;C:\Program Files\Java\jdk1.8.0_25\jre\lib\ext\cldrdata.jar;C:\Program Files\Java\jdk1.8.0_25\jre\lib\ext\dnsns.jar;C:\Program Files\Java\jdk1.8.0_25\jre\lib\ext\jaccess.jar;C:\Program Files\Java\jdk1.8.0_25\jre\lib\ext\jfxrt.jar;C:\Program Files\Java\jdk1.8.0_25\jre\lib\ext\localedata.jar;C:\Program Files\Java\jdk1.8.0_25\jre\lib\ext\nashorn.jar;C:\Program Files\Java\jdk1.8.0_25\jre\lib\ext\sunec.jar;C:\Program Files\Java\jdk1.8.0_25\jre\lib\ext\sunjce_provider.jar;C:\Program Files\Java\jdk1.8.0_25\jre\lib\ext\sunmscapi.jar;C:\Program Files\Java\jdk1.8.0_25\jre\lib\ext\sunpkcs11.jar;C:\Program Files\Java\jdk1.8.0_25\jre\lib\ext\zipfs.jar;C:\projects\game\out\production\game;C:\projects\game\lwjgl-2.9.1\jar\AppleJavaExtensions.jar;C:\projects\game\lwjgl-2.9.1\jar\asm-debug-all.jar;C:\projects\game\lwjgl-2.9.1\jar\jinput.jar;C:\projects\game\lwjgl-2.9.1\jar\lwjgl.jar;C:\projects\game\lwjgl-2.9.1\jar\lwjgl-debug.jar;C:\projects\game\lwjgl-2.9.1\jar\lwjgl_test.jar;C:\projects\game\lwjgl-2.9.1\jar\lwjgl_util.jar;C:\projects\game\lwjgl-2.9.1\jar\lwjgl_util_applet.jar;C:\projects\game\lwjgl-2.9.1\jar\lzma.jar;C:\projects\game\JCSG-master\build\libs\JCSG-master.jar;C:\projects\game\lwjgl-2.9.1\jar\slick-util.jar;C:\Program Files (x86)\JetBrains\IntelliJ IDEA Community Edition 14.0\lib\idea_rt.jar
Launcher Type: SUN_STANDARD

Environment Variables:
JAVA_HOME=C:\Program Files\Java\jdk1.8.0_25
PATH=C:\ProgramData\Oracle\Java\javapath;C:\Program Files (x86)\NVIDIA Corporation\PhysX\Common;C:\Users\user\AMD APP SDK\2.9\bin\x86_64;C:\Users\user\AMD APP SDK\2.9\bin\x86;C:\Program Files (x86)\AMD APP SDK\2.9\bin\x86_64;C:\Program Files (x86)\AMD APP SDK\2.9\bin\x86;C:\Program Files (x86)\Intel\iCLS Client\;C:\Program Files\Intel\iCLS Client\;C:\Windows\system32;C:\Windows;C:\Windows\System32\Wbem;C:\Windows\System32\WindowsPowerShell\v1.0\;C:\Program Files\Intel\Intel(R) Management Engine Components\DAL;C:\Program Files\Intel\Intel(R) Management Engine Components\IPT;C:\Program Files (x86)\Intel\Intel(R) Management Engine Components\DAL;C:\Program Files (x86)\Intel\Intel(R) Management Engine Components\IPT;C:\Program Files\Microsoft SQL Server\110\Tools\Binn\;C:\Program Files\Microsoft Windows Performance Toolkit\;C:\Program Files\nodejs\;C:\Program Files\LuxRender;C:\Program Files\VCG\MeshLab;C:\Program Files (x86)\MySQL\MySQL Utilities 1.4\;C:\Program Files (x86)\MySQL\MySQL Utilities 1.4\Doctrine extensions for PHP\;C:\Program Files (x86)\QuickTime\QTSystem\;C:\Python27;C:\Program Files (x86)\Microsoft Visual Studio 12.0\VC\vcpackages;C:\Users\user\AppData\Roaming\npm;C:\Program Files\apfloat;C:\Program Files (x86)\Kiwix\kiwix\xulrunner;C:\mongodb\bin\;C:\projects\wikirandom\node_modules\forever\bin;C:\Program Files (x86)\JetBrains\WebStorm 7.0.3\jre\bin;C:\Program Files\apache-maven-3.2.2\bin;C:\aparapi;C:\Program Files\VCG\MeshLab;
USERNAME=user
OS=Windows_NT
PROCESSOR_IDENTIFIER=Intel64 Family 6 Model 58 Stepping 9, GenuineIntel



---------------  S Y S T E M  ---------------

OS: Windows 7 , 64 bit Build 7601 Service Pack 1

CPU:total 8 (4 cores per cpu, 2 threads per core) family 6 model 58 stepping 9, cmov, cx8, fxsr, mmx, sse, sse2, sse3, ssse3, sse4.1, sse4.2, popcnt, avx, aes, clmul, erms, ht, tsc, tscinvbit, tscinv

Memory: 4k page, physical 33498820k(26943792k free), swap 66995776k(52958580k free)

vm_info: Java HotSpot(TM) 64-Bit Server VM (25.25-b02) for windows-amd64 JRE (1.8.0_25-b18), built on Oct  7 2014 14:25:37 by "java_re" with MS VC++ 10.0 (VS2010)

time: Fri Jan 23 16:47:19 2015
elapsed time: 23 seconds (0d 0h 0m 23s)

